[2023-10-10 19:07:49,393][root][INFO] - name: null
wandb: false
project: skillhack
entity: your_entity_name
group: default
state_dict_path: none
foc_options_path: none
foc_options_config_path: none
teacher_path: none
teacher_config_path: none
ks_max_lambda: 10
ks_max_time: 20000000.0
ks_min_lambda_prop: 0.1
train_with_all_skills: false
penalty_per_step: 0.01
hks_max_uniform_weight: 1000
hks_min_uniform_prop: 0.05
hks_max_uniform_time: 20000000.0
tasks_json: tasks
mock: false
single_ttyrec: true
num_seeds: 0
write_profiler_trace: false
relative_reward: false
fn_penalty_step: constant
penalty_time: 0.0
penalty_step: -0.001
reward_lose: 0
reward_win: 1
character: null
save_tty: false
mode: train
env: HalfCheetahv4
obs_keys: glyphs,chars,colors,specials,blstats,message
num_actors: 256
total_steps: 10000000.0
batch_size: 32
unroll_length: 80
num_learner_threads: 1
num_inference_threads: 1
disable_cuda: false
learner_device: cuda:0
actor_device: cuda:0
max_learner_queue_size: null
model: baseline
use_lstm: false
hidden_dim: 256
embedding_dim: 64
glyph_type: all_cat
equalize_input_dim: false
equalize_factor: 2
layers: 5
crop_model: cnn
crop_dim: 9
use_index_select: true
entropy_cost: 0.001
baseline_cost: 0.5
discounting: 0.999
reward_clipping: none
normalize_reward: true
learning_rate: 0.0002
grad_norm_clipping: 40
alpha: 0.99
momentum: 0
epsilon: 1.0e-06
state_counter: none
no_extrinsic: false
int:
  twoheaded: true
  input: full
  intrinsic_weight: 0.1
  discounting: 0.99
  baseline_cost: 0.5
  episodic: true
  reward_clipping: none
  normalize_reward: true
ride:
  count_norm: true
  forward_cost: 1
  inverse_cost: 0.1
  hidden_dim: 128
rnd:
  forward_cost: 0.01
msg:
  model: none
  hidden_dim: 64
  embedding_dim: 32

[2023-10-10 19:07:49,409][root][INFO] - Symlinked log directory: /opt/project/latest
[2023-10-10 19:07:49,410][root][INFO] - Creating archive directory: /opt/project/outputs/2023-10-10/19-07-49/archives
[2023-10-10 19:07:49,410][root][CRITICAL] - {'name': None, 'wandb': False, 'project': 'skillhack', 'entity': 'your_entity_name', 'group': 'default', 'state_dict_path': 'none', 'foc_options_path': 'none', 'foc_options_config_path': 'none', 'teacher_path': 'none', 'teacher_config_path': 'none', 'ks_max_lambda': 10, 'ks_max_time': 20000000.0, 'ks_min_lambda_prop': 0.1, 'train_with_all_skills': False, 'penalty_per_step': 0.01, 'hks_max_uniform_weight': 1000, 'hks_min_uniform_prop': 0.05, 'hks_max_uniform_time': 20000000.0, 'tasks_json': 'tasks', 'mock': False, 'single_ttyrec': True, 'num_seeds': 0, 'write_profiler_trace': False, 'relative_reward': False, 'fn_penalty_step': 'constant', 'penalty_time': 0.0, 'penalty_step': -0.001, 'reward_lose': 0, 'reward_win': 1, 'character': None, 'save_tty': False, 'mode': 'train', 'env': 'HalfCheetahv4', 'obs_keys': 'glyphs,chars,colors,specials,blstats,message', 'num_actors': 256, 'total_steps': 10000000.0, 'batch_size': 32, 'unroll_length': 80, 'num_learner_threads': 1, 'num_inference_threads': 1, 'disable_cuda': False, 'learner_device': 'cuda:0', 'actor_device': 'cuda:0', 'max_learner_queue_size': None, 'model': 'baseline', 'use_lstm': False, 'hidden_dim': 256, 'embedding_dim': 64, 'glyph_type': 'all_cat', 'equalize_input_dim': False, 'equalize_factor': 2, 'layers': 5, 'crop_model': 'cnn', 'crop_dim': 9, 'use_index_select': True, 'entropy_cost': 0.001, 'baseline_cost': 0.5, 'discounting': 0.999, 'reward_clipping': 'none', 'normalize_reward': True, 'learning_rate': 0.0002, 'grad_norm_clipping': 40, 'alpha': 0.99, 'momentum': 0, 'epsilon': 1e-06, 'state_counter': 'none', 'no_extrinsic': False, 'int': {'twoheaded': True, 'input': 'full', 'intrinsic_weight': 0.1, 'discounting': 0.99, 'baseline_cost': 0.5, 'episodic': True, 'reward_clipping': 'none', 'normalize_reward': True}, 'ride': {'count_norm': True, 'forward_cost': 1, 'inverse_cost': 0.1, 'hidden_dim': 128}, 'rnd': {'forward_cost': 0.01}, 'msg': {'model': 'none', 'hidden_dim': 64, 'embedding_dim': 32}, 'pipes_basename': 'unix:/tmp/poly.outputs.2023-10-10.19-07-49', 'savedir': '/opt/project/outputs/2023-10-10/19-07-49', 'num_servers': 256, 'seedspath': ''}
[2023-10-10 19:07:49,414][root][INFO] - Logging results to /opt/project/outputs/2023-10-10/19-07-49
[2023-10-10 19:07:49,444][palaas/out][INFO] - Found log directory: /opt/project/outputs/2023-10-10/19-07-49
[2023-10-10 19:07:49,444][palaas/out][INFO] - Saving arguments to /opt/project/outputs/2023-10-10/19-07-49/meta.json
[2023-10-10 19:07:49,444][palaas/out][INFO] - Saving messages to /opt/project/outputs/2023-10-10/19-07-49/out.log
[2023-10-10 19:07:49,445][palaas/out][INFO] - Saving logs data to /opt/project/outputs/2023-10-10/19-07-49/logs.csv
[2023-10-10 19:07:49,445][palaas/out][INFO] - Saving logs' fields to /opt/project/outputs/2023-10-10/19-07-49/fields.csv
[2023-10-10 19:07:49,445][root][INFO] - Not using CUDA.
[2023-10-10 19:07:49,451][root][INFO] - Using model baseline
[2023-10-10 19:07:49,522][root][INFO] - Box(-1.0, 1.0, (6,), float32)
[2023-10-10 19:07:49,544][root][INFO] - Number of model parameters: 3717439
[2023-10-10 19:07:49,549][root][INFO] - Box(-1.0, 1.0, (6,), float32)
[2023-10-10 19:07:54,273][root][ERROR] - Exception in actorpool thread!
[2023-10-10 19:07:54,858][root][INFO] - Step 0 @ 0.0 SPS. Inference batcher size: 0. Learner queue size: 0. Other stats: (train_seconds = 5.0)
[2023-10-10 19:07:59,863][root][INFO] - Step 0 @ 0.0 SPS. Inference batcher size: 0. Learner queue size: 0. Other stats: (train_seconds = 10.0)
[2023-10-10 19:08:04,868][root][INFO] - Step 0 @ 0.0 SPS. Inference batcher size: 0. Learner queue size: 0. Other stats: (train_seconds = 15.0)
[2023-10-10 19:08:09,874][root][INFO] - Step 0 @ 0.0 SPS. Inference batcher size: 0. Learner queue size: 0. Other stats: (train_seconds = 20.0)
[2023-10-10 19:08:14,878][root][INFO] - Step 0 @ 0.0 SPS. Inference batcher size: 0. Learner queue size: 0. Other stats: (train_seconds = 25.0)
[2023-10-10 19:08:19,883][root][INFO] - Step 0 @ 0.0 SPS. Inference batcher size: 0. Learner queue size: 0. Other stats: (train_seconds = 30.0)
[2023-10-10 19:08:24,886][root][INFO] - Step 0 @ 0.0 SPS. Inference batcher size: 0. Learner queue size: 0. Other stats: (train_seconds = 35.0)
[2023-10-10 19:08:29,890][root][INFO] - Step 0 @ 0.0 SPS. Inference batcher size: 0. Learner queue size: 0. Other stats: (train_seconds = 40.0)
[2023-10-10 19:08:34,894][root][INFO] - Step 0 @ 0.0 SPS. Inference batcher size: 0. Learner queue size: 0. Other stats: (train_seconds = 45.0)
[2023-10-10 19:08:39,898][root][INFO] - Step 0 @ 0.0 SPS. Inference batcher size: 0. Learner queue size: 0. Other stats: (train_seconds = 50.0)
[2023-10-10 19:08:44,902][root][INFO] - Step 0 @ 0.0 SPS. Inference batcher size: 0. Learner queue size: 0. Other stats: (train_seconds = 55.0)
[2023-10-10 19:08:49,906][root][INFO] - Step 0 @ 0.0 SPS. Inference batcher size: 0. Learner queue size: 0. Other stats: (train_seconds = 60.1)
[2023-10-10 19:08:54,909][root][INFO] - Step 0 @ 0.0 SPS. Inference batcher size: 0. Learner queue size: 0. Other stats: (train_seconds = 65.1)
[2023-10-10 19:08:59,915][root][INFO] - Step 0 @ 0.0 SPS. Inference batcher size: 0. Learner queue size: 0. Other stats: (train_seconds = 70.1)
[2023-10-10 19:09:04,917][root][INFO] - Step 0 @ 0.0 SPS. Inference batcher size: 0. Learner queue size: 0. Other stats: (train_seconds = 75.1)
[2023-10-10 19:09:09,923][root][INFO] - Step 0 @ 0.0 SPS. Inference batcher size: 0. Learner queue size: 0. Other stats: (train_seconds = 80.1)
[2023-10-10 19:09:14,926][root][INFO] - Step 0 @ 0.0 SPS. Inference batcher size: 0. Learner queue size: 0. Other stats: (train_seconds = 85.1)
[2023-10-10 19:09:19,930][root][INFO] - Step 0 @ 0.0 SPS. Inference batcher size: 0. Learner queue size: 0. Other stats: (train_seconds = 90.1)
[2023-10-10 19:09:24,935][root][INFO] - Step 0 @ 0.0 SPS. Inference batcher size: 0. Learner queue size: 0. Other stats: (train_seconds = 95.1)
[2023-10-10 19:09:29,938][root][INFO] - Step 0 @ 0.0 SPS. Inference batcher size: 0. Learner queue size: 0. Other stats: (train_seconds = 100.1)
[2023-10-10 19:09:34,942][root][INFO] - Step 0 @ 0.0 SPS. Inference batcher size: 0. Learner queue size: 0. Other stats: (train_seconds = 105.1)
[2023-10-10 19:09:39,944][root][INFO] - Step 0 @ 0.0 SPS. Inference batcher size: 0. Learner queue size: 0. Other stats: (train_seconds = 110.1)
[2023-10-10 19:09:44,945][root][INFO] - Step 0 @ 0.0 SPS. Inference batcher size: 0. Learner queue size: 0. Other stats: (train_seconds = 115.1)
[2023-10-10 19:09:49,947][root][INFO] - Step 0 @ 0.0 SPS. Inference batcher size: 0. Learner queue size: 0. Other stats: (train_seconds = 120.1)
