[2023-10-14 19:23:25,364][root][INFO] - name: null
wandb: false
project: skillhack
entity: your_entity_name
group: default
state_dict_path: none
foc_options_path: none
foc_options_config_path: none
teacher_path: none
teacher_config_path: none
ks_max_lambda: 10
ks_max_time: 20000000.0
ks_min_lambda_prop: 0.1
train_with_all_skills: false
penalty_per_step: 0.01
hks_max_uniform_weight: 1000
hks_min_uniform_prop: 0.05
hks_max_uniform_time: 20000000.0
tasks_json: tasks
mock: false
single_ttyrec: true
num_seeds: 0
write_profiler_trace: false
relative_reward: false
fn_penalty_step: constant
penalty_time: 0.0
penalty_step: -0.001
reward_lose: 0
reward_win: 1
character: null
save_tty: false
mode: train
env: HalfCheetahv4
obs_keys: glyphs,chars,colors,specials,blstats,message
num_actors: 256
total_steps: 10000000.0
batch_size: 32
unroll_length: 80
num_learner_threads: 1
num_inference_threads: 1
disable_cuda: false
learner_device: cuda:0
actor_device: cuda:0
max_learner_queue_size: null
model: HalfCheetah
use_lstm: false
hidden_dim: 256
embedding_dim: 64
glyph_type: all_cat
equalize_input_dim: false
equalize_factor: 2
layers: 5
crop_model: cnn
crop_dim: 9
use_index_select: true
entropy_cost: 0.001
baseline_cost: 0.5
discounting: 0.999
reward_clipping: none
normalize_reward: true
learning_rate: 0.0002
grad_norm_clipping: 40
alpha: 0.99
momentum: 0
epsilon: 1.0e-06
state_counter: none
no_extrinsic: false
int:
  twoheaded: true
  input: full
  intrinsic_weight: 0.1
  discounting: 0.99
  baseline_cost: 0.5
  episodic: true
  reward_clipping: none
  normalize_reward: true
ride:
  count_norm: true
  forward_cost: 1
  inverse_cost: 0.1
  hidden_dim: 128
rnd:
  forward_cost: 0.01
msg:
  model: none
  hidden_dim: 64
  embedding_dim: 32

[2023-10-14 19:23:25,382][root][INFO] - Symlinked log directory: /opt/project/latest
[2023-10-14 19:23:25,383][root][INFO] - Creating archive directory: /opt/project/outputs/2023-10-14/19-23-25/archives
[2023-10-14 19:23:25,387][root][INFO] - Logging results to /opt/project/outputs/2023-10-14/19-23-25
[2023-10-14 19:23:25,431][palaas/out][INFO] - Found log directory: /opt/project/outputs/2023-10-14/19-23-25
[2023-10-14 19:23:25,431][palaas/out][INFO] - Saving arguments to /opt/project/outputs/2023-10-14/19-23-25/meta.json
[2023-10-14 19:23:25,432][palaas/out][INFO] - Saving messages to /opt/project/outputs/2023-10-14/19-23-25/out.log
[2023-10-14 19:23:25,432][palaas/out][INFO] - Saving logs data to /opt/project/outputs/2023-10-14/19-23-25/logs.csv
[2023-10-14 19:23:25,432][palaas/out][INFO] - Saving logs' fields to /opt/project/outputs/2023-10-14/19-23-25/fields.csv
[2023-10-14 19:23:25,433][root][INFO] - Not using CUDA.
[2023-10-14 19:23:25,440][root][INFO] - Using model HalfCheetah
[2023-10-14 19:23:25,523][root][INFO] - Number of model parameters: 11085
[2023-10-14 19:23:25,529][root][INFO] - ()
[2023-10-14 19:23:25,530][root][INFO] - After actor pool
[2023-10-14 19:23:26,086][root][INFO] - <All keys matched successfully>
[2023-10-14 19:23:26,092][root][INFO] - The model states is ()
[2023-10-14 19:23:26,118][root][INFO] - <class 'envs.skills_all.HalfCheetah'>
[2023-10-14 19:23:26,123][root][INFO] - <class 'envs.skills_all.HalfCheetah'>
[2023-10-14 19:23:26,125][root][INFO] - <class 'envs.skills_all.HalfCheetah'>
[2023-10-14 19:23:26,126][root][INFO] - <class 'envs.skills_all.HalfCheetah'>
[2023-10-14 19:23:26,129][root][INFO] - <class 'envs.skills_all.HalfCheetah'>
[2023-10-14 19:23:26,133][root][INFO] - <class 'envs.skills_all.HalfCheetah'>
[2023-10-14 19:23:26,136][root][INFO] - <class 'envs.skills_all.HalfCheetah'>
[2023-10-14 19:23:26,136][root][INFO] - <class 'envs.skills_all.HalfCheetah'>
[2023-10-14 19:23:26,137][root][INFO] - <class 'envs.skills_all.HalfCheetah'>
[2023-10-14 19:23:26,140][root][INFO] - <class 'envs.skills_all.HalfCheetah'>
[2023-10-14 19:23:26,141][root][INFO] - <class 'envs.skills_all.HalfCheetah'>
[2023-10-14 19:23:26,141][root][INFO] - <class 'envs.skills_all.HalfCheetah'>
[2023-10-14 19:23:26,142][root][INFO] - <class 'envs.skills_all.HalfCheetah'>
[2023-10-14 19:23:26,144][root][INFO] - <class 'envs.skills_all.HalfCheetah'>
[2023-10-14 19:23:26,145][root][INFO] - <class 'envs.skills_all.HalfCheetah'>
[2023-10-14 19:23:26,145][root][INFO] - <class 'envs.skills_all.HalfCheetah'>
[2023-10-14 19:23:26,146][root][INFO] - <class 'envs.skills_all.HalfCheetah'>
[2023-10-14 19:23:26,147][root][INFO] - <class 'envs.skills_all.HalfCheetah'>
[2023-10-14 19:23:26,148][root][INFO] - <class 'envs.skills_all.HalfCheetah'>
[2023-10-14 19:23:26,148][root][INFO] - <class 'envs.skills_all.HalfCheetah'>
[2023-10-14 19:23:26,139][root][INFO] - <class 'envs.skills_all.HalfCheetah'>
[2023-10-14 19:23:26,151][root][INFO] - <class 'envs.skills_all.HalfCheetah'>
[2023-10-14 19:23:26,158][root][INFO] - <class 'envs.skills_all.HalfCheetah'>
[2023-10-14 19:23:26,169][root][INFO] - <class 'envs.skills_all.HalfCheetah'>
[2023-10-14 19:23:26,169][root][INFO] - <class 'envs.skills_all.HalfCheetah'>
[2023-10-14 19:23:26,175][root][INFO] - <class 'envs.skills_all.HalfCheetah'>
[2023-10-14 19:23:26,177][root][INFO] - <class 'envs.skills_all.HalfCheetah'>
[2023-10-14 19:23:26,178][root][INFO] - <class 'envs.skills_all.HalfCheetah'>
[2023-10-14 19:23:26,181][root][INFO] - <class 'envs.skills_all.HalfCheetah'>
[2023-10-14 19:23:26,181][root][INFO] - <class 'envs.skills_all.HalfCheetah'>
[2023-10-14 19:23:26,182][root][INFO] - <class 'envs.skills_all.HalfCheetah'>
[2023-10-14 19:23:26,185][root][INFO] - <class 'envs.skills_all.HalfCheetah'>
[2023-10-14 19:23:26,186][root][INFO] - <class 'envs.skills_all.HalfCheetah'>
[2023-10-14 19:23:26,188][root][INFO] - <class 'envs.skills_all.HalfCheetah'>
[2023-10-14 19:23:26,188][root][INFO] - <class 'envs.skills_all.HalfCheetah'>
[2023-10-14 19:23:26,193][root][INFO] - <class 'envs.skills_all.HalfCheetah'>
[2023-10-14 19:23:26,193][root][INFO] - <class 'envs.skills_all.HalfCheetah'>
[2023-10-14 19:23:26,196][root][INFO] - <class 'envs.skills_all.HalfCheetah'>
[2023-10-14 19:23:26,198][root][INFO] - <class 'envs.skills_all.HalfCheetah'>
[2023-10-14 19:23:26,199][root][INFO] - <class 'envs.skills_all.HalfCheetah'>
[2023-10-14 19:23:26,199][root][INFO] - <class 'envs.skills_all.HalfCheetah'>
[2023-10-14 19:23:26,200][root][INFO] - <class 'envs.skills_all.HalfCheetah'>
[2023-10-14 19:23:26,201][root][INFO] - <class 'envs.skills_all.HalfCheetah'>
[2023-10-14 19:23:26,201][root][INFO] - <class 'envs.skills_all.HalfCheetah'>
[2023-10-14 19:23:26,201][root][INFO] - <class 'envs.skills_all.HalfCheetah'>
[2023-10-14 19:23:26,203][root][INFO] - <class 'envs.skills_all.HalfCheetah'>
[2023-10-14 19:23:26,204][root][INFO] - <class 'envs.skills_all.HalfCheetah'>
[2023-10-14 19:23:26,204][root][INFO] - <class 'envs.skills_all.HalfCheetah'>
[2023-10-14 19:23:26,204][root][INFO] - <class 'envs.skills_all.HalfCheetah'>
[2023-10-14 19:23:26,203][root][INFO] - <class 'envs.skills_all.HalfCheetah'>
[2023-10-14 19:23:26,204][root][INFO] - <class 'envs.skills_all.HalfCheetah'>
[2023-10-14 19:23:26,205][root][INFO] - <class 'envs.skills_all.HalfCheetah'>
[2023-10-14 19:23:26,205][root][INFO] - <class 'envs.skills_all.HalfCheetah'>
[2023-10-14 19:23:26,206][root][INFO] - <class 'envs.skills_all.HalfCheetah'>
[2023-10-14 19:23:26,206][root][INFO] - <class 'envs.skills_all.HalfCheetah'>
[2023-10-14 19:23:26,207][root][INFO] - <class 'envs.skills_all.HalfCheetah'>
[2023-10-14 19:23:26,207][root][INFO] - <class 'envs.skills_all.HalfCheetah'>
[2023-10-14 19:23:26,207][root][INFO] - <class 'envs.skills_all.HalfCheetah'>
[2023-10-14 19:23:26,207][root][INFO] - <class 'envs.skills_all.HalfCheetah'>
[2023-10-14 19:23:26,205][root][INFO] - <class 'envs.skills_all.HalfCheetah'>
[2023-10-14 19:23:26,211][root][INFO] - <class 'envs.skills_all.HalfCheetah'>
[2023-10-14 19:23:26,211][root][INFO] - <class 'envs.skills_all.HalfCheetah'>
[2023-10-14 19:23:26,211][root][INFO] - <class 'envs.skills_all.HalfCheetah'>
[2023-10-14 19:23:26,208][root][INFO] - <class 'envs.skills_all.HalfCheetah'>
[2023-10-14 19:23:26,214][root][INFO] - <class 'envs.skills_all.HalfCheetah'>
[2023-10-14 19:23:26,214][root][INFO] - <class 'envs.skills_all.HalfCheetah'>
[2023-10-14 19:23:26,214][root][INFO] - <class 'envs.skills_all.HalfCheetah'>
[2023-10-14 19:23:26,214][root][INFO] - <class 'envs.skills_all.HalfCheetah'>
[2023-10-14 19:23:26,216][root][INFO] - <class 'envs.skills_all.HalfCheetah'>
[2023-10-14 19:23:26,217][root][INFO] - <class 'envs.skills_all.HalfCheetah'>
[2023-10-14 19:23:26,221][root][INFO] - <class 'envs.skills_all.HalfCheetah'>
[2023-10-14 19:23:26,223][root][INFO] - <class 'envs.skills_all.HalfCheetah'>
[2023-10-14 19:23:27,163][root][INFO] - <class 'envs.skills_all.HalfCheetah'>
[2023-10-14 19:23:27,163][root][INFO] - <class 'envs.skills_all.HalfCheetah'>
[2023-10-14 19:23:27,163][root][INFO] - <class 'envs.skills_all.HalfCheetah'>
[2023-10-14 19:23:27,163][root][INFO] - <class 'envs.skills_all.HalfCheetah'>
[2023-10-14 19:23:27,163][root][INFO] - <class 'envs.skills_all.HalfCheetah'>
[2023-10-14 19:23:27,163][root][INFO] - <class 'envs.skills_all.HalfCheetah'>
[2023-10-14 19:23:27,163][root][INFO] - <class 'envs.skills_all.HalfCheetah'>
[2023-10-14 19:23:27,164][root][INFO] - <class 'envs.skills_all.HalfCheetah'>
[2023-10-14 19:23:27,168][root][INFO] - <class 'envs.skills_all.HalfCheetah'>
[2023-10-14 19:23:27,168][root][INFO] - <class 'envs.skills_all.HalfCheetah'>
[2023-10-14 19:23:27,168][root][INFO] - <class 'envs.skills_all.HalfCheetah'>
[2023-10-14 19:23:27,168][root][INFO] - <class 'envs.skills_all.HalfCheetah'>
[2023-10-14 19:23:27,168][root][INFO] - <class 'envs.skills_all.HalfCheetah'>
[2023-10-14 19:23:27,168][root][INFO] - <class 'envs.skills_all.HalfCheetah'>
[2023-10-14 19:23:27,168][root][INFO] - <class 'envs.skills_all.HalfCheetah'>
[2023-10-14 19:23:27,168][root][INFO] - <class 'envs.skills_all.HalfCheetah'>
[2023-10-14 19:23:27,169][root][INFO] - <class 'envs.skills_all.HalfCheetah'>
[2023-10-14 19:23:27,169][root][INFO] - <class 'envs.skills_all.HalfCheetah'>
[2023-10-14 19:23:27,170][root][INFO] - <class 'envs.skills_all.HalfCheetah'>
[2023-10-14 19:23:27,170][root][INFO] - <class 'envs.skills_all.HalfCheetah'>
[2023-10-14 19:23:27,170][root][INFO] - <class 'envs.skills_all.HalfCheetah'>
[2023-10-14 19:23:27,170][root][INFO] - <class 'envs.skills_all.HalfCheetah'>
[2023-10-14 19:23:27,170][root][INFO] - <class 'envs.skills_all.HalfCheetah'>
[2023-10-14 19:23:27,170][root][INFO] - <class 'envs.skills_all.HalfCheetah'>
[2023-10-14 19:23:27,171][root][INFO] - <class 'envs.skills_all.HalfCheetah'>
[2023-10-14 19:23:27,173][root][INFO] - <class 'envs.skills_all.HalfCheetah'>
[2023-10-14 19:23:27,173][root][INFO] - <class 'envs.skills_all.HalfCheetah'>
[2023-10-14 19:23:27,173][root][INFO] - <class 'envs.skills_all.HalfCheetah'>
[2023-10-14 19:23:27,173][root][INFO] - <class 'envs.skills_all.HalfCheetah'>
[2023-10-14 19:23:27,174][root][INFO] - <class 'envs.skills_all.HalfCheetah'>
[2023-10-14 19:23:27,174][root][INFO] - <class 'envs.skills_all.HalfCheetah'>
[2023-10-14 19:23:27,174][root][INFO] - <class 'envs.skills_all.HalfCheetah'>
[2023-10-14 19:23:27,175][root][INFO] - <class 'envs.skills_all.HalfCheetah'>
[2023-10-14 19:23:27,176][root][INFO] - <class 'envs.skills_all.HalfCheetah'>
[2023-10-14 19:23:27,177][root][INFO] - <class 'envs.skills_all.HalfCheetah'>
[2023-10-14 19:23:27,177][root][INFO] - <class 'envs.skills_all.HalfCheetah'>
[2023-10-14 19:23:27,177][root][INFO] - <class 'envs.skills_all.HalfCheetah'>
[2023-10-14 19:23:27,180][root][INFO] - <class 'envs.skills_all.HalfCheetah'>
[2023-10-14 19:23:27,182][root][INFO] - <class 'envs.skills_all.HalfCheetah'>
[2023-10-14 19:23:27,182][root][INFO] - <class 'envs.skills_all.HalfCheetah'>
[2023-10-14 19:23:27,185][root][INFO] - <class 'envs.skills_all.HalfCheetah'>
[2023-10-14 19:23:27,185][root][INFO] - <class 'envs.skills_all.HalfCheetah'>
[2023-10-14 19:23:27,185][root][INFO] - <class 'envs.skills_all.HalfCheetah'>
[2023-10-14 19:23:27,185][root][INFO] - <class 'envs.skills_all.HalfCheetah'>
[2023-10-14 19:23:27,185][root][INFO] - <class 'envs.skills_all.HalfCheetah'>
[2023-10-14 19:23:27,188][root][INFO] - <class 'envs.skills_all.HalfCheetah'>
[2023-10-14 19:23:27,188][root][INFO] - <class 'envs.skills_all.HalfCheetah'>
[2023-10-14 19:23:27,196][root][INFO] - <class 'envs.skills_all.HalfCheetah'>
[2023-10-14 19:23:27,196][root][INFO] - <class 'envs.skills_all.HalfCheetah'>
[2023-10-14 19:23:27,196][root][INFO] - <class 'envs.skills_all.HalfCheetah'>
[2023-10-14 19:23:27,198][root][INFO] - <class 'envs.skills_all.HalfCheetah'>
[2023-10-14 19:23:27,199][root][INFO] - <class 'envs.skills_all.HalfCheetah'>
[2023-10-14 19:23:27,204][root][INFO] - <class 'envs.skills_all.HalfCheetah'>
[2023-10-14 19:23:27,210][root][INFO] - <class 'envs.skills_all.HalfCheetah'>
[2023-10-14 19:23:27,213][root][INFO] - <class 'envs.skills_all.HalfCheetah'>
[2023-10-14 19:23:27,214][root][INFO] - <class 'envs.skills_all.HalfCheetah'>
[2023-10-14 19:23:27,217][root][INFO] - <class 'envs.skills_all.HalfCheetah'>
[2023-10-14 19:23:27,217][root][INFO] - <class 'envs.skills_all.HalfCheetah'>
[2023-10-14 19:23:27,217][root][INFO] - <class 'envs.skills_all.HalfCheetah'>
[2023-10-14 19:23:27,217][root][INFO] - <class 'envs.skills_all.HalfCheetah'>
[2023-10-14 19:23:27,217][root][INFO] - <class 'envs.skills_all.HalfCheetah'>
[2023-10-14 19:23:27,217][root][INFO] - <class 'envs.skills_all.HalfCheetah'>
[2023-10-14 19:23:27,217][root][INFO] - <class 'envs.skills_all.HalfCheetah'>
[2023-10-14 19:23:27,217][root][INFO] - <class 'envs.skills_all.HalfCheetah'>
[2023-10-14 19:23:27,217][root][INFO] - <class 'envs.skills_all.HalfCheetah'>
[2023-10-14 19:23:27,217][root][INFO] - <class 'envs.skills_all.HalfCheetah'>
[2023-10-14 19:23:27,218][root][INFO] - <class 'envs.skills_all.HalfCheetah'>
[2023-10-14 19:23:27,219][root][INFO] - <class 'envs.skills_all.HalfCheetah'>
[2023-10-14 19:23:27,220][root][INFO] - <class 'envs.skills_all.HalfCheetah'>
[2023-10-14 19:23:27,220][root][INFO] - <class 'envs.skills_all.HalfCheetah'>
[2023-10-14 19:23:27,220][root][INFO] - <class 'envs.skills_all.HalfCheetah'>
[2023-10-14 19:23:27,220][root][INFO] - <class 'envs.skills_all.HalfCheetah'>
[2023-10-14 19:23:27,220][root][INFO] - <class 'envs.skills_all.HalfCheetah'>
[2023-10-14 19:23:27,222][root][INFO] - <class 'envs.skills_all.HalfCheetah'>
[2023-10-14 19:23:27,222][root][INFO] - <class 'envs.skills_all.HalfCheetah'>
[2023-10-14 19:23:27,222][root][INFO] - <class 'envs.skills_all.HalfCheetah'>
[2023-10-14 19:23:27,222][root][INFO] - <class 'envs.skills_all.HalfCheetah'>
[2023-10-14 19:23:27,222][root][INFO] - <class 'envs.skills_all.HalfCheetah'>
[2023-10-14 19:23:27,222][root][INFO] - <class 'envs.skills_all.HalfCheetah'>
[2023-10-14 19:23:27,223][root][INFO] - <class 'envs.skills_all.HalfCheetah'>
[2023-10-14 19:23:27,222][root][INFO] - <class 'envs.skills_all.HalfCheetah'>
[2023-10-14 19:23:27,222][root][INFO] - <class 'envs.skills_all.HalfCheetah'>
[2023-10-14 19:23:27,217][root][INFO] - <class 'envs.skills_all.HalfCheetah'>
[2023-10-14 19:23:27,219][root][INFO] - <class 'envs.skills_all.HalfCheetah'>
[2023-10-14 19:23:27,225][root][INFO] - <class 'envs.skills_all.HalfCheetah'>
[2023-10-14 19:23:27,225][root][INFO] - <class 'envs.skills_all.HalfCheetah'>
[2023-10-14 19:23:27,225][root][INFO] - <class 'envs.skills_all.HalfCheetah'>
[2023-10-14 19:23:27,225][root][INFO] - <class 'envs.skills_all.HalfCheetah'>
[2023-10-14 19:23:27,225][root][INFO] - <class 'envs.skills_all.HalfCheetah'>
[2023-10-14 19:23:27,225][root][INFO] - <class 'envs.skills_all.HalfCheetah'>
[2023-10-14 19:23:27,226][root][INFO] - <class 'envs.skills_all.HalfCheetah'>
[2023-10-14 19:23:27,226][root][INFO] - <class 'envs.skills_all.HalfCheetah'>
[2023-10-14 19:23:27,227][root][INFO] - <class 'envs.skills_all.HalfCheetah'>
[2023-10-14 19:23:27,228][root][INFO] - <class 'envs.skills_all.HalfCheetah'>
[2023-10-14 19:23:27,228][root][INFO] - <class 'envs.skills_all.HalfCheetah'>
[2023-10-14 19:23:27,228][root][INFO] - <class 'envs.skills_all.HalfCheetah'>
[2023-10-14 19:23:27,229][root][INFO] - <class 'envs.skills_all.HalfCheetah'>
[2023-10-14 19:23:27,229][root][INFO] - <class 'envs.skills_all.HalfCheetah'>
[2023-10-14 19:23:27,229][root][INFO] - <class 'envs.skills_all.HalfCheetah'>
[2023-10-14 19:23:27,228][root][INFO] - <class 'envs.skills_all.HalfCheetah'>
[2023-10-14 19:23:27,230][root][INFO] - <class 'envs.skills_all.HalfCheetah'>
[2023-10-14 19:23:27,230][root][INFO] - <class 'envs.skills_all.HalfCheetah'>
[2023-10-14 19:23:27,230][root][INFO] - <class 'envs.skills_all.HalfCheetah'>
[2023-10-14 19:23:27,230][root][INFO] - <class 'envs.skills_all.HalfCheetah'>
[2023-10-14 19:23:27,231][root][INFO] - <class 'envs.skills_all.HalfCheetah'>
[2023-10-14 19:23:27,231][root][INFO] - <class 'envs.skills_all.HalfCheetah'>
[2023-10-14 19:23:27,231][root][INFO] - <class 'envs.skills_all.HalfCheetah'>
[2023-10-14 19:23:27,231][root][INFO] - <class 'envs.skills_all.HalfCheetah'>
[2023-10-14 19:23:27,231][root][INFO] - <class 'envs.skills_all.HalfCheetah'>
[2023-10-14 19:23:27,231][root][INFO] - <class 'envs.skills_all.HalfCheetah'>
[2023-10-14 19:23:27,232][root][INFO] - <class 'envs.skills_all.HalfCheetah'>
[2023-10-14 19:23:27,232][root][INFO] - <class 'envs.skills_all.HalfCheetah'>
[2023-10-14 19:23:27,232][root][INFO] - <class 'envs.skills_all.HalfCheetah'>
[2023-10-14 19:23:27,232][root][INFO] - <class 'envs.skills_all.HalfCheetah'>
[2023-10-14 19:23:27,232][root][INFO] - <class 'envs.skills_all.HalfCheetah'>
[2023-10-14 19:23:27,232][root][INFO] - <class 'envs.skills_all.HalfCheetah'>
[2023-10-14 19:23:27,233][root][INFO] - <class 'envs.skills_all.HalfCheetah'>
[2023-10-14 19:23:27,233][root][INFO] - <class 'envs.skills_all.HalfCheetah'>
[2023-10-14 19:23:27,233][root][INFO] - <class 'envs.skills_all.HalfCheetah'>
[2023-10-14 19:23:27,234][root][INFO] - <class 'envs.skills_all.HalfCheetah'>
[2023-10-14 19:23:27,234][root][INFO] - <class 'envs.skills_all.HalfCheetah'>
[2023-10-14 19:23:27,234][root][INFO] - <class 'envs.skills_all.HalfCheetah'>
[2023-10-14 19:23:27,235][root][INFO] - <class 'envs.skills_all.HalfCheetah'>
[2023-10-14 19:23:27,235][root][INFO] - <class 'envs.skills_all.HalfCheetah'>
[2023-10-14 19:23:27,235][root][INFO] - <class 'envs.skills_all.HalfCheetah'>
[2023-10-14 19:23:27,235][root][INFO] - <class 'envs.skills_all.HalfCheetah'>
[2023-10-14 19:23:27,236][root][INFO] - <class 'envs.skills_all.HalfCheetah'>
[2023-10-14 19:23:27,237][root][INFO] - <class 'envs.skills_all.HalfCheetah'>
[2023-10-14 19:23:27,237][root][INFO] - <class 'envs.skills_all.HalfCheetah'>
[2023-10-14 19:23:27,237][root][INFO] - <class 'envs.skills_all.HalfCheetah'>
[2023-10-14 19:23:27,237][root][INFO] - <class 'envs.skills_all.HalfCheetah'>
[2023-10-14 19:23:27,237][root][INFO] - <class 'envs.skills_all.HalfCheetah'>
[2023-10-14 19:23:27,237][root][INFO] - <class 'envs.skills_all.HalfCheetah'>
[2023-10-14 19:23:27,239][root][INFO] - <class 'envs.skills_all.HalfCheetah'>
[2023-10-14 19:23:27,239][root][INFO] - <class 'envs.skills_all.HalfCheetah'>
[2023-10-14 19:23:27,239][root][INFO] - <class 'envs.skills_all.HalfCheetah'>
[2023-10-14 19:23:27,239][root][INFO] - <class 'envs.skills_all.HalfCheetah'>
[2023-10-14 19:23:27,240][root][INFO] - <class 'envs.skills_all.HalfCheetah'>
[2023-10-14 19:23:27,242][root][INFO] - <class 'envs.skills_all.HalfCheetah'>
[2023-10-14 19:23:27,242][root][INFO] - <class 'envs.skills_all.HalfCheetah'>
[2023-10-14 19:23:27,242][root][INFO] - <class 'envs.skills_all.HalfCheetah'>
[2023-10-14 19:23:27,242][root][INFO] - <class 'envs.skills_all.HalfCheetah'>
[2023-10-14 19:23:27,242][root][INFO] - <class 'envs.skills_all.HalfCheetah'>
[2023-10-14 19:23:27,242][root][INFO] - <class 'envs.skills_all.HalfCheetah'>
[2023-10-14 19:23:27,243][root][INFO] - <class 'envs.skills_all.HalfCheetah'>
[2023-10-14 19:23:27,243][root][INFO] - <class 'envs.skills_all.HalfCheetah'>
[2023-10-14 19:23:27,244][root][INFO] - <class 'envs.skills_all.HalfCheetah'>
[2023-10-14 19:23:27,243][root][INFO] - <class 'envs.skills_all.HalfCheetah'>
[2023-10-14 19:23:27,245][root][INFO] - <class 'envs.skills_all.HalfCheetah'>
[2023-10-14 19:23:27,245][root][INFO] - <class 'envs.skills_all.HalfCheetah'>
[2023-10-14 19:23:28,526][root][INFO] - <class 'envs.skills_all.HalfCheetah'>
[2023-10-14 19:23:28,529][root][INFO] - <class 'envs.skills_all.HalfCheetah'>
[2023-10-14 19:23:28,557][root][INFO] - <class 'envs.skills_all.HalfCheetah'>
[2023-10-14 19:23:28,583][root][INFO] - <class 'envs.skills_all.HalfCheetah'>
[2023-10-14 19:23:28,620][root][INFO] - <class 'envs.skills_all.HalfCheetah'>
[2023-10-14 19:23:28,650][root][INFO] - <class 'envs.skills_all.HalfCheetah'>
[2023-10-14 19:23:28,660][root][INFO] - <class 'envs.skills_all.HalfCheetah'>
[2023-10-14 19:23:28,660][root][INFO] - <class 'envs.skills_all.HalfCheetah'>
[2023-10-14 19:23:28,662][root][INFO] - <class 'envs.skills_all.HalfCheetah'>
[2023-10-14 19:23:28,680][root][INFO] - <class 'envs.skills_all.HalfCheetah'>
[2023-10-14 19:23:28,731][root][INFO] - <class 'envs.skills_all.HalfCheetah'>
[2023-10-14 19:23:28,776][root][INFO] - <class 'envs.skills_all.HalfCheetah'>
[2023-10-14 19:23:28,792][root][INFO] - <class 'envs.skills_all.HalfCheetah'>
[2023-10-14 19:23:28,799][root][INFO] - <class 'envs.skills_all.HalfCheetah'>
[2023-10-14 19:23:28,867][root][INFO] - <class 'envs.skills_all.HalfCheetah'>
[2023-10-14 19:23:28,882][root][INFO] - <class 'envs.skills_all.HalfCheetah'>
[2023-10-14 19:23:28,909][root][INFO] - <class 'envs.skills_all.HalfCheetah'>
[2023-10-14 19:23:28,923][root][INFO] - <class 'envs.skills_all.HalfCheetah'>
[2023-10-14 19:23:28,940][root][INFO] - <class 'envs.skills_all.HalfCheetah'>
[2023-10-14 19:23:28,942][root][INFO] - <class 'envs.skills_all.HalfCheetah'>
[2023-10-14 19:23:28,947][root][INFO] - <class 'envs.skills_all.HalfCheetah'>
[2023-10-14 19:23:28,987][root][INFO] - <class 'envs.skills_all.HalfCheetah'>
[2023-10-14 19:23:28,994][root][INFO] - <class 'envs.skills_all.HalfCheetah'>
[2023-10-14 19:23:29,012][root][INFO] - <class 'envs.skills_all.HalfCheetah'>
[2023-10-14 19:23:29,016][root][INFO] - <class 'envs.skills_all.HalfCheetah'>
[2023-10-14 19:23:29,043][root][INFO] - <class 'envs.skills_all.HalfCheetah'>
[2023-10-14 19:23:29,045][root][INFO] - <class 'envs.skills_all.HalfCheetah'>
[2023-10-14 19:23:29,058][root][INFO] - <class 'envs.skills_all.HalfCheetah'>
[2023-10-14 19:23:29,059][root][INFO] - <class 'envs.skills_all.HalfCheetah'>
[2023-10-14 19:23:29,093][root][INFO] - <class 'envs.skills_all.HalfCheetah'>
[2023-10-14 19:23:29,103][root][INFO] - <class 'envs.skills_all.HalfCheetah'>
[2023-10-14 19:23:29,124][root][INFO] - <class 'envs.skills_all.HalfCheetah'>
[2023-10-14 19:23:29,133][root][INFO] - <class 'envs.skills_all.HalfCheetah'>
[2023-10-14 19:23:29,140][root][INFO] - <class 'envs.skills_all.HalfCheetah'>
[2023-10-14 19:23:29,142][root][ERROR] - Exception in actorpool thread!
[2023-10-14 19:23:31,200][root][INFO] - Step 0 @ 0.0 SPS. Inference batcher size: 0. Learner queue size: 0. Other stats: (train_seconds = 5.0)
[2023-10-14 19:23:36,204][root][INFO] - Step 0 @ 0.0 SPS. Inference batcher size: 0. Learner queue size: 0. Other stats: (train_seconds = 10.0)
