[2023-10-11 09:02:54,561][root][INFO] - name: null
wandb: false
project: skillhack
entity: your_entity_name
group: default
state_dict_path: none
foc_options_path: none
foc_options_config_path: none
teacher_path: none
teacher_config_path: none
ks_max_lambda: 10
ks_max_time: 20000000.0
ks_min_lambda_prop: 0.1
train_with_all_skills: false
penalty_per_step: 0.01
hks_max_uniform_weight: 1000
hks_min_uniform_prop: 0.05
hks_max_uniform_time: 20000000.0
tasks_json: tasks
mock: false
single_ttyrec: true
num_seeds: 0
write_profiler_trace: false
relative_reward: false
fn_penalty_step: constant
penalty_time: 0.0
penalty_step: -0.001
reward_lose: 0
reward_win: 1
character: null
save_tty: false
mode: train
env: mini_skill_fight
obs_keys: glyphs,chars,colors,specials,blstats,message
num_actors: 256
total_steps: 10000000.0
batch_size: 32
unroll_length: 80
num_learner_threads: 1
num_inference_threads: 1
disable_cuda: false
learner_device: cuda:0
actor_device: cuda:0
max_learner_queue_size: null
model: baseline
use_lstm: false
hidden_dim: 256
embedding_dim: 64
glyph_type: all_cat
equalize_input_dim: false
equalize_factor: 2
layers: 5
crop_model: cnn
crop_dim: 9
use_index_select: true
entropy_cost: 0.001
baseline_cost: 0.5
discounting: 0.999
reward_clipping: none
normalize_reward: true
learning_rate: 0.0002
grad_norm_clipping: 40
alpha: 0.99
momentum: 0
epsilon: 1.0e-06
state_counter: none
no_extrinsic: false
int:
  twoheaded: true
  input: full
  intrinsic_weight: 0.1
  discounting: 0.99
  baseline_cost: 0.5
  episodic: true
  reward_clipping: none
  normalize_reward: true
ride:
  count_norm: true
  forward_cost: 1
  inverse_cost: 0.1
  hidden_dim: 128
rnd:
  forward_cost: 0.01
msg:
  model: none
  hidden_dim: 64
  embedding_dim: 32

[2023-10-11 09:02:54,578][root][INFO] - Symlinked log directory: /opt/project/latest
[2023-10-11 09:02:54,578][root][INFO] - Creating archive directory: /opt/project/outputs/2023-10-11/09-02-54/archives
[2023-10-11 09:02:54,583][root][INFO] - Logging results to /opt/project/outputs/2023-10-11/09-02-54
[2023-10-11 09:02:54,616][palaas/out][INFO] - Found log directory: /opt/project/outputs/2023-10-11/09-02-54
[2023-10-11 09:02:54,616][palaas/out][INFO] - Saving arguments to /opt/project/outputs/2023-10-11/09-02-54/meta.json
[2023-10-11 09:02:54,617][palaas/out][INFO] - Saving messages to /opt/project/outputs/2023-10-11/09-02-54/out.log
[2023-10-11 09:02:54,617][palaas/out][INFO] - Saving logs data to /opt/project/outputs/2023-10-11/09-02-54/logs.csv
[2023-10-11 09:02:54,617][palaas/out][INFO] - Saving logs' fields to /opt/project/outputs/2023-10-11/09-02-54/fields.csv
[2023-10-11 09:02:54,618][root][INFO] - Not using CUDA.
[2023-10-11 09:02:54,623][root][INFO] - Using model baseline
[2023-10-11 09:02:54,646][root][INFO] - Number of model parameters: 3717182
[2023-10-11 09:02:54,856][root][INFO] - <All keys matched successfully>
[2023-10-11 09:02:54,857][root][INFO] - The learner queue is <libtorchbeast._C.BatchingQueue object at 0x7f96a29922f0>
[2023-10-11 09:02:54,857][root][INFO] - The inference batcher is <libtorchbeast._C.DynamicBatcher object at 0x7f96a2992ef0>
[2023-10-11 09:02:54,857][root][INFO] - The model states is ()
[2023-10-11 09:02:54,862][nle.env.base][INFO] - Not saving any NLE data.
[2023-10-11 09:02:54,862][nle.env.base][INFO] - Not saving any NLE data.
[2023-10-11 09:02:54,862][nle.env.base][INFO] - Not saving any NLE data.
[2023-10-11 09:02:54,862][nle.env.base][INFO] - Not saving any NLE data.
[2023-10-11 09:02:54,863][nle.env.base][INFO] - Not saving any NLE data.
[2023-10-11 09:02:54,863][nle.env.base][INFO] - Not saving any NLE data.
[2023-10-11 09:02:54,863][nle.env.base][INFO] - Not saving any NLE data.
[2023-10-11 09:02:54,864][nle.env.base][INFO] - Not saving any NLE data.
[2023-10-11 09:02:54,864][nle.env.base][INFO] - Not saving any NLE data.
[2023-10-11 09:02:54,864][nle.env.base][INFO] - Not saving any NLE data.
[2023-10-11 09:02:54,865][nle.env.base][INFO] - Not saving any NLE data.
[2023-10-11 09:02:54,865][nle.env.base][INFO] - Not saving any NLE data.
[2023-10-11 09:02:54,866][nle.env.base][INFO] - Not saving any NLE data.
[2023-10-11 09:02:54,869][nle.env.base][INFO] - Not saving any NLE data.
[2023-10-11 09:02:54,869][nle.env.base][INFO] - Not saving any NLE data.
[2023-10-11 09:02:54,869][nle.env.base][INFO] - Not saving any NLE data.
[2023-10-11 09:02:54,869][nle.env.base][INFO] - Not saving any NLE data.
[2023-10-11 09:02:54,869][nle.env.base][INFO] - Not saving any NLE data.
[2023-10-11 09:02:54,869][nle.env.base][INFO] - Not saving any NLE data.
[2023-10-11 09:02:54,869][nle.env.base][INFO] - Not saving any NLE data.
[2023-10-11 09:02:54,870][nle.env.base][INFO] - Not saving any NLE data.
[2023-10-11 09:02:54,872][nle.env.base][INFO] - Not saving any NLE data.
[2023-10-11 09:02:54,872][nle.env.base][INFO] - Not saving any NLE data.
[2023-10-11 09:02:54,872][nle.env.base][INFO] - Not saving any NLE data.
[2023-10-11 09:02:54,872][nle.env.base][INFO] - Not saving any NLE data.
[2023-10-11 09:02:54,874][nle.env.base][INFO] - Not saving any NLE data.
[2023-10-11 09:02:54,877][nle.env.base][INFO] - Not saving any NLE data.
[2023-10-11 09:02:54,877][nle.env.base][INFO] - Not saving any NLE data.
[2023-10-11 09:02:54,877][nle.env.base][INFO] - Not saving any NLE data.
[2023-10-11 09:02:54,881][nle.env.base][INFO] - Not saving any NLE data.
[2023-10-11 09:02:54,881][nle.env.base][INFO] - Not saving any NLE data.
[2023-10-11 09:02:54,881][nle.env.base][INFO] - Not saving any NLE data.
[2023-10-11 09:02:54,882][nle.env.base][INFO] - Not saving any NLE data.
[2023-10-11 09:02:54,882][nle.env.base][INFO] - Not saving any NLE data.
[2023-10-11 09:02:54,884][nle.env.base][INFO] - Not saving any NLE data.
[2023-10-11 09:02:54,884][nle.env.base][INFO] - Not saving any NLE data.
[2023-10-11 09:02:54,885][nle.env.base][INFO] - Not saving any NLE data.
[2023-10-11 09:02:54,885][nle.env.base][INFO] - Not saving any NLE data.
[2023-10-11 09:02:54,885][nle.env.base][INFO] - Not saving any NLE data.
[2023-10-11 09:02:54,887][nle.env.base][INFO] - Not saving any NLE data.
[2023-10-11 09:02:54,889][nle.env.base][INFO] - Not saving any NLE data.
[2023-10-11 09:02:54,889][nle.env.base][INFO] - Not saving any NLE data.
[2023-10-11 09:02:54,889][nle.env.base][INFO] - Not saving any NLE data.
[2023-10-11 09:02:54,889][nle.env.base][INFO] - Not saving any NLE data.
[2023-10-11 09:02:54,894][nle.env.base][INFO] - Not saving any NLE data.
[2023-10-11 09:02:54,887][nle.env.base][INFO] - Not saving any NLE data.
[2023-10-11 09:02:54,898][nle.env.base][INFO] - Not saving any NLE data.
[2023-10-11 09:02:54,898][nle.env.base][INFO] - Not saving any NLE data.
[2023-10-11 09:02:54,898][nle.env.base][INFO] - Not saving any NLE data.
[2023-10-11 09:02:54,903][nle.env.base][INFO] - Not saving any NLE data.
[2023-10-11 09:02:54,905][nle.env.base][INFO] - Not saving any NLE data.
[2023-10-11 09:02:54,905][nle.env.base][INFO] - Not saving any NLE data.
[2023-10-11 09:02:54,908][nle.env.base][INFO] - Not saving any NLE data.
[2023-10-11 09:02:54,918][nle.env.base][INFO] - Not saving any NLE data.
[2023-10-11 09:02:54,929][nle.env.base][INFO] - Not saving any NLE data.
[2023-10-11 09:02:55,003][nle.env.base][INFO] - Not saving any NLE data.
