[2023-10-21 13:53:02,370][root][INFO] - name: null
wandb: false
project: skillhack
entity: your_entity_name
group: default
state_dict_path: none
foc_options_path: none
foc_options_config_path: none
teacher_path: none
teacher_config_path: none
ks_max_lambda: 10
ks_max_time: 20000000.0
ks_min_lambda_prop: 0.1
train_with_all_skills: false
penalty_per_step: 0.01
hks_max_uniform_weight: 1000
hks_min_uniform_prop: 0.05
hks_max_uniform_time: 20000000.0
tasks_json: tasks
mock: false
single_ttyrec: true
num_seeds: 0
write_profiler_trace: false
relative_reward: false
fn_penalty_step: constant
penalty_time: 0.0
penalty_step: -0.001
reward_lose: 0
reward_win: 1
character: null
save_tty: false
mode: train
env: mini_skill_fight
obs_keys: glyphs,chars,colors,specials,blstats,message
num_actors: 256
total_steps: 10000000.0
batch_size: 32
unroll_length: 80
num_learner_threads: 1
num_inference_threads: 1
disable_cuda: false
learner_device: cuda:0
actor_device: cuda:0
max_learner_queue_size: null
model: baseline
use_lstm: false
hidden_dim: 256
embedding_dim: 64
glyph_type: all_cat
equalize_input_dim: false
equalize_factor: 2
layers: 5
crop_model: cnn
crop_dim: 9
use_index_select: true
entropy_cost: 0.001
baseline_cost: 0.5
discounting: 0.999
reward_clipping: none
normalize_reward: true
learning_rate: 0.0002
grad_norm_clipping: 40
alpha: 0.99
momentum: 0
epsilon: 1.0e-06
state_counter: none
no_extrinsic: false
int:
  twoheaded: true
  input: full
  intrinsic_weight: 0.1
  discounting: 0.99
  baseline_cost: 0.5
  episodic: true
  reward_clipping: none
  normalize_reward: true
ride:
  count_norm: true
  forward_cost: 1
  inverse_cost: 0.1
  hidden_dim: 128
rnd:
  forward_cost: 0.01
msg:
  model: none
  hidden_dim: 64
  embedding_dim: 32

[2023-10-21 13:53:02,386][root][INFO] - Symlinked log directory: /opt/project/latest
[2023-10-21 13:53:02,387][root][INFO] - Creating archive directory: /opt/project/outputs/2023-10-21/13-53-02/archives
[2023-10-21 13:53:02,390][root][INFO] - Logging results to /opt/project/outputs/2023-10-21/13-53-02
[2023-10-21 13:53:02,427][palaas/out][INFO] - Found log directory: /opt/project/outputs/2023-10-21/13-53-02
[2023-10-21 13:53:02,427][palaas/out][INFO] - Saving arguments to /opt/project/outputs/2023-10-21/13-53-02/meta.json
[2023-10-21 13:53:02,427][palaas/out][INFO] - Saving messages to /opt/project/outputs/2023-10-21/13-53-02/out.log
[2023-10-21 13:53:02,428][palaas/out][INFO] - Saving logs data to /opt/project/outputs/2023-10-21/13-53-02/logs.csv
[2023-10-21 13:53:02,428][palaas/out][INFO] - Saving logs' fields to /opt/project/outputs/2023-10-21/13-53-02/fields.csv
[2023-10-21 13:53:02,428][root][INFO] - Not using CUDA.
[2023-10-21 13:53:02,434][root][INFO] - Using model baseline
[2023-10-21 13:53:02,961][root][INFO] - Number of model parameters: 3717182
[2023-10-21 13:53:02,986][root][INFO] - ()
[2023-10-21 13:53:02,987][root][INFO] - After actor pool
[2023-10-21 13:53:03,269][root][INFO] - <All keys matched successfully>
[2023-10-21 13:53:03,270][root][INFO] - The model states is ()
[2023-10-21 13:53:03,276][nle.env.base][INFO] - Not saving any NLE data.
[2023-10-21 13:53:03,276][nle.env.base][INFO] - Not saving any NLE data.
[2023-10-21 13:53:03,277][nle.env.base][INFO] - Not saving any NLE data.
[2023-10-21 13:53:03,283][nle.env.base][INFO] - Not saving any NLE data.
[2023-10-21 13:53:03,283][nle.env.base][INFO] - Not saving any NLE data.
[2023-10-21 13:53:03,285][nle.env.base][INFO] - Not saving any NLE data.
[2023-10-21 13:53:03,285][nle.env.base][INFO] - Not saving any NLE data.
[2023-10-21 13:53:03,285][nle.env.base][INFO] - Not saving any NLE data.
[2023-10-21 13:53:03,285][nle.env.base][INFO] - Not saving any NLE data.
[2023-10-21 13:53:03,285][nle.env.base][INFO] - Not saving any NLE data.
[2023-10-21 13:53:03,285][nle.env.base][INFO] - Not saving any NLE data.
[2023-10-21 13:53:03,286][nle.env.base][INFO] - Not saving any NLE data.
[2023-10-21 13:53:03,285][nle.env.base][INFO] - Not saving any NLE data.
[2023-10-21 13:53:03,290][nle.env.base][INFO] - Not saving any NLE data.
[2023-10-21 13:53:03,290][nle.env.base][INFO] - Not saving any NLE data.
[2023-10-21 13:53:03,293][nle.env.base][INFO] - Not saving any NLE data.
[2023-10-21 13:53:03,293][nle.env.base][INFO] - Not saving any NLE data.
[2023-10-21 13:53:03,294][nle.env.base][INFO] - Not saving any NLE data.
[2023-10-21 13:53:03,294][nle.env.base][INFO] - Not saving any NLE data.
[2023-10-21 13:53:03,294][nle.env.base][INFO] - Not saving any NLE data.
[2023-10-21 13:53:03,294][nle.env.base][INFO] - Not saving any NLE data.
[2023-10-21 13:53:03,295][nle.env.base][INFO] - Not saving any NLE data.
[2023-10-21 13:53:03,297][nle.env.base][INFO] - Not saving any NLE data.
[2023-10-21 13:53:03,298][nle.env.base][INFO] - Not saving any NLE data.
[2023-10-21 13:53:03,298][nle.env.base][INFO] - Not saving any NLE data.
[2023-10-21 13:53:03,301][nle.env.base][INFO] - Not saving any NLE data.
[2023-10-21 13:53:03,301][nle.env.base][INFO] - Not saving any NLE data.
[2023-10-21 13:53:03,301][nle.env.base][INFO] - Not saving any NLE data.
[2023-10-21 13:53:03,301][nle.env.base][INFO] - Not saving any NLE data.
[2023-10-21 13:53:03,301][nle.env.base][INFO] - Not saving any NLE data.
[2023-10-21 13:53:03,294][nle.env.base][INFO] - Not saving any NLE data.
[2023-10-21 13:53:03,305][nle.env.base][INFO] - Not saving any NLE data.
[2023-10-21 13:53:03,305][nle.env.base][INFO] - Not saving any NLE data.
[2023-10-21 13:53:03,305][nle.env.base][INFO] - Not saving any NLE data.
[2023-10-21 13:53:03,309][nle.env.base][INFO] - Not saving any NLE data.
[2023-10-21 13:53:03,309][nle.env.base][INFO] - Not saving any NLE data.
[2023-10-21 13:53:03,309][nle.env.base][INFO] - Not saving any NLE data.
[2023-10-21 13:53:03,314][nle.env.base][INFO] - Not saving any NLE data.
[2023-10-21 13:53:03,321][nle.env.base][INFO] - Not saving any NLE data.
[2023-10-21 13:53:03,325][nle.env.base][INFO] - Not saving any NLE data.
[2023-10-21 13:53:03,325][nle.env.base][INFO] - Not saving any NLE data.
[2023-10-21 13:53:03,328][nle.env.base][INFO] - Not saving any NLE data.
[2023-10-21 13:53:03,328][nle.env.base][INFO] - Not saving any NLE data.
[2023-10-21 13:53:03,333][nle.env.base][INFO] - Not saving any NLE data.
[2023-10-21 13:53:03,341][nle.env.base][INFO] - Not saving any NLE data.
[2023-10-21 13:53:03,341][nle.env.base][INFO] - Not saving any NLE data.
[2023-10-21 13:53:03,341][nle.env.base][INFO] - Not saving any NLE data.
[2023-10-21 13:53:03,341][nle.env.base][INFO] - Not saving any NLE data.
[2023-10-21 13:53:03,345][nle.env.base][INFO] - Not saving any NLE data.
[2023-10-21 13:53:03,349][nle.env.base][INFO] - Not saving any NLE data.
[2023-10-21 13:53:03,365][nle.env.base][INFO] - Not saving any NLE data.
[2023-10-21 13:53:03,365][nle.env.base][INFO] - Not saving any NLE data.
[2023-10-21 13:53:03,369][nle.env.base][INFO] - Not saving any NLE data.
[2023-10-21 13:53:03,369][nle.env.base][INFO] - Not saving any NLE data.
[2023-10-21 13:53:03,369][nle.env.base][INFO] - Not saving any NLE data.
[2023-10-21 13:53:03,369][nle.env.base][INFO] - Not saving any NLE data.
[2023-10-21 13:53:03,373][nle.env.base][INFO] - Not saving any NLE data.
[2023-10-21 13:53:03,373][nle.env.base][INFO] - Not saving any NLE data.
[2023-10-21 13:53:03,373][nle.env.base][INFO] - Not saving any NLE data.
[2023-10-21 13:53:03,374][nle.env.base][INFO] - Not saving any NLE data.
[2023-10-21 13:53:03,374][nle.env.base][INFO] - Not saving any NLE data.
[2023-10-21 13:53:03,385][nle.env.base][INFO] - Not saving any NLE data.
[2023-10-21 13:53:03,385][nle.env.base][INFO] - Not saving any NLE data.
[2023-10-21 13:53:03,385][nle.env.base][INFO] - Not saving any NLE data.
[2023-10-21 13:53:03,389][nle.env.base][INFO] - Not saving any NLE data.
[2023-10-21 13:53:03,389][nle.env.base][INFO] - Not saving any NLE data.
[2023-10-21 13:53:03,389][nle.env.base][INFO] - Not saving any NLE data.
[2023-10-21 13:53:03,389][nle.env.base][INFO] - Not saving any NLE data.
[2023-10-21 13:53:03,390][nle.env.base][INFO] - Not saving any NLE data.
[2023-10-21 13:53:03,390][nle.env.base][INFO] - Not saving any NLE data.
[2023-10-21 13:53:03,392][nle.env.base][INFO] - Not saving any NLE data.
[2023-10-21 13:53:03,397][nle.env.base][INFO] - Not saving any NLE data.
[2023-10-21 13:53:03,401][nle.env.base][INFO] - Not saving any NLE data.
[2023-10-21 13:53:03,406][nle.env.base][INFO] - Not saving any NLE data.
[2023-10-21 13:53:03,407][nle.env.base][INFO] - Not saving any NLE data.
[2023-10-21 13:53:03,424][nle.env.base][INFO] - Not saving any NLE data.
[2023-10-21 13:53:03,424][nle.env.base][INFO] - Not saving any NLE data.
[2023-10-21 13:53:03,429][nle.env.base][INFO] - Not saving any NLE data.
[2023-10-21 13:53:03,433][nle.env.base][INFO] - Not saving any NLE data.
[2023-10-21 13:53:03,478][nle.env.base][INFO] - Not saving any NLE data.
[2023-10-21 13:53:03,479][nle.env.base][INFO] - Not saving any NLE data.
[2023-10-21 13:53:03,480][nle.env.base][INFO] - Not saving any NLE data.
[2023-10-21 13:53:03,481][nle.env.base][INFO] - Not saving any NLE data.
[2023-10-21 13:53:03,481][nle.env.base][INFO] - Not saving any NLE data.
[2023-10-21 13:53:03,482][nle.env.base][INFO] - Not saving any NLE data.
[2023-10-21 13:53:03,485][nle.env.base][INFO] - Not saving any NLE data.
[2023-10-21 13:53:03,497][nle.env.base][INFO] - Not saving any NLE data.
[2023-10-21 13:53:03,497][nle.env.base][INFO] - Not saving any NLE data.
[2023-10-21 13:53:03,502][nle.env.base][INFO] - Not saving any NLE data.
[2023-10-21 13:53:03,515][nle.env.base][INFO] - Not saving any NLE data.
[2023-10-21 13:53:03,515][nle.env.base][INFO] - Not saving any NLE data.
[2023-10-21 13:53:03,515][nle.env.base][INFO] - Not saving any NLE data.
[2023-10-21 13:53:03,515][nle.env.base][INFO] - Not saving any NLE data.
[2023-10-21 13:53:03,516][nle.env.base][INFO] - Not saving any NLE data.
[2023-10-21 13:53:03,516][nle.env.base][INFO] - Not saving any NLE data.
[2023-10-21 13:53:03,516][nle.env.base][INFO] - Not saving any NLE data.
[2023-10-21 13:53:03,521][nle.env.base][INFO] - Not saving any NLE data.
[2023-10-21 13:53:03,521][nle.env.base][INFO] - Not saving any NLE data.
[2023-10-21 13:53:03,521][nle.env.base][INFO] - Not saving any NLE data.
[2023-10-21 13:53:03,521][nle.env.base][INFO] - Not saving any NLE data.
[2023-10-21 13:53:03,524][nle.env.base][INFO] - Not saving any NLE data.
[2023-10-21 13:53:03,524][nle.env.base][INFO] - Not saving any NLE data.
[2023-10-21 13:53:03,525][nle.env.base][INFO] - Not saving any NLE data.
[2023-10-21 13:53:03,525][nle.env.base][INFO] - Not saving any NLE data.
[2023-10-21 13:53:03,529][nle.env.base][INFO] - Not saving any NLE data.
[2023-10-21 13:53:03,529][nle.env.base][INFO] - Not saving any NLE data.
[2023-10-21 13:53:03,529][nle.env.base][INFO] - Not saving any NLE data.
[2023-10-21 13:53:03,533][nle.env.base][INFO] - Not saving any NLE data.
[2023-10-21 13:53:03,533][nle.env.base][INFO] - Not saving any NLE data.
[2023-10-21 13:53:03,533][nle.env.base][INFO] - Not saving any NLE data.
[2023-10-21 13:53:03,534][nle.env.base][INFO] - Not saving any NLE data.
[2023-10-21 13:53:03,537][nle.env.base][INFO] - Not saving any NLE data.
[2023-10-21 13:53:03,541][nle.env.base][INFO] - Not saving any NLE data.
[2023-10-21 13:53:03,541][nle.env.base][INFO] - Not saving any NLE data.
[2023-10-21 13:53:03,545][nle.env.base][INFO] - Not saving any NLE data.
[2023-10-21 13:53:03,549][nle.env.base][INFO] - Not saving any NLE data.
[2023-10-21 13:53:03,557][nle.env.base][INFO] - Not saving any NLE data.
[2023-10-21 13:53:03,557][nle.env.base][INFO] - Not saving any NLE data.
[2023-10-21 13:53:03,557][nle.env.base][INFO] - Not saving any NLE data.
[2023-10-21 13:53:03,560][nle.env.base][INFO] - Not saving any NLE data.
[2023-10-21 13:53:03,567][nle.env.base][INFO] - Not saving any NLE data.
[2023-10-21 13:53:03,567][nle.env.base][INFO] - Not saving any NLE data.
[2023-10-21 13:53:03,574][nle.env.base][INFO] - Not saving any NLE data.
[2023-10-21 13:53:03,574][nle.env.base][INFO] - Not saving any NLE data.
[2023-10-21 13:53:03,574][nle.env.base][INFO] - Not saving any NLE data.
[2023-10-21 13:53:03,577][nle.env.base][INFO] - Not saving any NLE data.
[2023-10-21 13:53:03,577][nle.env.base][INFO] - Not saving any NLE data.
[2023-10-21 13:53:03,577][nle.env.base][INFO] - Not saving any NLE data.
[2023-10-21 13:53:03,578][nle.env.base][INFO] - Not saving any NLE data.
[2023-10-21 13:53:03,578][nle.env.base][INFO] - Not saving any NLE data.
[2023-10-21 13:53:03,578][nle.env.base][INFO] - Not saving any NLE data.
[2023-10-21 13:53:03,581][nle.env.base][INFO] - Not saving any NLE data.
[2023-10-21 13:53:03,581][nle.env.base][INFO] - Not saving any NLE data.
[2023-10-21 13:53:03,581][nle.env.base][INFO] - Not saving any NLE data.
[2023-10-21 13:53:03,581][nle.env.base][INFO] - Not saving any NLE data.
[2023-10-21 13:53:03,583][nle.env.base][INFO] - Not saving any NLE data.
[2023-10-21 13:53:03,585][nle.env.base][INFO] - Not saving any NLE data.
[2023-10-21 13:53:03,585][nle.env.base][INFO] - Not saving any NLE data.
[2023-10-21 13:53:03,585][nle.env.base][INFO] - Not saving any NLE data.
[2023-10-21 13:53:03,589][nle.env.base][INFO] - Not saving any NLE data.
[2023-10-21 13:53:03,589][nle.env.base][INFO] - Not saving any NLE data.
[2023-10-21 13:53:03,589][nle.env.base][INFO] - Not saving any NLE data.
[2023-10-21 13:53:03,581][nle.env.base][INFO] - Not saving any NLE data.
[2023-10-21 13:53:03,593][nle.env.base][INFO] - Not saving any NLE data.
[2023-10-21 13:53:03,593][nle.env.base][INFO] - Not saving any NLE data.
[2023-10-21 13:53:03,597][nle.env.base][INFO] - Not saving any NLE data.
[2023-10-21 13:53:03,597][nle.env.base][INFO] - Not saving any NLE data.
[2023-10-21 13:53:03,598][nle.env.base][INFO] - Not saving any NLE data.
[2023-10-21 13:53:03,601][nle.env.base][INFO] - Not saving any NLE data.
[2023-10-21 13:53:03,605][nle.env.base][INFO] - Not saving any NLE data.
[2023-10-21 13:53:03,605][nle.env.base][INFO] - Not saving any NLE data.
[2023-10-21 13:53:03,609][nle.env.base][INFO] - Not saving any NLE data.
[2023-10-21 13:53:03,634][nle.env.base][INFO] - Not saving any NLE data.
[2023-10-21 13:53:03,974][root][CRITICAL] - ((tensor([[4]]), tensor([[[ 0.1007,  0.0294, -0.0331, -0.0363,  0.0428]]]), tensor([[-0.0007]]), tensor([[[ 0.1007,  0.0294, -0.0331, -0.0363,  0.0428]]]), tensor([[[ 0.1007,  0.0294, -0.0331, -0.0363,  0.0428]]]), tensor([[[ 0.1007,  0.0294, -0.0331, -0.0363,  0.0428]]])), ())
[2023-10-21 13:53:04,124][root][CRITICAL] - ((tensor([[1, 4, 1, 1, 0, 2, 0, 0, 3, 2, 1, 3, 4, 3, 4, 2, 3, 4, 0, 0, 3, 3, 0, 1,
         2, 0, 2, 0, 3, 0, 0, 2, 4, 4, 3, 2, 1, 1, 0, 1, 2, 2, 2, 4, 1, 4, 3, 4,
         4, 0, 3, 4, 1, 3, 1, 1, 2, 2, 2, 0, 4, 1, 1, 1, 0, 2, 4, 0, 2, 1, 0, 0,
         0, 0, 4, 2, 1, 0, 0, 3, 2, 4, 3, 1, 0, 4, 0, 0, 1, 1, 4, 1, 1, 0, 1, 4,
         3, 4, 0, 0, 0, 3, 4, 0, 1, 1, 1, 3, 4, 1, 3, 2, 2, 0, 2, 4, 2, 0, 2, 1,
         4, 1, 0, 2, 3, 4, 3, 4, 2, 0, 1, 3, 0, 3, 0, 0, 4, 3, 1, 4, 3, 0, 3, 0,
         4, 0, 1, 2, 3, 1, 0, 2]]), tensor([[[ 0.0977,  0.0269, -0.0355, -0.0324,  0.0449],
         [ 0.0967,  0.0277, -0.0362, -0.0355,  0.0417],
         [ 0.0987,  0.0279, -0.0346, -0.0350,  0.0420],
         [ 0.0970,  0.0266, -0.0359, -0.0365,  0.0421],
         [ 0.0961,  0.0268, -0.0370, -0.0359,  0.0411],
         [ 0.0996,  0.0288, -0.0349, -0.0362,  0.0423],
         [ 0.0965,  0.0283, -0.0355, -0.0348,  0.0424],
         [ 0.0979,  0.0286, -0.0347, -0.0359,  0.0437],
         [ 0.0984,  0.0272, -0.0362, -0.0373,  0.0423],
         [ 0.0945,  0.0252, -0.0385, -0.0356,  0.0434],
         [ 0.0967,  0.0279, -0.0350, -0.0349,  0.0454],
         [ 0.0966,  0.0269, -0.0366, -0.0354,  0.0414],
         [ 0.0975,  0.0265, -0.0363, -0.0348,  0.0418],
         [ 0.0975,  0.0262, -0.0357, -0.0346,  0.0441],
         [ 0.0988,  0.0299, -0.0331, -0.0356,  0.0441],
         [ 0.0987,  0.0278, -0.0353, -0.0347,  0.0416],
         [ 0.0968,  0.0267, -0.0370, -0.0353,  0.0415],
         [ 0.0958,  0.0262, -0.0367, -0.0349,  0.0423],
         [ 0.0963,  0.0262, -0.0364, -0.0334,  0.0429],
         [ 0.0955,  0.0256, -0.0367, -0.0361,  0.0418],
         [ 0.0982,  0.0282, -0.0339, -0.0356,  0.0443],
         [ 0.0990,  0.0280, -0.0352, -0.0348,  0.0411],
         [ 0.0991,  0.0282, -0.0352, -0.0357,  0.0408],
         [ 0.0982,  0.0268, -0.0361, -0.0366,  0.0408],
         [ 0.0995,  0.0280, -0.0347, -0.0360,  0.0410],
         [ 0.0969,  0.0271, -0.0353, -0.0347,  0.0422],
         [ 0.0982,  0.0265, -0.0364, -0.0351,  0.0410],
         [ 0.0960,  0.0273, -0.0369, -0.0350,  0.0414],
         [ 0.1001,  0.0293, -0.0343, -0.0355,  0.0411],
         [ 0.0982,  0.0285, -0.0347, -0.0341,  0.0429],
         [ 0.0986,  0.0281, -0.0351, -0.0356,  0.0417],
         [ 0.0974,  0.0282, -0.0356, -0.0348,  0.0413],
         [ 0.0984,  0.0288, -0.0347, -0.0369,  0.0436],
         [ 0.0976,  0.0274, -0.0352, -0.0333,  0.0440],
         [ 0.0964,  0.0257, -0.0362, -0.0347,  0.0421],
         [ 0.0996,  0.0270, -0.0354, -0.0370,  0.0416],
         [ 0.0976,  0.0270, -0.0352, -0.0358,  0.0414],
         [ 0.0998,  0.0271, -0.0347, -0.0362,  0.0423],
         [ 0.0963,  0.0266, -0.0357, -0.0362,  0.0437],
         [ 0.0953,  0.0257, -0.0374, -0.0369,  0.0425],
         [ 0.0975,  0.0270, -0.0361, -0.0380,  0.0431],
         [ 0.0952,  0.0257, -0.0378, -0.0357,  0.0408],
         [ 0.0995,  0.0280, -0.0346, -0.0366,  0.0426],
         [ 0.0984,  0.0256, -0.0364, -0.0365,  0.0413],
         [ 0.0969,  0.0263, -0.0356, -0.0336,  0.0446],
         [ 0.0941,  0.0258, -0.0381, -0.0341,  0.0426],
         [ 0.0976,  0.0267, -0.0364, -0.0377,  0.0425],
         [ 0.0969,  0.0275, -0.0355, -0.0353,  0.0438],
         [ 0.0969,  0.0269, -0.0362, -0.0364,  0.0417],
         [ 0.0983,  0.0287, -0.0346, -0.0365,  0.0416],
         [ 0.0983,  0.0278, -0.0362, -0.0345,  0.0403],
         [ 0.0986,  0.0257, -0.0365, -0.0371,  0.0421],
         [ 0.0965,  0.0269, -0.0366, -0.0375,  0.0417],
         [ 0.0987,  0.0285, -0.0355, -0.0369,  0.0425],
         [ 0.0971,  0.0279, -0.0352, -0.0353,  0.0434],
         [ 0.0940,  0.0248, -0.0380, -0.0353,  0.0417],
         [ 0.0972,  0.0292, -0.0348, -0.0367,  0.0423],
         [ 0.0975,  0.0262, -0.0370, -0.0376,  0.0420],
         [ 0.0985,  0.0274, -0.0349, -0.0360,  0.0415],
         [ 0.0988,  0.0301, -0.0333, -0.0352,  0.0420],
         [ 0.0934,  0.0252, -0.0383, -0.0357,  0.0428],
         [ 0.0973,  0.0280, -0.0354, -0.0324,  0.0444],
         [ 0.0968,  0.0273, -0.0360, -0.0370,  0.0413],
         [ 0.0989,  0.0284, -0.0346, -0.0352,  0.0423],
         [ 0.0974,  0.0256, -0.0358, -0.0354,  0.0420],
         [ 0.0966,  0.0272, -0.0366, -0.0357,  0.0439],
         [ 0.0987,  0.0273, -0.0358, -0.0369,  0.0418],
         [ 0.0981,  0.0280, -0.0345, -0.0344,  0.0437],
         [ 0.0934,  0.0252, -0.0382, -0.0372,  0.0442],
         [ 0.0952,  0.0276, -0.0371, -0.0358,  0.0446],
         [ 0.0953,  0.0268, -0.0367, -0.0376,  0.0434],
         [ 0.0997,  0.0290, -0.0349, -0.0358,  0.0409],
         [ 0.1002,  0.0287, -0.0345, -0.0339,  0.0404],
         [ 0.0989,  0.0290, -0.0347, -0.0365,  0.0431],
         [ 0.0965,  0.0283, -0.0350, -0.0345,  0.0455],
         [ 0.0956,  0.0257, -0.0368, -0.0378,  0.0421],
         [ 0.0986,  0.0295, -0.0345, -0.0360,  0.0424],
         [ 0.0979,  0.0273, -0.0360, -0.0377,  0.0416],
         [ 0.0943,  0.0257, -0.0370, -0.0364,  0.0426],
         [ 0.0969,  0.0278, -0.0353, -0.0375,  0.0430],
         [ 0.0991,  0.0284, -0.0345, -0.0361,  0.0418],
         [ 0.0964,  0.0277, -0.0352, -0.0359,  0.0423],
         [ 0.0983,  0.0284, -0.0349, -0.0358,  0.0418],
         [ 0.0959,  0.0291, -0.0354, -0.0371,  0.0437],
         [ 0.0985,  0.0282, -0.0351, -0.0369,  0.0424],
         [ 0.0972,  0.0274, -0.0359, -0.0364,  0.0431],
         [ 0.0978,  0.0279, -0.0345, -0.0362,  0.0424],
         [ 0.0986,  0.0275, -0.0356, -0.0372,  0.0424],
         [ 0.0949,  0.0259, -0.0379, -0.0373,  0.0430],
         [ 0.0944,  0.0250, -0.0388, -0.0359,  0.0410],
         [ 0.0998,  0.0293, -0.0345, -0.0371,  0.0422],
         [ 0.0961,  0.0274, -0.0362, -0.0363,  0.0420],
         [ 0.0958,  0.0253, -0.0371, -0.0355,  0.0425],
         [ 0.0971,  0.0258, -0.0368, -0.0361,  0.0425],
         [ 0.0974,  0.0274, -0.0349, -0.0352,  0.0439],
         [ 0.1009,  0.0290, -0.0347, -0.0365,  0.0412],
         [ 0.0996,  0.0282, -0.0347, -0.0357,  0.0414],
         [ 0.0997,  0.0284, -0.0341, -0.0354,  0.0423],
         [ 0.0952,  0.0255, -0.0372, -0.0382,  0.0438],
         [ 0.0977,  0.0270, -0.0360, -0.0348,  0.0418],
         [ 0.0980,  0.0283, -0.0351, -0.0361,  0.0410],
         [ 0.0945,  0.0276, -0.0372, -0.0361,  0.0438],
         [ 0.0986,  0.0271, -0.0359, -0.0393,  0.0433],
         [ 0.0983,  0.0286, -0.0347, -0.0361,  0.0411],
         [ 0.0982,  0.0273, -0.0355, -0.0342,  0.0413],
         [ 0.0971,  0.0289, -0.0345, -0.0361,  0.0435],
         [ 0.0972,  0.0279, -0.0353, -0.0352,  0.0420],
         [ 0.0967,  0.0273, -0.0365, -0.0357,  0.0423],
         [ 0.0978,  0.0282, -0.0357, -0.0371,  0.0416],
         [ 0.0997,  0.0286, -0.0342, -0.0333,  0.0420],
         [ 0.0981,  0.0270, -0.0350, -0.0349,  0.0402],
         [ 0.1002,  0.0281, -0.0347, -0.0359,  0.0414],
         [ 0.0971,  0.0271, -0.0359, -0.0343,  0.0422],
         [ 0.0967,  0.0257, -0.0367, -0.0379,  0.0426],
         [ 0.0997,  0.0273, -0.0342, -0.0359,  0.0430],
         [ 0.0966,  0.0275, -0.0354, -0.0342,  0.0432],
         [ 0.0980,  0.0281, -0.0350, -0.0372,  0.0419],
         [ 0.0958,  0.0241, -0.0382, -0.0369,  0.0413],
         [ 0.0977,  0.0277, -0.0353, -0.0345,  0.0422],
         [ 0.0976,  0.0266, -0.0363, -0.0374,  0.0414],
         [ 0.0974,  0.0259, -0.0359, -0.0362,  0.0421],
         [ 0.0969,  0.0259, -0.0375, -0.0370,  0.0406],
         [ 0.0969,  0.0266, -0.0365, -0.0349,  0.0418],
         [ 0.0976,  0.0273, -0.0355, -0.0376,  0.0427],
         [ 0.0974,  0.0253, -0.0374, -0.0382,  0.0421],
         [ 0.0991,  0.0300, -0.0325, -0.0356,  0.0445],
         [ 0.0966,  0.0269, -0.0362, -0.0345,  0.0407],
         [ 0.0973,  0.0265, -0.0359, -0.0352,  0.0420],
         [ 0.0990,  0.0283, -0.0347, -0.0362,  0.0420],
         [ 0.0976,  0.0268, -0.0365, -0.0381,  0.0422],
         [ 0.0985,  0.0281, -0.0351, -0.0379,  0.0424],
         [ 0.1008,  0.0298, -0.0342, -0.0356,  0.0415],
         [ 0.0955,  0.0256, -0.0375, -0.0361,  0.0421],
         [ 0.0978,  0.0273, -0.0353, -0.0354,  0.0424],
         [ 0.0974,  0.0272, -0.0360, -0.0341,  0.0428],
         [ 0.0964,  0.0267, -0.0366, -0.0367,  0.0422],
         [ 0.0988,  0.0291, -0.0347, -0.0357,  0.0418],
         [ 0.0924,  0.0249, -0.0387, -0.0347,  0.0428],
         [ 0.0974,  0.0272, -0.0360, -0.0344,  0.0405],
         [ 0.0984,  0.0280, -0.0344, -0.0351,  0.0425],
         [ 0.0956,  0.0270, -0.0365, -0.0372,  0.0426],
         [ 0.0962,  0.0262, -0.0364, -0.0369,  0.0430],
         [ 0.0993,  0.0278, -0.0345, -0.0345,  0.0418],
         [ 0.0974,  0.0275, -0.0366, -0.0348,  0.0411],
         [ 0.0939,  0.0250, -0.0385, -0.0365,  0.0418],
         [ 0.0962,  0.0268, -0.0362, -0.0373,  0.0423],
         [ 0.0977,  0.0285, -0.0349, -0.0349,  0.0418],
         [ 0.0987,  0.0269, -0.0361, -0.0345,  0.0410],
         [ 0.0954,  0.0280, -0.0363, -0.0355,  0.0434],
         [ 0.0960,  0.0260, -0.0372, -0.0376,  0.0426],
         [ 0.0991,  0.0274, -0.0358, -0.0375,  0.0420],
         [ 0.0976,  0.0268, -0.0356, -0.0347,  0.0409]]]), tensor([[-3.8508e-03, -3.1172e-03, -2.2587e-03, -3.0486e-03, -2.4611e-03,
         -5.8430e-04, -2.3777e-03, -1.3342e-03, -4.1759e-04, -2.1764e-03,
         -1.6150e-03, -2.9125e-03, -2.5019e-03, -7.5095e-04, -1.8131e-03,
         -1.7245e-03, -1.9695e-03, -1.7001e-03, -1.4820e-03, -7.2340e-04,
         -7.7732e-04, -1.5370e-03, -1.9971e-03, -1.0512e-03, -2.8775e-03,
         -3.6822e-03, -1.3769e-03, -3.6542e-03, -1.5613e-03, -2.6652e-03,
         -2.8700e-03, -2.0820e-03,  6.4489e-05, -8.5579e-04, -2.9944e-03,
         -1.8973e-03, -1.4946e-03,  6.7554e-04, -8.5949e-04, -1.4105e-03,
         -1.0234e-03, -2.2984e-03, -7.3860e-04, -1.9510e-03, -7.0558e-04,
         -2.2683e-03, -3.5583e-04, -1.7921e-03, -1.8055e-03, -1.7174e-03,
         -2.8653e-03, -1.5876e-03, -3.1955e-03, -1.5426e-03, -1.7565e-03,
         -2.1810e-03, -1.7262e-03, -5.2579e-05, -2.5124e-03, -3.1440e-03,
         -5.9709e-04, -2.7141e-03, -1.3933e-03, -1.4751e-03, -1.9428e-03,
         -9.3191e-04, -1.0703e-03, -9.5048e-04,  8.4323e-04, -4.0951e-04,
         -7.7674e-04, -2.0870e-03, -1.9005e-03, -1.3330e-03, -1.5948e-03,
         -8.4163e-04, -1.6642e-03, -1.8298e-03, -3.1318e-04, -1.8651e-03,
         -1.1973e-03, -1.8334e-03, -1.9649e-03, -1.7210e-03, -3.2618e-04,
          7.5307e-05, -1.0576e-03, -9.8183e-04, -1.1033e-03, -1.9306e-03,
         -2.9555e-03, -1.4972e-03, -1.6166e-03, -1.0594e-03, -8.6232e-04,
         -1.1325e-03, -9.1385e-04, -8.2763e-04, -1.3778e-03, -3.4614e-03,
         -2.2485e-03, -2.5189e-03,  2.0409e-03, -2.8622e-03, -2.8457e-03,
         -2.4468e-03, -1.9453e-03, -1.1315e-03, -1.9281e-03, -1.1330e-03,
         -2.2617e-03, -1.7731e-03, -1.9369e-03, -1.3412e-03, -1.0688e-03,
         -1.6377e-03, -1.0741e-03, -2.3211e-03, -1.4573e-03, -2.9136e-03,
         -8.0929e-04, -9.6455e-04, -1.8197e-03,  6.7680e-04, -7.8520e-04,
         -1.4745e-03, -3.1630e-03, -2.2352e-03, -8.9361e-04, -1.6844e-03,
         -1.2241e-03, -1.8167e-03, -1.3085e-03, -1.6925e-03, -1.1626e-03,
         -1.7291e-03, -1.9230e-03,  3.3509e-05, -1.6963e-03, -6.9528e-04,
         -1.2612e-03, -8.0554e-04, -2.9810e-03, -2.6115e-03, -4.9388e-04,
         -3.6560e-04, -2.5528e-03, -1.6854e-03, -2.0500e-03, -1.8558e-03,
         -8.6262e-04, -2.5785e-03]]), tensor([[[ 0.0977,  0.0269, -0.0355, -0.0324,  0.0449],
         [ 0.0967,  0.0277, -0.0362, -0.0355,  0.0417],
         [ 0.0987,  0.0279, -0.0346, -0.0350,  0.0420],
         [ 0.0970,  0.0266, -0.0359, -0.0365,  0.0421],
         [ 0.0961,  0.0268, -0.0370, -0.0359,  0.0411],
         [ 0.0996,  0.0288, -0.0349, -0.0362,  0.0423],
         [ 0.0965,  0.0283, -0.0355, -0.0348,  0.0424],
         [ 0.0979,  0.0286, -0.0347, -0.0359,  0.0437],
         [ 0.0984,  0.0272, -0.0362, -0.0373,  0.0423],
         [ 0.0945,  0.0252, -0.0385, -0.0356,  0.0434],
         [ 0.0967,  0.0279, -0.0350, -0.0349,  0.0454],
         [ 0.0966,  0.0269, -0.0366, -0.0354,  0.0414],
         [ 0.0975,  0.0265, -0.0363, -0.0348,  0.0418],
         [ 0.0975,  0.0262, -0.0357, -0.0346,  0.0441],
         [ 0.0988,  0.0299, -0.0331, -0.0356,  0.0441],
         [ 0.0987,  0.0278, -0.0353, -0.0347,  0.0416],
         [ 0.0968,  0.0267, -0.0370, -0.0353,  0.0415],
         [ 0.0958,  0.0262, -0.0367, -0.0349,  0.0423],
         [ 0.0963,  0.0262, -0.0364, -0.0334,  0.0429],
         [ 0.0955,  0.0256, -0.0367, -0.0361,  0.0418],
         [ 0.0982,  0.0282, -0.0339, -0.0356,  0.0443],
         [ 0.0990,  0.0280, -0.0352, -0.0348,  0.0411],
         [ 0.0991,  0.0282, -0.0352, -0.0357,  0.0408],
         [ 0.0982,  0.0268, -0.0361, -0.0366,  0.0408],
         [ 0.0995,  0.0280, -0.0347, -0.0360,  0.0410],
         [ 0.0969,  0.0271, -0.0353, -0.0347,  0.0422],
         [ 0.0982,  0.0265, -0.0364, -0.0351,  0.0410],
         [ 0.0960,  0.0273, -0.0369, -0.0350,  0.0414],
         [ 0.1001,  0.0293, -0.0343, -0.0355,  0.0411],
         [ 0.0982,  0.0285, -0.0347, -0.0341,  0.0429],
         [ 0.0986,  0.0281, -0.0351, -0.0356,  0.0417],
         [ 0.0974,  0.0282, -0.0356, -0.0348,  0.0413],
         [ 0.0984,  0.0288, -0.0347, -0.0369,  0.0436],
         [ 0.0976,  0.0274, -0.0352, -0.0333,  0.0440],
         [ 0.0964,  0.0257, -0.0362, -0.0347,  0.0421],
         [ 0.0996,  0.0270, -0.0354, -0.0370,  0.0416],
         [ 0.0976,  0.0270, -0.0352, -0.0358,  0.0414],
         [ 0.0998,  0.0271, -0.0347, -0.0362,  0.0423],
         [ 0.0963,  0.0266, -0.0357, -0.0362,  0.0437],
         [ 0.0953,  0.0257, -0.0374, -0.0369,  0.0425],
         [ 0.0975,  0.0270, -0.0361, -0.0380,  0.0431],
         [ 0.0952,  0.0257, -0.0378, -0.0357,  0.0408],
         [ 0.0995,  0.0280, -0.0346, -0.0366,  0.0426],
         [ 0.0984,  0.0256, -0.0364, -0.0365,  0.0413],
         [ 0.0969,  0.0263, -0.0356, -0.0336,  0.0446],
         [ 0.0941,  0.0258, -0.0381, -0.0341,  0.0426],
         [ 0.0976,  0.0267, -0.0364, -0.0377,  0.0425],
         [ 0.0969,  0.0275, -0.0355, -0.0353,  0.0438],
         [ 0.0969,  0.0269, -0.0362, -0.0364,  0.0417],
         [ 0.0983,  0.0287, -0.0346, -0.0365,  0.0416],
         [ 0.0983,  0.0278, -0.0362, -0.0345,  0.0403],
         [ 0.0986,  0.0257, -0.0365, -0.0371,  0.0421],
         [ 0.0965,  0.0269, -0.0366, -0.0375,  0.0417],
         [ 0.0987,  0.0285, -0.0355, -0.0369,  0.0425],
         [ 0.0971,  0.0279, -0.0352, -0.0353,  0.0434],
         [ 0.0940,  0.0248, -0.0380, -0.0353,  0.0417],
         [ 0.0972,  0.0292, -0.0348, -0.0367,  0.0423],
         [ 0.0975,  0.0262, -0.0370, -0.0376,  0.0420],
         [ 0.0985,  0.0274, -0.0349, -0.0360,  0.0415],
         [ 0.0988,  0.0301, -0.0333, -0.0352,  0.0420],
         [ 0.0934,  0.0252, -0.0383, -0.0357,  0.0428],
         [ 0.0973,  0.0280, -0.0354, -0.0324,  0.0444],
         [ 0.0968,  0.0273, -0.0360, -0.0370,  0.0413],
         [ 0.0989,  0.0284, -0.0346, -0.0352,  0.0423],
         [ 0.0974,  0.0256, -0.0358, -0.0354,  0.0420],
         [ 0.0966,  0.0272, -0.0366, -0.0357,  0.0439],
         [ 0.0987,  0.0273, -0.0358, -0.0369,  0.0418],
         [ 0.0981,  0.0280, -0.0345, -0.0344,  0.0437],
         [ 0.0934,  0.0252, -0.0382, -0.0372,  0.0442],
         [ 0.0952,  0.0276, -0.0371, -0.0358,  0.0446],
         [ 0.0953,  0.0268, -0.0367, -0.0376,  0.0434],
         [ 0.0997,  0.0290, -0.0349, -0.0358,  0.0409],
         [ 0.1002,  0.0287, -0.0345, -0.0339,  0.0404],
         [ 0.0989,  0.0290, -0.0347, -0.0365,  0.0431],
         [ 0.0965,  0.0283, -0.0350, -0.0345,  0.0455],
         [ 0.0956,  0.0257, -0.0368, -0.0378,  0.0421],
         [ 0.0986,  0.0295, -0.0345, -0.0360,  0.0424],
         [ 0.0979,  0.0273, -0.0360, -0.0377,  0.0416],
         [ 0.0943,  0.0257, -0.0370, -0.0364,  0.0426],
         [ 0.0969,  0.0278, -0.0353, -0.0375,  0.0430],
         [ 0.0991,  0.0284, -0.0345, -0.0361,  0.0418],
         [ 0.0964,  0.0277, -0.0352, -0.0359,  0.0423],
         [ 0.0983,  0.0284, -0.0349, -0.0358,  0.0418],
         [ 0.0959,  0.0291, -0.0354, -0.0371,  0.0437],
         [ 0.0985,  0.0282, -0.0351, -0.0369,  0.0424],
         [ 0.0972,  0.0274, -0.0359, -0.0364,  0.0431],
         [ 0.0978,  0.0279, -0.0345, -0.0362,  0.0424],
         [ 0.0986,  0.0275, -0.0356, -0.0372,  0.0424],
         [ 0.0949,  0.0259, -0.0379, -0.0373,  0.0430],
         [ 0.0944,  0.0250, -0.0388, -0.0359,  0.0410],
         [ 0.0998,  0.0293, -0.0345, -0.0371,  0.0422],
         [ 0.0961,  0.0274, -0.0362, -0.0363,  0.0420],
         [ 0.0958,  0.0253, -0.0371, -0.0355,  0.0425],
         [ 0.0971,  0.0258, -0.0368, -0.0361,  0.0425],
         [ 0.0974,  0.0274, -0.0349, -0.0352,  0.0439],
         [ 0.1009,  0.0290, -0.0347, -0.0365,  0.0412],
         [ 0.0996,  0.0282, -0.0347, -0.0357,  0.0414],
         [ 0.0997,  0.0284, -0.0341, -0.0354,  0.0423],
         [ 0.0952,  0.0255, -0.0372, -0.0382,  0.0438],
         [ 0.0977,  0.0270, -0.0360, -0.0348,  0.0418],
         [ 0.0980,  0.0283, -0.0351, -0.0361,  0.0410],
         [ 0.0945,  0.0276, -0.0372, -0.0361,  0.0438],
         [ 0.0986,  0.0271, -0.0359, -0.0393,  0.0433],
         [ 0.0983,  0.0286, -0.0347, -0.0361,  0.0411],
         [ 0.0982,  0.0273, -0.0355, -0.0342,  0.0413],
         [ 0.0971,  0.0289, -0.0345, -0.0361,  0.0435],
         [ 0.0972,  0.0279, -0.0353, -0.0352,  0.0420],
         [ 0.0967,  0.0273, -0.0365, -0.0357,  0.0423],
         [ 0.0978,  0.0282, -0.0357, -0.0371,  0.0416],
         [ 0.0997,  0.0286, -0.0342, -0.0333,  0.0420],
         [ 0.0981,  0.0270, -0.0350, -0.0349,  0.0402],
         [ 0.1002,  0.0281, -0.0347, -0.0359,  0.0414],
         [ 0.0971,  0.0271, -0.0359, -0.0343,  0.0422],
         [ 0.0967,  0.0257, -0.0367, -0.0379,  0.0426],
         [ 0.0997,  0.0273, -0.0342, -0.0359,  0.0430],
         [ 0.0966,  0.0275, -0.0354, -0.0342,  0.0432],
         [ 0.0980,  0.0281, -0.0350, -0.0372,  0.0419],
         [ 0.0958,  0.0241, -0.0382, -0.0369,  0.0413],
         [ 0.0977,  0.0277, -0.0353, -0.0345,  0.0422],
         [ 0.0976,  0.0266, -0.0363, -0.0374,  0.0414],
         [ 0.0974,  0.0259, -0.0359, -0.0362,  0.0421],
         [ 0.0969,  0.0259, -0.0375, -0.0370,  0.0406],
         [ 0.0969,  0.0266, -0.0365, -0.0349,  0.0418],
         [ 0.0976,  0.0273, -0.0355, -0.0376,  0.0427],
         [ 0.0974,  0.0253, -0.0374, -0.0382,  0.0421],
         [ 0.0991,  0.0300, -0.0325, -0.0356,  0.0445],
         [ 0.0966,  0.0269, -0.0362, -0.0345,  0.0407],
         [ 0.0973,  0.0265, -0.0359, -0.0352,  0.0420],
         [ 0.0990,  0.0283, -0.0347, -0.0362,  0.0420],
         [ 0.0976,  0.0268, -0.0365, -0.0381,  0.0422],
         [ 0.0985,  0.0281, -0.0351, -0.0379,  0.0424],
         [ 0.1008,  0.0298, -0.0342, -0.0356,  0.0415],
         [ 0.0955,  0.0256, -0.0375, -0.0361,  0.0421],
         [ 0.0978,  0.0273, -0.0353, -0.0354,  0.0424],
         [ 0.0974,  0.0272, -0.0360, -0.0341,  0.0428],
         [ 0.0964,  0.0267, -0.0366, -0.0367,  0.0422],
         [ 0.0988,  0.0291, -0.0347, -0.0357,  0.0418],
         [ 0.0924,  0.0249, -0.0387, -0.0347,  0.0428],
         [ 0.0974,  0.0272, -0.0360, -0.0344,  0.0405],
         [ 0.0984,  0.0280, -0.0344, -0.0351,  0.0425],
         [ 0.0956,  0.0270, -0.0365, -0.0372,  0.0426],
         [ 0.0962,  0.0262, -0.0364, -0.0369,  0.0430],
         [ 0.0993,  0.0278, -0.0345, -0.0345,  0.0418],
         [ 0.0974,  0.0275, -0.0366, -0.0348,  0.0411],
         [ 0.0939,  0.0250, -0.0385, -0.0365,  0.0418],
         [ 0.0962,  0.0268, -0.0362, -0.0373,  0.0423],
         [ 0.0977,  0.0285, -0.0349, -0.0349,  0.0418],
         [ 0.0987,  0.0269, -0.0361, -0.0345,  0.0410],
         [ 0.0954,  0.0280, -0.0363, -0.0355,  0.0434],
         [ 0.0960,  0.0260, -0.0372, -0.0376,  0.0426],
         [ 0.0991,  0.0274, -0.0358, -0.0375,  0.0420],
         [ 0.0976,  0.0268, -0.0356, -0.0347,  0.0409]]]), tensor([[[ 0.0977,  0.0269, -0.0355, -0.0324,  0.0449],
         [ 0.0967,  0.0277, -0.0362, -0.0355,  0.0417],
         [ 0.0987,  0.0279, -0.0346, -0.0350,  0.0420],
         [ 0.0970,  0.0266, -0.0359, -0.0365,  0.0421],
         [ 0.0961,  0.0268, -0.0370, -0.0359,  0.0411],
         [ 0.0996,  0.0288, -0.0349, -0.0362,  0.0423],
         [ 0.0965,  0.0283, -0.0355, -0.0348,  0.0424],
         [ 0.0979,  0.0286, -0.0347, -0.0359,  0.0437],
         [ 0.0984,  0.0272, -0.0362, -0.0373,  0.0423],
         [ 0.0945,  0.0252, -0.0385, -0.0356,  0.0434],
         [ 0.0967,  0.0279, -0.0350, -0.0349,  0.0454],
         [ 0.0966,  0.0269, -0.0366, -0.0354,  0.0414],
         [ 0.0975,  0.0265, -0.0363, -0.0348,  0.0418],
         [ 0.0975,  0.0262, -0.0357, -0.0346,  0.0441],
         [ 0.0988,  0.0299, -0.0331, -0.0356,  0.0441],
         [ 0.0987,  0.0278, -0.0353, -0.0347,  0.0416],
         [ 0.0968,  0.0267, -0.0370, -0.0353,  0.0415],
         [ 0.0958,  0.0262, -0.0367, -0.0349,  0.0423],
         [ 0.0963,  0.0262, -0.0364, -0.0334,  0.0429],
         [ 0.0955,  0.0256, -0.0367, -0.0361,  0.0418],
         [ 0.0982,  0.0282, -0.0339, -0.0356,  0.0443],
         [ 0.0990,  0.0280, -0.0352, -0.0348,  0.0411],
         [ 0.0991,  0.0282, -0.0352, -0.0357,  0.0408],
         [ 0.0982,  0.0268, -0.0361, -0.0366,  0.0408],
         [ 0.0995,  0.0280, -0.0347, -0.0360,  0.0410],
         [ 0.0969,  0.0271, -0.0353, -0.0347,  0.0422],
         [ 0.0982,  0.0265, -0.0364, -0.0351,  0.0410],
         [ 0.0960,  0.0273, -0.0369, -0.0350,  0.0414],
         [ 0.1001,  0.0293, -0.0343, -0.0355,  0.0411],
         [ 0.0982,  0.0285, -0.0347, -0.0341,  0.0429],
         [ 0.0986,  0.0281, -0.0351, -0.0356,  0.0417],
         [ 0.0974,  0.0282, -0.0356, -0.0348,  0.0413],
         [ 0.0984,  0.0288, -0.0347, -0.0369,  0.0436],
         [ 0.0976,  0.0274, -0.0352, -0.0333,  0.0440],
         [ 0.0964,  0.0257, -0.0362, -0.0347,  0.0421],
         [ 0.0996,  0.0270, -0.0354, -0.0370,  0.0416],
         [ 0.0976,  0.0270, -0.0352, -0.0358,  0.0414],
         [ 0.0998,  0.0271, -0.0347, -0.0362,  0.0423],
         [ 0.0963,  0.0266, -0.0357, -0.0362,  0.0437],
         [ 0.0953,  0.0257, -0.0374, -0.0369,  0.0425],
         [ 0.0975,  0.0270, -0.0361, -0.0380,  0.0431],
         [ 0.0952,  0.0257, -0.0378, -0.0357,  0.0408],
         [ 0.0995,  0.0280, -0.0346, -0.0366,  0.0426],
         [ 0.0984,  0.0256, -0.0364, -0.0365,  0.0413],
         [ 0.0969,  0.0263, -0.0356, -0.0336,  0.0446],
         [ 0.0941,  0.0258, -0.0381, -0.0341,  0.0426],
         [ 0.0976,  0.0267, -0.0364, -0.0377,  0.0425],
         [ 0.0969,  0.0275, -0.0355, -0.0353,  0.0438],
         [ 0.0969,  0.0269, -0.0362, -0.0364,  0.0417],
         [ 0.0983,  0.0287, -0.0346, -0.0365,  0.0416],
         [ 0.0983,  0.0278, -0.0362, -0.0345,  0.0403],
         [ 0.0986,  0.0257, -0.0365, -0.0371,  0.0421],
         [ 0.0965,  0.0269, -0.0366, -0.0375,  0.0417],
         [ 0.0987,  0.0285, -0.0355, -0.0369,  0.0425],
         [ 0.0971,  0.0279, -0.0352, -0.0353,  0.0434],
         [ 0.0940,  0.0248, -0.0380, -0.0353,  0.0417],
         [ 0.0972,  0.0292, -0.0348, -0.0367,  0.0423],
         [ 0.0975,  0.0262, -0.0370, -0.0376,  0.0420],
         [ 0.0985,  0.0274, -0.0349, -0.0360,  0.0415],
         [ 0.0988,  0.0301, -0.0333, -0.0352,  0.0420],
         [ 0.0934,  0.0252, -0.0383, -0.0357,  0.0428],
         [ 0.0973,  0.0280, -0.0354, -0.0324,  0.0444],
         [ 0.0968,  0.0273, -0.0360, -0.0370,  0.0413],
         [ 0.0989,  0.0284, -0.0346, -0.0352,  0.0423],
         [ 0.0974,  0.0256, -0.0358, -0.0354,  0.0420],
         [ 0.0966,  0.0272, -0.0366, -0.0357,  0.0439],
         [ 0.0987,  0.0273, -0.0358, -0.0369,  0.0418],
         [ 0.0981,  0.0280, -0.0345, -0.0344,  0.0437],
         [ 0.0934,  0.0252, -0.0382, -0.0372,  0.0442],
         [ 0.0952,  0.0276, -0.0371, -0.0358,  0.0446],
         [ 0.0953,  0.0268, -0.0367, -0.0376,  0.0434],
         [ 0.0997,  0.0290, -0.0349, -0.0358,  0.0409],
         [ 0.1002,  0.0287, -0.0345, -0.0339,  0.0404],
         [ 0.0989,  0.0290, -0.0347, -0.0365,  0.0431],
         [ 0.0965,  0.0283, -0.0350, -0.0345,  0.0455],
         [ 0.0956,  0.0257, -0.0368, -0.0378,  0.0421],
         [ 0.0986,  0.0295, -0.0345, -0.0360,  0.0424],
         [ 0.0979,  0.0273, -0.0360, -0.0377,  0.0416],
         [ 0.0943,  0.0257, -0.0370, -0.0364,  0.0426],
         [ 0.0969,  0.0278, -0.0353, -0.0375,  0.0430],
         [ 0.0991,  0.0284, -0.0345, -0.0361,  0.0418],
         [ 0.0964,  0.0277, -0.0352, -0.0359,  0.0423],
         [ 0.0983,  0.0284, -0.0349, -0.0358,  0.0418],
         [ 0.0959,  0.0291, -0.0354, -0.0371,  0.0437],
         [ 0.0985,  0.0282, -0.0351, -0.0369,  0.0424],
         [ 0.0972,  0.0274, -0.0359, -0.0364,  0.0431],
         [ 0.0978,  0.0279, -0.0345, -0.0362,  0.0424],
         [ 0.0986,  0.0275, -0.0356, -0.0372,  0.0424],
         [ 0.0949,  0.0259, -0.0379, -0.0373,  0.0430],
         [ 0.0944,  0.0250, -0.0388, -0.0359,  0.0410],
         [ 0.0998,  0.0293, -0.0345, -0.0371,  0.0422],
         [ 0.0961,  0.0274, -0.0362, -0.0363,  0.0420],
         [ 0.0958,  0.0253, -0.0371, -0.0355,  0.0425],
         [ 0.0971,  0.0258, -0.0368, -0.0361,  0.0425],
         [ 0.0974,  0.0274, -0.0349, -0.0352,  0.0439],
         [ 0.1009,  0.0290, -0.0347, -0.0365,  0.0412],
         [ 0.0996,  0.0282, -0.0347, -0.0357,  0.0414],
         [ 0.0997,  0.0284, -0.0341, -0.0354,  0.0423],
         [ 0.0952,  0.0255, -0.0372, -0.0382,  0.0438],
         [ 0.0977,  0.0270, -0.0360, -0.0348,  0.0418],
         [ 0.0980,  0.0283, -0.0351, -0.0361,  0.0410],
         [ 0.0945,  0.0276, -0.0372, -0.0361,  0.0438],
         [ 0.0986,  0.0271, -0.0359, -0.0393,  0.0433],
         [ 0.0983,  0.0286, -0.0347, -0.0361,  0.0411],
         [ 0.0982,  0.0273, -0.0355, -0.0342,  0.0413],
         [ 0.0971,  0.0289, -0.0345, -0.0361,  0.0435],
         [ 0.0972,  0.0279, -0.0353, -0.0352,  0.0420],
         [ 0.0967,  0.0273, -0.0365, -0.0357,  0.0423],
         [ 0.0978,  0.0282, -0.0357, -0.0371,  0.0416],
         [ 0.0997,  0.0286, -0.0342, -0.0333,  0.0420],
         [ 0.0981,  0.0270, -0.0350, -0.0349,  0.0402],
         [ 0.1002,  0.0281, -0.0347, -0.0359,  0.0414],
         [ 0.0971,  0.0271, -0.0359, -0.0343,  0.0422],
         [ 0.0967,  0.0257, -0.0367, -0.0379,  0.0426],
         [ 0.0997,  0.0273, -0.0342, -0.0359,  0.0430],
         [ 0.0966,  0.0275, -0.0354, -0.0342,  0.0432],
         [ 0.0980,  0.0281, -0.0350, -0.0372,  0.0419],
         [ 0.0958,  0.0241, -0.0382, -0.0369,  0.0413],
         [ 0.0977,  0.0277, -0.0353, -0.0345,  0.0422],
         [ 0.0976,  0.0266, -0.0363, -0.0374,  0.0414],
         [ 0.0974,  0.0259, -0.0359, -0.0362,  0.0421],
         [ 0.0969,  0.0259, -0.0375, -0.0370,  0.0406],
         [ 0.0969,  0.0266, -0.0365, -0.0349,  0.0418],
         [ 0.0976,  0.0273, -0.0355, -0.0376,  0.0427],
         [ 0.0974,  0.0253, -0.0374, -0.0382,  0.0421],
         [ 0.0991,  0.0300, -0.0325, -0.0356,  0.0445],
         [ 0.0966,  0.0269, -0.0362, -0.0345,  0.0407],
         [ 0.0973,  0.0265, -0.0359, -0.0352,  0.0420],
         [ 0.0990,  0.0283, -0.0347, -0.0362,  0.0420],
         [ 0.0976,  0.0268, -0.0365, -0.0381,  0.0422],
         [ 0.0985,  0.0281, -0.0351, -0.0379,  0.0424],
         [ 0.1008,  0.0298, -0.0342, -0.0356,  0.0415],
         [ 0.0955,  0.0256, -0.0375, -0.0361,  0.0421],
         [ 0.0978,  0.0273, -0.0353, -0.0354,  0.0424],
         [ 0.0974,  0.0272, -0.0360, -0.0341,  0.0428],
         [ 0.0964,  0.0267, -0.0366, -0.0367,  0.0422],
         [ 0.0988,  0.0291, -0.0347, -0.0357,  0.0418],
         [ 0.0924,  0.0249, -0.0387, -0.0347,  0.0428],
         [ 0.0974,  0.0272, -0.0360, -0.0344,  0.0405],
         [ 0.0984,  0.0280, -0.0344, -0.0351,  0.0425],
         [ 0.0956,  0.0270, -0.0365, -0.0372,  0.0426],
         [ 0.0962,  0.0262, -0.0364, -0.0369,  0.0430],
         [ 0.0993,  0.0278, -0.0345, -0.0345,  0.0418],
         [ 0.0974,  0.0275, -0.0366, -0.0348,  0.0411],
         [ 0.0939,  0.0250, -0.0385, -0.0365,  0.0418],
         [ 0.0962,  0.0268, -0.0362, -0.0373,  0.0423],
         [ 0.0977,  0.0285, -0.0349, -0.0349,  0.0418],
         [ 0.0987,  0.0269, -0.0361, -0.0345,  0.0410],
         [ 0.0954,  0.0280, -0.0363, -0.0355,  0.0434],
         [ 0.0960,  0.0260, -0.0372, -0.0376,  0.0426],
         [ 0.0991,  0.0274, -0.0358, -0.0375,  0.0420],
         [ 0.0976,  0.0268, -0.0356, -0.0347,  0.0409]]]), tensor([[[ 0.0977,  0.0269, -0.0355, -0.0324,  0.0449],
         [ 0.0967,  0.0277, -0.0362, -0.0355,  0.0417],
         [ 0.0987,  0.0279, -0.0346, -0.0350,  0.0420],
         [ 0.0970,  0.0266, -0.0359, -0.0365,  0.0421],
         [ 0.0961,  0.0268, -0.0370, -0.0359,  0.0411],
         [ 0.0996,  0.0288, -0.0349, -0.0362,  0.0423],
         [ 0.0965,  0.0283, -0.0355, -0.0348,  0.0424],
         [ 0.0979,  0.0286, -0.0347, -0.0359,  0.0437],
         [ 0.0984,  0.0272, -0.0362, -0.0373,  0.0423],
         [ 0.0945,  0.0252, -0.0385, -0.0356,  0.0434],
         [ 0.0967,  0.0279, -0.0350, -0.0349,  0.0454],
         [ 0.0966,  0.0269, -0.0366, -0.0354,  0.0414],
         [ 0.0975,  0.0265, -0.0363, -0.0348,  0.0418],
         [ 0.0975,  0.0262, -0.0357, -0.0346,  0.0441],
         [ 0.0988,  0.0299, -0.0331, -0.0356,  0.0441],
         [ 0.0987,  0.0278, -0.0353, -0.0347,  0.0416],
         [ 0.0968,  0.0267, -0.0370, -0.0353,  0.0415],
         [ 0.0958,  0.0262, -0.0367, -0.0349,  0.0423],
         [ 0.0963,  0.0262, -0.0364, -0.0334,  0.0429],
         [ 0.0955,  0.0256, -0.0367, -0.0361,  0.0418],
         [ 0.0982,  0.0282, -0.0339, -0.0356,  0.0443],
         [ 0.0990,  0.0280, -0.0352, -0.0348,  0.0411],
         [ 0.0991,  0.0282, -0.0352, -0.0357,  0.0408],
         [ 0.0982,  0.0268, -0.0361, -0.0366,  0.0408],
         [ 0.0995,  0.0280, -0.0347, -0.0360,  0.0410],
         [ 0.0969,  0.0271, -0.0353, -0.0347,  0.0422],
         [ 0.0982,  0.0265, -0.0364, -0.0351,  0.0410],
         [ 0.0960,  0.0273, -0.0369, -0.0350,  0.0414],
         [ 0.1001,  0.0293, -0.0343, -0.0355,  0.0411],
         [ 0.0982,  0.0285, -0.0347, -0.0341,  0.0429],
         [ 0.0986,  0.0281, -0.0351, -0.0356,  0.0417],
         [ 0.0974,  0.0282, -0.0356, -0.0348,  0.0413],
         [ 0.0984,  0.0288, -0.0347, -0.0369,  0.0436],
         [ 0.0976,  0.0274, -0.0352, -0.0333,  0.0440],
         [ 0.0964,  0.0257, -0.0362, -0.0347,  0.0421],
         [ 0.0996,  0.0270, -0.0354, -0.0370,  0.0416],
         [ 0.0976,  0.0270, -0.0352, -0.0358,  0.0414],
         [ 0.0998,  0.0271, -0.0347, -0.0362,  0.0423],
         [ 0.0963,  0.0266, -0.0357, -0.0362,  0.0437],
         [ 0.0953,  0.0257, -0.0374, -0.0369,  0.0425],
         [ 0.0975,  0.0270, -0.0361, -0.0380,  0.0431],
         [ 0.0952,  0.0257, -0.0378, -0.0357,  0.0408],
         [ 0.0995,  0.0280, -0.0346, -0.0366,  0.0426],
         [ 0.0984,  0.0256, -0.0364, -0.0365,  0.0413],
         [ 0.0969,  0.0263, -0.0356, -0.0336,  0.0446],
         [ 0.0941,  0.0258, -0.0381, -0.0341,  0.0426],
         [ 0.0976,  0.0267, -0.0364, -0.0377,  0.0425],
         [ 0.0969,  0.0275, -0.0355, -0.0353,  0.0438],
         [ 0.0969,  0.0269, -0.0362, -0.0364,  0.0417],
         [ 0.0983,  0.0287, -0.0346, -0.0365,  0.0416],
         [ 0.0983,  0.0278, -0.0362, -0.0345,  0.0403],
         [ 0.0986,  0.0257, -0.0365, -0.0371,  0.0421],
         [ 0.0965,  0.0269, -0.0366, -0.0375,  0.0417],
         [ 0.0987,  0.0285, -0.0355, -0.0369,  0.0425],
         [ 0.0971,  0.0279, -0.0352, -0.0353,  0.0434],
         [ 0.0940,  0.0248, -0.0380, -0.0353,  0.0417],
         [ 0.0972,  0.0292, -0.0348, -0.0367,  0.0423],
         [ 0.0975,  0.0262, -0.0370, -0.0376,  0.0420],
         [ 0.0985,  0.0274, -0.0349, -0.0360,  0.0415],
         [ 0.0988,  0.0301, -0.0333, -0.0352,  0.0420],
         [ 0.0934,  0.0252, -0.0383, -0.0357,  0.0428],
         [ 0.0973,  0.0280, -0.0354, -0.0324,  0.0444],
         [ 0.0968,  0.0273, -0.0360, -0.0370,  0.0413],
         [ 0.0989,  0.0284, -0.0346, -0.0352,  0.0423],
         [ 0.0974,  0.0256, -0.0358, -0.0354,  0.0420],
         [ 0.0966,  0.0272, -0.0366, -0.0357,  0.0439],
         [ 0.0987,  0.0273, -0.0358, -0.0369,  0.0418],
         [ 0.0981,  0.0280, -0.0345, -0.0344,  0.0437],
         [ 0.0934,  0.0252, -0.0382, -0.0372,  0.0442],
         [ 0.0952,  0.0276, -0.0371, -0.0358,  0.0446],
         [ 0.0953,  0.0268, -0.0367, -0.0376,  0.0434],
         [ 0.0997,  0.0290, -0.0349, -0.0358,  0.0409],
         [ 0.1002,  0.0287, -0.0345, -0.0339,  0.0404],
         [ 0.0989,  0.0290, -0.0347, -0.0365,  0.0431],
         [ 0.0965,  0.0283, -0.0350, -0.0345,  0.0455],
         [ 0.0956,  0.0257, -0.0368, -0.0378,  0.0421],
         [ 0.0986,  0.0295, -0.0345, -0.0360,  0.0424],
         [ 0.0979,  0.0273, -0.0360, -0.0377,  0.0416],
         [ 0.0943,  0.0257, -0.0370, -0.0364,  0.0426],
         [ 0.0969,  0.0278, -0.0353, -0.0375,  0.0430],
         [ 0.0991,  0.0284, -0.0345, -0.0361,  0.0418],
         [ 0.0964,  0.0277, -0.0352, -0.0359,  0.0423],
         [ 0.0983,  0.0284, -0.0349, -0.0358,  0.0418],
         [ 0.0959,  0.0291, -0.0354, -0.0371,  0.0437],
         [ 0.0985,  0.0282, -0.0351, -0.0369,  0.0424],
         [ 0.0972,  0.0274, -0.0359, -0.0364,  0.0431],
         [ 0.0978,  0.0279, -0.0345, -0.0362,  0.0424],
         [ 0.0986,  0.0275, -0.0356, -0.0372,  0.0424],
         [ 0.0949,  0.0259, -0.0379, -0.0373,  0.0430],
         [ 0.0944,  0.0250, -0.0388, -0.0359,  0.0410],
         [ 0.0998,  0.0293, -0.0345, -0.0371,  0.0422],
         [ 0.0961,  0.0274, -0.0362, -0.0363,  0.0420],
         [ 0.0958,  0.0253, -0.0371, -0.0355,  0.0425],
         [ 0.0971,  0.0258, -0.0368, -0.0361,  0.0425],
         [ 0.0974,  0.0274, -0.0349, -0.0352,  0.0439],
         [ 0.1009,  0.0290, -0.0347, -0.0365,  0.0412],
         [ 0.0996,  0.0282, -0.0347, -0.0357,  0.0414],
         [ 0.0997,  0.0284, -0.0341, -0.0354,  0.0423],
         [ 0.0952,  0.0255, -0.0372, -0.0382,  0.0438],
         [ 0.0977,  0.0270, -0.0360, -0.0348,  0.0418],
         [ 0.0980,  0.0283, -0.0351, -0.0361,  0.0410],
         [ 0.0945,  0.0276, -0.0372, -0.0361,  0.0438],
         [ 0.0986,  0.0271, -0.0359, -0.0393,  0.0433],
         [ 0.0983,  0.0286, -0.0347, -0.0361,  0.0411],
         [ 0.0982,  0.0273, -0.0355, -0.0342,  0.0413],
         [ 0.0971,  0.0289, -0.0345, -0.0361,  0.0435],
         [ 0.0972,  0.0279, -0.0353, -0.0352,  0.0420],
         [ 0.0967,  0.0273, -0.0365, -0.0357,  0.0423],
         [ 0.0978,  0.0282, -0.0357, -0.0371,  0.0416],
         [ 0.0997,  0.0286, -0.0342, -0.0333,  0.0420],
         [ 0.0981,  0.0270, -0.0350, -0.0349,  0.0402],
         [ 0.1002,  0.0281, -0.0347, -0.0359,  0.0414],
         [ 0.0971,  0.0271, -0.0359, -0.0343,  0.0422],
         [ 0.0967,  0.0257, -0.0367, -0.0379,  0.0426],
         [ 0.0997,  0.0273, -0.0342, -0.0359,  0.0430],
         [ 0.0966,  0.0275, -0.0354, -0.0342,  0.0432],
         [ 0.0980,  0.0281, -0.0350, -0.0372,  0.0419],
         [ 0.0958,  0.0241, -0.0382, -0.0369,  0.0413],
         [ 0.0977,  0.0277, -0.0353, -0.0345,  0.0422],
         [ 0.0976,  0.0266, -0.0363, -0.0374,  0.0414],
         [ 0.0974,  0.0259, -0.0359, -0.0362,  0.0421],
         [ 0.0969,  0.0259, -0.0375, -0.0370,  0.0406],
         [ 0.0969,  0.0266, -0.0365, -0.0349,  0.0418],
         [ 0.0976,  0.0273, -0.0355, -0.0376,  0.0427],
         [ 0.0974,  0.0253, -0.0374, -0.0382,  0.0421],
         [ 0.0991,  0.0300, -0.0325, -0.0356,  0.0445],
         [ 0.0966,  0.0269, -0.0362, -0.0345,  0.0407],
         [ 0.0973,  0.0265, -0.0359, -0.0352,  0.0420],
         [ 0.0990,  0.0283, -0.0347, -0.0362,  0.0420],
         [ 0.0976,  0.0268, -0.0365, -0.0381,  0.0422],
         [ 0.0985,  0.0281, -0.0351, -0.0379,  0.0424],
         [ 0.1008,  0.0298, -0.0342, -0.0356,  0.0415],
         [ 0.0955,  0.0256, -0.0375, -0.0361,  0.0421],
         [ 0.0978,  0.0273, -0.0353, -0.0354,  0.0424],
         [ 0.0974,  0.0272, -0.0360, -0.0341,  0.0428],
         [ 0.0964,  0.0267, -0.0366, -0.0367,  0.0422],
         [ 0.0988,  0.0291, -0.0347, -0.0357,  0.0418],
         [ 0.0924,  0.0249, -0.0387, -0.0347,  0.0428],
         [ 0.0974,  0.0272, -0.0360, -0.0344,  0.0405],
         [ 0.0984,  0.0280, -0.0344, -0.0351,  0.0425],
         [ 0.0956,  0.0270, -0.0365, -0.0372,  0.0426],
         [ 0.0962,  0.0262, -0.0364, -0.0369,  0.0430],
         [ 0.0993,  0.0278, -0.0345, -0.0345,  0.0418],
         [ 0.0974,  0.0275, -0.0366, -0.0348,  0.0411],
         [ 0.0939,  0.0250, -0.0385, -0.0365,  0.0418],
         [ 0.0962,  0.0268, -0.0362, -0.0373,  0.0423],
         [ 0.0977,  0.0285, -0.0349, -0.0349,  0.0418],
         [ 0.0987,  0.0269, -0.0361, -0.0345,  0.0410],
         [ 0.0954,  0.0280, -0.0363, -0.0355,  0.0434],
         [ 0.0960,  0.0260, -0.0372, -0.0376,  0.0426],
         [ 0.0991,  0.0274, -0.0358, -0.0375,  0.0420],
         [ 0.0976,  0.0268, -0.0356, -0.0347,  0.0409]]])), ())
[2023-10-21 13:53:04,251][root][CRITICAL] - ((tensor([[1, 2, 2, 2, 2, 4, 2, 4, 3, 3, 0, 1, 1, 1, 3, 2, 2, 4, 1, 2, 0, 1, 0, 0,
         3, 3, 1, 0, 1, 0, 4, 1, 2, 4, 1, 0, 4, 0, 3, 3, 0, 0, 3, 1, 1, 3, 1, 0,
         1, 4, 3, 3, 0, 4, 4, 2, 0, 0, 2, 2, 0, 1, 3, 2, 4, 2, 2, 0, 1, 4, 1, 2,
         3, 2, 3, 3, 4, 4, 1, 4, 2, 2, 2, 1, 0, 0, 3, 3, 1, 0, 1, 4, 3, 1, 1, 1,
         0, 1, 0]]), tensor([[[ 0.1007,  0.0294, -0.0331, -0.0363,  0.0428],
         [ 0.0977,  0.0269, -0.0355, -0.0324,  0.0449],
         [ 0.0987,  0.0279, -0.0346, -0.0350,  0.0420],
         [ 0.0967,  0.0277, -0.0362, -0.0355,  0.0417],
         [ 0.0996,  0.0288, -0.0349, -0.0362,  0.0423],
         [ 0.0965,  0.0283, -0.0355, -0.0348,  0.0424],
         [ 0.0961,  0.0268, -0.0370, -0.0359,  0.0411],
         [ 0.0970,  0.0266, -0.0359, -0.0365,  0.0421],
         [ 0.0979,  0.0286, -0.0347, -0.0359,  0.0437],
         [ 0.0975,  0.0262, -0.0357, -0.0346,  0.0441],
         [ 0.0966,  0.0269, -0.0366, -0.0354,  0.0414],
         [ 0.0945,  0.0252, -0.0385, -0.0356,  0.0434],
         [ 0.0984,  0.0272, -0.0362, -0.0373,  0.0423],
         [ 0.0975,  0.0265, -0.0363, -0.0348,  0.0418],
         [ 0.0967,  0.0279, -0.0350, -0.0349,  0.0454],
         [ 0.0988,  0.0299, -0.0331, -0.0356,  0.0441],
         [ 0.0987,  0.0278, -0.0353, -0.0347,  0.0416],
         [ 0.0958,  0.0262, -0.0367, -0.0349,  0.0423],
         [ 0.0960,  0.0273, -0.0369, -0.0350,  0.0414],
         [ 0.0998,  0.0271, -0.0347, -0.0362,  0.0423],
         [ 0.0991,  0.0282, -0.0352, -0.0357,  0.0408],
         [ 0.0996,  0.0270, -0.0354, -0.0370,  0.0416],
         [ 0.0982,  0.0285, -0.0347, -0.0341,  0.0429],
         [ 0.0963,  0.0266, -0.0357, -0.0362,  0.0437],
         [ 0.0963,  0.0262, -0.0364, -0.0334,  0.0429],
         [ 0.0955,  0.0256, -0.0367, -0.0361,  0.0418],
         [ 0.0969,  0.0275, -0.0355, -0.0353,  0.0438],
         [ 0.0982,  0.0282, -0.0339, -0.0356,  0.0443],
         [ 0.0983,  0.0287, -0.0346, -0.0365,  0.0416],
         [ 0.0968,  0.0267, -0.0370, -0.0353,  0.0415],
         [ 0.0969,  0.0271, -0.0353, -0.0347,  0.0422],
         [ 0.0990,  0.0280, -0.0352, -0.0348,  0.0411],
         [ 0.0982,  0.0268, -0.0361, -0.0366,  0.0408],
         [ 0.0965,  0.0269, -0.0366, -0.0375,  0.0417],
         [ 0.0986,  0.0281, -0.0351, -0.0356,  0.0417],
         [ 0.0987,  0.0285, -0.0355, -0.0369,  0.0425],
         [ 0.1001,  0.0293, -0.0343, -0.0355,  0.0411],
         [ 0.0974,  0.0282, -0.0356, -0.0348,  0.0413],
         [ 0.0984,  0.0288, -0.0347, -0.0369,  0.0436],
         [ 0.0953,  0.0257, -0.0374, -0.0369,  0.0425],
         [ 0.0964,  0.0257, -0.0362, -0.0347,  0.0421],
         [ 0.0941,  0.0258, -0.0381, -0.0341,  0.0426],
         [ 0.0964,  0.0277, -0.0352, -0.0359,  0.0423],
         [ 0.0972,  0.0274, -0.0359, -0.0364,  0.0431],
         [ 0.0991,  0.0284, -0.0345, -0.0361,  0.0418],
         [ 0.0972,  0.0292, -0.0348, -0.0367,  0.0423],
         [ 0.0984,  0.0256, -0.0364, -0.0365,  0.0413],
         [ 0.0995,  0.0280, -0.0346, -0.0366,  0.0426],
         [ 0.0976,  0.0270, -0.0352, -0.0358,  0.0414],
         [ 0.0995,  0.0280, -0.0347, -0.0360,  0.0410],
         [ 0.0975,  0.0270, -0.0361, -0.0380,  0.0431],
         [ 0.0985,  0.0282, -0.0351, -0.0369,  0.0424],
         [ 0.0969,  0.0263, -0.0356, -0.0336,  0.0446],
         [ 0.0989,  0.0290, -0.0347, -0.0365,  0.0431],
         [ 0.0976,  0.0267, -0.0364, -0.0377,  0.0425],
         [ 0.0961,  0.0274, -0.0362, -0.0363,  0.0420],
         [ 0.0952,  0.0257, -0.0378, -0.0357,  0.0408],
         [ 0.0971,  0.0258, -0.0368, -0.0361,  0.0425],
         [ 0.0982,  0.0265, -0.0364, -0.0351,  0.0410],
         [ 0.0976,  0.0274, -0.0352, -0.0333,  0.0440],
         [ 0.0969,  0.0269, -0.0362, -0.0364,  0.0417],
         [ 0.0983,  0.0278, -0.0362, -0.0345,  0.0403],
         [ 0.1009,  0.0290, -0.0347, -0.0365,  0.0412],
         [ 0.0981,  0.0280, -0.0345, -0.0344,  0.0437],
         [ 0.0997,  0.0290, -0.0349, -0.0358,  0.0409],
         [ 0.0953,  0.0268, -0.0367, -0.0376,  0.0434],
         [ 0.0944,  0.0250, -0.0388, -0.0359,  0.0410],
         [ 0.0969,  0.0278, -0.0353, -0.0375,  0.0430],
         [ 0.0943,  0.0257, -0.0370, -0.0364,  0.0426],
         [ 0.0934,  0.0252, -0.0383, -0.0357,  0.0428],
         [ 0.0983,  0.0284, -0.0349, -0.0358,  0.0418],
         [ 0.0949,  0.0259, -0.0379, -0.0373,  0.0430],
         [ 0.0986,  0.0257, -0.0365, -0.0371,  0.0421],
         [ 0.0934,  0.0252, -0.0382, -0.0372,  0.0442],
         [ 0.0973,  0.0280, -0.0354, -0.0324,  0.0444],
         [ 0.0989,  0.0284, -0.0346, -0.0352,  0.0423],
         [ 0.0977,  0.0270, -0.0360, -0.0348,  0.0418],
         [ 0.0988,  0.0301, -0.0333, -0.0352,  0.0420],
         [ 0.0974,  0.0275, -0.0366, -0.0348,  0.0411],
         [ 0.0974,  0.0256, -0.0358, -0.0354,  0.0420],
         [ 0.0977,  0.0285, -0.0349, -0.0349,  0.0418],
         [ 0.0975,  0.0262, -0.0370, -0.0376,  0.0420],
         [ 0.0940,  0.0248, -0.0380, -0.0353,  0.0417],
         [ 0.0979,  0.0273, -0.0360, -0.0377,  0.0416],
         [ 0.0983,  0.0286, -0.0347, -0.0361,  0.0411],
         [ 0.0952,  0.0276, -0.0371, -0.0358,  0.0446],
         [ 0.0965,  0.0283, -0.0350, -0.0345,  0.0455],
         [ 0.0968,  0.0273, -0.0360, -0.0370,  0.0413],
         [ 0.0971,  0.0271, -0.0359, -0.0343,  0.0422],
         [ 0.0966,  0.0269, -0.0362, -0.0345,  0.0407],
         [ 0.0974,  0.0272, -0.0360, -0.0341,  0.0428],
         [ 0.0984,  0.0280, -0.0344, -0.0351,  0.0425],
         [ 0.0945,  0.0276, -0.0372, -0.0361,  0.0438],
         [ 0.0991,  0.0274, -0.0358, -0.0375,  0.0420],
         [ 0.0962,  0.0268, -0.0362, -0.0373,  0.0423],
         [ 0.0978,  0.0279, -0.0345, -0.0362,  0.0424],
         [ 0.0974,  0.0274, -0.0349, -0.0352,  0.0439],
         [ 0.1002,  0.0287, -0.0345, -0.0339,  0.0404],
         [ 0.0985,  0.0274, -0.0349, -0.0360,  0.0415]]]), tensor([[-7.2602e-04, -3.8508e-03, -2.2587e-03, -3.1172e-03, -5.8430e-04,
         -2.3777e-03, -2.4611e-03, -3.0486e-03, -1.3342e-03, -7.5095e-04,
         -2.9125e-03, -2.1764e-03, -4.1759e-04, -2.5019e-03, -1.6150e-03,
         -1.8131e-03, -1.7245e-03, -1.7001e-03, -3.6542e-03,  6.7554e-04,
         -1.9971e-03, -1.8973e-03, -2.6652e-03, -8.5949e-04, -1.4820e-03,
         -7.2340e-04, -1.7921e-03, -7.7732e-04, -1.7174e-03, -1.9695e-03,
         -3.6822e-03, -1.5370e-03, -1.0512e-03, -3.1955e-03, -2.8700e-03,
         -1.5426e-03, -1.5613e-03, -2.0820e-03,  6.4489e-05, -1.4105e-03,
         -2.9944e-03, -2.2683e-03, -1.8334e-03,  7.5307e-05, -1.1973e-03,
         -1.7262e-03, -1.9510e-03, -7.3860e-04, -1.4946e-03, -2.8775e-03,
         -1.0234e-03, -3.2618e-04, -7.0558e-04, -1.3330e-03, -3.5583e-04,
         -1.4972e-03, -2.2984e-03, -1.0594e-03, -1.3769e-03, -8.5579e-04,
         -1.8055e-03, -2.8653e-03, -1.1325e-03, -9.5048e-04, -2.0870e-03,
         -7.7674e-04, -1.9306e-03, -1.8651e-03, -3.1318e-04, -5.9709e-04,
         -1.9649e-03, -1.1033e-03, -1.5876e-03,  8.4323e-04, -2.7141e-03,
         -1.4751e-03, -3.4614e-03, -3.1440e-03, -2.6115e-03, -1.9428e-03,
         -2.5528e-03, -5.2579e-05, -2.1810e-03, -1.8298e-03, -2.8622e-03,
         -4.0951e-04, -1.5948e-03, -1.3933e-03, -1.9369e-03, -3.1630e-03,
         -1.1626e-03, -6.9528e-04, -2.5189e-03, -8.6262e-04, -3.6560e-04,
         -1.0576e-03, -8.6232e-04, -1.9005e-03, -2.5124e-03]]), tensor([[[ 0.1007,  0.0294, -0.0331, -0.0363,  0.0428],
         [ 0.0977,  0.0269, -0.0355, -0.0324,  0.0449],
         [ 0.0987,  0.0279, -0.0346, -0.0350,  0.0420],
         [ 0.0967,  0.0277, -0.0362, -0.0355,  0.0417],
         [ 0.0996,  0.0288, -0.0349, -0.0362,  0.0423],
         [ 0.0965,  0.0283, -0.0355, -0.0348,  0.0424],
         [ 0.0961,  0.0268, -0.0370, -0.0359,  0.0411],
         [ 0.0970,  0.0266, -0.0359, -0.0365,  0.0421],
         [ 0.0979,  0.0286, -0.0347, -0.0359,  0.0437],
         [ 0.0975,  0.0262, -0.0357, -0.0346,  0.0441],
         [ 0.0966,  0.0269, -0.0366, -0.0354,  0.0414],
         [ 0.0945,  0.0252, -0.0385, -0.0356,  0.0434],
         [ 0.0984,  0.0272, -0.0362, -0.0373,  0.0423],
         [ 0.0975,  0.0265, -0.0363, -0.0348,  0.0418],
         [ 0.0967,  0.0279, -0.0350, -0.0349,  0.0454],
         [ 0.0988,  0.0299, -0.0331, -0.0356,  0.0441],
         [ 0.0987,  0.0278, -0.0353, -0.0347,  0.0416],
         [ 0.0958,  0.0262, -0.0367, -0.0349,  0.0423],
         [ 0.0960,  0.0273, -0.0369, -0.0350,  0.0414],
         [ 0.0998,  0.0271, -0.0347, -0.0362,  0.0423],
         [ 0.0991,  0.0282, -0.0352, -0.0357,  0.0408],
         [ 0.0996,  0.0270, -0.0354, -0.0370,  0.0416],
         [ 0.0982,  0.0285, -0.0347, -0.0341,  0.0429],
         [ 0.0963,  0.0266, -0.0357, -0.0362,  0.0437],
         [ 0.0963,  0.0262, -0.0364, -0.0334,  0.0429],
         [ 0.0955,  0.0256, -0.0367, -0.0361,  0.0418],
         [ 0.0969,  0.0275, -0.0355, -0.0353,  0.0438],
         [ 0.0982,  0.0282, -0.0339, -0.0356,  0.0443],
         [ 0.0983,  0.0287, -0.0346, -0.0365,  0.0416],
         [ 0.0968,  0.0267, -0.0370, -0.0353,  0.0415],
         [ 0.0969,  0.0271, -0.0353, -0.0347,  0.0422],
         [ 0.0990,  0.0280, -0.0352, -0.0348,  0.0411],
         [ 0.0982,  0.0268, -0.0361, -0.0366,  0.0408],
         [ 0.0965,  0.0269, -0.0366, -0.0375,  0.0417],
         [ 0.0986,  0.0281, -0.0351, -0.0356,  0.0417],
         [ 0.0987,  0.0285, -0.0355, -0.0369,  0.0425],
         [ 0.1001,  0.0293, -0.0343, -0.0355,  0.0411],
         [ 0.0974,  0.0282, -0.0356, -0.0348,  0.0413],
         [ 0.0984,  0.0288, -0.0347, -0.0369,  0.0436],
         [ 0.0953,  0.0257, -0.0374, -0.0369,  0.0425],
         [ 0.0964,  0.0257, -0.0362, -0.0347,  0.0421],
         [ 0.0941,  0.0258, -0.0381, -0.0341,  0.0426],
         [ 0.0964,  0.0277, -0.0352, -0.0359,  0.0423],
         [ 0.0972,  0.0274, -0.0359, -0.0364,  0.0431],
         [ 0.0991,  0.0284, -0.0345, -0.0361,  0.0418],
         [ 0.0972,  0.0292, -0.0348, -0.0367,  0.0423],
         [ 0.0984,  0.0256, -0.0364, -0.0365,  0.0413],
         [ 0.0995,  0.0280, -0.0346, -0.0366,  0.0426],
         [ 0.0976,  0.0270, -0.0352, -0.0358,  0.0414],
         [ 0.0995,  0.0280, -0.0347, -0.0360,  0.0410],
         [ 0.0975,  0.0270, -0.0361, -0.0380,  0.0431],
         [ 0.0985,  0.0282, -0.0351, -0.0369,  0.0424],
         [ 0.0969,  0.0263, -0.0356, -0.0336,  0.0446],
         [ 0.0989,  0.0290, -0.0347, -0.0365,  0.0431],
         [ 0.0976,  0.0267, -0.0364, -0.0377,  0.0425],
         [ 0.0961,  0.0274, -0.0362, -0.0363,  0.0420],
         [ 0.0952,  0.0257, -0.0378, -0.0357,  0.0408],
         [ 0.0971,  0.0258, -0.0368, -0.0361,  0.0425],
         [ 0.0982,  0.0265, -0.0364, -0.0351,  0.0410],
         [ 0.0976,  0.0274, -0.0352, -0.0333,  0.0440],
         [ 0.0969,  0.0269, -0.0362, -0.0364,  0.0417],
         [ 0.0983,  0.0278, -0.0362, -0.0345,  0.0403],
         [ 0.1009,  0.0290, -0.0347, -0.0365,  0.0412],
         [ 0.0981,  0.0280, -0.0345, -0.0344,  0.0437],
         [ 0.0997,  0.0290, -0.0349, -0.0358,  0.0409],
         [ 0.0953,  0.0268, -0.0367, -0.0376,  0.0434],
         [ 0.0944,  0.0250, -0.0388, -0.0359,  0.0410],
         [ 0.0969,  0.0278, -0.0353, -0.0375,  0.0430],
         [ 0.0943,  0.0257, -0.0370, -0.0364,  0.0426],
         [ 0.0934,  0.0252, -0.0383, -0.0357,  0.0428],
         [ 0.0983,  0.0284, -0.0349, -0.0358,  0.0418],
         [ 0.0949,  0.0259, -0.0379, -0.0373,  0.0430],
         [ 0.0986,  0.0257, -0.0365, -0.0371,  0.0421],
         [ 0.0934,  0.0252, -0.0382, -0.0372,  0.0442],
         [ 0.0973,  0.0280, -0.0354, -0.0324,  0.0444],
         [ 0.0989,  0.0284, -0.0346, -0.0352,  0.0423],
         [ 0.0977,  0.0270, -0.0360, -0.0348,  0.0418],
         [ 0.0988,  0.0301, -0.0333, -0.0352,  0.0420],
         [ 0.0974,  0.0275, -0.0366, -0.0348,  0.0411],
         [ 0.0974,  0.0256, -0.0358, -0.0354,  0.0420],
         [ 0.0977,  0.0285, -0.0349, -0.0349,  0.0418],
         [ 0.0975,  0.0262, -0.0370, -0.0376,  0.0420],
         [ 0.0940,  0.0248, -0.0380, -0.0353,  0.0417],
         [ 0.0979,  0.0273, -0.0360, -0.0377,  0.0416],
         [ 0.0983,  0.0286, -0.0347, -0.0361,  0.0411],
         [ 0.0952,  0.0276, -0.0371, -0.0358,  0.0446],
         [ 0.0965,  0.0283, -0.0350, -0.0345,  0.0455],
         [ 0.0968,  0.0273, -0.0360, -0.0370,  0.0413],
         [ 0.0971,  0.0271, -0.0359, -0.0343,  0.0422],
         [ 0.0966,  0.0269, -0.0362, -0.0345,  0.0407],
         [ 0.0974,  0.0272, -0.0360, -0.0341,  0.0428],
         [ 0.0984,  0.0280, -0.0344, -0.0351,  0.0425],
         [ 0.0945,  0.0276, -0.0372, -0.0361,  0.0438],
         [ 0.0991,  0.0274, -0.0358, -0.0375,  0.0420],
         [ 0.0962,  0.0268, -0.0362, -0.0373,  0.0423],
         [ 0.0978,  0.0279, -0.0345, -0.0362,  0.0424],
         [ 0.0974,  0.0274, -0.0349, -0.0352,  0.0439],
         [ 0.1002,  0.0287, -0.0345, -0.0339,  0.0404],
         [ 0.0985,  0.0274, -0.0349, -0.0360,  0.0415]]]), tensor([[[ 0.1007,  0.0294, -0.0331, -0.0363,  0.0428],
         [ 0.0977,  0.0269, -0.0355, -0.0324,  0.0449],
         [ 0.0987,  0.0279, -0.0346, -0.0350,  0.0420],
         [ 0.0967,  0.0277, -0.0362, -0.0355,  0.0417],
         [ 0.0996,  0.0288, -0.0349, -0.0362,  0.0423],
         [ 0.0965,  0.0283, -0.0355, -0.0348,  0.0424],
         [ 0.0961,  0.0268, -0.0370, -0.0359,  0.0411],
         [ 0.0970,  0.0266, -0.0359, -0.0365,  0.0421],
         [ 0.0979,  0.0286, -0.0347, -0.0359,  0.0437],
         [ 0.0975,  0.0262, -0.0357, -0.0346,  0.0441],
         [ 0.0966,  0.0269, -0.0366, -0.0354,  0.0414],
         [ 0.0945,  0.0252, -0.0385, -0.0356,  0.0434],
         [ 0.0984,  0.0272, -0.0362, -0.0373,  0.0423],
         [ 0.0975,  0.0265, -0.0363, -0.0348,  0.0418],
         [ 0.0967,  0.0279, -0.0350, -0.0349,  0.0454],
         [ 0.0988,  0.0299, -0.0331, -0.0356,  0.0441],
         [ 0.0987,  0.0278, -0.0353, -0.0347,  0.0416],
         [ 0.0958,  0.0262, -0.0367, -0.0349,  0.0423],
         [ 0.0960,  0.0273, -0.0369, -0.0350,  0.0414],
         [ 0.0998,  0.0271, -0.0347, -0.0362,  0.0423],
         [ 0.0991,  0.0282, -0.0352, -0.0357,  0.0408],
         [ 0.0996,  0.0270, -0.0354, -0.0370,  0.0416],
         [ 0.0982,  0.0285, -0.0347, -0.0341,  0.0429],
         [ 0.0963,  0.0266, -0.0357, -0.0362,  0.0437],
         [ 0.0963,  0.0262, -0.0364, -0.0334,  0.0429],
         [ 0.0955,  0.0256, -0.0367, -0.0361,  0.0418],
         [ 0.0969,  0.0275, -0.0355, -0.0353,  0.0438],
         [ 0.0982,  0.0282, -0.0339, -0.0356,  0.0443],
         [ 0.0983,  0.0287, -0.0346, -0.0365,  0.0416],
         [ 0.0968,  0.0267, -0.0370, -0.0353,  0.0415],
         [ 0.0969,  0.0271, -0.0353, -0.0347,  0.0422],
         [ 0.0990,  0.0280, -0.0352, -0.0348,  0.0411],
         [ 0.0982,  0.0268, -0.0361, -0.0366,  0.0408],
         [ 0.0965,  0.0269, -0.0366, -0.0375,  0.0417],
         [ 0.0986,  0.0281, -0.0351, -0.0356,  0.0417],
         [ 0.0987,  0.0285, -0.0355, -0.0369,  0.0425],
         [ 0.1001,  0.0293, -0.0343, -0.0355,  0.0411],
         [ 0.0974,  0.0282, -0.0356, -0.0348,  0.0413],
         [ 0.0984,  0.0288, -0.0347, -0.0369,  0.0436],
         [ 0.0953,  0.0257, -0.0374, -0.0369,  0.0425],
         [ 0.0964,  0.0257, -0.0362, -0.0347,  0.0421],
         [ 0.0941,  0.0258, -0.0381, -0.0341,  0.0426],
         [ 0.0964,  0.0277, -0.0352, -0.0359,  0.0423],
         [ 0.0972,  0.0274, -0.0359, -0.0364,  0.0431],
         [ 0.0991,  0.0284, -0.0345, -0.0361,  0.0418],
         [ 0.0972,  0.0292, -0.0348, -0.0367,  0.0423],
         [ 0.0984,  0.0256, -0.0364, -0.0365,  0.0413],
         [ 0.0995,  0.0280, -0.0346, -0.0366,  0.0426],
         [ 0.0976,  0.0270, -0.0352, -0.0358,  0.0414],
         [ 0.0995,  0.0280, -0.0347, -0.0360,  0.0410],
         [ 0.0975,  0.0270, -0.0361, -0.0380,  0.0431],
         [ 0.0985,  0.0282, -0.0351, -0.0369,  0.0424],
         [ 0.0969,  0.0263, -0.0356, -0.0336,  0.0446],
         [ 0.0989,  0.0290, -0.0347, -0.0365,  0.0431],
         [ 0.0976,  0.0267, -0.0364, -0.0377,  0.0425],
         [ 0.0961,  0.0274, -0.0362, -0.0363,  0.0420],
         [ 0.0952,  0.0257, -0.0378, -0.0357,  0.0408],
         [ 0.0971,  0.0258, -0.0368, -0.0361,  0.0425],
         [ 0.0982,  0.0265, -0.0364, -0.0351,  0.0410],
         [ 0.0976,  0.0274, -0.0352, -0.0333,  0.0440],
         [ 0.0969,  0.0269, -0.0362, -0.0364,  0.0417],
         [ 0.0983,  0.0278, -0.0362, -0.0345,  0.0403],
         [ 0.1009,  0.0290, -0.0347, -0.0365,  0.0412],
         [ 0.0981,  0.0280, -0.0345, -0.0344,  0.0437],
         [ 0.0997,  0.0290, -0.0349, -0.0358,  0.0409],
         [ 0.0953,  0.0268, -0.0367, -0.0376,  0.0434],
         [ 0.0944,  0.0250, -0.0388, -0.0359,  0.0410],
         [ 0.0969,  0.0278, -0.0353, -0.0375,  0.0430],
         [ 0.0943,  0.0257, -0.0370, -0.0364,  0.0426],
         [ 0.0934,  0.0252, -0.0383, -0.0357,  0.0428],
         [ 0.0983,  0.0284, -0.0349, -0.0358,  0.0418],
         [ 0.0949,  0.0259, -0.0379, -0.0373,  0.0430],
         [ 0.0986,  0.0257, -0.0365, -0.0371,  0.0421],
         [ 0.0934,  0.0252, -0.0382, -0.0372,  0.0442],
         [ 0.0973,  0.0280, -0.0354, -0.0324,  0.0444],
         [ 0.0989,  0.0284, -0.0346, -0.0352,  0.0423],
         [ 0.0977,  0.0270, -0.0360, -0.0348,  0.0418],
         [ 0.0988,  0.0301, -0.0333, -0.0352,  0.0420],
         [ 0.0974,  0.0275, -0.0366, -0.0348,  0.0411],
         [ 0.0974,  0.0256, -0.0358, -0.0354,  0.0420],
         [ 0.0977,  0.0285, -0.0349, -0.0349,  0.0418],
         [ 0.0975,  0.0262, -0.0370, -0.0376,  0.0420],
         [ 0.0940,  0.0248, -0.0380, -0.0353,  0.0417],
         [ 0.0979,  0.0273, -0.0360, -0.0377,  0.0416],
         [ 0.0983,  0.0286, -0.0347, -0.0361,  0.0411],
         [ 0.0952,  0.0276, -0.0371, -0.0358,  0.0446],
         [ 0.0965,  0.0283, -0.0350, -0.0345,  0.0455],
         [ 0.0968,  0.0273, -0.0360, -0.0370,  0.0413],
         [ 0.0971,  0.0271, -0.0359, -0.0343,  0.0422],
         [ 0.0966,  0.0269, -0.0362, -0.0345,  0.0407],
         [ 0.0974,  0.0272, -0.0360, -0.0341,  0.0428],
         [ 0.0984,  0.0280, -0.0344, -0.0351,  0.0425],
         [ 0.0945,  0.0276, -0.0372, -0.0361,  0.0438],
         [ 0.0991,  0.0274, -0.0358, -0.0375,  0.0420],
         [ 0.0962,  0.0268, -0.0362, -0.0373,  0.0423],
         [ 0.0978,  0.0279, -0.0345, -0.0362,  0.0424],
         [ 0.0974,  0.0274, -0.0349, -0.0352,  0.0439],
         [ 0.1002,  0.0287, -0.0345, -0.0339,  0.0404],
         [ 0.0985,  0.0274, -0.0349, -0.0360,  0.0415]]]), tensor([[[ 0.1007,  0.0294, -0.0331, -0.0363,  0.0428],
         [ 0.0977,  0.0269, -0.0355, -0.0324,  0.0449],
         [ 0.0987,  0.0279, -0.0346, -0.0350,  0.0420],
         [ 0.0967,  0.0277, -0.0362, -0.0355,  0.0417],
         [ 0.0996,  0.0288, -0.0349, -0.0362,  0.0423],
         [ 0.0965,  0.0283, -0.0355, -0.0348,  0.0424],
         [ 0.0961,  0.0268, -0.0370, -0.0359,  0.0411],
         [ 0.0970,  0.0266, -0.0359, -0.0365,  0.0421],
         [ 0.0979,  0.0286, -0.0347, -0.0359,  0.0437],
         [ 0.0975,  0.0262, -0.0357, -0.0346,  0.0441],
         [ 0.0966,  0.0269, -0.0366, -0.0354,  0.0414],
         [ 0.0945,  0.0252, -0.0385, -0.0356,  0.0434],
         [ 0.0984,  0.0272, -0.0362, -0.0373,  0.0423],
         [ 0.0975,  0.0265, -0.0363, -0.0348,  0.0418],
         [ 0.0967,  0.0279, -0.0350, -0.0349,  0.0454],
         [ 0.0988,  0.0299, -0.0331, -0.0356,  0.0441],
         [ 0.0987,  0.0278, -0.0353, -0.0347,  0.0416],
         [ 0.0958,  0.0262, -0.0367, -0.0349,  0.0423],
         [ 0.0960,  0.0273, -0.0369, -0.0350,  0.0414],
         [ 0.0998,  0.0271, -0.0347, -0.0362,  0.0423],
         [ 0.0991,  0.0282, -0.0352, -0.0357,  0.0408],
         [ 0.0996,  0.0270, -0.0354, -0.0370,  0.0416],
         [ 0.0982,  0.0285, -0.0347, -0.0341,  0.0429],
         [ 0.0963,  0.0266, -0.0357, -0.0362,  0.0437],
         [ 0.0963,  0.0262, -0.0364, -0.0334,  0.0429],
         [ 0.0955,  0.0256, -0.0367, -0.0361,  0.0418],
         [ 0.0969,  0.0275, -0.0355, -0.0353,  0.0438],
         [ 0.0982,  0.0282, -0.0339, -0.0356,  0.0443],
         [ 0.0983,  0.0287, -0.0346, -0.0365,  0.0416],
         [ 0.0968,  0.0267, -0.0370, -0.0353,  0.0415],
         [ 0.0969,  0.0271, -0.0353, -0.0347,  0.0422],
         [ 0.0990,  0.0280, -0.0352, -0.0348,  0.0411],
         [ 0.0982,  0.0268, -0.0361, -0.0366,  0.0408],
         [ 0.0965,  0.0269, -0.0366, -0.0375,  0.0417],
         [ 0.0986,  0.0281, -0.0351, -0.0356,  0.0417],
         [ 0.0987,  0.0285, -0.0355, -0.0369,  0.0425],
         [ 0.1001,  0.0293, -0.0343, -0.0355,  0.0411],
         [ 0.0974,  0.0282, -0.0356, -0.0348,  0.0413],
         [ 0.0984,  0.0288, -0.0347, -0.0369,  0.0436],
         [ 0.0953,  0.0257, -0.0374, -0.0369,  0.0425],
         [ 0.0964,  0.0257, -0.0362, -0.0347,  0.0421],
         [ 0.0941,  0.0258, -0.0381, -0.0341,  0.0426],
         [ 0.0964,  0.0277, -0.0352, -0.0359,  0.0423],
         [ 0.0972,  0.0274, -0.0359, -0.0364,  0.0431],
         [ 0.0991,  0.0284, -0.0345, -0.0361,  0.0418],
         [ 0.0972,  0.0292, -0.0348, -0.0367,  0.0423],
         [ 0.0984,  0.0256, -0.0364, -0.0365,  0.0413],
         [ 0.0995,  0.0280, -0.0346, -0.0366,  0.0426],
         [ 0.0976,  0.0270, -0.0352, -0.0358,  0.0414],
         [ 0.0995,  0.0280, -0.0347, -0.0360,  0.0410],
         [ 0.0975,  0.0270, -0.0361, -0.0380,  0.0431],
         [ 0.0985,  0.0282, -0.0351, -0.0369,  0.0424],
         [ 0.0969,  0.0263, -0.0356, -0.0336,  0.0446],
         [ 0.0989,  0.0290, -0.0347, -0.0365,  0.0431],
         [ 0.0976,  0.0267, -0.0364, -0.0377,  0.0425],
         [ 0.0961,  0.0274, -0.0362, -0.0363,  0.0420],
         [ 0.0952,  0.0257, -0.0378, -0.0357,  0.0408],
         [ 0.0971,  0.0258, -0.0368, -0.0361,  0.0425],
         [ 0.0982,  0.0265, -0.0364, -0.0351,  0.0410],
         [ 0.0976,  0.0274, -0.0352, -0.0333,  0.0440],
         [ 0.0969,  0.0269, -0.0362, -0.0364,  0.0417],
         [ 0.0983,  0.0278, -0.0362, -0.0345,  0.0403],
         [ 0.1009,  0.0290, -0.0347, -0.0365,  0.0412],
         [ 0.0981,  0.0280, -0.0345, -0.0344,  0.0437],
         [ 0.0997,  0.0290, -0.0349, -0.0358,  0.0409],
         [ 0.0953,  0.0268, -0.0367, -0.0376,  0.0434],
         [ 0.0944,  0.0250, -0.0388, -0.0359,  0.0410],
         [ 0.0969,  0.0278, -0.0353, -0.0375,  0.0430],
         [ 0.0943,  0.0257, -0.0370, -0.0364,  0.0426],
         [ 0.0934,  0.0252, -0.0383, -0.0357,  0.0428],
         [ 0.0983,  0.0284, -0.0349, -0.0358,  0.0418],
         [ 0.0949,  0.0259, -0.0379, -0.0373,  0.0430],
         [ 0.0986,  0.0257, -0.0365, -0.0371,  0.0421],
         [ 0.0934,  0.0252, -0.0382, -0.0372,  0.0442],
         [ 0.0973,  0.0280, -0.0354, -0.0324,  0.0444],
         [ 0.0989,  0.0284, -0.0346, -0.0352,  0.0423],
         [ 0.0977,  0.0270, -0.0360, -0.0348,  0.0418],
         [ 0.0988,  0.0301, -0.0333, -0.0352,  0.0420],
         [ 0.0974,  0.0275, -0.0366, -0.0348,  0.0411],
         [ 0.0974,  0.0256, -0.0358, -0.0354,  0.0420],
         [ 0.0977,  0.0285, -0.0349, -0.0349,  0.0418],
         [ 0.0975,  0.0262, -0.0370, -0.0376,  0.0420],
         [ 0.0940,  0.0248, -0.0380, -0.0353,  0.0417],
         [ 0.0979,  0.0273, -0.0360, -0.0377,  0.0416],
         [ 0.0983,  0.0286, -0.0347, -0.0361,  0.0411],
         [ 0.0952,  0.0276, -0.0371, -0.0358,  0.0446],
         [ 0.0965,  0.0283, -0.0350, -0.0345,  0.0455],
         [ 0.0968,  0.0273, -0.0360, -0.0370,  0.0413],
         [ 0.0971,  0.0271, -0.0359, -0.0343,  0.0422],
         [ 0.0966,  0.0269, -0.0362, -0.0345,  0.0407],
         [ 0.0974,  0.0272, -0.0360, -0.0341,  0.0428],
         [ 0.0984,  0.0280, -0.0344, -0.0351,  0.0425],
         [ 0.0945,  0.0276, -0.0372, -0.0361,  0.0438],
         [ 0.0991,  0.0274, -0.0358, -0.0375,  0.0420],
         [ 0.0962,  0.0268, -0.0362, -0.0373,  0.0423],
         [ 0.0978,  0.0279, -0.0345, -0.0362,  0.0424],
         [ 0.0974,  0.0274, -0.0349, -0.0352,  0.0439],
         [ 0.1002,  0.0287, -0.0345, -0.0339,  0.0404],
         [ 0.0985,  0.0274, -0.0349, -0.0360,  0.0415]]])), ())
[2023-10-21 13:53:04,355][root][CRITICAL] - ((tensor([[0, 3, 1, 3, 4, 1, 2, 1, 4, 0, 0, 0, 4, 4, 0, 3, 0, 4, 1, 3, 1, 4, 2, 1,
         0, 1, 1, 2, 1, 2, 4, 1, 2, 0, 2, 0, 4, 0, 4, 2, 1, 4, 3, 0, 0, 3, 4, 4,
         0, 0, 0, 1, 0, 1, 1, 2, 1, 4, 2, 1, 2, 4]]), tensor([[[ 0.0959,  0.0291, -0.0354, -0.0371,  0.0437],
         [ 0.0964,  0.0267, -0.0366, -0.0367,  0.0422],
         [ 0.0987,  0.0269, -0.0361, -0.0345,  0.0410],
         [ 0.0952,  0.0255, -0.0372, -0.0382,  0.0438],
         [ 0.0976,  0.0268, -0.0356, -0.0347,  0.0409],
         [ 0.0980,  0.0283, -0.0351, -0.0361,  0.0410],
         [ 0.0986,  0.0271, -0.0359, -0.0393,  0.0433],
         [ 0.0972,  0.0279, -0.0353, -0.0352,  0.0420],
         [ 0.0982,  0.0273, -0.0355, -0.0342,  0.0413],
         [ 0.0997,  0.0286, -0.0342, -0.0333,  0.0420],
         [ 0.0997,  0.0284, -0.0341, -0.0354,  0.0423],
         [ 0.0967,  0.0273, -0.0365, -0.0357,  0.0423],
         [ 0.0978,  0.0282, -0.0357, -0.0371,  0.0416],
         [ 0.0966,  0.0275, -0.0354, -0.0342,  0.0432],
         [ 0.0985,  0.0281, -0.0351, -0.0379,  0.0424],
         [ 0.0956,  0.0270, -0.0365, -0.0372,  0.0426],
         [ 0.1008,  0.0298, -0.0342, -0.0356,  0.0415],
         [ 0.0971,  0.0279, -0.0352, -0.0353,  0.0434],
         [ 0.0986,  0.0275, -0.0356, -0.0372,  0.0424],
         [ 0.0998,  0.0293, -0.0345, -0.0371,  0.0422],
         [ 0.0962,  0.0262, -0.0364, -0.0369,  0.0430],
         [ 0.0991,  0.0300, -0.0325, -0.0356,  0.0445],
         [ 0.0988,  0.0291, -0.0347, -0.0357,  0.0418],
         [ 0.0939,  0.0250, -0.0385, -0.0365,  0.0418],
         [ 0.0969,  0.0259, -0.0375, -0.0370,  0.0406],
         [ 0.0993,  0.0278, -0.0345, -0.0345,  0.0418],
         [ 0.0980,  0.0281, -0.0350, -0.0372,  0.0419],
         [ 0.0973,  0.0265, -0.0359, -0.0352,  0.0420],
         [ 0.0971,  0.0289, -0.0345, -0.0361,  0.0435],
         [ 0.0955,  0.0256, -0.0375, -0.0361,  0.0421],
         [ 0.0956,  0.0257, -0.0368, -0.0378,  0.0421],
         [ 0.0967,  0.0257, -0.0367, -0.0379,  0.0426],
         [ 0.0981,  0.0270, -0.0350, -0.0349,  0.0402],
         [ 0.0958,  0.0253, -0.0371, -0.0355,  0.0425],
         [ 0.0974,  0.0259, -0.0359, -0.0362,  0.0421],
         [ 0.0976,  0.0268, -0.0365, -0.0381,  0.0422],
         [ 0.0976,  0.0266, -0.0363, -0.0374,  0.0414],
         [ 0.0986,  0.0295, -0.0345, -0.0360,  0.0424],
         [ 0.0987,  0.0273, -0.0358, -0.0369,  0.0418],
         [ 0.1002,  0.0281, -0.0347, -0.0359,  0.0414],
         [ 0.0978,  0.0273, -0.0353, -0.0354,  0.0424],
         [ 0.0997,  0.0273, -0.0342, -0.0359,  0.0430],
         [ 0.0977,  0.0277, -0.0353, -0.0345,  0.0422],
         [ 0.0958,  0.0241, -0.0382, -0.0369,  0.0413],
         [ 0.0990,  0.0283, -0.0347, -0.0362,  0.0420],
         [ 0.0976,  0.0273, -0.0355, -0.0376,  0.0427],
         [ 0.0974,  0.0272, -0.0360, -0.0344,  0.0405],
         [ 0.0954,  0.0280, -0.0363, -0.0355,  0.0434],
         [ 0.0996,  0.0282, -0.0347, -0.0357,  0.0414],
         [ 0.0966,  0.0272, -0.0366, -0.0357,  0.0439],
         [ 0.0924,  0.0249, -0.0387, -0.0347,  0.0428],
         [ 0.0969,  0.0266, -0.0365, -0.0349,  0.0418],
         [ 0.0974,  0.0253, -0.0374, -0.0382,  0.0421],
         [ 0.0960,  0.0260, -0.0372, -0.0376,  0.0426],
         [ 0.0984,  0.0272, -0.0362, -0.0373,  0.0423],
         [ 0.0961,  0.0262, -0.0368, -0.0359,  0.0420],
         [ 0.1007,  0.0294, -0.0331, -0.0363,  0.0428],
         [ 0.0956,  0.0256, -0.0373, -0.0359,  0.0415],
         [ 0.0963,  0.0250, -0.0367, -0.0357,  0.0423],
         [ 0.0996,  0.0275, -0.0350, -0.0368,  0.0415],
         [ 0.0964,  0.0280, -0.0356, -0.0349,  0.0452],
         [ 0.0982,  0.0268, -0.0358, -0.0378,  0.0415]]]), tensor([[-1.7210e-03, -1.7291e-03, -1.6854e-03, -1.3778e-03, -2.5785e-03,
         -2.2485e-03,  2.0409e-03, -1.9453e-03, -2.8457e-03, -1.1330e-03,
         -8.2763e-04, -1.1315e-03, -1.9281e-03, -1.6377e-03, -1.2241e-03,
         -1.2612e-03, -1.8167e-03, -1.7565e-03, -9.8183e-04, -2.9555e-03,
         -8.0554e-04, -1.4745e-03, -1.9230e-03, -4.9388e-04, -9.6455e-04,
         -2.9810e-03, -1.0741e-03, -2.2352e-03, -2.4468e-03, -1.3085e-03,
         -8.4163e-04, -1.3412e-03, -2.2617e-03, -1.6166e-03, -8.0929e-04,
         -1.6844e-03, -2.9136e-03, -1.6642e-03, -1.0703e-03, -1.7731e-03,
         -1.6925e-03, -1.0688e-03, -1.4573e-03, -2.3211e-03, -8.9361e-04,
          6.7680e-04, -1.6963e-03, -2.0500e-03, -9.1385e-04, -9.3191e-04,
          3.3509e-05, -1.8197e-03, -7.8520e-04, -1.8558e-03, -4.1759e-04,
         -1.6879e-03, -7.2602e-04, -5.6705e-04, -2.1772e-03, -2.1255e-03,
         -1.4626e-03, -1.7131e-03]]), tensor([[[ 0.0959,  0.0291, -0.0354, -0.0371,  0.0437],
         [ 0.0964,  0.0267, -0.0366, -0.0367,  0.0422],
         [ 0.0987,  0.0269, -0.0361, -0.0345,  0.0410],
         [ 0.0952,  0.0255, -0.0372, -0.0382,  0.0438],
         [ 0.0976,  0.0268, -0.0356, -0.0347,  0.0409],
         [ 0.0980,  0.0283, -0.0351, -0.0361,  0.0410],
         [ 0.0986,  0.0271, -0.0359, -0.0393,  0.0433],
         [ 0.0972,  0.0279, -0.0353, -0.0352,  0.0420],
         [ 0.0982,  0.0273, -0.0355, -0.0342,  0.0413],
         [ 0.0997,  0.0286, -0.0342, -0.0333,  0.0420],
         [ 0.0997,  0.0284, -0.0341, -0.0354,  0.0423],
         [ 0.0967,  0.0273, -0.0365, -0.0357,  0.0423],
         [ 0.0978,  0.0282, -0.0357, -0.0371,  0.0416],
         [ 0.0966,  0.0275, -0.0354, -0.0342,  0.0432],
         [ 0.0985,  0.0281, -0.0351, -0.0379,  0.0424],
         [ 0.0956,  0.0270, -0.0365, -0.0372,  0.0426],
         [ 0.1008,  0.0298, -0.0342, -0.0356,  0.0415],
         [ 0.0971,  0.0279, -0.0352, -0.0353,  0.0434],
         [ 0.0986,  0.0275, -0.0356, -0.0372,  0.0424],
         [ 0.0998,  0.0293, -0.0345, -0.0371,  0.0422],
         [ 0.0962,  0.0262, -0.0364, -0.0369,  0.0430],
         [ 0.0991,  0.0300, -0.0325, -0.0356,  0.0445],
         [ 0.0988,  0.0291, -0.0347, -0.0357,  0.0418],
         [ 0.0939,  0.0250, -0.0385, -0.0365,  0.0418],
         [ 0.0969,  0.0259, -0.0375, -0.0370,  0.0406],
         [ 0.0993,  0.0278, -0.0345, -0.0345,  0.0418],
         [ 0.0980,  0.0281, -0.0350, -0.0372,  0.0419],
         [ 0.0973,  0.0265, -0.0359, -0.0352,  0.0420],
         [ 0.0971,  0.0289, -0.0345, -0.0361,  0.0435],
         [ 0.0955,  0.0256, -0.0375, -0.0361,  0.0421],
         [ 0.0956,  0.0257, -0.0368, -0.0378,  0.0421],
         [ 0.0967,  0.0257, -0.0367, -0.0379,  0.0426],
         [ 0.0981,  0.0270, -0.0350, -0.0349,  0.0402],
         [ 0.0958,  0.0253, -0.0371, -0.0355,  0.0425],
         [ 0.0974,  0.0259, -0.0359, -0.0362,  0.0421],
         [ 0.0976,  0.0268, -0.0365, -0.0381,  0.0422],
         [ 0.0976,  0.0266, -0.0363, -0.0374,  0.0414],
         [ 0.0986,  0.0295, -0.0345, -0.0360,  0.0424],
         [ 0.0987,  0.0273, -0.0358, -0.0369,  0.0418],
         [ 0.1002,  0.0281, -0.0347, -0.0359,  0.0414],
         [ 0.0978,  0.0273, -0.0353, -0.0354,  0.0424],
         [ 0.0997,  0.0273, -0.0342, -0.0359,  0.0430],
         [ 0.0977,  0.0277, -0.0353, -0.0345,  0.0422],
         [ 0.0958,  0.0241, -0.0382, -0.0369,  0.0413],
         [ 0.0990,  0.0283, -0.0347, -0.0362,  0.0420],
         [ 0.0976,  0.0273, -0.0355, -0.0376,  0.0427],
         [ 0.0974,  0.0272, -0.0360, -0.0344,  0.0405],
         [ 0.0954,  0.0280, -0.0363, -0.0355,  0.0434],
         [ 0.0996,  0.0282, -0.0347, -0.0357,  0.0414],
         [ 0.0966,  0.0272, -0.0366, -0.0357,  0.0439],
         [ 0.0924,  0.0249, -0.0387, -0.0347,  0.0428],
         [ 0.0969,  0.0266, -0.0365, -0.0349,  0.0418],
         [ 0.0974,  0.0253, -0.0374, -0.0382,  0.0421],
         [ 0.0960,  0.0260, -0.0372, -0.0376,  0.0426],
         [ 0.0984,  0.0272, -0.0362, -0.0373,  0.0423],
         [ 0.0961,  0.0262, -0.0368, -0.0359,  0.0420],
         [ 0.1007,  0.0294, -0.0331, -0.0363,  0.0428],
         [ 0.0956,  0.0256, -0.0373, -0.0359,  0.0415],
         [ 0.0963,  0.0250, -0.0367, -0.0357,  0.0423],
         [ 0.0996,  0.0275, -0.0350, -0.0368,  0.0415],
         [ 0.0964,  0.0280, -0.0356, -0.0349,  0.0452],
         [ 0.0982,  0.0268, -0.0358, -0.0378,  0.0415]]]), tensor([[[ 0.0959,  0.0291, -0.0354, -0.0371,  0.0437],
         [ 0.0964,  0.0267, -0.0366, -0.0367,  0.0422],
         [ 0.0987,  0.0269, -0.0361, -0.0345,  0.0410],
         [ 0.0952,  0.0255, -0.0372, -0.0382,  0.0438],
         [ 0.0976,  0.0268, -0.0356, -0.0347,  0.0409],
         [ 0.0980,  0.0283, -0.0351, -0.0361,  0.0410],
         [ 0.0986,  0.0271, -0.0359, -0.0393,  0.0433],
         [ 0.0972,  0.0279, -0.0353, -0.0352,  0.0420],
         [ 0.0982,  0.0273, -0.0355, -0.0342,  0.0413],
         [ 0.0997,  0.0286, -0.0342, -0.0333,  0.0420],
         [ 0.0997,  0.0284, -0.0341, -0.0354,  0.0423],
         [ 0.0967,  0.0273, -0.0365, -0.0357,  0.0423],
         [ 0.0978,  0.0282, -0.0357, -0.0371,  0.0416],
         [ 0.0966,  0.0275, -0.0354, -0.0342,  0.0432],
         [ 0.0985,  0.0281, -0.0351, -0.0379,  0.0424],
         [ 0.0956,  0.0270, -0.0365, -0.0372,  0.0426],
         [ 0.1008,  0.0298, -0.0342, -0.0356,  0.0415],
         [ 0.0971,  0.0279, -0.0352, -0.0353,  0.0434],
         [ 0.0986,  0.0275, -0.0356, -0.0372,  0.0424],
         [ 0.0998,  0.0293, -0.0345, -0.0371,  0.0422],
         [ 0.0962,  0.0262, -0.0364, -0.0369,  0.0430],
         [ 0.0991,  0.0300, -0.0325, -0.0356,  0.0445],
         [ 0.0988,  0.0291, -0.0347, -0.0357,  0.0418],
         [ 0.0939,  0.0250, -0.0385, -0.0365,  0.0418],
         [ 0.0969,  0.0259, -0.0375, -0.0370,  0.0406],
         [ 0.0993,  0.0278, -0.0345, -0.0345,  0.0418],
         [ 0.0980,  0.0281, -0.0350, -0.0372,  0.0419],
         [ 0.0973,  0.0265, -0.0359, -0.0352,  0.0420],
         [ 0.0971,  0.0289, -0.0345, -0.0361,  0.0435],
         [ 0.0955,  0.0256, -0.0375, -0.0361,  0.0421],
         [ 0.0956,  0.0257, -0.0368, -0.0378,  0.0421],
         [ 0.0967,  0.0257, -0.0367, -0.0379,  0.0426],
         [ 0.0981,  0.0270, -0.0350, -0.0349,  0.0402],
         [ 0.0958,  0.0253, -0.0371, -0.0355,  0.0425],
         [ 0.0974,  0.0259, -0.0359, -0.0362,  0.0421],
         [ 0.0976,  0.0268, -0.0365, -0.0381,  0.0422],
         [ 0.0976,  0.0266, -0.0363, -0.0374,  0.0414],
         [ 0.0986,  0.0295, -0.0345, -0.0360,  0.0424],
         [ 0.0987,  0.0273, -0.0358, -0.0369,  0.0418],
         [ 0.1002,  0.0281, -0.0347, -0.0359,  0.0414],
         [ 0.0978,  0.0273, -0.0353, -0.0354,  0.0424],
         [ 0.0997,  0.0273, -0.0342, -0.0359,  0.0430],
         [ 0.0977,  0.0277, -0.0353, -0.0345,  0.0422],
         [ 0.0958,  0.0241, -0.0382, -0.0369,  0.0413],
         [ 0.0990,  0.0283, -0.0347, -0.0362,  0.0420],
         [ 0.0976,  0.0273, -0.0355, -0.0376,  0.0427],
         [ 0.0974,  0.0272, -0.0360, -0.0344,  0.0405],
         [ 0.0954,  0.0280, -0.0363, -0.0355,  0.0434],
         [ 0.0996,  0.0282, -0.0347, -0.0357,  0.0414],
         [ 0.0966,  0.0272, -0.0366, -0.0357,  0.0439],
         [ 0.0924,  0.0249, -0.0387, -0.0347,  0.0428],
         [ 0.0969,  0.0266, -0.0365, -0.0349,  0.0418],
         [ 0.0974,  0.0253, -0.0374, -0.0382,  0.0421],
         [ 0.0960,  0.0260, -0.0372, -0.0376,  0.0426],
         [ 0.0984,  0.0272, -0.0362, -0.0373,  0.0423],
         [ 0.0961,  0.0262, -0.0368, -0.0359,  0.0420],
         [ 0.1007,  0.0294, -0.0331, -0.0363,  0.0428],
         [ 0.0956,  0.0256, -0.0373, -0.0359,  0.0415],
         [ 0.0963,  0.0250, -0.0367, -0.0357,  0.0423],
         [ 0.0996,  0.0275, -0.0350, -0.0368,  0.0415],
         [ 0.0964,  0.0280, -0.0356, -0.0349,  0.0452],
         [ 0.0982,  0.0268, -0.0358, -0.0378,  0.0415]]]), tensor([[[ 0.0959,  0.0291, -0.0354, -0.0371,  0.0437],
         [ 0.0964,  0.0267, -0.0366, -0.0367,  0.0422],
         [ 0.0987,  0.0269, -0.0361, -0.0345,  0.0410],
         [ 0.0952,  0.0255, -0.0372, -0.0382,  0.0438],
         [ 0.0976,  0.0268, -0.0356, -0.0347,  0.0409],
         [ 0.0980,  0.0283, -0.0351, -0.0361,  0.0410],
         [ 0.0986,  0.0271, -0.0359, -0.0393,  0.0433],
         [ 0.0972,  0.0279, -0.0353, -0.0352,  0.0420],
         [ 0.0982,  0.0273, -0.0355, -0.0342,  0.0413],
         [ 0.0997,  0.0286, -0.0342, -0.0333,  0.0420],
         [ 0.0997,  0.0284, -0.0341, -0.0354,  0.0423],
         [ 0.0967,  0.0273, -0.0365, -0.0357,  0.0423],
         [ 0.0978,  0.0282, -0.0357, -0.0371,  0.0416],
         [ 0.0966,  0.0275, -0.0354, -0.0342,  0.0432],
         [ 0.0985,  0.0281, -0.0351, -0.0379,  0.0424],
         [ 0.0956,  0.0270, -0.0365, -0.0372,  0.0426],
         [ 0.1008,  0.0298, -0.0342, -0.0356,  0.0415],
         [ 0.0971,  0.0279, -0.0352, -0.0353,  0.0434],
         [ 0.0986,  0.0275, -0.0356, -0.0372,  0.0424],
         [ 0.0998,  0.0293, -0.0345, -0.0371,  0.0422],
         [ 0.0962,  0.0262, -0.0364, -0.0369,  0.0430],
         [ 0.0991,  0.0300, -0.0325, -0.0356,  0.0445],
         [ 0.0988,  0.0291, -0.0347, -0.0357,  0.0418],
         [ 0.0939,  0.0250, -0.0385, -0.0365,  0.0418],
         [ 0.0969,  0.0259, -0.0375, -0.0370,  0.0406],
         [ 0.0993,  0.0278, -0.0345, -0.0345,  0.0418],
         [ 0.0980,  0.0281, -0.0350, -0.0372,  0.0419],
         [ 0.0973,  0.0265, -0.0359, -0.0352,  0.0420],
         [ 0.0971,  0.0289, -0.0345, -0.0361,  0.0435],
         [ 0.0955,  0.0256, -0.0375, -0.0361,  0.0421],
         [ 0.0956,  0.0257, -0.0368, -0.0378,  0.0421],
         [ 0.0967,  0.0257, -0.0367, -0.0379,  0.0426],
         [ 0.0981,  0.0270, -0.0350, -0.0349,  0.0402],
         [ 0.0958,  0.0253, -0.0371, -0.0355,  0.0425],
         [ 0.0974,  0.0259, -0.0359, -0.0362,  0.0421],
         [ 0.0976,  0.0268, -0.0365, -0.0381,  0.0422],
         [ 0.0976,  0.0266, -0.0363, -0.0374,  0.0414],
         [ 0.0986,  0.0295, -0.0345, -0.0360,  0.0424],
         [ 0.0987,  0.0273, -0.0358, -0.0369,  0.0418],
         [ 0.1002,  0.0281, -0.0347, -0.0359,  0.0414],
         [ 0.0978,  0.0273, -0.0353, -0.0354,  0.0424],
         [ 0.0997,  0.0273, -0.0342, -0.0359,  0.0430],
         [ 0.0977,  0.0277, -0.0353, -0.0345,  0.0422],
         [ 0.0958,  0.0241, -0.0382, -0.0369,  0.0413],
         [ 0.0990,  0.0283, -0.0347, -0.0362,  0.0420],
         [ 0.0976,  0.0273, -0.0355, -0.0376,  0.0427],
         [ 0.0974,  0.0272, -0.0360, -0.0344,  0.0405],
         [ 0.0954,  0.0280, -0.0363, -0.0355,  0.0434],
         [ 0.0996,  0.0282, -0.0347, -0.0357,  0.0414],
         [ 0.0966,  0.0272, -0.0366, -0.0357,  0.0439],
         [ 0.0924,  0.0249, -0.0387, -0.0347,  0.0428],
         [ 0.0969,  0.0266, -0.0365, -0.0349,  0.0418],
         [ 0.0974,  0.0253, -0.0374, -0.0382,  0.0421],
         [ 0.0960,  0.0260, -0.0372, -0.0376,  0.0426],
         [ 0.0984,  0.0272, -0.0362, -0.0373,  0.0423],
         [ 0.0961,  0.0262, -0.0368, -0.0359,  0.0420],
         [ 0.1007,  0.0294, -0.0331, -0.0363,  0.0428],
         [ 0.0956,  0.0256, -0.0373, -0.0359,  0.0415],
         [ 0.0963,  0.0250, -0.0367, -0.0357,  0.0423],
         [ 0.0996,  0.0275, -0.0350, -0.0368,  0.0415],
         [ 0.0964,  0.0280, -0.0356, -0.0349,  0.0452],
         [ 0.0982,  0.0268, -0.0358, -0.0378,  0.0415]]])), ())
[2023-10-21 13:53:04,445][nle.env.base][INFO] - Not saving any NLE data.
[2023-10-21 13:53:04,466][nle.env.base][INFO] - Not saving any NLE data.
[2023-10-21 13:53:04,469][nle.env.base][INFO] - Not saving any NLE data.
[2023-10-21 13:53:04,469][nle.env.base][INFO] - Not saving any NLE data.
[2023-10-21 13:53:04,469][nle.env.base][INFO] - Not saving any NLE data.
[2023-10-21 13:53:04,474][nle.env.base][INFO] - Not saving any NLE data.
[2023-10-21 13:53:04,477][nle.env.base][INFO] - Not saving any NLE data.
[2023-10-21 13:53:04,477][nle.env.base][INFO] - Not saving any NLE data.
[2023-10-21 13:53:04,481][nle.env.base][INFO] - Not saving any NLE data.
[2023-10-21 13:53:04,481][nle.env.base][INFO] - Not saving any NLE data.
[2023-10-21 13:53:04,481][nle.env.base][INFO] - Not saving any NLE data.
[2023-10-21 13:53:04,484][nle.env.base][INFO] - Not saving any NLE data.
[2023-10-21 13:53:04,485][nle.env.base][INFO] - Not saving any NLE data.
[2023-10-21 13:53:04,485][nle.env.base][INFO] - Not saving any NLE data.
[2023-10-21 13:53:04,486][nle.env.base][INFO] - Not saving any NLE data.
[2023-10-21 13:53:04,489][nle.env.base][INFO] - Not saving any NLE data.
[2023-10-21 13:53:04,489][nle.env.base][INFO] - Not saving any NLE data.
[2023-10-21 13:53:04,489][nle.env.base][INFO] - Not saving any NLE data.
[2023-10-21 13:53:04,489][nle.env.base][INFO] - Not saving any NLE data.
[2023-10-21 13:53:04,491][nle.env.base][INFO] - Not saving any NLE data.
[2023-10-21 13:53:04,491][nle.env.base][INFO] - Not saving any NLE data.
[2023-10-21 13:53:04,493][nle.env.base][INFO] - Not saving any NLE data.
[2023-10-21 13:53:04,493][nle.env.base][INFO] - Not saving any NLE data.
[2023-10-21 13:53:04,493][nle.env.base][INFO] - Not saving any NLE data.
[2023-10-21 13:53:04,493][nle.env.base][INFO] - Not saving any NLE data.
[2023-10-21 13:53:04,481][nle.env.base][INFO] - Not saving any NLE data.
[2023-10-21 13:53:04,498][nle.env.base][INFO] - Not saving any NLE data.
[2023-10-21 13:53:04,501][nle.env.base][INFO] - Not saving any NLE data.
[2023-10-21 13:53:04,502][nle.env.base][INFO] - Not saving any NLE data.
[2023-10-21 13:53:04,505][nle.env.base][INFO] - Not saving any NLE data.
[2023-10-21 13:53:04,505][nle.env.base][INFO] - Not saving any NLE data.
[2023-10-21 13:53:04,509][nle.env.base][INFO] - Not saving any NLE data.
[2023-10-21 13:53:04,509][nle.env.base][INFO] - Not saving any NLE data.
[2023-10-21 13:53:04,509][nle.env.base][INFO] - Not saving any NLE data.
[2023-10-21 13:53:04,525][nle.env.base][INFO] - Not saving any NLE data.
[2023-10-21 13:53:04,525][nle.env.base][INFO] - Not saving any NLE data.
[2023-10-21 13:53:04,525][nle.env.base][INFO] - Not saving any NLE data.
[2023-10-21 13:53:04,526][nle.env.base][INFO] - Not saving any NLE data.
[2023-10-21 13:53:04,529][nle.env.base][INFO] - Not saving any NLE data.
[2023-10-21 13:53:04,530][nle.env.base][INFO] - Not saving any NLE data.
[2023-10-21 13:53:04,530][nle.env.base][INFO] - Not saving any NLE data.
[2023-10-21 13:53:04,530][nle.env.base][INFO] - Not saving any NLE data.
[2023-10-21 13:53:04,533][nle.env.base][INFO] - Not saving any NLE data.
[2023-10-21 13:53:04,533][nle.env.base][INFO] - Not saving any NLE data.
[2023-10-21 13:53:04,537][nle.env.base][INFO] - Not saving any NLE data.
[2023-10-21 13:53:04,537][nle.env.base][INFO] - Not saving any NLE data.
[2023-10-21 13:53:04,541][nle.env.base][INFO] - Not saving any NLE data.
[2023-10-21 13:53:04,541][nle.env.base][INFO] - Not saving any NLE data.
[2023-10-21 13:53:04,541][nle.env.base][INFO] - Not saving any NLE data.
[2023-10-21 13:53:04,541][nle.env.base][INFO] - Not saving any NLE data.
[2023-10-21 13:53:04,545][nle.env.base][INFO] - Not saving any NLE data.
[2023-10-21 13:53:04,553][nle.env.base][INFO] - Not saving any NLE data.
[2023-10-21 13:53:04,553][nle.env.base][INFO] - Not saving any NLE data.
[2023-10-21 13:53:04,557][nle.env.base][INFO] - Not saving any NLE data.
[2023-10-21 13:53:04,577][nle.env.base][INFO] - Not saving any NLE data.
[2023-10-21 13:53:04,581][nle.env.base][INFO] - Not saving any NLE data.
[2023-10-21 13:53:04,588][nle.env.base][INFO] - Not saving any NLE data.
