[2023-10-10 17:48:58,869][root][INFO] - name: null
wandb: false
project: skillhack
entity: your_entity_name
group: default
state_dict_path: none
foc_options_path: none
foc_options_config_path: none
teacher_path: none
teacher_config_path: none
ks_max_lambda: 10
ks_max_time: 20000000.0
ks_min_lambda_prop: 0.1
train_with_all_skills: false
penalty_per_step: 0.01
hks_max_uniform_weight: 1000
hks_min_uniform_prop: 0.05
hks_max_uniform_time: 20000000.0
tasks_json: tasks
mock: false
single_ttyrec: true
num_seeds: 0
write_profiler_trace: false
relative_reward: false
fn_penalty_step: constant
penalty_time: 0.0
penalty_step: -0.001
reward_lose: 0
reward_win: 1
character: null
save_tty: false
mode: train
env: HalfCheetahv4
obs_keys: glyphs,chars,colors,specials,blstats,message
num_actors: 256
total_steps: 10000000.0
batch_size: 32
unroll_length: 80
num_learner_threads: 1
num_inference_threads: 1
disable_cuda: false
learner_device: cuda:0
actor_device: cuda:0
max_learner_queue_size: null
model: baseline
use_lstm: false
hidden_dim: 256
embedding_dim: 64
glyph_type: all_cat
equalize_input_dim: false
equalize_factor: 2
layers: 5
crop_model: cnn
crop_dim: 9
use_index_select: true
entropy_cost: 0.001
baseline_cost: 0.5
discounting: 0.999
reward_clipping: none
normalize_reward: true
learning_rate: 0.0002
grad_norm_clipping: 40
alpha: 0.99
momentum: 0
epsilon: 1.0e-06
state_counter: none
no_extrinsic: false
int:
  twoheaded: true
  input: full
  intrinsic_weight: 0.1
  discounting: 0.99
  baseline_cost: 0.5
  episodic: true
  reward_clipping: none
  normalize_reward: true
ride:
  count_norm: true
  forward_cost: 1
  inverse_cost: 0.1
  hidden_dim: 128
rnd:
  forward_cost: 0.01
msg:
  model: none
  hidden_dim: 64
  embedding_dim: 32

[2023-10-10 17:48:58,883][root][INFO] - Symlinked log directory: /workspace/latest
[2023-10-10 17:48:58,884][root][INFO] - Creating archive directory: /workspace/outputs/2023-10-10/17-48-58/archives
[2023-10-10 17:48:58,888][root][INFO] - Logging results to /workspace/outputs/2023-10-10/17-48-58
[2023-10-10 17:48:58,912][palaas/out][INFO] - Found log directory: /workspace/outputs/2023-10-10/17-48-58
[2023-10-10 17:48:58,912][palaas/out][INFO] - Saving arguments to /workspace/outputs/2023-10-10/17-48-58/meta.json
[2023-10-10 17:48:58,912][palaas/out][INFO] - Saving messages to /workspace/outputs/2023-10-10/17-48-58/out.log
[2023-10-10 17:48:58,913][palaas/out][INFO] - Saving logs data to /workspace/outputs/2023-10-10/17-48-58/logs.csv
[2023-10-10 17:48:58,913][palaas/out][INFO] - Saving logs' fields to /workspace/outputs/2023-10-10/17-48-58/fields.csv
[2023-10-10 17:48:58,913][root][INFO] - Not using CUDA.
[2023-10-10 17:48:58,919][root][INFO] - Using model baseline
[2023-10-10 17:48:58,988][root][INFO] - Box(-1.0, 1.0, (6,), float32)
[2023-10-10 17:48:59,021][root][INFO] - Number of model parameters: 3717439
[2023-10-10 17:48:59,027][root][INFO] - Box(-1.0, 1.0, (6,), float32)
[2023-10-10 17:49:00,440][root][ERROR] - Exception in actorpool thread!
[2023-10-10 17:49:04,342][root][INFO] - Step 0 @ 0.0 SPS. Inference batcher size: 0. Learner queue size: 0. Other stats: (train_seconds = 5.0)
[2023-10-10 17:49:09,347][root][INFO] - Step 0 @ 0.0 SPS. Inference batcher size: 0. Learner queue size: 0. Other stats: (train_seconds = 10.0)
[2023-10-10 17:49:14,352][root][INFO] - Step 0 @ 0.0 SPS. Inference batcher size: 0. Learner queue size: 0. Other stats: (train_seconds = 15.0)
[2023-10-10 17:49:19,358][root][INFO] - Step 0 @ 0.0 SPS. Inference batcher size: 0. Learner queue size: 0. Other stats: (train_seconds = 20.0)
[2023-10-10 17:49:24,362][root][INFO] - Step 0 @ 0.0 SPS. Inference batcher size: 0. Learner queue size: 0. Other stats: (train_seconds = 25.0)
[2023-10-10 17:49:29,367][root][INFO] - Step 0 @ 0.0 SPS. Inference batcher size: 0. Learner queue size: 0. Other stats: (train_seconds = 30.0)
[2023-10-10 17:49:34,372][root][INFO] - Step 0 @ 0.0 SPS. Inference batcher size: 0. Learner queue size: 0. Other stats: (train_seconds = 35.0)
[2023-10-10 17:49:39,377][root][INFO] - Step 0 @ 0.0 SPS. Inference batcher size: 0. Learner queue size: 0. Other stats: (train_seconds = 40.0)
[2023-10-10 17:49:44,382][root][INFO] - Step 0 @ 0.0 SPS. Inference batcher size: 0. Learner queue size: 0. Other stats: (train_seconds = 45.0)
[2023-10-10 17:49:49,385][root][INFO] - Step 0 @ 0.0 SPS. Inference batcher size: 0. Learner queue size: 0. Other stats: (train_seconds = 50.0)
[2023-10-10 17:49:54,391][root][INFO] - Step 0 @ 0.0 SPS. Inference batcher size: 0. Learner queue size: 0. Other stats: (train_seconds = 55.1)
[2023-10-10 17:49:59,394][root][INFO] - Step 0 @ 0.0 SPS. Inference batcher size: 0. Learner queue size: 0. Other stats: (train_seconds = 60.1)
[2023-10-10 17:50:04,398][root][INFO] - Step 0 @ 0.0 SPS. Inference batcher size: 0. Learner queue size: 0. Other stats: (train_seconds = 65.1)
[2023-10-10 17:50:09,402][root][INFO] - Step 0 @ 0.0 SPS. Inference batcher size: 0. Learner queue size: 0. Other stats: (train_seconds = 70.1)
[2023-10-10 17:50:14,402][root][INFO] - Step 0 @ 0.0 SPS. Inference batcher size: 0. Learner queue size: 0. Other stats: (train_seconds = 75.1)
[2023-10-10 17:50:19,406][root][INFO] - Step 0 @ 0.0 SPS. Inference batcher size: 0. Learner queue size: 0. Other stats: (train_seconds = 80.1)
[2023-10-10 17:50:24,410][root][INFO] - Step 0 @ 0.0 SPS. Inference batcher size: 0. Learner queue size: 0. Other stats: (train_seconds = 85.1)
[2023-10-10 17:50:29,414][root][INFO] - Step 0 @ 0.0 SPS. Inference batcher size: 0. Learner queue size: 0. Other stats: (train_seconds = 90.1)
[2023-10-10 17:50:34,419][root][INFO] - Step 0 @ 0.0 SPS. Inference batcher size: 0. Learner queue size: 0. Other stats: (train_seconds = 95.1)
[2023-10-10 17:50:39,421][root][INFO] - Step 0 @ 0.0 SPS. Inference batcher size: 0. Learner queue size: 0. Other stats: (train_seconds = 100.1)
[2023-10-10 17:50:44,427][root][INFO] - Step 0 @ 0.0 SPS. Inference batcher size: 0. Learner queue size: 0. Other stats: (train_seconds = 105.1)
[2023-10-10 17:50:49,430][root][INFO] - Step 0 @ 0.0 SPS. Inference batcher size: 0. Learner queue size: 0. Other stats: (train_seconds = 110.1)
[2023-10-10 17:50:54,434][root][INFO] - Step 0 @ 0.0 SPS. Inference batcher size: 0. Learner queue size: 0. Other stats: (train_seconds = 115.1)
[2023-10-10 17:50:59,438][root][INFO] - Step 0 @ 0.0 SPS. Inference batcher size: 0. Learner queue size: 0. Other stats: (train_seconds = 120.1)
[2023-10-10 17:51:04,441][root][INFO] - Step 0 @ 0.0 SPS. Inference batcher size: 0. Learner queue size: 0. Other stats: (train_seconds = 125.1)
[2023-10-10 17:51:09,446][root][INFO] - Step 0 @ 0.0 SPS. Inference batcher size: 0. Learner queue size: 0. Other stats: (train_seconds = 130.1)
[2023-10-10 17:51:14,450][root][INFO] - Step 0 @ 0.0 SPS. Inference batcher size: 0. Learner queue size: 0. Other stats: (train_seconds = 135.1)
[2023-10-10 17:51:19,453][root][INFO] - Step 0 @ 0.0 SPS. Inference batcher size: 0. Learner queue size: 0. Other stats: (train_seconds = 140.1)
[2023-10-10 17:51:24,457][root][INFO] - Step 0 @ 0.0 SPS. Inference batcher size: 0. Learner queue size: 0. Other stats: (train_seconds = 145.1)
[2023-10-10 17:51:29,461][root][INFO] - Step 0 @ 0.0 SPS. Inference batcher size: 0. Learner queue size: 0. Other stats: (train_seconds = 150.1)
[2023-10-10 17:51:34,465][root][INFO] - Step 0 @ 0.0 SPS. Inference batcher size: 0. Learner queue size: 0. Other stats: (train_seconds = 155.1)
[2023-10-10 17:51:39,470][root][INFO] - Step 0 @ 0.0 SPS. Inference batcher size: 0. Learner queue size: 0. Other stats: (train_seconds = 160.1)
[2023-10-10 17:51:44,475][root][INFO] - Step 0 @ 0.0 SPS. Inference batcher size: 0. Learner queue size: 0. Other stats: (train_seconds = 165.1)
[2023-10-10 17:51:49,478][root][INFO] - Step 0 @ 0.0 SPS. Inference batcher size: 0. Learner queue size: 0. Other stats: (train_seconds = 170.1)
[2023-10-10 17:51:54,481][root][INFO] - Step 0 @ 0.0 SPS. Inference batcher size: 0. Learner queue size: 0. Other stats: (train_seconds = 175.1)
[2023-10-10 17:51:59,486][root][INFO] - Step 0 @ 0.0 SPS. Inference batcher size: 0. Learner queue size: 0. Other stats: (train_seconds = 180.1)
[2023-10-10 17:52:04,490][root][INFO] - Step 0 @ 0.0 SPS. Inference batcher size: 0. Learner queue size: 0. Other stats: (train_seconds = 185.2)
[2023-10-10 17:52:09,494][root][INFO] - Step 0 @ 0.0 SPS. Inference batcher size: 0. Learner queue size: 0. Other stats: (train_seconds = 190.2)
[2023-10-10 17:52:14,498][root][INFO] - Step 0 @ 0.0 SPS. Inference batcher size: 0. Learner queue size: 0. Other stats: (train_seconds = 195.2)
[2023-10-10 17:52:19,502][root][INFO] - Step 0 @ 0.0 SPS. Inference batcher size: 0. Learner queue size: 0. Other stats: (train_seconds = 200.2)
[2023-10-10 17:52:24,506][root][INFO] - Step 0 @ 0.0 SPS. Inference batcher size: 0. Learner queue size: 0. Other stats: (train_seconds = 205.2)
[2023-10-10 17:52:29,509][root][INFO] - Step 0 @ 0.0 SPS. Inference batcher size: 0. Learner queue size: 0. Other stats: (train_seconds = 210.2)
[2023-10-10 17:52:34,513][root][INFO] - Step 0 @ 0.0 SPS. Inference batcher size: 0. Learner queue size: 0. Other stats: (train_seconds = 215.2)
[2023-10-10 17:52:37,009][root][INFO] - Saving checkpoint to /workspace/outputs/2023-10-10/17-48-58/HalfCheetahv4.tar
