[2023-10-21 18:20:49,144][root][INFO] - name: null
wandb: false
project: skillhack
entity: your_entity_name
group: default
state_dict_path: none
foc_options_path: none
foc_options_config_path: none
teacher_path: none
teacher_config_path: none
ks_max_lambda: 10
ks_max_time: 20000000.0
ks_min_lambda_prop: 0.1
train_with_all_skills: false
penalty_per_step: 0.01
hks_max_uniform_weight: 1000
hks_min_uniform_prop: 0.05
hks_max_uniform_time: 20000000.0
tasks_json: tasks
mock: false
single_ttyrec: true
num_seeds: 0
write_profiler_trace: false
relative_reward: false
fn_penalty_step: constant
penalty_time: 0.0
penalty_step: -0.001
reward_lose: 0
reward_win: 1
character: null
save_tty: false
mode: train
env: HalfCheetahv4
obs_keys: glyphs,chars,colors,specials,blstats,message
num_actors: 256
total_steps: 10000000.0
batch_size: 32
unroll_length: 80
num_learner_threads: 1
num_inference_threads: 1
disable_cuda: false
learner_device: cuda:0
actor_device: cuda:0
max_learner_queue_size: null
model: HalfCheetah
use_lstm: false
hidden_dim: 256
embedding_dim: 64
glyph_type: all_cat
equalize_input_dim: false
equalize_factor: 2
layers: 5
crop_model: cnn
crop_dim: 9
use_index_select: true
entropy_cost: 0.001
baseline_cost: 0.5
discounting: 0.999
reward_clipping: none
normalize_reward: true
learning_rate: 0.0002
grad_norm_clipping: 40
alpha: 0.99
momentum: 0
epsilon: 1.0e-06
state_counter: none
no_extrinsic: false
int:
  twoheaded: true
  input: full
  intrinsic_weight: 0.1
  discounting: 0.99
  baseline_cost: 0.5
  episodic: true
  reward_clipping: none
  normalize_reward: true
ride:
  count_norm: true
  forward_cost: 1
  inverse_cost: 0.1
  hidden_dim: 128
rnd:
  forward_cost: 0.01
msg:
  model: none
  hidden_dim: 64
  embedding_dim: 32

[2023-10-21 18:20:49,161][root][INFO] - Symlinked log directory: /opt/project/latest
[2023-10-21 18:20:49,161][root][INFO] - Creating archive directory: /opt/project/outputs/2023-10-21/18-20-49/archives
[2023-10-21 18:20:49,165][root][INFO] - Logging results to /opt/project/outputs/2023-10-21/18-20-49
[2023-10-21 18:20:49,203][palaas/out][INFO] - Found log directory: /opt/project/outputs/2023-10-21/18-20-49
[2023-10-21 18:20:49,204][palaas/out][INFO] - Saving arguments to /opt/project/outputs/2023-10-21/18-20-49/meta.json
[2023-10-21 18:20:49,204][palaas/out][INFO] - Saving messages to /opt/project/outputs/2023-10-21/18-20-49/out.log
[2023-10-21 18:20:49,204][palaas/out][INFO] - Saving logs data to /opt/project/outputs/2023-10-21/18-20-49/logs.csv
[2023-10-21 18:20:49,204][palaas/out][INFO] - Saving logs' fields to /opt/project/outputs/2023-10-21/18-20-49/fields.csv
[2023-10-21 18:20:49,205][root][INFO] - Not using CUDA.
[2023-10-21 18:20:49,211][root][INFO] - Using model HalfCheetah
[2023-10-21 18:20:49,684][root][INFO] - Number of model parameters: 11085
[2023-10-21 18:20:49,689][root][INFO] - ()
[2023-10-21 18:20:49,690][root][INFO] - After actor pool
[2023-10-21 18:20:49,966][root][INFO] - <All keys matched successfully>
[2023-10-21 18:20:49,967][root][INFO] - The model states is ()
[2023-10-21 18:20:54,972][root][INFO] - Step 0 @ 0.0 SPS. Inference batcher size: 0. Learner queue size: 0. Other stats: (train_seconds = 5.0)
[2023-10-21 18:20:58,149][root][INFO] - action mean shape is torch.Size([1, 1, 6])
[2023-10-21 18:20:58,150][root][INFO] - torch.Size([1, 1, 17])
[2023-10-21 18:20:58,150][root][INFO] - Baseline shape is torch.Size([1, 1])
[2023-10-21 18:20:58,150][root][INFO] - policy shape is torch.Size([1, 1, 6])
[2023-10-21 18:20:58,151][root][INFO] - Action shape is torch.Size([1, 1, 6])
[2023-10-21 18:20:58,151][root][INFO] - action mean shape is torch.Size([1, 1, 6])
[2023-10-21 18:20:58,151][root][INFO] - torch.Size([1, 1, 17])
[2023-10-21 18:20:58,152][root][INFO] - Baseline shape is torch.Size([1, 1])
[2023-10-21 18:20:58,152][root][INFO] - policy shape is torch.Size([1, 1, 6])
[2023-10-21 18:20:58,152][root][INFO] - Action shape is torch.Size([1, 1, 6])
[2023-10-21 18:20:58,153][root][INFO] - action mean shape is torch.Size([1, 1, 6])
[2023-10-21 18:20:58,153][root][INFO] - torch.Size([1, 1, 17])
[2023-10-21 18:20:58,154][root][INFO] - Baseline shape is torch.Size([1, 1])
[2023-10-21 18:20:58,154][root][INFO] - policy shape is torch.Size([1, 1, 6])
[2023-10-21 18:20:58,154][root][INFO] - Action shape is torch.Size([1, 1, 6])
[2023-10-21 18:20:58,169][root][INFO] - action mean shape is torch.Size([1, 1, 6])
[2023-10-21 18:20:58,169][root][INFO] - torch.Size([1, 1, 17])
[2023-10-21 18:20:58,170][root][INFO] - Baseline shape is torch.Size([1, 1])
[2023-10-21 18:20:58,170][root][INFO] - policy shape is torch.Size([1, 1, 6])
[2023-10-21 18:20:58,170][root][INFO] - Action shape is torch.Size([1, 1, 6])
[2023-10-21 18:20:58,185][root][INFO] - action mean shape is torch.Size([1, 1, 6])
[2023-10-21 18:20:58,185][root][INFO] - torch.Size([1, 1, 17])
[2023-10-21 18:20:58,186][root][INFO] - Baseline shape is torch.Size([1, 1])
[2023-10-21 18:20:58,186][root][INFO] - policy shape is torch.Size([1, 1, 6])
[2023-10-21 18:20:58,186][root][INFO] - Action shape is torch.Size([1, 1, 6])
[2023-10-21 18:20:58,197][root][INFO] - action mean shape is torch.Size([1, 1, 6])
[2023-10-21 18:20:58,197][root][INFO] - torch.Size([1, 1, 17])
[2023-10-21 18:20:58,198][root][INFO] - Baseline shape is torch.Size([1, 1])
[2023-10-21 18:20:58,198][root][INFO] - policy shape is torch.Size([1, 1, 6])
[2023-10-21 18:20:58,198][root][INFO] - Action shape is torch.Size([1, 1, 6])
[2023-10-21 18:20:58,199][root][INFO] - action mean shape is torch.Size([1, 1, 6])
[2023-10-21 18:20:58,200][root][INFO] - torch.Size([1, 1, 17])
[2023-10-21 18:20:58,200][root][INFO] - Baseline shape is torch.Size([1, 1])
[2023-10-21 18:20:58,200][root][INFO] - policy shape is torch.Size([1, 1, 6])
[2023-10-21 18:20:58,200][root][INFO] - Action shape is torch.Size([1, 1, 6])
[2023-10-21 18:20:58,209][root][INFO] - action mean shape is torch.Size([1, 1, 6])
[2023-10-21 18:20:58,209][root][INFO] - torch.Size([1, 1, 17])
[2023-10-21 18:20:58,210][root][INFO] - Baseline shape is torch.Size([1, 1])
[2023-10-21 18:20:58,210][root][INFO] - policy shape is torch.Size([1, 1, 6])
[2023-10-21 18:20:58,210][root][INFO] - Action shape is torch.Size([1, 1, 6])
[2023-10-21 18:20:58,211][root][INFO] - action mean shape is torch.Size([1, 1, 6])
[2023-10-21 18:20:58,212][root][INFO] - torch.Size([1, 1, 17])
[2023-10-21 18:20:58,212][root][INFO] - Baseline shape is torch.Size([1, 1])
[2023-10-21 18:20:58,213][root][INFO] - policy shape is torch.Size([1, 1, 6])
[2023-10-21 18:20:58,213][root][INFO] - Action shape is torch.Size([1, 1, 6])
[2023-10-21 18:20:58,214][root][INFO] - action mean shape is torch.Size([1, 1, 6])
[2023-10-21 18:20:58,214][root][INFO] - torch.Size([1, 1, 17])
[2023-10-21 18:20:58,214][root][INFO] - Baseline shape is torch.Size([1, 1])
[2023-10-21 18:20:58,215][root][INFO] - policy shape is torch.Size([1, 1, 6])
[2023-10-21 18:20:58,215][root][INFO] - Action shape is torch.Size([1, 1, 6])
[2023-10-21 18:20:58,240][root][INFO] - action mean shape is torch.Size([1, 1, 6])
[2023-10-21 18:20:58,241][root][INFO] - torch.Size([1, 1, 17])
[2023-10-21 18:20:58,241][root][INFO] - Baseline shape is torch.Size([1, 1])
[2023-10-21 18:20:58,242][root][INFO] - policy shape is torch.Size([1, 1, 6])
[2023-10-21 18:20:58,242][root][INFO] - Action shape is torch.Size([1, 1, 6])
[2023-10-21 18:20:58,280][root][INFO] - action mean shape is torch.Size([1, 1, 6])
[2023-10-21 18:20:58,281][root][INFO] - torch.Size([1, 1, 17])
[2023-10-21 18:20:58,282][root][INFO] - Baseline shape is torch.Size([1, 1])
[2023-10-21 18:20:58,282][root][INFO] - policy shape is torch.Size([1, 1, 6])
[2023-10-21 18:20:58,282][root][INFO] - Action shape is torch.Size([1, 1, 6])
[2023-10-21 18:20:58,292][root][INFO] - action mean shape is torch.Size([1, 1, 6])
[2023-10-21 18:20:58,293][root][INFO] - torch.Size([1, 1, 17])
[2023-10-21 18:20:58,293][root][INFO] - Baseline shape is torch.Size([1, 1])
[2023-10-21 18:20:58,294][root][INFO] - policy shape is torch.Size([1, 1, 6])
[2023-10-21 18:20:58,294][root][INFO] - Action shape is torch.Size([1, 1, 6])
[2023-10-21 18:20:58,340][root][INFO] - action mean shape is torch.Size([1, 1, 6])
[2023-10-21 18:20:58,341][root][INFO] - torch.Size([1, 1, 17])
[2023-10-21 18:20:58,341][root][INFO] - Baseline shape is torch.Size([1, 1])
[2023-10-21 18:20:58,342][root][INFO] - policy shape is torch.Size([1, 1, 6])
[2023-10-21 18:20:58,342][root][INFO] - Action shape is torch.Size([1, 1, 6])
[2023-10-21 18:20:58,352][root][INFO] - action mean shape is torch.Size([1, 1, 6])
[2023-10-21 18:20:58,353][root][INFO] - torch.Size([1, 1, 17])
[2023-10-21 18:20:58,354][root][INFO] - Baseline shape is torch.Size([1, 1])
[2023-10-21 18:20:58,354][root][INFO] - policy shape is torch.Size([1, 1, 6])
[2023-10-21 18:20:58,354][root][INFO] - Action shape is torch.Size([1, 1, 6])
[2023-10-21 18:20:58,404][root][INFO] - action mean shape is torch.Size([1, 1, 6])
[2023-10-21 18:20:58,414][root][INFO] - torch.Size([1, 1, 17])
[2023-10-21 18:20:58,415][root][INFO] - Baseline shape is torch.Size([1, 1])
[2023-10-21 18:20:58,415][root][INFO] - policy shape is torch.Size([1, 1, 6])
[2023-10-21 18:20:58,415][root][INFO] - Action shape is torch.Size([1, 1, 6])
[2023-10-21 18:20:58,416][root][INFO] - action mean shape is torch.Size([1, 1, 6])
[2023-10-21 18:20:58,417][root][INFO] - torch.Size([1, 1, 17])
[2023-10-21 18:20:58,417][root][INFO] - Baseline shape is torch.Size([1, 1])
[2023-10-21 18:20:58,418][root][INFO] - policy shape is torch.Size([1, 1, 6])
[2023-10-21 18:20:58,418][root][INFO] - Action shape is torch.Size([1, 1, 6])
[2023-10-21 18:20:58,419][root][INFO] - action mean shape is torch.Size([1, 1, 6])
[2023-10-21 18:20:58,420][root][INFO] - torch.Size([1, 1, 17])
[2023-10-21 18:20:58,420][root][INFO] - Baseline shape is torch.Size([1, 1])
[2023-10-21 18:20:58,456][root][INFO] - policy shape is torch.Size([1, 1, 6])
[2023-10-21 18:20:58,457][root][INFO] - Action shape is torch.Size([1, 1, 6])
[2023-10-21 18:20:58,458][root][INFO] - action mean shape is torch.Size([1, 1, 6])
[2023-10-21 18:20:58,459][root][INFO] - torch.Size([1, 1, 17])
[2023-10-21 18:20:58,459][root][INFO] - Baseline shape is torch.Size([1, 1])
[2023-10-21 18:20:58,459][root][INFO] - policy shape is torch.Size([1, 1, 6])
[2023-10-21 18:20:58,460][root][INFO] - Action shape is torch.Size([1, 1, 6])
[2023-10-21 18:20:58,461][root][INFO] - action mean shape is torch.Size([1, 1, 6])
[2023-10-21 18:20:58,461][root][INFO] - torch.Size([1, 1, 17])
[2023-10-21 18:20:58,462][root][INFO] - Baseline shape is torch.Size([1, 1])
[2023-10-21 18:20:58,462][root][INFO] - policy shape is torch.Size([1, 1, 6])
[2023-10-21 18:20:58,462][root][INFO] - Action shape is torch.Size([1, 1, 6])
[2023-10-21 18:20:58,463][root][INFO] - action mean shape is torch.Size([1, 1, 6])
[2023-10-21 18:20:58,485][root][INFO] - torch.Size([1, 1, 17])
[2023-10-21 18:20:58,485][root][INFO] - Baseline shape is torch.Size([1, 1])
[2023-10-21 18:20:58,485][root][INFO] - policy shape is torch.Size([1, 1, 6])
[2023-10-21 18:20:58,486][root][INFO] - Action shape is torch.Size([1, 1, 6])
[2023-10-21 18:20:58,487][root][INFO] - action mean shape is torch.Size([1, 1, 6])
[2023-10-21 18:20:58,487][root][INFO] - torch.Size([1, 1, 17])
[2023-10-21 18:20:58,488][root][INFO] - Baseline shape is torch.Size([1, 1])
[2023-10-21 18:20:58,488][root][INFO] - policy shape is torch.Size([1, 1, 6])
[2023-10-21 18:20:58,488][root][INFO] - Action shape is torch.Size([1, 1, 6])
[2023-10-21 18:20:58,489][root][INFO] - action mean shape is torch.Size([1, 1, 6])
[2023-10-21 18:20:58,490][root][INFO] - torch.Size([1, 1, 17])
[2023-10-21 18:20:58,490][root][INFO] - Baseline shape is torch.Size([1, 1])
[2023-10-21 18:20:58,572][root][INFO] - policy shape is torch.Size([1, 1, 6])
[2023-10-21 18:20:58,572][root][INFO] - Action shape is torch.Size([1, 1, 6])
[2023-10-21 18:20:58,574][root][INFO] - action mean shape is torch.Size([1, 1, 6])
[2023-10-21 18:20:58,574][root][INFO] - torch.Size([1, 1, 17])
[2023-10-21 18:20:58,575][root][INFO] - Baseline shape is torch.Size([1, 1])
[2023-10-21 18:20:58,575][root][INFO] - policy shape is torch.Size([1, 1, 6])
[2023-10-21 18:20:58,575][root][INFO] - Action shape is torch.Size([1, 1, 6])
[2023-10-21 18:20:58,576][root][INFO] - action mean shape is torch.Size([1, 1, 6])
[2023-10-21 18:20:58,577][root][INFO] - torch.Size([1, 1, 17])
[2023-10-21 18:20:58,578][root][INFO] - Baseline shape is torch.Size([1, 1])
[2023-10-21 18:20:58,578][root][INFO] - policy shape is torch.Size([1, 1, 6])
[2023-10-21 18:20:58,578][root][INFO] - Action shape is torch.Size([1, 1, 6])
[2023-10-21 18:20:58,580][root][INFO] - action mean shape is torch.Size([1, 1, 6])
[2023-10-21 18:20:58,656][root][INFO] - torch.Size([1, 1, 17])
[2023-10-21 18:20:58,657][root][INFO] - Baseline shape is torch.Size([1, 1])
[2023-10-21 18:20:58,657][root][INFO] - policy shape is torch.Size([1, 1, 6])
[2023-10-21 18:20:58,658][root][INFO] - Action shape is torch.Size([1, 1, 6])
[2023-10-21 18:20:58,659][root][INFO] - action mean shape is torch.Size([1, 1, 6])
[2023-10-21 18:20:58,659][root][INFO] - torch.Size([1, 1, 17])
[2023-10-21 18:20:58,660][root][INFO] - Baseline shape is torch.Size([1, 1])
[2023-10-21 18:20:58,660][root][INFO] - policy shape is torch.Size([1, 1, 6])
[2023-10-21 18:20:58,660][root][INFO] - Action shape is torch.Size([1, 1, 6])
[2023-10-21 18:20:58,661][root][INFO] - action mean shape is torch.Size([1, 1, 6])
[2023-10-21 18:20:58,662][root][INFO] - torch.Size([1, 1, 17])
[2023-10-21 18:20:58,729][root][INFO] - Baseline shape is torch.Size([1, 1])
[2023-10-21 18:20:58,729][root][INFO] - policy shape is torch.Size([1, 1, 6])
[2023-10-21 18:20:58,729][root][INFO] - Action shape is torch.Size([1, 1, 6])
[2023-10-21 18:20:58,731][root][INFO] - action mean shape is torch.Size([1, 1, 6])
[2023-10-21 18:20:58,731][root][INFO] - torch.Size([1, 1, 17])
[2023-10-21 18:20:58,732][root][INFO] - Baseline shape is torch.Size([1, 1])
[2023-10-21 18:20:58,732][root][INFO] - policy shape is torch.Size([1, 1, 6])
[2023-10-21 18:20:58,732][root][INFO] - Action shape is torch.Size([1, 1, 6])
[2023-10-21 18:20:58,733][root][INFO] - action mean shape is torch.Size([1, 1, 6])
[2023-10-21 18:20:58,734][root][INFO] - torch.Size([1, 1, 17])
[2023-10-21 18:20:58,734][root][INFO] - Baseline shape is torch.Size([1, 1])
[2023-10-21 18:20:58,734][root][INFO] - policy shape is torch.Size([1, 1, 6])
[2023-10-21 18:20:58,734][root][INFO] - Action shape is torch.Size([1, 1, 6])
[2023-10-21 18:20:58,736][root][INFO] - action mean shape is torch.Size([1, 1, 6])
[2023-10-21 18:20:58,804][root][INFO] - torch.Size([1, 1, 17])
[2023-10-21 18:20:58,805][root][INFO] - Baseline shape is torch.Size([1, 1])
[2023-10-21 18:20:58,805][root][INFO] - policy shape is torch.Size([1, 1, 6])
[2023-10-21 18:20:58,805][root][INFO] - Action shape is torch.Size([1, 1, 6])
[2023-10-21 18:20:58,833][root][INFO] - action mean shape is torch.Size([1, 1, 6])
[2023-10-21 18:20:58,834][root][INFO] - torch.Size([1, 1, 17])
[2023-10-21 18:20:58,834][root][INFO] - Baseline shape is torch.Size([1, 1])
[2023-10-21 18:20:58,834][root][INFO] - policy shape is torch.Size([1, 1, 6])
[2023-10-21 18:20:58,834][root][INFO] - Action shape is torch.Size([1, 1, 6])
[2023-10-21 18:20:58,864][root][INFO] - action mean shape is torch.Size([1, 1, 6])
[2023-10-21 18:20:58,865][root][INFO] - torch.Size([1, 1, 17])
[2023-10-21 18:20:58,866][root][INFO] - Baseline shape is torch.Size([1, 1])
[2023-10-21 18:20:58,866][root][INFO] - policy shape is torch.Size([1, 1, 6])
[2023-10-21 18:20:58,866][root][INFO] - Action shape is torch.Size([1, 1, 6])
[2023-10-21 18:20:58,867][root][INFO] - action mean shape is torch.Size([1, 1, 6])
[2023-10-21 18:20:58,868][root][INFO] - torch.Size([1, 1, 17])
[2023-10-21 18:20:58,868][root][INFO] - Baseline shape is torch.Size([1, 1])
[2023-10-21 18:20:58,868][root][INFO] - policy shape is torch.Size([1, 1, 6])
[2023-10-21 18:20:58,869][root][INFO] - Action shape is torch.Size([1, 1, 6])
[2023-10-21 18:20:58,870][root][INFO] - action mean shape is torch.Size([1, 1, 6])
[2023-10-21 18:20:58,912][root][INFO] - torch.Size([1, 1, 17])
[2023-10-21 18:20:58,913][root][INFO] - Baseline shape is torch.Size([1, 1])
[2023-10-21 18:20:58,913][root][INFO] - policy shape is torch.Size([1, 1, 6])
[2023-10-21 18:20:58,913][root][INFO] - Action shape is torch.Size([1, 1, 6])
[2023-10-21 18:20:58,917][root][INFO] - action mean shape is torch.Size([1, 1, 6])
[2023-10-21 18:20:58,918][root][INFO] - torch.Size([1, 1, 17])
[2023-10-21 18:20:58,919][root][INFO] - Baseline shape is torch.Size([1, 1])
[2023-10-21 18:20:58,919][root][INFO] - policy shape is torch.Size([1, 1, 6])
[2023-10-21 18:20:58,919][root][INFO] - Action shape is torch.Size([1, 1, 6])
[2023-10-21 18:20:58,920][root][INFO] - action mean shape is torch.Size([1, 1, 6])
[2023-10-21 18:20:58,921][root][INFO] - torch.Size([1, 1, 17])
[2023-10-21 18:20:58,921][root][INFO] - Baseline shape is torch.Size([1, 1])
[2023-10-21 18:20:58,922][root][INFO] - policy shape is torch.Size([1, 1, 6])
[2023-10-21 18:20:58,922][root][INFO] - Action shape is torch.Size([1, 1, 6])
[2023-10-21 18:20:58,923][root][INFO] - action mean shape is torch.Size([1, 1, 6])
[2023-10-21 18:20:58,923][root][INFO] - torch.Size([1, 1, 17])
[2023-10-21 18:20:58,924][root][INFO] - Baseline shape is torch.Size([1, 1])
[2023-10-21 18:20:58,924][root][INFO] - policy shape is torch.Size([1, 1, 6])
[2023-10-21 18:20:58,924][root][INFO] - Action shape is torch.Size([1, 1, 6])
[2023-10-21 18:20:58,925][root][INFO] - action mean shape is torch.Size([1, 1, 6])
[2023-10-21 18:20:58,968][root][INFO] - torch.Size([1, 1, 17])
[2023-10-21 18:20:58,969][root][INFO] - Baseline shape is torch.Size([1, 1])
[2023-10-21 18:20:58,969][root][INFO] - policy shape is torch.Size([1, 1, 6])
[2023-10-21 18:20:58,969][root][INFO] - Action shape is torch.Size([1, 1, 6])
[2023-10-21 18:20:58,971][root][INFO] - action mean shape is torch.Size([1, 1, 6])
[2023-10-21 18:20:58,971][root][INFO] - torch.Size([1, 1, 17])
[2023-10-21 18:20:58,971][root][INFO] - Baseline shape is torch.Size([1, 1])
[2023-10-21 18:20:58,972][root][INFO] - policy shape is torch.Size([1, 1, 6])
[2023-10-21 18:20:58,972][root][INFO] - Action shape is torch.Size([1, 1, 6])
[2023-10-21 18:20:58,973][root][INFO] - action mean shape is torch.Size([1, 1, 6])
[2023-10-21 18:20:58,974][root][INFO] - torch.Size([1, 1, 17])
[2023-10-21 18:20:58,974][root][INFO] - Baseline shape is torch.Size([1, 1])
[2023-10-21 18:20:58,974][root][INFO] - policy shape is torch.Size([1, 1, 6])
[2023-10-21 18:20:58,974][root][INFO] - Action shape is torch.Size([1, 1, 6])
[2023-10-21 18:20:59,053][root][INFO] - action mean shape is torch.Size([1, 1, 6])
[2023-10-21 18:20:59,054][root][INFO] - torch.Size([1, 1, 17])
[2023-10-21 18:20:59,054][root][INFO] - Baseline shape is torch.Size([1, 1])
[2023-10-21 18:20:59,054][root][INFO] - policy shape is torch.Size([1, 1, 6])
[2023-10-21 18:20:59,055][root][INFO] - Action shape is torch.Size([1, 1, 6])
[2023-10-21 18:20:59,056][root][INFO] - action mean shape is torch.Size([1, 1, 6])
[2023-10-21 18:20:59,056][root][INFO] - torch.Size([1, 1, 17])
[2023-10-21 18:20:59,057][root][INFO] - Baseline shape is torch.Size([1, 1])
[2023-10-21 18:20:59,057][root][INFO] - policy shape is torch.Size([1, 1, 6])
[2023-10-21 18:20:59,057][root][INFO] - Action shape is torch.Size([1, 1, 6])
[2023-10-21 18:20:59,058][root][INFO] - action mean shape is torch.Size([1, 1, 6])
[2023-10-21 18:20:59,064][root][INFO] - torch.Size([1, 1, 17])
[2023-10-21 18:20:59,140][root][INFO] - Baseline shape is torch.Size([1, 1])
[2023-10-21 18:20:59,141][root][INFO] - policy shape is torch.Size([1, 1, 6])
[2023-10-21 18:20:59,141][root][INFO] - Action shape is torch.Size([1, 1, 6])
[2023-10-21 18:20:59,142][root][INFO] - action mean shape is torch.Size([1, 1, 6])
[2023-10-21 18:20:59,143][root][INFO] - torch.Size([1, 1, 17])
[2023-10-21 18:20:59,143][root][INFO] - Baseline shape is torch.Size([1, 1])
[2023-10-21 18:20:59,143][root][INFO] - policy shape is torch.Size([1, 1, 6])
[2023-10-21 18:20:59,143][root][INFO] - Action shape is torch.Size([1, 1, 6])
[2023-10-21 18:20:59,145][root][INFO] - action mean shape is torch.Size([1, 1, 6])
[2023-10-21 18:20:59,145][root][INFO] - torch.Size([1, 1, 17])
[2023-10-21 18:20:59,145][root][INFO] - Baseline shape is torch.Size([1, 1])
[2023-10-21 18:20:59,146][root][INFO] - policy shape is torch.Size([1, 1, 6])
[2023-10-21 18:20:59,152][root][INFO] - Action shape is torch.Size([1, 1, 6])
[2023-10-21 18:20:59,157][root][INFO] - action mean shape is torch.Size([1, 1, 6])
[2023-10-21 18:20:59,212][root][INFO] - torch.Size([1, 1, 17])
[2023-10-21 18:20:59,213][root][INFO] - Baseline shape is torch.Size([1, 1])
[2023-10-21 18:20:59,213][root][INFO] - policy shape is torch.Size([1, 1, 6])
[2023-10-21 18:20:59,213][root][INFO] - Action shape is torch.Size([1, 1, 6])
[2023-10-21 18:20:59,215][root][INFO] - action mean shape is torch.Size([1, 1, 6])
[2023-10-21 18:20:59,252][root][INFO] - torch.Size([1, 1, 17])
[2023-10-21 18:20:59,253][root][INFO] - Baseline shape is torch.Size([1, 1])
[2023-10-21 18:20:59,253][root][INFO] - policy shape is torch.Size([1, 1, 6])
[2023-10-21 18:20:59,253][root][INFO] - Action shape is torch.Size([1, 1, 6])
[2023-10-21 18:20:59,255][root][INFO] - action mean shape is torch.Size([1, 1, 6])
[2023-10-21 18:20:59,255][root][INFO] - torch.Size([1, 1, 17])
[2023-10-21 18:20:59,256][root][INFO] - Baseline shape is torch.Size([1, 1])
[2023-10-21 18:20:59,256][root][INFO] - policy shape is torch.Size([1, 1, 6])
[2023-10-21 18:20:59,256][root][INFO] - Action shape is torch.Size([1, 1, 6])
[2023-10-21 18:20:59,257][root][INFO] - action mean shape is torch.Size([1, 1, 6])
[2023-10-21 18:20:59,257][root][INFO] - torch.Size([1, 1, 17])
[2023-10-21 18:20:59,258][root][INFO] - Baseline shape is torch.Size([1, 1])
[2023-10-21 18:20:59,258][root][INFO] - policy shape is torch.Size([1, 1, 6])
[2023-10-21 18:20:59,258][root][INFO] - Action shape is torch.Size([1, 1, 6])
[2023-10-21 18:20:59,259][root][INFO] - action mean shape is torch.Size([1, 1, 6])
[2023-10-21 18:20:59,260][root][INFO] - torch.Size([1, 1, 17])
[2023-10-21 18:20:59,260][root][INFO] - Baseline shape is torch.Size([1, 1])
[2023-10-21 18:20:59,261][root][INFO] - policy shape is torch.Size([1, 1, 6])
[2023-10-21 18:20:59,261][root][INFO] - Action shape is torch.Size([1, 1, 6])
[2023-10-21 18:20:59,262][root][INFO] - action mean shape is torch.Size([1, 1, 6])
[2023-10-21 18:20:59,263][root][INFO] - torch.Size([1, 1, 17])
[2023-10-21 18:20:59,263][root][INFO] - Baseline shape is torch.Size([1, 1])
[2023-10-21 18:20:59,300][root][INFO] - policy shape is torch.Size([1, 1, 6])
[2023-10-21 18:20:59,301][root][INFO] - Action shape is torch.Size([1, 1, 6])
[2023-10-21 18:20:59,303][root][INFO] - action mean shape is torch.Size([1, 1, 6])
[2023-10-21 18:20:59,316][root][INFO] - torch.Size([1, 1, 17])
[2023-10-21 18:20:59,317][root][INFO] - Baseline shape is torch.Size([1, 1])
[2023-10-21 18:20:59,317][root][INFO] - policy shape is torch.Size([1, 1, 6])
[2023-10-21 18:20:59,317][root][INFO] - Action shape is torch.Size([1, 1, 6])
[2023-10-21 18:20:59,319][root][INFO] - action mean shape is torch.Size([1, 1, 6])
[2023-10-21 18:20:59,334][root][INFO] - torch.Size([1, 1, 17])
[2023-10-21 18:20:59,335][root][INFO] - Baseline shape is torch.Size([1, 1])
[2023-10-21 18:20:59,336][root][INFO] - policy shape is torch.Size([1, 1, 6])
[2023-10-21 18:20:59,336][root][INFO] - Action shape is torch.Size([1, 1, 6])
[2023-10-21 18:20:59,337][root][INFO] - action mean shape is torch.Size([1, 1, 6])
[2023-10-21 18:20:59,338][root][INFO] - torch.Size([1, 1, 17])
[2023-10-21 18:20:59,338][root][INFO] - Baseline shape is torch.Size([1, 1])
[2023-10-21 18:20:59,338][root][INFO] - policy shape is torch.Size([1, 1, 6])
[2023-10-21 18:20:59,339][root][INFO] - Action shape is torch.Size([1, 1, 6])
[2023-10-21 18:20:59,348][root][INFO] - action mean shape is torch.Size([1, 1, 6])
[2023-10-21 18:20:59,364][root][INFO] - torch.Size([1, 1, 17])
[2023-10-21 18:20:59,365][root][INFO] - Baseline shape is torch.Size([1, 1])
[2023-10-21 18:20:59,365][root][INFO] - policy shape is torch.Size([1, 1, 6])
[2023-10-21 18:20:59,365][root][INFO] - Action shape is torch.Size([1, 1, 6])
[2023-10-21 18:20:59,367][root][INFO] - action mean shape is torch.Size([1, 1, 6])
[2023-10-21 18:20:59,367][root][INFO] - torch.Size([1, 1, 17])
[2023-10-21 18:20:59,368][root][INFO] - Baseline shape is torch.Size([1, 1])
[2023-10-21 18:20:59,368][root][INFO] - policy shape is torch.Size([1, 1, 6])
[2023-10-21 18:20:59,368][root][INFO] - Action shape is torch.Size([1, 1, 6])
[2023-10-21 18:20:59,369][root][INFO] - action mean shape is torch.Size([1, 1, 6])
[2023-10-21 18:20:59,370][root][INFO] - torch.Size([1, 1, 17])
[2023-10-21 18:20:59,371][root][INFO] - Baseline shape is torch.Size([1, 1])
[2023-10-21 18:20:59,371][root][INFO] - policy shape is torch.Size([1, 1, 6])
[2023-10-21 18:20:59,371][root][INFO] - Action shape is torch.Size([1, 1, 6])
[2023-10-21 18:20:59,372][root][INFO] - action mean shape is torch.Size([1, 1, 6])
[2023-10-21 18:20:59,381][root][INFO] - torch.Size([1, 1, 17])
[2023-10-21 18:20:59,396][root][INFO] - Baseline shape is torch.Size([1, 1])
[2023-10-21 18:20:59,397][root][INFO] - policy shape is torch.Size([1, 1, 6])
[2023-10-21 18:20:59,397][root][INFO] - Action shape is torch.Size([1, 1, 6])
[2023-10-21 18:20:59,399][root][INFO] - action mean shape is torch.Size([1, 1, 6])
[2023-10-21 18:20:59,399][root][INFO] - torch.Size([1, 1, 17])
[2023-10-21 18:20:59,400][root][INFO] - Baseline shape is torch.Size([1, 1])
[2023-10-21 18:20:59,400][root][INFO] - policy shape is torch.Size([1, 1, 6])
[2023-10-21 18:20:59,400][root][INFO] - Action shape is torch.Size([1, 1, 6])
[2023-10-21 18:20:59,401][root][INFO] - action mean shape is torch.Size([1, 1, 6])
[2023-10-21 18:20:59,402][root][INFO] - torch.Size([1, 1, 17])
[2023-10-21 18:20:59,402][root][INFO] - Baseline shape is torch.Size([1, 1])
[2023-10-21 18:20:59,403][root][INFO] - policy shape is torch.Size([1, 1, 6])
[2023-10-21 18:20:59,411][root][INFO] - Action shape is torch.Size([1, 1, 6])
[2023-10-21 18:20:59,420][root][INFO] - action mean shape is torch.Size([1, 1, 6])
[2023-10-21 18:20:59,449][root][INFO] - torch.Size([1, 1, 17])
[2023-10-21 18:20:59,453][root][INFO] - Baseline shape is torch.Size([1, 1])
[2023-10-21 18:20:59,453][root][INFO] - policy shape is torch.Size([1, 1, 6])
[2023-10-21 18:20:59,454][root][INFO] - Action shape is torch.Size([1, 1, 6])
[2023-10-21 18:20:59,455][root][INFO] - action mean shape is torch.Size([1, 1, 6])
[2023-10-21 18:20:59,455][root][INFO] - torch.Size([1, 1, 17])
[2023-10-21 18:20:59,460][root][INFO] - Baseline shape is torch.Size([1, 1])
[2023-10-21 18:20:59,461][root][INFO] - policy shape is torch.Size([1, 1, 6])
[2023-10-21 18:20:59,461][root][INFO] - Action shape is torch.Size([1, 1, 6])
[2023-10-21 18:20:59,462][root][INFO] - action mean shape is torch.Size([1, 1, 6])
[2023-10-21 18:20:59,463][root][INFO] - torch.Size([1, 1, 17])
[2023-10-21 18:20:59,463][root][INFO] - Baseline shape is torch.Size([1, 1])
[2023-10-21 18:20:59,463][root][INFO] - policy shape is torch.Size([1, 1, 6])
[2023-10-21 18:20:59,463][root][INFO] - Action shape is torch.Size([1, 1, 6])
[2023-10-21 18:20:59,465][root][INFO] - action mean shape is torch.Size([1, 1, 6])
[2023-10-21 18:20:59,465][root][INFO] - torch.Size([1, 1, 17])
[2023-10-21 18:20:59,466][root][INFO] - Baseline shape is torch.Size([1, 1])
[2023-10-21 18:20:59,466][root][INFO] - policy shape is torch.Size([1, 1, 6])
[2023-10-21 18:20:59,466][root][INFO] - Action shape is torch.Size([1, 1, 6])
[2023-10-21 18:20:59,467][root][INFO] - action mean shape is torch.Size([1, 1, 6])
[2023-10-21 18:20:59,536][root][INFO] - torch.Size([1, 1, 17])
[2023-10-21 18:20:59,536][root][INFO] - Baseline shape is torch.Size([1, 1])
[2023-10-21 18:20:59,537][root][INFO] - policy shape is torch.Size([1, 1, 6])
[2023-10-21 18:20:59,537][root][INFO] - Action shape is torch.Size([1, 1, 6])
[2023-10-21 18:20:59,557][root][INFO] - action mean shape is torch.Size([1, 1, 6])
[2023-10-21 18:20:59,558][root][INFO] - torch.Size([1, 1, 17])
[2023-10-21 18:20:59,558][root][INFO] - Baseline shape is torch.Size([1, 1])
[2023-10-21 18:20:59,558][root][INFO] - policy shape is torch.Size([1, 1, 6])
[2023-10-21 18:20:59,558][root][INFO] - Action shape is torch.Size([1, 1, 6])
[2023-10-21 18:20:59,592][root][INFO] - action mean shape is torch.Size([1, 1, 6])
[2023-10-21 18:20:59,593][root][INFO] - torch.Size([1, 1, 17])
[2023-10-21 18:20:59,594][root][INFO] - Baseline shape is torch.Size([1, 1])
[2023-10-21 18:20:59,594][root][INFO] - policy shape is torch.Size([1, 1, 6])
[2023-10-21 18:20:59,594][root][INFO] - Action shape is torch.Size([1, 1, 6])
[2023-10-21 18:20:59,640][root][INFO] - action mean shape is torch.Size([1, 1, 6])
[2023-10-21 18:20:59,641][root][INFO] - torch.Size([1, 1, 17])
[2023-10-21 18:20:59,642][root][INFO] - Baseline shape is torch.Size([1, 1])
[2023-10-21 18:20:59,642][root][INFO] - policy shape is torch.Size([1, 1, 6])
[2023-10-21 18:20:59,642][root][INFO] - Action shape is torch.Size([1, 1, 6])
[2023-10-21 18:20:59,676][root][INFO] - action mean shape is torch.Size([1, 1, 6])
[2023-10-21 18:20:59,677][root][INFO] - torch.Size([1, 1, 17])
[2023-10-21 18:20:59,678][root][INFO] - Baseline shape is torch.Size([1, 1])
[2023-10-21 18:20:59,678][root][INFO] - policy shape is torch.Size([1, 1, 6])
[2023-10-21 18:20:59,678][root][INFO] - Action shape is torch.Size([1, 1, 6])
[2023-10-21 18:20:59,716][root][INFO] - action mean shape is torch.Size([1, 1, 6])
[2023-10-21 18:20:59,717][root][INFO] - torch.Size([1, 1, 17])
[2023-10-21 18:20:59,718][root][INFO] - Baseline shape is torch.Size([1, 1])
[2023-10-21 18:20:59,718][root][INFO] - policy shape is torch.Size([1, 1, 6])
[2023-10-21 18:20:59,718][root][INFO] - Action shape is torch.Size([1, 1, 6])
[2023-10-21 18:20:59,740][root][INFO] - action mean shape is torch.Size([1, 1, 6])
[2023-10-21 18:20:59,741][root][INFO] - torch.Size([1, 1, 17])
[2023-10-21 18:20:59,742][root][INFO] - Baseline shape is torch.Size([1, 1])
[2023-10-21 18:20:59,742][root][INFO] - policy shape is torch.Size([1, 1, 6])
[2023-10-21 18:20:59,742][root][INFO] - Action shape is torch.Size([1, 1, 6])
[2023-10-21 18:20:59,743][root][INFO] - action mean shape is torch.Size([1, 1, 6])
[2023-10-21 18:20:59,744][root][INFO] - torch.Size([1, 1, 17])
[2023-10-21 18:20:59,745][root][INFO] - Baseline shape is torch.Size([1, 1])
[2023-10-21 18:20:59,745][root][INFO] - policy shape is torch.Size([1, 1, 6])
[2023-10-21 18:20:59,745][root][INFO] - Action shape is torch.Size([1, 1, 6])
[2023-10-21 18:20:59,746][root][INFO] - action mean shape is torch.Size([1, 1, 6])
[2023-10-21 18:20:59,784][root][INFO] - torch.Size([1, 1, 17])
[2023-10-21 18:20:59,785][root][INFO] - Baseline shape is torch.Size([1, 1])
[2023-10-21 18:20:59,785][root][INFO] - policy shape is torch.Size([1, 1, 6])
[2023-10-21 18:20:59,786][root][INFO] - Action shape is torch.Size([1, 1, 6])
[2023-10-21 18:20:59,787][root][INFO] - action mean shape is torch.Size([1, 1, 6])
[2023-10-21 18:20:59,787][root][INFO] - torch.Size([1, 1, 17])
[2023-10-21 18:20:59,788][root][INFO] - Baseline shape is torch.Size([1, 1])
[2023-10-21 18:20:59,788][root][INFO] - policy shape is torch.Size([1, 1, 6])
[2023-10-21 18:20:59,788][root][INFO] - Action shape is torch.Size([1, 1, 6])
[2023-10-21 18:20:59,789][root][INFO] - action mean shape is torch.Size([1, 1, 6])
[2023-10-21 18:20:59,790][root][INFO] - torch.Size([1, 1, 17])
[2023-10-21 18:20:59,892][root][INFO] - Baseline shape is torch.Size([1, 1])
[2023-10-21 18:20:59,893][root][INFO] - policy shape is torch.Size([1, 1, 6])
[2023-10-21 18:20:59,893][root][INFO] - Action shape is torch.Size([1, 1, 6])
[2023-10-21 18:20:59,902][root][INFO] - action mean shape is torch.Size([1, 1, 6])
[2023-10-21 18:20:59,903][root][INFO] - torch.Size([1, 1, 17])
[2023-10-21 18:20:59,903][root][INFO] - Baseline shape is torch.Size([1, 1])
[2023-10-21 18:20:59,903][root][INFO] - policy shape is torch.Size([1, 1, 6])
[2023-10-21 18:20:59,903][root][INFO] - Action shape is torch.Size([1, 1, 6])
[2023-10-21 18:20:59,936][root][INFO] - action mean shape is torch.Size([1, 1, 6])
[2023-10-21 18:20:59,937][root][INFO] - torch.Size([1, 1, 17])
[2023-10-21 18:20:59,937][root][INFO] - Baseline shape is torch.Size([1, 1])
[2023-10-21 18:20:59,937][root][INFO] - policy shape is torch.Size([1, 1, 6])
[2023-10-21 18:20:59,937][root][INFO] - Action shape is torch.Size([1, 1, 6])
[2023-10-21 18:20:59,943][root][INFO] - action mean shape is torch.Size([1, 1, 6])
[2023-10-21 18:20:59,943][root][INFO] - torch.Size([1, 1, 17])
[2023-10-21 18:20:59,944][root][INFO] - Baseline shape is torch.Size([1, 1])
[2023-10-21 18:20:59,944][root][INFO] - policy shape is torch.Size([1, 1, 6])
[2023-10-21 18:20:59,944][root][INFO] - Action shape is torch.Size([1, 1, 6])
[2023-10-21 18:20:59,976][root][INFO] - Step 0 @ 0.0 SPS. Inference batcher size: 1. Learner queue size: 0. Other stats: (train_seconds = 10.0)
[2023-10-21 18:20:59,992][root][INFO] - action mean shape is torch.Size([1, 1, 6])
[2023-10-21 18:20:59,992][root][INFO] - torch.Size([1, 1, 17])
[2023-10-21 18:20:59,993][root][INFO] - Baseline shape is torch.Size([1, 1])
[2023-10-21 18:20:59,993][root][INFO] - policy shape is torch.Size([1, 1, 6])
[2023-10-21 18:20:59,993][root][INFO] - Action shape is torch.Size([1, 1, 6])
[2023-10-21 18:21:00,008][root][INFO] - action mean shape is torch.Size([1, 1, 6])
[2023-10-21 18:21:00,009][root][INFO] - torch.Size([1, 1, 17])
[2023-10-21 18:21:00,009][root][INFO] - Baseline shape is torch.Size([1, 1])
[2023-10-21 18:21:00,009][root][INFO] - policy shape is torch.Size([1, 1, 6])
[2023-10-21 18:21:00,009][root][INFO] - Action shape is torch.Size([1, 1, 6])
[2023-10-21 18:21:00,060][root][INFO] - action mean shape is torch.Size([1, 1, 6])
[2023-10-21 18:21:00,061][root][INFO] - torch.Size([1, 1, 17])
[2023-10-21 18:21:00,061][root][INFO] - Baseline shape is torch.Size([1, 1])
[2023-10-21 18:21:00,062][root][INFO] - policy shape is torch.Size([1, 1, 6])
[2023-10-21 18:21:00,062][root][INFO] - Action shape is torch.Size([1, 1, 6])
[2023-10-21 18:21:00,063][root][INFO] - action mean shape is torch.Size([1, 1, 6])
[2023-10-21 18:21:00,064][root][INFO] - torch.Size([1, 1, 17])
[2023-10-21 18:21:00,064][root][INFO] - Baseline shape is torch.Size([1, 1])
[2023-10-21 18:21:00,064][root][INFO] - policy shape is torch.Size([1, 1, 6])
[2023-10-21 18:21:00,064][root][INFO] - Action shape is torch.Size([1, 1, 6])
[2023-10-21 18:21:00,065][root][INFO] - action mean shape is torch.Size([1, 1, 6])
[2023-10-21 18:21:00,066][root][INFO] - torch.Size([1, 1, 17])
[2023-10-21 18:21:00,072][root][INFO] - Baseline shape is torch.Size([1, 1])
[2023-10-21 18:21:00,073][root][INFO] - policy shape is torch.Size([1, 1, 6])
[2023-10-21 18:21:00,073][root][INFO] - Action shape is torch.Size([1, 1, 6])
[2023-10-21 18:21:00,074][root][INFO] - action mean shape is torch.Size([1, 1, 6])
[2023-10-21 18:21:00,126][root][INFO] - torch.Size([1, 1, 17])
[2023-10-21 18:21:00,126][root][INFO] - Baseline shape is torch.Size([1, 1])
[2023-10-21 18:21:00,127][root][INFO] - policy shape is torch.Size([1, 1, 6])
[2023-10-21 18:21:00,127][root][INFO] - Action shape is torch.Size([1, 1, 6])
[2023-10-21 18:21:00,128][root][INFO] - action mean shape is torch.Size([1, 2, 6])
[2023-10-21 18:21:00,129][root][INFO] - torch.Size([1, 2, 17])
