[2023-10-24 16:07:59,877][root][INFO] - name: null
wandb: false
project: skillhack
entity: your_entity_name
group: default
state_dict_path: none
foc_options_path: none
foc_options_config_path: none
teacher_path: none
teacher_config_path: none
ks_max_lambda: 10
ks_max_time: 20000000.0
ks_min_lambda_prop: 0.1
train_with_all_skills: false
penalty_per_step: 0.01
hks_max_uniform_weight: 1000
hks_min_uniform_prop: 0.05
hks_max_uniform_time: 20000000.0
tasks_json: tasks
mock: false
single_ttyrec: true
num_seeds: 0
write_profiler_trace: false
relative_reward: false
fn_penalty_step: constant
penalty_time: 0.0
penalty_step: -0.001
reward_lose: 0
reward_win: 1
character: null
save_tty: false
mode: train
env: HalfCheetahv4
obs_keys: glyphs,chars,colors,specials,blstats,message
num_actors: 256
total_steps: 10000000.0
batch_size: 32
unroll_length: 80
num_learner_threads: 1
num_inference_threads: 1
disable_cuda: false
learner_device: cuda:0
actor_device: cuda:0
max_learner_queue_size: null
model: HalfCheetah
use_lstm: false
hidden_dim: 256
embedding_dim: 64
glyph_type: all_cat
equalize_input_dim: false
equalize_factor: 2
layers: 5
crop_model: cnn
crop_dim: 9
use_index_select: true
entropy_cost: 0.001
baseline_cost: 0.5
discounting: 0.999
reward_clipping: none
normalize_reward: true
learning_rate: 0.0002
grad_norm_clipping: 40
alpha: 0.99
momentum: 0
epsilon: 1.0e-06
state_counter: none
no_extrinsic: false
int:
  twoheaded: true
  input: full
  intrinsic_weight: 0.1
  discounting: 0.99
  baseline_cost: 0.5
  episodic: true
  reward_clipping: none
  normalize_reward: true
ride:
  count_norm: true
  forward_cost: 1
  inverse_cost: 0.1
  hidden_dim: 128
rnd:
  forward_cost: 0.01
msg:
  model: none
  hidden_dim: 64
  embedding_dim: 32

[2023-10-24 16:07:59,893][root][INFO] - Symlinked log directory: /opt/project/latest
[2023-10-24 16:07:59,893][root][INFO] - Creating archive directory: /opt/project/outputs/2023-10-24/16-07-59/archives
[2023-10-24 16:07:59,897][root][INFO] - Logging results to /opt/project/outputs/2023-10-24/16-07-59
[2023-10-24 16:07:59,971][palaas/out][INFO] - Found log directory: /opt/project/outputs/2023-10-24/16-07-59
[2023-10-24 16:07:59,971][palaas/out][INFO] - Saving arguments to /opt/project/outputs/2023-10-24/16-07-59/meta.json
[2023-10-24 16:07:59,972][palaas/out][INFO] - Saving messages to /opt/project/outputs/2023-10-24/16-07-59/out.log
[2023-10-24 16:07:59,972][palaas/out][INFO] - Saving logs data to /opt/project/outputs/2023-10-24/16-07-59/logs.csv
[2023-10-24 16:07:59,972][palaas/out][INFO] - Saving logs' fields to /opt/project/outputs/2023-10-24/16-07-59/fields.csv
[2023-10-24 16:07:59,972][root][INFO] - Not using CUDA.
[2023-10-24 16:07:59,978][root][INFO] - Using model HalfCheetah
[2023-10-24 16:08:00,599][root][INFO] - Number of model parameters: 11085
[2023-10-24 16:08:00,604][root][INFO] - ()
[2023-10-24 16:08:00,605][root][INFO] - After actor pool
[2023-10-24 16:08:00,909][root][INFO] - <All keys matched successfully>
[2023-10-24 16:08:00,910][root][INFO] - The model states is ()
[2023-10-24 16:08:05,914][root][INFO] - Step 0 @ 0.0 SPS. Inference batcher size: 0. Learner queue size: 0. Other stats: (train_seconds = 5.0)
[2023-10-24 16:08:10,917][root][INFO] - Step 0 @ 0.0 SPS. Inference batcher size: 1. Learner queue size: 8. Other stats: (train_seconds = 10.0)
[2023-10-24 16:08:13,637][root][INFO] - torch.Size([2592, 17])
[2023-10-24 16:08:14,101][root][INFO] - tensor([[[0.8102, 0.9818, 1.0000, 0.1955, 1.0000, 0.3948],
         [1.0000, 0.4854, 0.5628, 0.7462, 1.0000, 0.9116],
         [1.0000, 0.9222, 0.2968, 0.9085, 1.0000, 1.0000],
         ...,
         [1.0000, 1.0000, 0.7737, 1.0000, 1.0000, 1.0000],
         [0.7095, 0.9772, 0.7476, 0.7751, 0.8646, 1.0000],
         [0.2659, 1.0000, 0.7266, 0.7308, 1.0000, 0.4696]],

        [[0.9403, 0.6641, 0.8259, 1.0000, 1.0000, 0.1922],
         [1.0000, 0.0640, 1.0000, 1.0000, 1.0000, 1.0000],
         [1.0000, 0.7899, 1.0000, 1.0000, 0.7067, 0.3217],
         ...,
         [0.6997, 1.0000, 0.9546, 1.0000, 1.0000, 0.9216],
         [0.5286, 1.0000, 1.0000, 1.0000, 0.6420, 1.0000],
         [0.5605, 1.0000, 0.9670, 1.0000, 0.5741, 1.0000]],

        [[1.0000, 0.8316, 1.0000, 1.0000, 1.0000, 0.9045],
         [0.7432, 0.6061, 0.6331, 0.8190, 0.4708, 1.0000],
         [1.0000, 0.8558, 0.9197, 0.9214, 0.6394, 1.0000],
         ...,
         [1.0000, 1.0000, 1.0000, 1.0000, 1.0000, 0.0201],
         [0.5623, 1.0000, 1.0000, 0.6585, 0.8702, 0.2707],
         [1.0000, 1.0000, 0.5557, 0.6169, 1.0000, 1.0000]],

        ...,

        [[0.8076, 1.0000, 0.4730, 0.5257, 0.1244, 1.0000],
         [0.8298, 0.7745, 1.0000, 1.0000, 1.0000, 0.9703],
         [1.0000, 1.0000, 1.0000, 1.0000, 1.0000, 0.9829],
         ...,
         [0.2946, 0.9267, 0.4758, 1.0000, 0.4335, 1.0000],
         [0.1405, 1.0000, 0.2277, 0.9615, 0.8605, 1.0000],
         [1.0000, 0.7184, 0.4438, 1.0000, 0.7608, 1.0000]],

        [[1.0000, 1.0000, 1.0000, 0.9448, 1.0000, 0.5731],
         [1.0000, 1.0000, 0.8932, 0.9521, 1.0000, 0.5027],
         [1.0000, 1.0000, 1.0000, 1.0000, 1.0000, 0.4494],
         ...,
         [0.8142, 1.0000, 1.0000, 1.0000, 0.5340, 0.6533],
         [1.0000, 0.9868, 0.3468, 1.0000, 0.6010, 1.0000],
         [0.1271, 0.3437, 0.4037, 0.8507, 0.9766, 1.0000]],

        [[0.4832, 1.0000, 0.1536, 0.3608, 0.9745, 0.7350],
         [1.0000, 1.0000, 1.0000, 1.0000, 0.7815, 1.0000],
         [0.9667, 1.0000, 0.9381, 1.0000, 1.0000, 1.0000],
         ...,
         [0.9784, 0.1688, 1.0000, 1.0000, 1.0000, 1.0000],
         [0.3327, 1.0000, 0.5615, 0.9320, 1.0000, 1.0000],
         [0.8808, 1.0000, 0.1705, 0.0910, 0.9590, 1.0000]]])
[2023-10-24 16:08:14,109][root][INFO] - tensor([[-2.3826e-01, -2.8311e-01, -3.4868e-01,  ...,  5.1812e-01,
         -2.5914e-02, -2.3924e-01],
        [ 7.5828e-04, -4.3368e-01, -5.6626e-02,  ...,  2.7653e-02,
         -8.8077e-01, -8.5929e-01],
        [-6.8706e-01,  4.4167e-01, -6.5630e-01,  ...,  1.2047e-01,
          1.2673e+00,  6.7839e-01],
        ...,
        [-4.2442e-01, -1.9634e-01, -1.9842e-02,  ..., -3.5685e-01,
          8.7068e-01,  6.0486e-01],
        [ 1.1858e+00,  4.1393e-01,  5.2245e-01,  ..., -7.6254e-01,
         -2.7884e-01,  1.1332e+00],
        [ 1.1858e+00,  4.1393e-01,  5.2245e-01,  ..., -7.6254e-01,
         -2.7884e-01,  1.1332e+00]])
[2023-10-24 16:08:14,111][root][INFO] - tensor([[ 6.5264e-02,  8.1675e-01, -7.7497e-01,  ...,  1.5730e-01,
         -1.1044e+00,  1.4068e+00],
        [-2.3826e-01, -2.8311e-01, -3.4868e-01,  ...,  5.1812e-01,
         -2.5914e-02, -2.3924e-01],
        [ 7.5828e-04, -4.3368e-01, -5.6626e-02,  ...,  2.7653e-02,
         -8.8077e-01, -8.5929e-01],
        ...,
        [-6.1729e-01, -2.8913e-01, -9.9487e-02,  ...,  1.7512e-01,
          8.5660e-01,  1.3944e-01],
        [-4.2442e-01, -1.9634e-01, -1.9842e-02,  ..., -3.5685e-01,
          8.7068e-01,  6.0486e-01],
        [ 1.1858e+00,  4.1393e-01,  5.2245e-01,  ..., -7.6254e-01,
         -2.7884e-01,  1.1332e+00]], grad_fn=<SliceBackward0>)
[2023-10-24 16:08:15,923][root][INFO] - Step 0 @ 0.0 SPS. Inference batcher size: 0. Learner queue size: 32. Other stats: (train_seconds = 15.0)
