[2023-10-22 14:44:40,937][root][INFO] - name: null
wandb: false
project: skillhack
entity: your_entity_name
group: default
state_dict_path: none
foc_options_path: none
foc_options_config_path: none
teacher_path: none
teacher_config_path: none
ks_max_lambda: 10
ks_max_time: 20000000.0
ks_min_lambda_prop: 0.1
train_with_all_skills: false
penalty_per_step: 0.01
hks_max_uniform_weight: 1000
hks_min_uniform_prop: 0.05
hks_max_uniform_time: 20000000.0
tasks_json: tasks
mock: false
single_ttyrec: true
num_seeds: 0
write_profiler_trace: false
relative_reward: false
fn_penalty_step: constant
penalty_time: 0.0
penalty_step: -0.001
reward_lose: 0
reward_win: 1
character: null
save_tty: false
mode: train
env: HalfCheetahv4
obs_keys: glyphs,chars,colors,specials,blstats,message
num_actors: 256
total_steps: 10000000.0
batch_size: 32
unroll_length: 80
num_learner_threads: 1
num_inference_threads: 1
disable_cuda: false
learner_device: cuda:0
actor_device: cuda:0
max_learner_queue_size: null
model: HalfCheetah
use_lstm: false
hidden_dim: 256
embedding_dim: 64
glyph_type: all_cat
equalize_input_dim: false
equalize_factor: 2
layers: 5
crop_model: cnn
crop_dim: 9
use_index_select: true
entropy_cost: 0.001
baseline_cost: 0.5
discounting: 0.999
reward_clipping: none
normalize_reward: true
learning_rate: 0.0002
grad_norm_clipping: 40
alpha: 0.99
momentum: 0
epsilon: 1.0e-06
state_counter: none
no_extrinsic: false
int:
  twoheaded: true
  input: full
  intrinsic_weight: 0.1
  discounting: 0.99
  baseline_cost: 0.5
  episodic: true
  reward_clipping: none
  normalize_reward: true
ride:
  count_norm: true
  forward_cost: 1
  inverse_cost: 0.1
  hidden_dim: 128
rnd:
  forward_cost: 0.01
msg:
  model: none
  hidden_dim: 64
  embedding_dim: 32

[2023-10-22 14:44:40,951][root][INFO] - Symlinked log directory: /opt/project/latest
[2023-10-22 14:44:40,952][root][INFO] - Creating archive directory: /opt/project/outputs/2023-10-22/14-44-40/archives
[2023-10-22 14:44:40,956][root][INFO] - Logging results to /opt/project/outputs/2023-10-22/14-44-40
[2023-10-22 14:44:40,985][palaas/out][INFO] - Found log directory: /opt/project/outputs/2023-10-22/14-44-40
[2023-10-22 14:44:40,985][palaas/out][INFO] - Saving arguments to /opt/project/outputs/2023-10-22/14-44-40/meta.json
[2023-10-22 14:44:40,985][palaas/out][INFO] - Saving messages to /opt/project/outputs/2023-10-22/14-44-40/out.log
[2023-10-22 14:44:40,985][palaas/out][INFO] - Saving logs data to /opt/project/outputs/2023-10-22/14-44-40/logs.csv
[2023-10-22 14:44:40,986][palaas/out][INFO] - Saving logs' fields to /opt/project/outputs/2023-10-22/14-44-40/fields.csv
[2023-10-22 14:44:40,986][root][INFO] - Not using CUDA.
[2023-10-22 14:44:40,992][root][INFO] - Using model HalfCheetah
[2023-10-22 14:44:41,577][root][INFO] - Number of model parameters: 11085
[2023-10-22 14:44:41,583][root][INFO] - ()
[2023-10-22 14:44:41,584][root][INFO] - After actor pool
[2023-10-22 14:44:41,877][root][INFO] - <All keys matched successfully>
[2023-10-22 14:44:41,878][root][INFO] - The model states is ()
[2023-10-22 14:44:46,881][root][INFO] - Step 0 @ 0.0 SPS. Inference batcher size: 0. Learner queue size: 0. Other stats: (train_seconds = 5.0)
[2023-10-22 14:44:51,888][root][INFO] - Step 0 @ 0.0 SPS. Inference batcher size: 0. Learner queue size: 1. Other stats: (train_seconds = 10.0)
[2023-10-22 14:44:56,892][root][INFO] - Step 0 @ 0.0 SPS. Inference batcher size: 8. Learner queue size: 3. Other stats: (train_seconds = 15.0)
[2023-10-22 14:45:01,897][root][INFO] - Step 0 @ 0.0 SPS. Inference batcher size: 68. Learner queue size: 3. Other stats: (train_seconds = 20.0)
[2023-10-22 14:45:06,900][root][INFO] - Step 0 @ 0.0 SPS. Inference batcher size: 133. Learner queue size: 3. Other stats: (train_seconds = 25.0)
[2023-10-22 14:45:11,905][root][INFO] - Step 0 @ 0.0 SPS. Inference batcher size: 197. Learner queue size: 3. Other stats: (train_seconds = 30.0)
[2023-10-22 14:45:16,908][root][INFO] - Step 0 @ 0.0 SPS. Inference batcher size: 247. Learner queue size: 3. Other stats: (train_seconds = 35.0)
[2023-10-22 14:45:21,912][root][INFO] - Step 0 @ 0.0 SPS. Inference batcher size: 254. Learner queue size: 3. Other stats: (train_seconds = 40.0)
[2023-10-22 14:45:26,916][root][INFO] - Step 0 @ 0.0 SPS. Inference batcher size: 254. Learner queue size: 3. Other stats: (train_seconds = 45.0)
[2023-10-22 14:45:31,920][root][INFO] - Step 0 @ 0.0 SPS. Inference batcher size: 254. Learner queue size: 3. Other stats: (train_seconds = 50.0)
[2023-10-22 14:45:36,925][root][INFO] - Step 0 @ 0.0 SPS. Inference batcher size: 254. Learner queue size: 3. Other stats: (train_seconds = 55.0)
[2023-10-22 14:45:41,931][root][INFO] - Step 0 @ 0.0 SPS. Inference batcher size: 254. Learner queue size: 3. Other stats: (train_seconds = 60.1)
[2023-10-22 14:45:46,936][root][INFO] - Step 0 @ 0.0 SPS. Inference batcher size: 254. Learner queue size: 3. Other stats: (train_seconds = 65.1)
[2023-10-22 14:45:51,942][root][INFO] - Step 0 @ 0.0 SPS. Inference batcher size: 254. Learner queue size: 3. Other stats: (train_seconds = 70.1)
[2023-10-22 14:45:56,947][root][INFO] - Step 0 @ 0.0 SPS. Inference batcher size: 254. Learner queue size: 3. Other stats: (train_seconds = 75.1)
[2023-10-22 14:46:01,953][root][INFO] - Step 0 @ 0.0 SPS. Inference batcher size: 254. Learner queue size: 3. Other stats: (train_seconds = 80.1)
[2023-10-22 14:46:06,957][root][INFO] - Step 0 @ 0.0 SPS. Inference batcher size: 254. Learner queue size: 3. Other stats: (train_seconds = 85.1)
[2023-10-22 14:46:11,962][root][INFO] - Step 0 @ 0.0 SPS. Inference batcher size: 254. Learner queue size: 3. Other stats: (train_seconds = 90.1)
[2023-10-22 14:46:16,968][root][INFO] - Step 0 @ 0.0 SPS. Inference batcher size: 254. Learner queue size: 3. Other stats: (train_seconds = 95.1)
[2023-10-22 14:46:21,972][root][INFO] - Step 0 @ 0.0 SPS. Inference batcher size: 254. Learner queue size: 3. Other stats: (train_seconds = 100.1)
[2023-10-22 14:46:26,977][root][INFO] - Step 0 @ 0.0 SPS. Inference batcher size: 254. Learner queue size: 3. Other stats: (train_seconds = 105.1)
[2023-10-22 14:46:31,980][root][INFO] - Step 0 @ 0.0 SPS. Inference batcher size: 254. Learner queue size: 3. Other stats: (train_seconds = 110.1)
[2023-10-22 14:46:36,985][root][INFO] - Step 0 @ 0.0 SPS. Inference batcher size: 254. Learner queue size: 3. Other stats: (train_seconds = 115.1)
[2023-10-22 14:46:41,986][root][INFO] - Step 0 @ 0.0 SPS. Inference batcher size: 254. Learner queue size: 3. Other stats: (train_seconds = 120.1)
[2023-10-22 14:46:46,988][root][INFO] - Step 0 @ 0.0 SPS. Inference batcher size: 254. Learner queue size: 3. Other stats: (train_seconds = 125.1)
[2023-10-22 14:46:51,992][root][INFO] - Step 0 @ 0.0 SPS. Inference batcher size: 254. Learner queue size: 3. Other stats: (train_seconds = 130.1)
