[2023-10-21 17:29:16,472][root][INFO] - name: null
wandb: false
project: skillhack
entity: your_entity_name
group: default
state_dict_path: none
foc_options_path: none
foc_options_config_path: none
teacher_path: none
teacher_config_path: none
ks_max_lambda: 10
ks_max_time: 20000000.0
ks_min_lambda_prop: 0.1
train_with_all_skills: false
penalty_per_step: 0.01
hks_max_uniform_weight: 1000
hks_min_uniform_prop: 0.05
hks_max_uniform_time: 20000000.0
tasks_json: tasks
mock: false
single_ttyrec: true
num_seeds: 0
write_profiler_trace: false
relative_reward: false
fn_penalty_step: constant
penalty_time: 0.0
penalty_step: -0.001
reward_lose: 0
reward_win: 1
character: null
save_tty: false
mode: train
env: HalfCheetahv4
obs_keys: glyphs,chars,colors,specials,blstats,message
num_actors: 256
total_steps: 10000000.0
batch_size: 32
unroll_length: 80
num_learner_threads: 1
num_inference_threads: 1
disable_cuda: false
learner_device: cuda:0
actor_device: cuda:0
max_learner_queue_size: null
model: HalfCheetah
use_lstm: false
hidden_dim: 256
embedding_dim: 64
glyph_type: all_cat
equalize_input_dim: false
equalize_factor: 2
layers: 5
crop_model: cnn
crop_dim: 9
use_index_select: true
entropy_cost: 0.001
baseline_cost: 0.5
discounting: 0.999
reward_clipping: none
normalize_reward: true
learning_rate: 0.0002
grad_norm_clipping: 40
alpha: 0.99
momentum: 0
epsilon: 1.0e-06
state_counter: none
no_extrinsic: false
int:
  twoheaded: true
  input: full
  intrinsic_weight: 0.1
  discounting: 0.99
  baseline_cost: 0.5
  episodic: true
  reward_clipping: none
  normalize_reward: true
ride:
  count_norm: true
  forward_cost: 1
  inverse_cost: 0.1
  hidden_dim: 128
rnd:
  forward_cost: 0.01
msg:
  model: none
  hidden_dim: 64
  embedding_dim: 32

[2023-10-21 17:29:16,489][root][INFO] - Symlinked log directory: /opt/project/latest
[2023-10-21 17:29:16,489][root][INFO] - Creating archive directory: /opt/project/outputs/2023-10-21/17-29-16/archives
[2023-10-21 17:29:16,493][root][INFO] - Logging results to /opt/project/outputs/2023-10-21/17-29-16
[2023-10-21 17:29:16,535][palaas/out][INFO] - Found log directory: /opt/project/outputs/2023-10-21/17-29-16
[2023-10-21 17:29:16,535][palaas/out][INFO] - Saving arguments to /opt/project/outputs/2023-10-21/17-29-16/meta.json
[2023-10-21 17:29:16,536][palaas/out][INFO] - Saving messages to /opt/project/outputs/2023-10-21/17-29-16/out.log
[2023-10-21 17:29:16,536][palaas/out][INFO] - Saving logs data to /opt/project/outputs/2023-10-21/17-29-16/logs.csv
[2023-10-21 17:29:16,536][palaas/out][INFO] - Saving logs' fields to /opt/project/outputs/2023-10-21/17-29-16/fields.csv
[2023-10-21 17:29:16,537][root][INFO] - Not using CUDA.
[2023-10-21 17:29:16,543][root][INFO] - Using model HalfCheetah
[2023-10-21 17:29:17,031][root][INFO] - Number of model parameters: 11085
[2023-10-21 17:29:17,035][root][INFO] - ()
[2023-10-21 17:29:17,036][root][INFO] - After actor pool
[2023-10-21 17:29:17,310][root][INFO] - <All keys matched successfully>
[2023-10-21 17:29:17,311][root][INFO] - The model states is ()
[2023-10-21 17:29:18,879][root][INFO] - The batch batch(tensor([[[-0.0125, -0.0167,  0.0422, -0.0520, -0.0999,  0.0170, -0.0386,
           0.0611, -0.0761,  0.1017, -0.0502, -0.1338, -0.0551,  0.0674,
           0.1293, -0.1242,  0.2420]]], dtype=torch.float64), tensor([[0.]]), tensor([[True]]), tensor([[0]], dtype=torch.int32), tensor([[0.]])) 
[2023-10-21 17:29:18,881][root][CRITICAL] - Baseline shape is torch.Size([1, 1])
[2023-10-21 17:29:18,881][root][CRITICAL] - Action shape is torch.Size([1, 1, 6])
[2023-10-21 17:29:18,881][root][CRITICAL] - policy shape is torch.Size([1, 1, 6])
[2023-10-21 17:29:18,883][root][INFO] - The batch batch(tensor([[[-0.0125, -0.0167,  0.0422, -0.0520, -0.0999,  0.0170, -0.0386,
           0.0611, -0.0761,  0.1017, -0.0502, -0.1338, -0.0551,  0.0674,
           0.1293, -0.1242,  0.2420]]], dtype=torch.float64), tensor([[0.]]), tensor([[True]]), tensor([[0]], dtype=torch.int32), tensor([[0.]])) 
[2023-10-21 17:29:18,883][root][CRITICAL] - Baseline shape is torch.Size([1, 1])
[2023-10-21 17:29:18,884][root][CRITICAL] - Action shape is torch.Size([1, 1, 6])
[2023-10-21 17:29:18,884][root][CRITICAL] - policy shape is torch.Size([1, 1, 6])
[2023-10-21 17:29:18,902][root][INFO] - The batch batch(tensor([[[-0.0129,  0.0080,  0.2019, -0.3563, -0.0530,  0.0111, -0.1880,
           0.2013,  0.0958, -0.2158,  0.5004,  3.7600, -6.6215,  1.1982,
          -0.4907, -3.6835,  3.6391]]], dtype=torch.float64), tensor([[-0.0660]]), tensor([[False]]), tensor([[1]], dtype=torch.int32), tensor([[-0.0660]])) 
[2023-10-21 17:29:18,903][root][CRITICAL] - Baseline shape is torch.Size([1, 1])
[2023-10-21 17:29:18,904][root][CRITICAL] - Action shape is torch.Size([1, 1, 6])
[2023-10-21 17:29:18,904][root][CRITICAL] - policy shape is torch.Size([1, 1, 6])
[2023-10-21 17:29:18,906][root][INFO] - The batch batch(tensor([[[-0.0647, -0.0701,  0.0732,  0.2667, -0.3194, -0.0997,  0.1244,
           0.3190, -0.3337, -1.4078, -2.1624, -3.4549, 16.5320, -6.6208,
          -2.2971,  9.5447,  1.4340]]], dtype=torch.float64), tensor([[-0.5775]]), tensor([[False]]), tensor([[2]], dtype=torch.int32), tensor([[-0.6435]])) 
[2023-10-21 17:29:18,907][root][CRITICAL] - Baseline shape is torch.Size([1, 1])
[2023-10-21 17:29:18,907][root][CRITICAL] - Action shape is torch.Size([1, 1, 6])
[2023-10-21 17:29:18,907][root][CRITICAL] - policy shape is torch.Size([1, 1, 6])
[2023-10-21 17:29:18,913][root][INFO] - The batch batch(tensor([[[-1.2369e-01, -1.0304e-01,  4.2554e-03,  2.9266e-01,  1.8107e-01,
           2.2275e-01,  2.1384e-01, -4.0602e-02,  5.4589e-01, -9.5872e-01,
          -3.3473e-01, -4.2701e-01, -6.9270e+00,  1.4926e+01,  9.9511e+00,
          -4.8703e+00, -1.2873e+01]]], dtype=torch.float64), tensor([[0.0941]]), tensor([[False]]), tensor([[3]], dtype=torch.int32), tensor([[-0.5494]])) 
[2023-10-21 17:29:18,914][root][CRITICAL] - Baseline shape is torch.Size([1, 1])
[2023-10-21 17:29:18,915][root][CRITICAL] - Action shape is torch.Size([1, 1, 6])
[2023-10-21 17:29:18,915][root][CRITICAL] - policy shape is torch.Size([1, 1, 6])
[2023-10-21 17:29:18,922][root][INFO] - The batch batch(tensor([[[-1.1661e-01,  5.4114e-02,  1.1464e-01, -9.3129e-03,  7.7647e-02,
           4.4786e-01, -1.3125e-03, -4.9016e-01,  8.3852e-01,  2.3836e-01,
           3.7190e+00,  4.1016e+00, -1.0171e+01, -5.8453e+00,  6.3600e-01,
          -3.0193e+00, -5.3961e+00]]], dtype=torch.float64), tensor([[0.8561]]), tensor([[False]]), tensor([[4]], dtype=torch.int32), tensor([[0.3067]])) 
[2023-10-21 17:29:18,922][root][CRITICAL] - Baseline shape is torch.Size([1, 1])
[2023-10-21 17:29:18,923][root][CRITICAL] - Action shape is torch.Size([1, 1, 6])
[2023-10-21 17:29:18,923][root][CRITICAL] - policy shape is torch.Size([1, 1, 6])
[2023-10-21 17:29:18,953][root][INFO] - The batch batch(tensor([[[-0.1521,  0.1185,  0.3705,  0.1579, -0.3375,  0.5985, -0.0615,
          -0.5320,  1.0142, -0.9839, -0.2025,  6.0156,  9.2399, -6.3568,
           4.8371, -2.7019, -1.3365]]], dtype=torch.float64), tensor([[0.0987]]), tensor([[False]]), tensor([[5]], dtype=torch.int32), tensor([[0.4054]])) 
[2023-10-21 17:29:18,954][root][CRITICAL] - Baseline shape is torch.Size([1, 1])
[2023-10-21 17:29:18,954][root][CRITICAL] - Action shape is torch.Size([1, 1, 6])
[2023-10-21 17:29:18,954][root][CRITICAL] - policy shape is torch.Size([1, 1, 6])
[2023-10-21 17:29:18,985][root][INFO] - The batch batch(tensor([[[-0.1743,  0.1406,  0.2225,  0.6286, -0.0937,  0.7265, -0.4503,
          -0.0880, -0.3069,  0.2567,  0.5155, -7.1643,  6.4898,  8.2128,
          -0.4038, -7.5272, 12.8618]]], dtype=torch.float64), tensor([[-0.7329]]), tensor([[False]]), tensor([[6]], dtype=torch.int32), tensor([[-0.3275]])) 
[2023-10-21 17:29:18,986][root][CRITICAL] - Baseline shape is torch.Size([1, 1])
[2023-10-21 17:29:18,986][root][CRITICAL] - Action shape is torch.Size([1, 1, 6])
[2023-10-21 17:29:18,987][root][CRITICAL] - policy shape is torch.Size([1, 1, 6])
[2023-10-21 17:29:18,997][root][INFO] - The batch batch(tensor([[[ -0.0950,   0.1535,  -0.0972,   0.2895,  -0.2167,   0.4188,  -0.3094,
            0.3205,  -0.2647,   2.0974,  -0.1581,  -4.5547, -12.4435,  -6.8607,
           -8.4692,   8.0186,   5.2158]]], dtype=torch.float64), tensor([[-0.3983]]), tensor([[False]]), tensor([[7]], dtype=torch.int32), tensor([[-0.7258]])) 
[2023-10-21 17:29:18,998][root][CRITICAL] - Baseline shape is torch.Size([1, 1])
[2023-10-21 17:29:18,999][root][CRITICAL] - Action shape is torch.Size([1, 1, 6])
[2023-10-21 17:29:18,999][root][CRITICAL] - policy shape is torch.Size([1, 1, 6])
[2023-10-21 17:29:19,057][root][INFO] - The batch batch(tensor([[[ -0.0207,   0.1655,  -0.3498,  -0.5432,   0.1144,   0.1370,  -0.1593,
            0.3727,  -0.8104,   0.7518,  -0.3913,  -5.0651, -13.7090,  10.6754,
           -2.7673,  -0.3000,  -1.5443]]], dtype=torch.float64), tensor([[-1.0697]]), tensor([[False]]), tensor([[8]], dtype=torch.int32), tensor([[-1.7954]])) 
[2023-10-21 17:29:19,058][root][CRITICAL] - Baseline shape is torch.Size([1, 1])
[2023-10-21 17:29:19,059][root][CRITICAL] - Action shape is torch.Size([1, 1, 6])
[2023-10-21 17:29:19,059][root][CRITICAL] - policy shape is torch.Size([1, 1, 6])
[2023-10-21 17:29:19,061][root][INFO] - The batch batch(tensor([[[-2.0837e-03,  1.0605e-01, -2.4456e-01, -7.8971e-01, -2.5478e-01,
          -2.4137e-01, -1.7914e-01,  1.8130e-01,  5.2306e-02,  1.2107e-01,
          -1.3160e+00,  4.6693e+00,  1.7226e+00, -1.3624e+01, -9.5347e+00,
          -1.2809e+00, -4.7540e+00]]], dtype=torch.float64), tensor([[-1.8102]]), tensor([[False]]), tensor([[9]], dtype=torch.int32), tensor([[-3.6057]])) 
[2023-10-21 17:29:19,062][root][CRITICAL] - Baseline shape is torch.Size([1, 1])
[2023-10-21 17:29:19,132][root][CRITICAL] - Action shape is torch.Size([1, 1, 6])
[2023-10-21 17:29:19,132][root][CRITICAL] - policy shape is torch.Size([1, 1, 6])
[2023-10-21 17:29:19,135][root][INFO] - The batch batch(tensor([[[ -0.0297,   0.0553,  -0.0660,  -0.4089,  -0.4322,  -0.7303,  -0.3444,
           -0.3018,   0.5538,  -0.9442,  -0.9466,   4.1477,   8.4866,   2.0541,
           -8.9266,  -4.4273, -10.9279]]], dtype=torch.float64), tensor([[-0.6938]]), tensor([[False]]), tensor([[10]], dtype=torch.int32), tensor([[-4.2994]])) 
[2023-10-21 17:29:19,136][root][CRITICAL] - Baseline shape is torch.Size([1, 1])
[2023-10-21 17:29:19,136][root][CRITICAL] - Action shape is torch.Size([1, 1, 6])
[2023-10-21 17:29:19,136][root][CRITICAL] - policy shape is torch.Size([1, 1, 6])
[2023-10-21 17:29:19,138][root][INFO] - The batch batch(tensor([[[-7.0373e-02, -4.2980e-02,  9.8585e-03, -9.4462e-02, -3.0816e-01,
          -4.0872e-01, -7.2953e-01, -1.9317e-01,  8.8718e-01, -1.9355e-01,
          -1.0591e+00, -7.6599e-01,  6.6209e+00, -2.7604e+00,  1.3071e+01,
          -6.9969e+00,  8.7780e+00]]], dtype=torch.float64), tensor([[-0.7988]]), tensor([[False]]), tensor([[11]], dtype=torch.int32), tensor([[-5.0983]])) 
[2023-10-21 17:29:19,201][root][CRITICAL] - Baseline shape is torch.Size([1, 1])
[2023-10-21 17:29:19,201][root][CRITICAL] - Action shape is torch.Size([1, 1, 6])
[2023-10-21 17:29:19,201][root][CRITICAL] - policy shape is torch.Size([1, 1, 6])
[2023-10-21 17:29:19,203][root][INFO] - The batch batch(tensor([[[-0.0665, -0.0602,  0.0616,  0.0190, -0.1825,  0.3187, -0.6092,
           0.2728,  1.3436,  0.1615,  0.5090,  1.3683, -0.2880,  4.3266,
          11.7759,  8.2083,  8.5958]]], dtype=torch.float64), tensor([[1.1013]]), tensor([[False]]), tensor([[12]], dtype=torch.int32), tensor([[-3.9970]])) 
[2023-10-21 17:29:19,205][root][CRITICAL] - Baseline shape is torch.Size([1, 1])
[2023-10-21 17:29:19,205][root][CRITICAL] - Action shape is torch.Size([1, 1, 6])
[2023-10-21 17:29:19,260][root][CRITICAL] - policy shape is torch.Size([1, 1, 6])
[2023-10-21 17:29:19,265][root][INFO] - The batch batch(tensor([[[-0.0634,  0.0727, -0.0582, -0.2777, -0.1134,  0.4690, -0.1980,
           0.1654,  0.1881, -0.0968,  3.5104, -4.3043, -7.9069, -0.4850,
          -0.8458,  5.8195, -7.5457]]], dtype=torch.float64), tensor([[0.3049]]), tensor([[False]]), tensor([[13]], dtype=torch.int32), tensor([[-3.6921]])) 
[2023-10-21 17:29:19,266][root][CRITICAL] - Baseline shape is torch.Size([1, 1])
[2023-10-21 17:29:19,266][root][CRITICAL] - Action shape is torch.Size([1, 1, 6])
[2023-10-21 17:29:19,266][root][CRITICAL] - policy shape is torch.Size([1, 1, 6])
[2023-10-21 17:29:19,278][root][INFO] - The batch batch(tensor([[[-0.0393,  0.1806,  0.0622, -0.7520, -0.2551,  0.2216, -0.0079,
           0.1227,  0.2897,  1.0976,  0.3019,  4.8190, -6.3480, -2.8925,
          -1.9557, -0.6104,  2.9583]]], dtype=torch.float64), tensor([[-0.0790]]), tensor([[False]]), tensor([[14]], dtype=torch.int32), tensor([[-3.7711]])) 
[2023-10-21 17:29:19,279][root][CRITICAL] - Baseline shape is torch.Size([1, 1])
[2023-10-21 17:29:19,279][root][CRITICAL] - Action shape is torch.Size([1, 1, 6])
[2023-10-21 17:29:19,279][root][CRITICAL] - policy shape is torch.Size([1, 1, 6])
[2023-10-21 17:29:19,281][root][INFO] - The batch batch(tensor([[[ 5.9892e-04,  1.4764e-01,  8.8126e-02, -3.2178e-01, -4.5095e-01,
          -1.2321e-01, -8.0553e-02,  1.6862e-01, -5.2449e-01,  4.9885e-01,
          -5.6344e-01, -1.2206e-01,  1.2250e+01,  2.0915e-01, -1.0646e+01,
          -2.5736e+00, -1.5083e+00]]], dtype=torch.float64), tensor([[-0.6487]]), tensor([[False]]), tensor([[15]], dtype=torch.int32), tensor([[-4.4198]])) 
[2023-10-21 17:29:19,349][root][CRITICAL] - Baseline shape is torch.Size([1, 1])
[2023-10-21 17:29:19,349][root][CRITICAL] - Action shape is torch.Size([1, 1, 6])
[2023-10-21 17:29:19,349][root][CRITICAL] - policy shape is torch.Size([1, 1, 6])
[2023-10-21 17:29:19,361][root][INFO] - The batch batch(tensor([[[-1.9819e-03,  1.7165e-01, -4.0317e-02,  1.2433e-01,  3.3106e-01,
          -6.2605e-01, -4.0102e-01,  1.1705e-02, -4.3818e-01, -3.2849e-01,
           8.6534e-01, -2.4226e+00,  4.5959e+00,  1.8385e+01, -8.5568e+00,
          -7.4841e+00, -3.8673e+00]]], dtype=torch.float64), tensor([[-0.9760]]), tensor([[False]]), tensor([[16]], dtype=torch.int32), tensor([[-5.3958]])) 
[2023-10-21 17:29:19,372][root][CRITICAL] - Baseline shape is torch.Size([1, 1])
[2023-10-21 17:29:19,373][root][CRITICAL] - Action shape is torch.Size([1, 1, 6])
[2023-10-21 17:29:19,373][root][CRITICAL] - policy shape is torch.Size([1, 1, 6])
[2023-10-21 17:29:19,375][root][INFO] - The batch batch(tensor([[[-4.7976e-03,  2.4087e-01,  1.0928e-01, -2.2850e-01,  6.2563e-01,
          -9.5665e-01, -5.1006e-01, -2.1916e-01,  1.8853e-01, -1.9657e-02,
           1.1524e+00,  4.3694e+00, -9.8976e+00, -1.7370e+00, -3.5855e+00,
           5.8212e-01, -4.2816e+00]]], dtype=torch.float64), tensor([[-0.7532]]), tensor([[False]]), tensor([[17]], dtype=torch.int32), tensor([[-6.1489]])) 
[2023-10-21 17:29:19,376][root][CRITICAL] - Baseline shape is torch.Size([1, 1])
[2023-10-21 17:29:19,377][root][CRITICAL] - Action shape is torch.Size([1, 1, 6])
[2023-10-21 17:29:19,377][root][CRITICAL] - policy shape is torch.Size([1, 1, 6])
[2023-10-21 17:29:19,379][root][INFO] - The batch batch(tensor([[[ -0.0270,   0.1709,   0.2595,  -0.1315,   0.1200,  -0.9253,   0.1117,
           -0.2554,   0.0808,  -0.7071,  -2.4900,   2.4459,   6.7563, -10.6578,
            2.4335,  16.3894,   2.1264]]], dtype=torch.float64), tensor([[-0.3595]]), tensor([[False]]), tensor([[18]], dtype=torch.int32), tensor([[-6.5084]])) 
[2023-10-21 17:29:19,429][root][CRITICAL] - Baseline shape is torch.Size([1, 1])
[2023-10-21 17:29:19,429][root][CRITICAL] - Action shape is torch.Size([1, 1, 6])
[2023-10-21 17:29:19,433][root][CRITICAL] - policy shape is torch.Size([1, 1, 6])
[2023-10-21 17:29:19,445][root][INFO] - The batch batch(tensor([[[-0.0779,  0.0295,  0.6734, -0.2562, -0.4954,  0.0407,  0.2239,
          -0.3405,  1.8361, -1.5567, -1.7985,  7.1480, -5.9927, -9.1132,
          23.9387, -2.5138, -3.0628]]], dtype=torch.float64), tensor([[1.0176]]), tensor([[False]]), tensor([[19]], dtype=torch.int32), tensor([[-5.4908]])) 
[2023-10-21 17:29:19,446][root][CRITICAL] - Baseline shape is torch.Size([1, 1])
[2023-10-21 17:29:19,446][root][CRITICAL] - Action shape is torch.Size([1, 1, 6])
[2023-10-21 17:29:19,447][root][CRITICAL] - policy shape is torch.Size([1, 1, 6])
[2023-10-21 17:29:19,449][root][INFO] - The batch batch(tensor([[[ -0.1730,   0.0163,   0.2138,   0.1663,  -0.4277,   0.7657,   0.1514,
           -0.2267,  -0.9427,  -1.6225,  -0.1565, -14.7485,  10.2923,   1.1285,
            0.1838,   7.0203,   7.5473]]], dtype=torch.float64), tensor([[-0.0774]]), tensor([[False]]), tensor([[20]], dtype=torch.int32), tensor([[-5.5682]])) 
[2023-10-21 17:29:19,450][root][CRITICAL] - Baseline shape is torch.Size([1, 1])
[2023-10-21 17:29:19,450][root][CRITICAL] - Action shape is torch.Size([1, 1, 6])
[2023-10-21 17:29:19,450][root][CRITICAL] - policy shape is torch.Size([1, 1, 6])
[2023-10-21 17:29:19,452][root][INFO] - The batch batch(tensor([[[-0.2315,  0.0665, -0.1886,  0.4917,  0.0240,  0.5496,  0.6293,
           0.4103, -0.0305, -0.9490,  1.9558, -2.8198,  0.1361, 11.4444,
          -5.1841,  7.9710, 13.4720]]], dtype=torch.float64), tensor([[-1.0888]]), tensor([[False]]), tensor([[21]], dtype=torch.int32), tensor([[-6.6570]])) 
[2023-10-21 17:29:19,453][root][CRITICAL] - Baseline shape is torch.Size([1, 1])
[2023-10-21 17:29:19,453][root][CRITICAL] - Action shape is torch.Size([1, 1, 6])
[2023-10-21 17:29:19,453][root][CRITICAL] - policy shape is torch.Size([1, 1, 6])
[2023-10-21 17:29:19,461][root][INFO] - The batch batch(tensor([[[-2.4048e-01,  3.4757e-01, -1.0092e-01, -1.3348e-01,  2.0252e-01,
           7.8395e-01,  3.5799e-02,  4.3041e-01,  8.4761e-01,  1.8639e-03,
           6.8466e+00,  3.6258e+00, -1.6861e+01,  5.4722e-01,  8.5417e+00,
          -1.6344e+01, -6.2811e+00]]], dtype=torch.float64), tensor([[-0.2084]]), tensor([[False]]), tensor([[22]], dtype=torch.int32), tensor([[-6.8654]])) 
[2023-10-21 17:29:19,463][root][CRITICAL] - Baseline shape is torch.Size([1, 1])
[2023-10-21 17:29:19,463][root][CRITICAL] - Action shape is torch.Size([1, 1, 6])
[2023-10-21 17:29:19,463][root][CRITICAL] - policy shape is torch.Size([1, 1, 6])
[2023-10-21 17:29:19,469][root][INFO] - The batch batch(tensor([[[-2.4025e-01,  4.8539e-01,  1.9453e-01, -1.0997e-01, -4.0236e-02,
           6.8858e-01,  3.7838e-01, -3.7465e-03,  1.2951e+00, -4.4591e-01,
           9.4934e-01,  6.6347e+00,  9.6711e+00, -5.3025e+00, -2.6364e+00,
           1.1099e+01, -1.1548e+01]]], dtype=torch.float64), tensor([[0.1276]]), tensor([[False]]), tensor([[23]], dtype=torch.int32), tensor([[-6.7378]])) 
[2023-10-21 17:29:19,470][root][CRITICAL] - Baseline shape is torch.Size([1, 1])
[2023-10-21 17:29:19,471][root][CRITICAL] - Action shape is torch.Size([1, 1, 6])
[2023-10-21 17:29:19,471][root][CRITICAL] - policy shape is torch.Size([1, 1, 6])
[2023-10-21 17:29:19,473][root][INFO] - The batch batch(tensor([[[-0.2445,  0.5242,  0.4346,  0.5010, -0.3441,  0.4417,  0.9653,
          -0.3595,  0.5363,  0.2824,  1.8489,  2.6134,  9.9382, -4.5231,
          -1.2305,  0.9269, -1.4969]]], dtype=torch.float64), tensor([[0.0289]]), tensor([[False]]), tensor([[24]], dtype=torch.int32), tensor([[-6.7089]])) 
[2023-10-21 17:29:19,474][root][CRITICAL] - Baseline shape is torch.Size([1, 1])
[2023-10-21 17:29:19,474][root][CRITICAL] - Action shape is torch.Size([1, 1, 6])
[2023-10-21 17:29:19,474][root][CRITICAL] - policy shape is torch.Size([1, 1, 6])
[2023-10-21 17:29:19,476][root][INFO] - The batch batch(tensor([[[-0.1870,  0.7089,  0.5032,  0.3054, -0.4232,  0.3246,  0.7346,
           0.0442,  1.2985,  1.6248,  4.4849, -0.2187, -9.5639,  0.5248,
          -3.5459, -6.1920, 11.7160]]], dtype=torch.float64), tensor([[0.5110]]), tensor([[False]]), tensor([[25]], dtype=torch.int32), tensor([[-6.1980]])) 
[2023-10-21 17:29:19,477][root][CRITICAL] - Baseline shape is torch.Size([1, 1])
[2023-10-21 17:29:19,477][root][CRITICAL] - Action shape is torch.Size([1, 1, 6])
[2023-10-21 17:29:19,477][root][CRITICAL] - policy shape is torch.Size([1, 1, 6])
[2023-10-21 17:29:19,529][root][INFO] - The batch batch(tensor([[[-9.1149e-02,  9.4329e-01,  1.0865e-02,  3.0027e-01,  6.8344e-02,
           1.5972e-01,  3.0359e-01,  6.0167e-01,  6.0065e-01,  1.8180e+00,
           4.4533e+00, -1.1891e+01,  3.6142e+00,  1.0665e+01, -1.9944e+00,
          -6.5835e+00, -6.5005e-01]]], dtype=torch.float64), tensor([[0.1987]]), tensor([[False]]), tensor([[26]], dtype=torch.int32), tensor([[-5.9993]])) 
[2023-10-21 17:29:19,530][root][CRITICAL] - Baseline shape is torch.Size([1, 1])
[2023-10-21 17:29:19,530][root][CRITICAL] - Action shape is torch.Size([1, 1, 6])
[2023-10-21 17:29:19,531][root][CRITICAL] - policy shape is torch.Size([1, 1, 6])
[2023-10-21 17:29:19,533][root][INFO] - The batch batch(tensor([[[-0.0660,  1.1771,  0.1037,  0.0272,  0.3162,  0.4357, -0.2418,
           0.2536,  1.4306, -0.1968,  4.4159,  7.7133, -7.7451,  1.1857,
           7.8504, -9.3651, -9.3548]]], dtype=torch.float64), tensor([[0.3435]]), tensor([[False]]), tensor([[27]], dtype=torch.int32), tensor([[-5.6558]])) 
[2023-10-21 17:29:19,593][root][CRITICAL] - Baseline shape is torch.Size([1, 1])
[2023-10-21 17:29:19,594][root][CRITICAL] - Action shape is torch.Size([1, 1, 6])
[2023-10-21 17:29:19,594][root][CRITICAL] - policy shape is torch.Size([1, 1, 6])
[2023-10-21 17:29:19,596][root][INFO] - The batch batch(tensor([[[ 6.7109e-03,  1.2996e+00,  7.3904e-02, -1.8621e-01, -1.5370e-01,
           2.2452e-01, -1.2313e-01,  7.8964e-02,  1.2786e+00,  2.0123e+00,
           2.1408e+00, -5.1014e+00, -3.0156e+00, -1.1934e+01, -8.8042e+00,
           5.9970e+00,  8.4394e-02]]], dtype=torch.float64), tensor([[1.1230]]), tensor([[False]]), tensor([[28]], dtype=torch.int32), tensor([[-4.5328]])) 
[2023-10-21 17:29:19,610][root][CRITICAL] - Baseline shape is torch.Size([1, 1])
[2023-10-21 17:29:19,615][root][CRITICAL] - Action shape is torch.Size([1, 1, 6])
[2023-10-21 17:29:19,619][root][CRITICAL] - policy shape is torch.Size([1, 1, 6])
[2023-10-21 17:29:19,639][root][INFO] - The batch batch(tensor([[[ 0.0736,  1.4119,  0.1488, -0.6364, -0.2747, -0.2430,  0.0884,
           0.3446,  1.4743,  0.8204,  2.0412,  3.9469, -8.2411,  2.8225,
          -7.8131,  1.5917,  7.1254]]], dtype=torch.float64), tensor([[0.9193]]), tensor([[False]]), tensor([[29]], dtype=torch.int32), tensor([[-3.6135]])) 
[2023-10-21 17:29:19,643][root][CRITICAL] - Baseline shape is torch.Size([1, 1])
[2023-10-21 17:29:19,644][root][CRITICAL] - Action shape is torch.Size([1, 1, 6])
[2023-10-21 17:29:19,644][root][CRITICAL] - policy shape is torch.Size([1, 1, 6])
[2023-10-21 17:29:19,646][root][INFO] - The batch batch(tensor([[[  0.1155,   1.4294,  -0.2837,   0.2759,  -0.3733,  -0.4366,   0.1464,
            0.5448,   0.0932,   0.6307,  -0.2342, -10.7112,  22.1060,  -3.5326,
           -0.7237,   0.6355,  -1.2959]]], dtype=torch.float64), tensor([[-0.2488]]), tensor([[False]]), tensor([[30]], dtype=torch.int32), tensor([[-3.8623]])) 
[2023-10-21 17:29:19,647][root][CRITICAL] - Baseline shape is torch.Size([1, 1])
[2023-10-21 17:29:19,647][root][CRITICAL] - Action shape is torch.Size([1, 1, 6])
[2023-10-21 17:29:19,648][root][CRITICAL] - policy shape is torch.Size([1, 1, 6])
[2023-10-21 17:29:19,673][root][INFO] - The batch batch(tensor([[[  0.0902,   1.5463,  -0.0960,   0.1163,  -0.3732,  -0.1985,  -0.3426,
            0.3351,   1.7152,  -1.0488,   3.3277,   8.9267, -13.1866,   2.0078,
            5.9705, -11.7404,  -5.2775]]], dtype=torch.float64), tensor([[0.9007]]), tensor([[False]]), tensor([[31]], dtype=torch.int32), tensor([[-2.9617]])) 
[2023-10-21 17:29:19,674][root][CRITICAL] - Baseline shape is torch.Size([1, 1])
[2023-10-21 17:29:19,674][root][CRITICAL] - Action shape is torch.Size([1, 1, 6])
[2023-10-21 17:29:19,674][root][CRITICAL] - policy shape is torch.Size([1, 1, 6])
[2023-10-21 17:29:19,676][root][INFO] - The batch batch(tensor([[[ 0.0633,  1.5761,  0.3728, -0.3011, -0.4299,  0.0335, -0.0547,
           0.1654,  0.8730,  0.0316, -0.8607,  7.4040, -2.9814,  0.0389,
           3.0979, 13.3892, -1.3162]]], dtype=torch.float64), tensor([[0.2251]]), tensor([[False]]), tensor([[32]], dtype=torch.int32), tensor([[-2.7366]])) 
[2023-10-21 17:29:19,705][root][CRITICAL] - Baseline shape is torch.Size([1, 1])
[2023-10-21 17:29:19,720][root][CRITICAL] - Action shape is torch.Size([1, 1, 6])
[2023-10-21 17:29:19,728][root][CRITICAL] - policy shape is torch.Size([1, 1, 6])
[2023-10-21 17:29:19,730][root][INFO] - The batch batch(tensor([[[  0.0877,   1.6196,   0.0497,  -0.1679,   0.2154,   0.4021,   0.0801,
            0.2274,   0.3090,   0.6928,   1.7888, -12.1755,   2.9291,  14.9585,
            9.2711,  -2.1312,   2.5885]]], dtype=torch.float64), tensor([[-0.1069]]), tensor([[False]]), tensor([[33]], dtype=torch.int32), tensor([[-2.8435]])) 
[2023-10-21 17:29:19,734][root][CRITICAL] - Baseline shape is torch.Size([1, 1])
[2023-10-21 17:29:19,736][root][CRITICAL] - Action shape is torch.Size([1, 1, 6])
[2023-10-21 17:29:19,743][root][CRITICAL] - policy shape is torch.Size([1, 1, 6])
[2023-10-21 17:29:19,745][root][INFO] - The batch batch(tensor([[[ 0.1415,  1.6962, -0.5237, -0.1205,  0.5995,  0.2372,  0.2298,
           0.1647,  0.8835,  1.0547,  1.5021, -8.6914, -1.4127,  1.5358,
          -9.2159,  3.6598, -3.3298]]], dtype=torch.float64), tensor([[0.4338]]), tensor([[False]]), tensor([[34]], dtype=torch.int32), tensor([[-2.4097]])) 
[2023-10-21 17:29:19,753][root][CRITICAL] - Baseline shape is torch.Size([1, 1])
[2023-10-21 17:29:19,753][root][CRITICAL] - Action shape is torch.Size([1, 1, 6])
[2023-10-21 17:29:19,756][root][CRITICAL] - policy shape is torch.Size([1, 1, 6])
[2023-10-21 17:29:19,766][root][INFO] - The batch batch(tensor([[[  0.1512,   1.8217,  -0.4621,  -0.3115,   0.0140,  -0.1610,  -0.1075,
           -0.0214,   0.9809,  -0.3324,   2.6955,   4.2409,  -2.1064, -13.8963,
           -7.3011, -11.0009,  -3.7242]]], dtype=torch.float64), tensor([[0.6372]]), tensor([[False]]), tensor([[35]], dtype=torch.int32), tensor([[-1.7725]])) 
[2023-10-21 17:29:19,773][root][CRITICAL] - Baseline shape is torch.Size([1, 1])
[2023-10-21 17:29:19,773][root][CRITICAL] - Action shape is torch.Size([1, 1, 6])
[2023-10-21 17:29:19,774][root][CRITICAL] - policy shape is torch.Size([1, 1, 6])
[2023-10-21 17:29:19,776][root][INFO] - The batch batch(tensor([[[ 0.0750,  1.8683, -0.1891,  0.0508, -0.2477, -0.0570, -0.6566,
          -0.4305,  0.0876, -2.0989, -0.1630,  7.1601, 10.0358,  1.0502,
           6.8061, -8.2641, -9.3730]]], dtype=torch.float64), tensor([[-0.1752]]), tensor([[False]]), tensor([[36]], dtype=torch.int32), tensor([[-1.9477]])) 
[2023-10-21 17:29:19,777][root][CRITICAL] - Baseline shape is torch.Size([1, 1])
[2023-10-21 17:29:19,784][root][CRITICAL] - Action shape is torch.Size([1, 1, 6])
[2023-10-21 17:29:19,784][root][CRITICAL] - policy shape is torch.Size([1, 1, 6])
[2023-10-21 17:29:19,786][root][INFO] - The batch batch(tensor([[[ 0.0978,  1.8545,  0.2713,  0.1770,  0.1833, -0.3827, -0.6073,
          -0.4352,  0.2462,  0.2856, -0.7012, 12.1447, -0.9472, 10.2344,
          -8.7239,  5.8245,  4.9747]]], dtype=torch.float64), tensor([[-0.0463]]), tensor([[False]]), tensor([[37]], dtype=torch.int32), tensor([[-1.9940]])) 
[2023-10-21 17:29:19,845][root][CRITICAL] - Baseline shape is torch.Size([1, 1])
[2023-10-21 17:29:19,845][root][CRITICAL] - Action shape is torch.Size([1, 1, 6])
[2023-10-21 17:29:19,845][root][CRITICAL] - policy shape is torch.Size([1, 1, 6])
[2023-10-21 17:29:19,857][root][INFO] - The batch batch(tensor([[[  0.0979,   1.7521,   0.6018,   0.4578,  -0.0969,  -0.1574,  -0.1592,
            0.1584,   0.4240,  -0.2222,  -1.7951,   1.6019,   7.0818, -11.1457,
            9.3506,   9.1466,  13.9204]]], dtype=torch.float64), tensor([[-0.3131]]), tensor([[False]]), tensor([[38]], dtype=torch.int32), tensor([[-2.3071]])) 
[2023-10-21 17:29:19,858][root][CRITICAL] - Baseline shape is torch.Size([1, 1])
[2023-10-21 17:29:19,858][root][CRITICAL] - Action shape is torch.Size([1, 1, 6])
[2023-10-21 17:29:19,859][root][CRITICAL] - policy shape is torch.Size([1, 1, 6])
[2023-10-21 17:29:19,861][root][INFO] - The batch batch(tensor([[[  0.1282,   1.7941,  -0.1215,   0.6658,  -0.3545,  -0.2624,   0.4837,
            0.2134,   0.9324,   0.7575,   1.4840, -18.4283,  -0.3384,  -1.7321,
           -5.0908,  11.0738,  -5.9903]]], dtype=torch.float64), tensor([[0.5013]]), tensor([[False]]), tensor([[39]], dtype=torch.int32), tensor([[-1.8057]])) 
[2023-10-21 17:29:19,862][root][CRITICAL] - Baseline shape is torch.Size([1, 1])
[2023-10-21 17:29:19,862][root][CRITICAL] - Action shape is torch.Size([1, 1, 6])
[2023-10-21 17:29:19,862][root][CRITICAL] - policy shape is torch.Size([1, 1, 6])
[2023-10-21 17:29:19,889][root][INFO] - The batch batch(tensor([[[ 0.0819,  1.8481, -0.0824,  0.3625, -0.4194, -0.1868,  0.6021,
           0.1258,  0.5054, -1.7447,  0.8170,  8.9174, -6.1413,  0.4813,
           4.3988, -2.0015,  0.9665]]], dtype=torch.float64), tensor([[-0.3187]]), tensor([[False]]), tensor([[40]], dtype=torch.int32), tensor([[-2.1245]])) 
[2023-10-21 17:29:19,890][root][CRITICAL] - Baseline shape is torch.Size([1, 1])
[2023-10-21 17:29:19,891][root][CRITICAL] - Action shape is torch.Size([1, 1, 6])
[2023-10-21 17:29:19,891][root][CRITICAL] - policy shape is torch.Size([1, 1, 6])
[2023-10-21 17:29:19,901][root][INFO] - The batch batch(tensor([[[  0.1003,   1.9255,  -0.1804,  -0.1579,   0.0377,   0.0979,  -0.1384,
            0.0640,   0.6106,   0.4939,   1.9731,  -4.5713, -10.8535,  10.6064,
            5.8498, -16.3124,  -2.6178]]], dtype=torch.float64), tensor([[0.3529]]), tensor([[False]]), tensor([[41]], dtype=torch.int32), tensor([[-1.7716]])) 
[2023-10-21 17:29:19,921][root][CRITICAL] - Baseline shape is torch.Size([1, 1])
[2023-10-21 17:29:19,925][root][CRITICAL] - Action shape is torch.Size([1, 1, 6])
[2023-10-21 17:29:19,936][root][CRITICAL] - policy shape is torch.Size([1, 1, 6])
[2023-10-21 17:29:19,963][root][INFO] - The batch batch(tensor([[[ 0.1029,  1.9532, -0.1180, -0.4246,  0.4146, -0.1230, -0.2073,
          -0.3090,  0.7353, -0.2482, -0.3030,  3.5877, -0.5251,  3.8493,
          -8.9595,  5.2941, -8.9575]]], dtype=torch.float64), tensor([[0.4311]]), tensor([[False]]), tensor([[42]], dtype=torch.int32), tensor([[-1.3406]])) 
[2023-10-21 17:29:19,965][root][CRITICAL] - Baseline shape is torch.Size([1, 1])
[2023-10-21 17:29:19,965][root][CRITICAL] - Action shape is torch.Size([1, 1, 6])
[2023-10-21 17:29:19,966][root][CRITICAL] - policy shape is torch.Size([1, 1, 6])
[2023-10-21 17:29:20,005][root][INFO] - The batch batch(tensor([[[ 1.1003e-01,  1.9432e+00, -2.7445e-01, -9.3275e-02,  4.6545e-01,
          -6.9521e-01, -1.0522e-02, -1.2060e-01,  2.2675e-01,  8.9496e-02,
           1.2366e-01, -5.0636e+00,  7.2632e+00, -6.2378e-01, -1.0722e+01,
           1.6855e+00,  1.0052e+01]]], dtype=torch.float64), tensor([[-0.8418]]), tensor([[False]]), tensor([[43]], dtype=torch.int32), tensor([[-2.1824]])) 
[2023-10-21 17:29:20,006][root][CRITICAL] - Baseline shape is torch.Size([1, 1])
[2023-10-21 17:29:20,007][root][CRITICAL] - Action shape is torch.Size([1, 1, 6])
[2023-10-21 17:29:20,007][root][CRITICAL] - policy shape is torch.Size([1, 1, 6])
[2023-10-21 17:29:20,009][root][INFO] - The batch batch(tensor([[[ 8.2307e-02,  1.8850e+00,  6.2580e-03, -5.1836e-02,  4.1899e-01,
          -4.1589e-01,  3.5296e-02,  3.7623e-01, -4.3460e-01,  1.5733e-01,
          -9.2988e-01,  8.3362e+00, -1.8746e+00, -4.8574e-01,  1.1041e+01,
           6.0595e-01,  8.2646e+00]]], dtype=torch.float64), tensor([[-0.8267]]), tensor([[False]]), tensor([[44]], dtype=torch.int32), tensor([[-3.0090]])) 
[2023-10-21 17:29:20,076][root][CRITICAL] - Baseline shape is torch.Size([1, 1])
[2023-10-21 17:29:20,077][root][CRITICAL] - Action shape is torch.Size([1, 1, 6])
[2023-10-21 17:29:20,077][root][CRITICAL] - policy shape is torch.Size([1, 1, 6])
[2023-10-21 17:29:20,080][root][INFO] - The batch batch(tensor([[[  0.1476,   1.8668,  -0.1688,   0.4405,  -0.0224,  -0.2337,   0.0603,
            0.1711,  -0.7164,   1.7678,   0.2837,  -8.3827,  11.3527, -10.1887,
           -0.7155,  -0.2958, -10.2769]]], dtype=torch.float64), tensor([[-1.5963]]), tensor([[False]]), tensor([[45]], dtype=torch.int32), tensor([[-4.6053]])) 
[2023-10-21 17:29:20,081][root][CRITICAL] - Baseline shape is torch.Size([1, 1])
[2023-10-21 17:29:20,132][root][CRITICAL] - Action shape is torch.Size([1, 1, 6])
[2023-10-21 17:29:20,132][root][CRITICAL] - policy shape is torch.Size([1, 1, 6])
[2023-10-21 17:29:20,134][root][INFO] - The batch batch(tensor([[[  0.1888,   1.9856,  -0.2400,  -0.1118,   0.1813,  -0.4570,   0.2930,
            0.0302,   0.5457,   0.3951,   2.9794,   2.1284, -18.5711,   9.5372,
           -5.1682,   5.7283,   1.8638]]], dtype=torch.float64), tensor([[-0.5425]]), tensor([[False]]), tensor([[46]], dtype=torch.int32), tensor([[-5.1478]])) 
[2023-10-21 17:29:20,135][root][CRITICAL] - Baseline shape is torch.Size([1, 1])
[2023-10-21 17:29:20,136][root][CRITICAL] - Action shape is torch.Size([1, 1, 6])
[2023-10-21 17:29:20,136][root][CRITICAL] - policy shape is torch.Size([1, 1, 6])
[2023-10-21 17:29:20,138][root][INFO] - The batch batch(tensor([[[  0.1439,   2.0010,   0.1244,  -0.4003,  -0.2392,   0.0279,   0.1978,
            0.1122,  -1.3154,  -1.3710,  -0.9170,   7.7522,   2.4640, -13.8119,
           15.4087,  -3.1610,   1.5266]]], dtype=torch.float64), tensor([[-0.8691]]), tensor([[False]]), tensor([[47]], dtype=torch.int32), tensor([[-6.0169]])) 
[2023-10-21 17:29:20,139][root][CRITICAL] - Baseline shape is torch.Size([1, 1])
[2023-10-21 17:29:20,172][root][CRITICAL] - Action shape is torch.Size([1, 1, 6])
[2023-10-21 17:29:20,172][root][CRITICAL] - policy shape is torch.Size([1, 1, 6])
[2023-10-21 17:29:20,175][root][INFO] - The batch batch(tensor([[[ 1.2390e-01,  1.9529e+00,  1.3970e-01,  3.0535e-01,  1.2708e-01,
           1.9654e-01,  1.4326e-01, -7.6297e-02, -7.0780e-01,  2.4242e-03,
          -8.2055e-01, -1.2559e+00,  1.4472e+01,  1.5266e+01, -3.9808e+00,
          -8.8786e-01, -6.2425e+00]]], dtype=torch.float64), tensor([[-2.1581]]), tensor([[False]]), tensor([[48]], dtype=torch.int32), tensor([[-8.1750]])) 
[2023-10-21 17:29:20,176][root][CRITICAL] - Baseline shape is torch.Size([1, 1])
[2023-10-21 17:29:20,177][root][CRITICAL] - Action shape is torch.Size([1, 1, 6])
[2023-10-21 17:29:20,177][root][CRITICAL] - policy shape is torch.Size([1, 1, 6])
[2023-10-21 17:29:20,179][root][INFO] - The batch batch(tensor([[[  0.0904,   1.9808,   0.2697,   0.5406,  -0.0568,   0.3253,  -0.2804,
           -0.2284,  -0.7112,  -1.0917,   1.3707,   3.0321,  -0.6299, -11.4211,
            5.1155,  -9.6738,  -0.9347]]], dtype=torch.float64), tensor([[-1.1513]]), tensor([[False]]), tensor([[49]], dtype=torch.int32), tensor([[-9.3263]])) 
[2023-10-21 17:29:20,241][root][CRITICAL] - Baseline shape is torch.Size([1, 1])
[2023-10-21 17:29:20,241][root][CRITICAL] - Action shape is torch.Size([1, 1, 6])
[2023-10-21 17:29:20,241][root][CRITICAL] - policy shape is torch.Size([1, 1, 6])
[2023-10-21 17:29:20,243][root][INFO] - The batch batch(tensor([[[  0.0711,   2.0508,   0.1482,   0.4032,  -0.4695,  -0.2227,  -0.1230,
            0.1675,   0.7580,  -0.0275,   1.5577,  -4.9580,  -3.7209,   0.3938,
          -16.9080,   8.1912,  11.5213]]], dtype=torch.float64), tensor([[-0.3920]]), tensor([[False]]), tensor([[50]], dtype=torch.int32), tensor([[-9.7183]])) 
[2023-10-21 17:29:20,245][root][CRITICAL] - Baseline shape is torch.Size([1, 1])
[2023-10-21 17:29:20,245][root][CRITICAL] - Action shape is torch.Size([1, 1, 6])
[2023-10-21 17:29:20,245][root][CRITICAL] - policy shape is torch.Size([1, 1, 6])
[2023-10-21 17:29:20,302][root][INFO] - The batch batch(tensor([[[  0.0537,   2.1245,  -0.0453,  -0.1119,   0.0837,  -0.3164,  -0.0885,
            0.0387,   0.4619,  -0.1728,   0.7161,  -2.9329, -10.6497,  12.8209,
            6.3094,  -3.1021,  -9.8014]]], dtype=torch.float64), tensor([[0.3485]]), tensor([[False]]), tensor([[51]], dtype=torch.int32), tensor([[-9.3698]])) 
[2023-10-21 17:29:20,303][root][CRITICAL] - Baseline shape is torch.Size([1, 1])
[2023-10-21 17:29:20,304][root][CRITICAL] - Action shape is torch.Size([1, 1, 6])
[2023-10-21 17:29:20,304][root][CRITICAL] - policy shape is torch.Size([1, 1, 6])
[2023-10-21 17:29:20,306][root][INFO] - The batch batch(tensor([[[  0.0548,   2.1211,  -0.2220,  -0.3027,   0.2867,   0.3496,  -0.4270,
           -0.5460,  -0.4049,   0.1017,  -0.4004,  -3.7663,  -0.2989,  -1.4407,
           14.9365,  -5.3969, -10.5699]]], dtype=torch.float64), tensor([[-0.4009]]), tensor([[False]]), tensor([[52]], dtype=torch.int32), tensor([[-9.7707]])) 
[2023-10-21 17:29:20,313][root][CRITICAL] - Baseline shape is torch.Size([1, 1])
[2023-10-21 17:29:20,380][root][CRITICAL] - Action shape is torch.Size([1, 1, 6])
[2023-10-21 17:29:20,380][root][CRITICAL] - policy shape is torch.Size([1, 1, 6])
[2023-10-21 17:29:20,383][root][INFO] - The batch batch(tensor([[[ 0.0557,  2.1143, -0.0128, -0.6405,  0.0813,  0.6098, -0.0945,
          -0.1920,  0.0276,  0.0295, -0.1316,  6.7135, -6.7651, -3.9375,
          -0.4547, 11.7134, 12.1586]]], dtype=torch.float64), tensor([[-0.2740]]), tensor([[False]]), tensor([[53]], dtype=torch.int32), tensor([[-10.0447]])) 
[2023-10-21 17:29:20,384][root][CRITICAL] - Baseline shape is torch.Size([1, 1])
[2023-10-21 17:29:20,384][root][CRITICAL] - Action shape is torch.Size([1, 1, 6])
[2023-10-21 17:29:20,384][root][CRITICAL] - policy shape is torch.Size([1, 1, 6])
[2023-10-21 17:29:20,387][root][INFO] - The batch batch(tensor([[[ 1.1183e-01,  2.0328e+00, -3.3040e-01,  2.3130e-01, -4.1548e-01,
          -3.4288e-03,  6.5906e-01,  6.1671e-01,  7.8930e-02,  1.5745e+00,
          -1.4834e+00, -9.5197e+00,  2.0691e+01, -9.7337e+00, -1.5206e+01,
           1.2074e+01,  1.5565e+01]]], dtype=torch.float64), tensor([[-0.8683]]), tensor([[False]]), tensor([[54]], dtype=torch.int32), tensor([[-10.9131]])) 
[2023-10-21 17:29:20,429][root][CRITICAL] - Baseline shape is torch.Size([1, 1])
[2023-10-21 17:29:20,429][root][CRITICAL] - Action shape is torch.Size([1, 1, 6])
[2023-10-21 17:29:20,429][root][CRITICAL] - policy shape is torch.Size([1, 1, 6])
[2023-10-21 17:29:20,431][root][INFO] - The batch batch(tensor([[[  0.1443,   2.0813,  -0.5484,   0.4107,  -0.3112,  -0.1480,   0.2236,
            0.4888,   0.1956,  -0.0672,   2.1901,   0.4000,  -5.4665,   4.9588,
            2.1544, -16.6418,  -3.1840]]], dtype=torch.float64), tensor([[-0.4045]]), tensor([[False]]), tensor([[55]], dtype=torch.int32), tensor([[-11.3176]])) 
[2023-10-21 17:29:20,433][root][CRITICAL] - Baseline shape is torch.Size([1, 1])
[2023-10-21 17:29:20,433][root][CRITICAL] - Action shape is torch.Size([1, 1, 6])
[2023-10-21 17:29:20,492][root][CRITICAL] - policy shape is torch.Size([1, 1, 6])
[2023-10-21 17:29:20,494][root][INFO] - The batch batch(tensor([[[  0.0943,   2.2432,  -0.1804,  -0.4463,   0.2053,  -0.0602,  -0.4411,
            0.3547,   0.2340,  -1.2867,   2.5618,   8.0417, -16.9049,  10.2548,
            1.5577,  -8.2467,  -2.0303]]], dtype=torch.float64), tensor([[0.1528]]), tensor([[False]]), tensor([[56]], dtype=torch.int32), tensor([[-11.1648]])) 
[2023-10-21 17:29:20,496][root][CRITICAL] - Baseline shape is torch.Size([1, 1])
[2023-10-21 17:29:20,496][root][CRITICAL] - Action shape is torch.Size([1, 1, 6])
[2023-10-21 17:29:20,496][root][CRITICAL] - policy shape is torch.Size([1, 1, 6])
[2023-10-21 17:29:20,498][root][INFO] - The batch batch(tensor([[[ 0.0554,  2.2227, -0.2886,  0.0982,  0.0793,  0.0747, -0.6529,
           0.3700, -0.7675, -0.7097, -1.5097, -4.4043, 19.0237, -7.3724,
           2.4390, -1.3347,  1.5205]]], dtype=torch.float64), tensor([[-1.0205]]), tensor([[False]]), tensor([[57]], dtype=torch.int32), tensor([[-12.1853]])) 
[2023-10-21 17:29:20,541][root][CRITICAL] - Baseline shape is torch.Size([1, 1])
[2023-10-21 17:29:20,541][root][CRITICAL] - Action shape is torch.Size([1, 1, 6])
[2023-10-21 17:29:20,541][root][CRITICAL] - policy shape is torch.Size([1, 1, 6])
[2023-10-21 17:29:20,543][root][INFO] - The batch batch(tensor([[[ 0.0371,  2.2158,  0.0716,  0.4017, -0.4577, -0.1767, -0.5107,
           0.1316,  0.0924,  0.0121,  0.5993, 11.2672, -0.2409, -1.4604,
          -7.8234,  3.8841, -7.5717]]], dtype=torch.float64), tensor([[-0.6528]]), tensor([[False]]), tensor([[58]], dtype=torch.int32), tensor([[-12.8381]])) 
[2023-10-21 17:29:20,598][root][CRITICAL] - Baseline shape is torch.Size([1, 1])
[2023-10-21 17:29:20,599][root][CRITICAL] - Action shape is torch.Size([1, 1, 6])
[2023-10-21 17:29:20,599][root][CRITICAL] - policy shape is torch.Size([1, 1, 6])
[2023-10-21 17:29:20,601][root][INFO] - The batch batch(tensor([[[  0.0222,   2.2489,   0.6546,  -0.2738,   0.0371,  -0.4449,   0.0216,
           -0.0917,   0.3605,  -0.1261,   0.4590,   9.0256, -15.3632,  12.7375,
           -3.0662,  11.4414,  -1.6032]]], dtype=torch.float64), tensor([[0.0269]]), tensor([[False]]), tensor([[59]], dtype=torch.int32), tensor([[-12.8112]])) 
[2023-10-21 17:29:20,602][root][CRITICAL] - Baseline shape is torch.Size([1, 1])
[2023-10-21 17:29:20,603][root][CRITICAL] - Action shape is torch.Size([1, 1, 6])
[2023-10-21 17:29:20,603][root][CRITICAL] - policy shape is torch.Size([1, 1, 6])
[2023-10-21 17:29:20,605][root][INFO] - The batch batch(tensor([[[ 3.3409e-02,  2.2566e+00,  3.9650e-01,  2.9408e-02,  1.9883e-01,
           1.9679e-02,  6.9638e-03, -3.6917e-01,  8.9770e-02,  3.2767e-01,
           3.9569e-01, -1.1152e+01,  1.2882e+01, -2.4660e+00,  1.4662e+01,
          -4.6584e+00, -6.6179e+00]]], dtype=torch.float64), tensor([[-0.1348]]), tensor([[False]]), tensor([[60]], dtype=torch.int32), tensor([[-12.9460]])) 
[2023-10-21 17:29:20,668][root][CRITICAL] - Baseline shape is torch.Size([1, 1])
[2023-10-21 17:29:20,669][root][CRITICAL] - Action shape is torch.Size([1, 1, 6])
[2023-10-21 17:29:20,669][root][CRITICAL] - policy shape is torch.Size([1, 1, 6])
[2023-10-21 17:29:20,671][root][INFO] - The batch batch(tensor([[[  0.0787,   2.3004,  -0.5028,   0.5799,   0.4130,   0.0643,   0.0802,
           -0.5244,   0.9045,   0.7622,   0.8361, -16.8065,   5.2572,   5.3928,
           -5.7098,   3.3324,   0.6096]]], dtype=torch.float64), tensor([[-0.3002]]), tensor([[False]]), tensor([[61]], dtype=torch.int32), tensor([[-13.2463]])) 
[2023-10-21 17:29:20,672][root][CRITICAL] - Baseline shape is torch.Size([1, 1])
[2023-10-21 17:29:20,673][root][CRITICAL] - Action shape is torch.Size([1, 1, 6])
[2023-10-21 17:29:20,673][root][CRITICAL] - policy shape is torch.Size([1, 1, 6])
[2023-10-21 17:29:20,722][root][INFO] - The batch batch(tensor([[[ 3.9950e-02,  2.4460e+00, -5.0789e-01,  1.1886e-02,  5.2938e-01,
          -3.2170e-01,  2.5716e-01, -4.8289e-01,  1.1887e+00, -1.2165e+00,
           3.2838e+00,  4.0574e+00, -1.3899e+01,  8.1114e-01, -7.3796e+00,
           2.0716e+00,  8.3293e-01]]], dtype=torch.float64), tensor([[0.7523]]), tensor([[False]]), tensor([[62]], dtype=torch.int32), tensor([[-12.4939]])) 
[2023-10-21 17:29:20,723][root][CRITICAL] - Baseline shape is torch.Size([1, 1])
[2023-10-21 17:29:20,723][root][CRITICAL] - Action shape is torch.Size([1, 1, 6])
[2023-10-21 17:29:20,723][root][CRITICAL] - policy shape is torch.Size([1, 1, 6])
[2023-10-21 17:29:20,766][root][INFO] - The batch batch(tensor([[[-0.0378,  2.5518, -0.3544, -0.5353,  0.2813, -0.2485,  0.0957,
           0.0606,  0.2385, -1.6365,  1.1553,  0.9233, -6.4414, -6.3507,
           5.9288, -4.0950, 14.4597]]], dtype=torch.float64), tensor([[-0.4451]]), tensor([[False]]), tensor([[63]], dtype=torch.int32), tensor([[-12.9390]])) 
[2023-10-21 17:29:20,767][root][CRITICAL] - Baseline shape is torch.Size([1, 1])
[2023-10-21 17:29:20,767][root][CRITICAL] - Action shape is torch.Size([1, 1, 6])
[2023-10-21 17:29:20,767][root][CRITICAL] - policy shape is torch.Size([1, 1, 6])
[2023-10-21 17:29:20,770][root][INFO] - The batch batch(tensor([[[-1.0960e-01,  2.5633e+00, -2.7865e-01, -6.0494e-02, -5.1565e-01,
          -3.2079e-02,  5.0789e-03,  1.7020e-01,  5.9052e-01,  4.8213e-01,
           1.5055e+00, -2.9942e-02,  1.3467e+01, -1.4758e+01, -5.9748e-01,
          -3.7042e+00, -5.1228e+00]]], dtype=torch.float64), tensor([[-0.8959]]), tensor([[False]]), tensor([[64]], dtype=torch.int32), tensor([[-13.8348]])) 
[2023-10-21 17:29:20,829][root][CRITICAL] - Baseline shape is torch.Size([1, 1])
[2023-10-21 17:29:20,829][root][CRITICAL] - Action shape is torch.Size([1, 1, 6])
[2023-10-21 17:29:20,829][root][CRITICAL] - policy shape is torch.Size([1, 1, 6])
[2023-10-21 17:29:20,832][root][INFO] - The batch batch(tensor([[[ -0.1384,   2.6554,   0.3035,  -0.0313,  -0.4376,   0.3533,  -0.2887,
           -0.3820,  -0.5817,  -0.6784,   1.3394,  15.2530,  -4.3326,   1.4707,
           10.8686,  -4.3203, -12.1825]]], dtype=torch.float64), tensor([[-0.7743]]), tensor([[False]]), tensor([[65]], dtype=torch.int32), tensor([[-14.6092]])) 
[2023-10-21 17:29:20,833][root][CRITICAL] - Baseline shape is torch.Size([1, 1])
[2023-10-21 17:29:20,884][root][CRITICAL] - Action shape is torch.Size([1, 1, 6])
[2023-10-21 17:29:20,884][root][CRITICAL] - policy shape is torch.Size([1, 1, 6])
[2023-10-21 17:29:20,887][root][INFO] - The batch batch(tensor([[[-1.4483e-01,  2.7030e+00,  2.4379e-01,  3.8655e-01, -5.1629e-02,
          -3.6852e-02, -8.4502e-03, -2.0031e-01,  2.3945e+00, -5.2598e-02,
           1.5501e+00, -8.8012e+00,  1.1209e+01,  7.8125e+00, -1.5890e+01,
           8.3721e+00,  1.1836e+01]]], dtype=torch.float64), tensor([[0.7058]]), tensor([[False]]), tensor([[66]], dtype=torch.int32), tensor([[-13.9033]])) 
[2023-10-21 17:29:20,889][root][CRITICAL] - Baseline shape is torch.Size([1, 1])
[2023-10-21 17:29:20,956][root][CRITICAL] - Action shape is torch.Size([1, 1, 6])
[2023-10-21 17:29:20,956][root][CRITICAL] - policy shape is torch.Size([1, 1, 6])
[2023-10-21 17:29:20,959][root][INFO] - The batch batch(tensor([[[ -0.1943,   2.8833,  -0.2110,   0.0682,   0.1313,  -0.1570,  -0.0565,
            0.3011,   1.4147,  -1.4707,   4.0564,  -7.0674, -13.6349,   0.2854,
            5.2888,  -4.7301,   7.1562]]], dtype=torch.float64), tensor([[1.3260]]), tensor([[False]]), tensor([[67]], dtype=torch.int32), tensor([[-12.5774]])) 
[2023-10-21 17:29:20,960][root][CRITICAL] - Baseline shape is torch.Size([1, 1])
[2023-10-21 17:29:20,961][root][CRITICAL] - Action shape is torch.Size([1, 1, 6])
[2023-10-21 17:29:20,961][root][CRITICAL] - policy shape is torch.Size([1, 1, 6])
[2023-10-21 17:29:20,963][root][INFO] - The batch batch(tensor([[[-0.2663,  3.0230, -0.4482, -0.2956, -0.2028, -0.1130,  0.2641,
           0.5206,  1.1916, -1.4662,  2.1360, -4.0211, -2.5918, -8.2784,
          -0.9017, 10.4317,  2.3296]]], dtype=torch.float64), tensor([[1.1482]]), tensor([[False]]), tensor([[68]], dtype=torch.int32), tensor([[-11.4292]])) 
[2023-10-21 17:29:21,029][root][CRITICAL] - Baseline shape is torch.Size([1, 1])
[2023-10-21 17:29:21,029][root][CRITICAL] - Action shape is torch.Size([1, 1, 6])
[2023-10-21 17:29:21,029][root][CRITICAL] - policy shape is torch.Size([1, 1, 6])
[2023-10-21 17:29:21,032][root][INFO] - The batch batch(tensor([[[-0.3462,  3.1208, -0.5340, -0.1201, -0.4287,  0.2212,  0.3673,
           0.2030,  0.0957, -1.8272,  2.2957,  1.1430,  4.6929,  0.5875,
           9.3883, -1.5513, -9.7973]]], dtype=torch.float64), tensor([[0.2986]]), tensor([[False]]), tensor([[69]], dtype=torch.int32), tensor([[-11.1306]])) 
[2023-10-21 17:29:21,033][root][CRITICAL] - Baseline shape is torch.Size([1, 1])
[2023-10-21 17:29:21,033][root][CRITICAL] - Action shape is torch.Size([1, 1, 6])
[2023-10-21 17:29:21,033][root][CRITICAL] - policy shape is torch.Size([1, 1, 6])
[2023-10-21 17:29:21,035][root][INFO] - The batch batch(tensor([[[-0.4803,  3.2929, -0.1111, -0.4365,  0.1388,  0.4071,  0.3636,
          -0.2862,  0.1203, -2.8651,  3.1141,  9.7688, -8.2369, 13.5487,
           0.4806,  0.5807, -8.0532]]], dtype=torch.float64), tensor([[-0.0506]]), tensor([[False]]), tensor([[70]], dtype=torch.int32), tensor([[-11.1811]])) 
[2023-10-21 17:29:21,101][root][CRITICAL] - Baseline shape is torch.Size([1, 1])
[2023-10-21 17:29:21,101][root][CRITICAL] - Action shape is torch.Size([1, 1, 6])
[2023-10-21 17:29:21,101][root][CRITICAL] - policy shape is torch.Size([1, 1, 6])
[2023-10-21 17:29:21,104][root][INFO] - The batch batch(tensor([[[ -0.5647,   3.3218,  -0.2006,   0.3162,   0.5187,   0.6958,  -0.1534,
           -0.2292,   0.9945,  -0.5785,  -2.0149,  -4.1291,  24.0437,   2.9826,
            7.6980, -11.7036,   5.8423]]], dtype=torch.float64), tensor([[0.0844]]), tensor([[False]]), tensor([[71]], dtype=torch.int32), tensor([[-11.0967]])) 
[2023-10-21 17:29:21,105][root][CRITICAL] - Baseline shape is torch.Size([1, 1])
[2023-10-21 17:29:21,105][root][CRITICAL] - Action shape is torch.Size([1, 1, 6])
[2023-10-21 17:29:21,105][root][CRITICAL] - policy shape is torch.Size([1, 1, 6])
[2023-10-21 17:29:21,113][root][INFO] - The batch batch(tensor([[[-5.7737e-01,  3.3021e+00,  1.5176e-01,  7.2868e-01,  6.1733e-01,
           5.2908e-01,  8.0418e-02, -3.8041e-03,  9.0604e-02,  5.4148e-03,
           2.5495e-02,  1.0509e+01,  4.5031e-01,  1.5650e+00, -8.5722e+00,
           1.1972e+01,  3.4750e+00]]], dtype=torch.float64), tensor([[-0.2617]]), tensor([[False]]), tensor([[72]], dtype=torch.int32), tensor([[-11.3584]])) 
[2023-10-21 17:29:21,193][root][CRITICAL] - Baseline shape is torch.Size([1, 1])
[2023-10-21 17:29:21,193][root][CRITICAL] - Action shape is torch.Size([1, 1, 6])
[2023-10-21 17:29:21,194][root][CRITICAL] - policy shape is torch.Size([1, 1, 6])
[2023-10-21 17:29:21,224][root][INFO] - The batch batch(tensor([[[ -0.5559,   3.3463,   0.3261,   0.1601,   0.7070,   0.3817,  -0.1024,
            0.4182,   0.4294,   0.6294,   1.2829,  -0.4276, -15.3661,   0.5078,
           -0.5024, -10.6827,   9.3885]]], dtype=torch.float64), tensor([[-0.4448]]), tensor([[False]]), tensor([[73]], dtype=torch.int32), tensor([[-11.8032]])) 
[2023-10-21 17:29:21,226][root][CRITICAL] - Baseline shape is torch.Size([1, 1])
[2023-10-21 17:29:21,226][root][CRITICAL] - Action shape is torch.Size([1, 1, 6])
[2023-10-21 17:29:21,226][root][CRITICAL] - policy shape is torch.Size([1, 1, 6])
[2023-10-21 17:29:21,228][root][INFO] - The batch batch(tensor([[[ -0.5198,   3.4005,   0.1464,  -0.5111,   0.6162,   0.4729,  -0.4258,
            0.1981,   1.0656,   0.7704,   0.5578,  -5.6592,  -9.6556,  -2.8960,
            2.7487,  -2.5520, -11.2185]]], dtype=torch.float64), tensor([[-0.2231]]), tensor([[False]]), tensor([[74]], dtype=torch.int32), tensor([[-12.0264]])) 
[2023-10-21 17:29:21,230][root][CRITICAL] - Baseline shape is torch.Size([1, 1])
[2023-10-21 17:29:21,288][root][CRITICAL] - Action shape is torch.Size([1, 1, 6])
[2023-10-21 17:29:21,288][root][CRITICAL] - policy shape is torch.Size([1, 1, 6])
[2023-10-21 17:29:21,291][root][INFO] - The batch batch(tensor([[[ -0.4829,   3.2834,  -0.4757,  -0.2017,  -0.0725,   0.0323,   0.2905,
           -0.1401,   2.0721,   0.9690,  -3.5464, -13.8179,   8.5826, -14.8522,
          -11.7877,  19.4225,  -2.8415]]], dtype=torch.float64), tensor([[1.3887]]), tensor([[False]]), tensor([[75]], dtype=torch.int32), tensor([[-10.6376]])) 
[2023-10-21 17:29:21,292][root][CRITICAL] - Baseline shape is torch.Size([1, 1])
[2023-10-21 17:29:21,292][root][CRITICAL] - Action shape is torch.Size([1, 1, 6])
[2023-10-21 17:29:21,293][root][CRITICAL] - policy shape is torch.Size([1, 1, 6])
[2023-10-21 17:29:21,295][root][INFO] - The batch batch(tensor([[[-0.4597,  3.1560, -0.3312, -0.1956, -0.5150,  0.0715,  0.3360,
          -0.1336, -0.5062,  0.0127, -2.1578, 10.0474, -0.3048,  2.9469,
           6.5911, -8.2392,  1.5705]]], dtype=torch.float64), tensor([[-0.0377]]), tensor([[False]]), tensor([[76]], dtype=torch.int32), tensor([[-10.6754]])) 
[2023-10-21 17:29:21,353][root][CRITICAL] - Baseline shape is torch.Size([1, 1])
[2023-10-21 17:29:21,353][root][CRITICAL] - Action shape is torch.Size([1, 1, 6])
[2023-10-21 17:29:21,353][root][CRITICAL] - policy shape is torch.Size([1, 1, 6])
[2023-10-21 17:29:21,373][root][INFO] - The batch batch(tensor([[[-4.3783e-01,  3.1216e+00, -2.2167e-03, -8.7253e-02, -2.5149e-01,
           4.5088e-02,  2.6358e-01, -6.0042e-02,  2.6699e-01,  4.7732e-01,
          -5.4946e-01,  4.4837e+00,  3.8185e+00,  4.9008e+00, -4.3773e+00,
           2.7934e+00,  1.3370e+00]]], dtype=torch.float64), tensor([[-0.1601]]), tensor([[False]]), tensor([[77]], dtype=torch.int32), tensor([[-10.8354]])) 
[2023-10-21 17:29:21,374][root][CRITICAL] - Baseline shape is torch.Size([1, 1])
[2023-10-21 17:29:21,374][root][CRITICAL] - Action shape is torch.Size([1, 1, 6])
[2023-10-21 17:29:21,374][root][CRITICAL] - policy shape is torch.Size([1, 1, 6])
[2023-10-21 17:29:21,391][root][INFO] - The batch batch(tensor([[[ -0.4197,   3.1379,   0.0891,  -0.0898,   0.3732,   0.1457,  -0.1406,
           -0.0803,   0.3106,   0.2473,   0.7077,   0.1189,  -1.6267,  12.4490,
            4.2668, -10.9304,  -1.5044]]], dtype=torch.float64), tensor([[0.1045]]), tensor([[False]]), tensor([[78]], dtype=torch.int32), tensor([[-10.7309]])) 
[2023-10-21 17:29:21,393][root][CRITICAL] - Baseline shape is torch.Size([1, 1])
[2023-10-21 17:29:21,393][root][CRITICAL] - Action shape is torch.Size([1, 1, 6])
[2023-10-21 17:29:21,393][root][CRITICAL] - policy shape is torch.Size([1, 1, 6])
[2023-10-21 17:29:21,396][root][INFO] - The batch batch(tensor([[[ -0.4020,   3.1209,  -0.0272,   0.3332,   0.1324,   0.3699,  -0.4653,
           -0.3550,   0.5481,   0.1834,  -0.6622,  -2.3925,  10.2596, -11.1876,
            3.6314,  -2.7314,  -6.8198]]], dtype=torch.float64), tensor([[0.2419]]), tensor([[False]]), tensor([[79]], dtype=torch.int32), tensor([[-10.4890]])) 
[2023-10-21 17:29:21,433][root][CRITICAL] - Baseline shape is torch.Size([1, 1])
[2023-10-21 17:29:21,433][root][CRITICAL] - Action shape is torch.Size([1, 1, 6])
[2023-10-21 17:29:21,433][root][CRITICAL] - policy shape is torch.Size([1, 1, 6])
[2023-10-21 17:29:21,436][root][INFO] - The batch batch(tensor([[[ -0.4674,   3.1535,   0.0199,  -0.0961,  -0.4976,   0.1673,   0.0980,
           -0.1853,   0.6600,  -1.8234,   1.1180,   1.0835, -15.8195,  -8.9417,
           -6.7208,  15.9797,   9.0437]]], dtype=torch.float64), tensor([[-0.1760]]), tensor([[False]]), tensor([[80]], dtype=torch.int32), tensor([[-10.6651]])) 
[2023-10-21 17:29:21,437][root][CRITICAL] - Baseline shape is torch.Size([1, 1])
[2023-10-21 17:29:21,438][root][CRITICAL] - Action shape is torch.Size([1, 1, 6])
[2023-10-21 17:29:21,438][root][CRITICAL] - policy shape is torch.Size([1, 1, 6])
[2023-10-21 17:29:21,505][root][INFO] - The batch batch(tensor([[[ -0.5016,   3.2002,  -0.2355,   0.0753,   0.1320,   0.4254,  -0.0835,
            0.1445,   0.1589,  -0.3491,   0.4698,  -6.2896,  10.3440,  18.3057,
           10.1456, -10.7913,   4.0220]]], dtype=torch.float64), tensor([[-0.5064]]), tensor([[False]]), tensor([[81]], dtype=torch.int32), tensor([[-11.1715]])) 
[2023-10-21 17:29:21,506][root][CRITICAL] - Baseline shape is torch.Size([1, 1])
[2023-10-21 17:29:21,506][root][CRITICAL] - Action shape is torch.Size([1, 1, 6])
[2023-10-21 17:29:21,506][root][CRITICAL] - policy shape is torch.Size([1, 1, 6])
[2023-10-21 17:29:21,508][root][INFO] - The batch batch(tensor([[[-0.5466,  3.2622, -0.0913,  0.2558,  0.6845,  0.5070,  0.0758,
           0.1847, -0.3040, -1.1727,  1.6202,  7.6234,  0.7731,  4.7941,
          -2.9273,  9.0885, -0.8870]]], dtype=torch.float64), tensor([[-0.3966]]), tensor([[False]]), tensor([[82]], dtype=torch.int32), tensor([[-11.5681]])) 
[2023-10-21 17:29:21,509][root][CRITICAL] - Baseline shape is torch.Size([1, 1])
[2023-10-21 17:29:21,560][root][CRITICAL] - Action shape is torch.Size([1, 1, 6])
[2023-10-21 17:29:21,560][root][CRITICAL] - policy shape is torch.Size([1, 1, 6])
[2023-10-21 17:29:21,562][root][INFO] - The batch batch(tensor([[[-0.5753,  3.3058,  0.4141, -0.0929,  0.5148,  0.1546,  0.3102,
           0.4232,  0.2379,  0.2346,  0.5319,  8.3572, -8.5928, -6.1129,
          -7.7965,  0.1455,  6.8543]]], dtype=torch.float64), tensor([[-0.4956]]), tensor([[False]]), tensor([[83]], dtype=torch.int32), tensor([[-12.0637]])) 
[2023-10-21 17:29:21,563][root][CRITICAL] - Baseline shape is torch.Size([1, 1])
[2023-10-21 17:29:21,564][root][CRITICAL] - Action shape is torch.Size([1, 1, 6])
[2023-10-21 17:29:21,564][root][CRITICAL] - policy shape is torch.Size([1, 1, 6])
[2023-10-21 17:29:21,566][root][INFO] - The batch batch(tensor([[[ -0.5428,   3.2690,   0.6673,   0.1237,  -0.3855,   0.0705,   0.3090,
            0.5056,   0.4864,   0.6775,  -1.0728,   2.9106,   9.0638, -17.6503,
            1.7062,  -0.1563,  -1.2692]]], dtype=torch.float64), tensor([[-0.1926]]), tensor([[False]]), tensor([[84]], dtype=torch.int32), tensor([[-12.2563]])) 
[2023-10-21 17:29:21,604][root][CRITICAL] - Baseline shape is torch.Size([1, 1])
[2023-10-21 17:29:21,605][root][CRITICAL] - Action shape is torch.Size([1, 1, 6])
[2023-10-21 17:29:21,605][root][CRITICAL] - policy shape is torch.Size([1, 1, 6])
[2023-10-21 17:29:21,620][root][INFO] - The batch batch(tensor([[[ -0.5697,   3.3370,   0.0649,   0.4078,   0.0680,  -0.2784,   0.4723,
            0.2082,   1.7409,  -0.8974,   2.1240, -16.0875,   0.9494,  18.2699,
           -9.5423,   3.4257,  -7.7383]]], dtype=torch.float64), tensor([[1.1719]]), tensor([[False]]), tensor([[85]], dtype=torch.int32), tensor([[-11.0843]])) 
[2023-10-21 17:29:21,621][root][CRITICAL] - Baseline shape is torch.Size([1, 1])
[2023-10-21 17:29:21,622][root][CRITICAL] - Action shape is torch.Size([1, 1, 6])
[2023-10-21 17:29:21,622][root][CRITICAL] - policy shape is torch.Size([1, 1, 6])
[2023-10-21 17:29:21,624][root][INFO] - The batch batch(tensor([[[ -0.5534,   3.3475,   0.0410,  -0.0866,   0.6285,  -0.4316,   0.2023,
           -0.0454,  -0.0312,   0.0430,   0.8392,   5.0687, -15.5255,   4.5364,
           -2.6375,  -9.0999,  -3.0266]]], dtype=torch.float64), tensor([[0.0802]]), tensor([[False]]), tensor([[86]], dtype=torch.int32), tensor([[-11.0042]])) 
[2023-10-21 17:29:21,625][root][CRITICAL] - Baseline shape is torch.Size([1, 1])
[2023-10-21 17:29:21,625][root][CRITICAL] - Action shape is torch.Size([1, 1, 6])
[2023-10-21 17:29:21,676][root][CRITICAL] - policy shape is torch.Size([1, 1, 6])
[2023-10-21 17:29:21,678][root][INFO] - The batch batch(tensor([[[ -0.5383,   3.2662,   0.5354,  -0.5884,  -0.1967,   0.0429,  -0.0833,
           -0.3375,  -1.1534,   0.4753,  -2.9637,   8.9586,  -4.3487, -21.0032,
           14.2413,  -1.1207,  -6.0596]]], dtype=torch.float64), tensor([[-1.5851]]), tensor([[False]]), tensor([[87]], dtype=torch.int32), tensor([[-12.5893]])) 
[2023-10-21 17:29:21,679][root][CRITICAL] - Baseline shape is torch.Size([1, 1])
[2023-10-21 17:29:21,680][root][CRITICAL] - Action shape is torch.Size([1, 1, 6])
[2023-10-21 17:29:21,680][root][CRITICAL] - policy shape is torch.Size([1, 1, 6])
[2023-10-21 17:29:21,682][root][INFO] - The batch batch(tensor([[[-0.5036,  3.2143,  0.3287, -0.0154, -0.1175,  0.1612,  0.3256,
          -0.2212,  0.3966,  0.5531, -0.6130, -7.4772, 14.3181, 11.4890,
          -3.4446, 12.1965,  7.1541]]], dtype=torch.float64), tensor([[-0.7046]]), tensor([[False]]), tensor([[88]], dtype=torch.int32), tensor([[-13.2939]])) 
[2023-10-21 17:29:21,741][root][CRITICAL] - Baseline shape is torch.Size([1, 1])
[2023-10-21 17:29:21,742][root][CRITICAL] - Action shape is torch.Size([1, 1, 6])
[2023-10-21 17:29:21,742][root][CRITICAL] - policy shape is torch.Size([1, 1, 6])
[2023-10-21 17:29:21,765][root][INFO] - The batch batch(tensor([[[ -0.4660,   3.2001,  -0.2702,   0.6950,  -0.1274,   0.3297,   0.5703,
           -0.2037,   0.3495,   0.7195,   0.1101, -12.0679,   9.3102,  -6.1692,
            7.0339,   0.9509,  -3.3189]]], dtype=torch.float64), tensor([[-0.1403]]), tensor([[False]]), tensor([[89]], dtype=torch.int32), tensor([[-13.4342]])) 
[2023-10-21 17:29:21,766][root][CRITICAL] - Baseline shape is torch.Size([1, 1])
[2023-10-21 17:29:21,766][root][CRITICAL] - Action shape is torch.Size([1, 1, 6])
[2023-10-21 17:29:21,767][root][CRITICAL] - policy shape is torch.Size([1, 1, 6])
[2023-10-21 17:29:21,769][root][INFO] - The batch batch(tensor([[[ -0.5075,   3.3291,  -0.3847,   0.2737,  -0.2854,   0.2148,   0.2003,
           -0.3214,   0.5144,  -1.6066,   3.5941,   2.6763, -14.4756,  -0.6457,
           -8.4860, -10.7534,  -1.8946]]], dtype=torch.float64), tensor([[0.0142]]), tensor([[False]]), tensor([[90]], dtype=torch.int32), tensor([[-13.4200]])) 
[2023-10-21 17:29:21,770][root][CRITICAL] - Baseline shape is torch.Size([1, 1])
[2023-10-21 17:29:21,820][root][CRITICAL] - Action shape is torch.Size([1, 1, 6])
[2023-10-21 17:29:21,821][root][CRITICAL] - policy shape is torch.Size([1, 1, 6])
[2023-10-21 17:29:21,830][root][INFO] - The batch batch(tensor([[[ -0.5171,   3.3846,  -0.2187,  -0.3522,  -0.4390,   0.2519,  -0.6315,
            0.0272,  -0.1014,   0.6735,  -1.0718,   2.3103,  -8.4418,  -0.1664,
            5.1160, -14.8560,  10.2205]]], dtype=torch.float64), tensor([[-0.4881]]), tensor([[False]]), tensor([[91]], dtype=torch.int32), tensor([[-13.9081]])) 
[2023-10-21 17:29:21,831][root][CRITICAL] - Baseline shape is torch.Size([1, 1])
[2023-10-21 17:29:21,832][root][CRITICAL] - Action shape is torch.Size([1, 1, 6])
[2023-10-21 17:29:21,855][root][CRITICAL] - policy shape is torch.Size([1, 1, 6])
[2023-10-21 17:29:21,873][root][INFO] - The batch batch(tensor([[[-5.0212e-01,  3.2112e+00, -3.9676e-01, -1.5027e-01, -9.9012e-03,
           1.7391e-01, -1.6447e-01, -7.7366e-02,  2.3182e-01,  1.1982e-01,
          -4.4202e+00, -5.0953e+00,  7.3523e+00,  1.0092e+01, -3.9806e+00,
           1.9615e+01, -7.9093e+00]]], dtype=torch.float64), tensor([[-0.5210]]), tensor([[False]]), tensor([[92]], dtype=torch.int32), tensor([[-14.4291]])) 
[2023-10-21 17:29:21,874][root][CRITICAL] - Baseline shape is torch.Size([1, 1])
[2023-10-21 17:29:21,874][root][CRITICAL] - Action shape is torch.Size([1, 1, 6])
[2023-10-21 17:29:21,874][root][CRITICAL] - policy shape is torch.Size([1, 1, 6])
[2023-10-21 17:29:21,909][root][INFO] - The batch batch(tensor([[[-0.4451,  3.1637, -0.4421,  0.2817,  0.0909,  0.4533, -0.1286,
          -0.1620, -0.8888,  1.2378,  0.0959,  3.2116,  8.1177, -2.0817,
           9.2278, -6.2550,  2.2648]]], dtype=torch.float64), tensor([[-1.2862]]), tensor([[False]]), tensor([[93]], dtype=torch.int32), tensor([[-15.7153]])) 
[2023-10-21 17:29:21,910][root][CRITICAL] - Baseline shape is torch.Size([1, 1])
[2023-10-21 17:29:21,911][root][CRITICAL] - Action shape is torch.Size([1, 1, 6])
[2023-10-21 17:29:21,911][root][CRITICAL] - policy shape is torch.Size([1, 1, 6])
[2023-10-21 17:29:21,985][root][INFO] - The batch batch(tensor([[[-0.4111,  3.1760, -0.2475,  0.4594,  0.4015,  0.6782, -0.1255,
           0.0427, -0.4981,  0.3158,  0.3583,  3.4581,  0.8787,  8.4212,
           1.3030,  3.2300,  4.5364]]], dtype=torch.float64), tensor([[-1.0201]]), tensor([[False]]), tensor([[94]], dtype=torch.int32), tensor([[-16.7354]])) 
[2023-10-21 17:29:21,986][root][CRITICAL] - Baseline shape is torch.Size([1, 1])
[2023-10-21 17:29:21,987][root][CRITICAL] - Action shape is torch.Size([1, 1, 6])
[2023-10-21 17:29:21,987][root][CRITICAL] - policy shape is torch.Size([1, 1, 6])
[2023-10-21 17:29:21,989][root][INFO] - The batch batch(tensor([[[ -0.4107,   3.1959,   0.1407,   0.4724,   0.1132,   0.7181,  -0.1885,
            0.3617,  -0.3989,  -0.1776,   0.2951,   8.0574,   0.3651, -10.1445,
           -0.4331,  -3.0635,   6.2913]]], dtype=torch.float64), tensor([[-1.3296]]), tensor([[False]]), tensor([[95]], dtype=torch.int32), tensor([[-18.0651]])) 
[2023-10-21 17:29:21,990][root][CRITICAL] - Baseline shape is torch.Size([1, 1])
[2023-10-21 17:29:21,991][root][CRITICAL] - Action shape is torch.Size([1, 1, 6])
[2023-10-21 17:29:21,991][root][CRITICAL] - policy shape is torch.Size([1, 1, 6])
[2023-10-21 17:29:22,057][root][INFO] - The batch batch(tensor([[[ -0.4749,   3.2831,  -0.0399,   0.3386,  -0.4692,  -0.0460,  -0.2169,
            0.5414,   1.7152,  -1.5583,   2.8755,  -9.3079,  -4.4494,  -9.5978,
          -21.1032,  -0.1190,  -1.2889]]], dtype=torch.float64), tensor([[0.2512]]), tensor([[False]]), tensor([[96]], dtype=torch.int32), tensor([[-17.8138]])) 
[2023-10-21 17:29:22,058][root][CRITICAL] - Baseline shape is torch.Size([1, 1])
[2023-10-21 17:29:22,059][root][CRITICAL] - Action shape is torch.Size([1, 1, 6])
[2023-10-21 17:29:22,059][root][CRITICAL] - policy shape is torch.Size([1, 1, 6])
[2023-10-21 17:29:22,109][root][INFO] - The batch batch(tensor([[[-0.5464,  3.3746,  0.1032, -0.3850,  0.1075, -0.2587, -0.1439,
           0.3493, -0.3502, -0.2210, -2.5541,  7.1429, -8.9781, 16.7713,
           7.7638,  2.6668, -3.9984]]], dtype=torch.float64), tensor([[-1.0203]]), tensor([[False]]), tensor([[97]], dtype=torch.int32), tensor([[-18.8341]])) 
[2023-10-21 17:29:22,112][root][CRITICAL] - Baseline shape is torch.Size([1, 1])
[2023-10-21 17:29:22,112][root][CRITICAL] - Action shape is torch.Size([1, 1, 6])
[2023-10-21 17:29:22,113][root][CRITICAL] - policy shape is torch.Size([1, 1, 6])
[2023-10-21 17:29:22,115][root][INFO] - The batch batch(tensor([[[-0.5589,  3.2687,  0.4571, -0.6761,  0.1924, -0.2995,  0.3841,
          -0.0152, -0.0174,  0.5109,  1.0385,  4.1873, -3.7793, -5.5378,
          -5.1467,  8.3825, -8.1359]]], dtype=torch.float64), tensor([[-0.4914]]), tensor([[False]]), tensor([[98]], dtype=torch.int32), tensor([[-19.3255]])) 
[2023-10-21 17:29:22,223][root][CRITICAL] - Baseline shape is torch.Size([1, 1])
[2023-10-21 17:29:22,223][root][CRITICAL] - Action shape is torch.Size([1, 1, 6])
[2023-10-21 17:29:22,223][root][CRITICAL] - policy shape is torch.Size([1, 1, 6])
[2023-10-21 17:29:22,260][root][INFO] - The batch batch(tensor([[[ -0.5310,   3.3321,   0.5082,  -0.5261,  -0.4433,  -0.5333,   0.2623,
           -0.1859,   0.4952,   0.5017,   1.5169,  -0.2411,   4.9281, -12.2830,
           -4.5543,  -7.6838,  -0.5456]]], dtype=torch.float64), tensor([[-0.2084]]), tensor([[False]]), tensor([[99]], dtype=torch.int32), tensor([[-19.5339]])) 
[2023-10-21 17:29:22,261][root][CRITICAL] - Baseline shape is torch.Size([1, 1])
[2023-10-21 17:29:22,262][root][CRITICAL] - Action shape is torch.Size([1, 1, 6])
[2023-10-21 17:29:22,262][root][CRITICAL] - policy shape is torch.Size([1, 1, 6])
[2023-10-21 17:29:22,264][root][INFO] - The batch batch(tensor([[[-0.5174,  3.3775,  0.2803,  0.1444, -0.4098, -0.7353,  0.0723,
           0.1374,  0.5884,  0.0327,  0.5484, -4.1006, 12.5076,  1.1498,
          -2.6799, -1.2404,  9.0659]]], dtype=torch.float64), tensor([[0.3819]]), tensor([[False]]), tensor([[100]], dtype=torch.int32), tensor([[-19.1520]])) 
[2023-10-21 17:29:22,265][root][CRITICAL] - Baseline shape is torch.Size([1, 1])
[2023-10-21 17:29:22,317][root][INFO] - Step 0 @ 0.0 SPS. Inference batcher size: 0. Learner queue size: 1. Other stats: (train_seconds = 5.0)
[2023-10-21 17:29:22,320][root][CRITICAL] - Action shape is torch.Size([1, 1, 6])
[2023-10-21 17:29:22,321][root][CRITICAL] - policy shape is torch.Size([1, 1, 6])
[2023-10-21 17:29:22,323][root][INFO] - The batch batch(tensor([[[-5.2448e-01,  3.3406e+00,  2.1779e-01,  6.4684e-01,  1.9392e-01,
           1.1195e-02, -3.5116e-01,  1.3619e-01, -8.6508e-01, -2.3830e-01,
          -5.7275e-01, -7.3891e-02,  5.7936e+00,  1.3876e+01,  2.1053e+01,
          -7.3794e+00, -4.7034e+00]]], dtype=torch.float64), tensor([[-1.3412]]), tensor([[False]]), tensor([[101]], dtype=torch.int32), tensor([[-20.4932]])) 
[2023-10-21 17:29:22,324][root][CRITICAL] - Baseline shape is torch.Size([1, 1])
[2023-10-21 17:29:22,324][root][CRITICAL] - Action shape is torch.Size([1, 1, 6])
[2023-10-21 17:29:22,324][root][CRITICAL] - policy shape is torch.Size([1, 1, 6])
[2023-10-21 17:29:22,326][root][INFO] - The batch batch(tensor([[[-0.5393,  3.3866, -0.1690,  0.4214,  0.7923,  0.7569, -0.3658,
           0.1373,  0.1652,  0.3619, -0.4630, -8.3257, -6.2569,  7.2994,
          10.3972,  4.7156,  3.1287]]], dtype=torch.float64), tensor([[-0.9019]]), tensor([[False]]), tensor([[102]], dtype=torch.int32), tensor([[-21.3951]])) 
[2023-10-21 17:29:22,421][root][CRITICAL] - Baseline shape is torch.Size([1, 1])
[2023-10-21 17:29:22,421][root][CRITICAL] - Action shape is torch.Size([1, 1, 6])
[2023-10-21 17:29:22,422][root][CRITICAL] - policy shape is torch.Size([1, 1, 6])
[2023-10-21 17:29:22,424][root][INFO] - The batch batch(tensor([[[-2.5733e-02, -4.0484e-02, -2.4124e-02,  7.4043e-02,  2.3834e-03,
          -6.4713e-02,  9.8906e-02,  3.4107e-02, -2.0105e-01,  2.5188e-01,
          -1.1798e-01,  1.1514e-01,  1.7165e-01,  1.0124e-01,  4.4970e-03,
          -8.7182e-03, -3.3085e-02],
         [-5.7766e-01,  3.2983e+00, -2.9832e-01,  1.5403e-01,  5.4740e-01,
           2.1600e-01,  4.7861e-01, -9.2390e-03,  9.6144e-01, -1.0547e+00,
          -1.9433e+00, -4.2357e-01, -3.8905e+00, -9.1619e+00, -1.6543e+01,
           1.6853e+01, -6.0071e+00]]], dtype=torch.float64), tensor([[ 0.0000, -0.1662]]), tensor([[ True, False]]), tensor([[  0, 103]], dtype=torch.int32), tensor([[  0.0000, -21.5613]])) 
[2023-10-21 17:29:22,425][root][CRITICAL] - Baseline shape is torch.Size([2, 1])
[2023-10-21 17:29:22,425][root][CRITICAL] - Action shape is torch.Size([1, 2, 6])
[2023-10-21 17:29:22,495][root][CRITICAL] - policy shape is torch.Size([1, 1, 6])
