[2023-10-21 11:27:19,213][root][INFO] - name: null
wandb: false
project: skillhack
entity: your_entity_name
group: default
state_dict_path: none
foc_options_path: none
foc_options_config_path: none
teacher_path: none
teacher_config_path: none
ks_max_lambda: 10
ks_max_time: 20000000.0
ks_min_lambda_prop: 0.1
train_with_all_skills: false
penalty_per_step: 0.01
hks_max_uniform_weight: 1000
hks_min_uniform_prop: 0.05
hks_max_uniform_time: 20000000.0
tasks_json: tasks
mock: false
single_ttyrec: true
num_seeds: 0
write_profiler_trace: false
relative_reward: false
fn_penalty_step: constant
penalty_time: 0.0
penalty_step: -0.001
reward_lose: 0
reward_win: 1
character: null
save_tty: false
mode: train
env: HalfCheetahv4
obs_keys: glyphs,chars,colors,specials,blstats,message
num_actors: 256
total_steps: 10000000.0
batch_size: 32
unroll_length: 80
num_learner_threads: 1
num_inference_threads: 1
disable_cuda: false
learner_device: cuda:0
actor_device: cuda:0
max_learner_queue_size: null
model: HalfCheetah
use_lstm: false
hidden_dim: 256
embedding_dim: 64
glyph_type: all_cat
equalize_input_dim: false
equalize_factor: 2
layers: 5
crop_model: cnn
crop_dim: 9
use_index_select: true
entropy_cost: 0.001
baseline_cost: 0.5
discounting: 0.999
reward_clipping: none
normalize_reward: true
learning_rate: 0.0002
grad_norm_clipping: 40
alpha: 0.99
momentum: 0
epsilon: 1.0e-06
state_counter: none
no_extrinsic: false
int:
  twoheaded: true
  input: full
  intrinsic_weight: 0.1
  discounting: 0.99
  baseline_cost: 0.5
  episodic: true
  reward_clipping: none
  normalize_reward: true
ride:
  count_norm: true
  forward_cost: 1
  inverse_cost: 0.1
  hidden_dim: 128
rnd:
  forward_cost: 0.01
msg:
  model: none
  hidden_dim: 64
  embedding_dim: 32

[2023-10-21 11:27:19,230][root][INFO] - Symlinked log directory: /opt/project/latest
[2023-10-21 11:27:19,230][root][INFO] - Creating archive directory: /opt/project/outputs/2023-10-21/11-27-19/archives
[2023-10-21 11:27:19,234][root][INFO] - Logging results to /opt/project/outputs/2023-10-21/11-27-19
[2023-10-21 11:27:19,273][palaas/out][INFO] - Found log directory: /opt/project/outputs/2023-10-21/11-27-19
[2023-10-21 11:27:19,273][palaas/out][INFO] - Saving arguments to /opt/project/outputs/2023-10-21/11-27-19/meta.json
[2023-10-21 11:27:19,274][palaas/out][INFO] - Saving messages to /opt/project/outputs/2023-10-21/11-27-19/out.log
[2023-10-21 11:27:19,274][palaas/out][INFO] - Saving logs data to /opt/project/outputs/2023-10-21/11-27-19/logs.csv
[2023-10-21 11:27:19,274][palaas/out][INFO] - Saving logs' fields to /opt/project/outputs/2023-10-21/11-27-19/fields.csv
[2023-10-21 11:27:19,274][root][INFO] - Not using CUDA.
[2023-10-21 11:27:19,280][root][INFO] - Using model HalfCheetah
[2023-10-21 11:27:19,800][root][INFO] - Number of model parameters: 11085
[2023-10-21 11:27:19,805][root][INFO] - ()
[2023-10-21 11:27:19,806][root][INFO] - After actor pool
[2023-10-21 11:27:20,081][root][INFO] - <All keys matched successfully>
[2023-10-21 11:27:20,082][root][INFO] - The model states is ()
[2023-10-21 11:27:20,082][root][INFO] - The inference batchherr : hh
[2023-10-21 11:27:25,084][root][INFO] - Step 0 @ 0.0 SPS. Inference batcher size: 0. Learner queue size: 0. Other stats: (train_seconds = 5.0)
[2023-10-21 11:27:27,702][root][INFO] - observation : (tensor([[[-0.0592, -0.0356,  0.0508,  0.0486,  0.0681, -0.0020,  0.0888,
          -0.0260,  0.0682, -0.1081, -0.1172, -0.1165, -0.0836,  0.0471,
           0.0925,  0.0921, -0.1670]]], dtype=torch.float64))
[2023-10-21 11:27:27,703][root][INFO] - done : (tensor([[True]]))
[2023-10-21 11:27:27,703][root][INFO] - reward : (tensor([[0.]]))
[2023-10-21 11:27:30,088][root][INFO] - Step 0 @ 0.0 SPS. Inference batcher size: 2. Learner queue size: 0. Other stats: (train_seconds = 10.0)
[2023-10-21 11:27:35,092][root][INFO] - Step 0 @ 0.0 SPS. Inference batcher size: 26. Learner queue size: 0. Other stats: (train_seconds = 15.0)
[2023-10-21 11:27:40,097][root][INFO] - Step 0 @ 0.0 SPS. Inference batcher size: 47. Learner queue size: 0. Other stats: (train_seconds = 20.0)
[2023-10-21 11:27:45,100][root][INFO] - Step 0 @ 0.0 SPS. Inference batcher size: 108. Learner queue size: 0. Other stats: (train_seconds = 25.0)
[2023-10-21 11:27:50,104][root][INFO] - Step 0 @ 0.0 SPS. Inference batcher size: 163. Learner queue size: 0. Other stats: (train_seconds = 30.0)
[2023-10-21 11:27:55,108][root][INFO] - Step 0 @ 0.0 SPS. Inference batcher size: 213. Learner queue size: 0. Other stats: (train_seconds = 35.0)
[2023-10-21 11:28:00,112][root][INFO] - Step 0 @ 0.0 SPS. Inference batcher size: 255. Learner queue size: 0. Other stats: (train_seconds = 40.0)
[2023-10-21 11:28:05,116][root][INFO] - Step 0 @ 0.0 SPS. Inference batcher size: 255. Learner queue size: 0. Other stats: (train_seconds = 45.0)
[2023-10-21 11:28:10,120][root][INFO] - Step 0 @ 0.0 SPS. Inference batcher size: 255. Learner queue size: 0. Other stats: (train_seconds = 50.0)
[2023-10-21 11:28:15,125][root][INFO] - Step 0 @ 0.0 SPS. Inference batcher size: 255. Learner queue size: 0. Other stats: (train_seconds = 55.0)
[2023-10-21 11:28:20,128][root][INFO] - Step 0 @ 0.0 SPS. Inference batcher size: 255. Learner queue size: 0. Other stats: (train_seconds = 60.0)
[2023-10-21 11:28:25,132][root][INFO] - Step 0 @ 0.0 SPS. Inference batcher size: 255. Learner queue size: 0. Other stats: (train_seconds = 65.0)
[2023-10-21 11:28:30,137][root][INFO] - Step 0 @ 0.0 SPS. Inference batcher size: 255. Learner queue size: 0. Other stats: (train_seconds = 70.1)
[2023-10-21 11:28:35,140][root][INFO] - Step 0 @ 0.0 SPS. Inference batcher size: 255. Learner queue size: 0. Other stats: (train_seconds = 75.1)
[2023-10-21 11:28:40,143][root][INFO] - Step 0 @ 0.0 SPS. Inference batcher size: 255. Learner queue size: 0. Other stats: (train_seconds = 80.1)
[2023-10-21 11:28:45,146][root][INFO] - Step 0 @ 0.0 SPS. Inference batcher size: 255. Learner queue size: 0. Other stats: (train_seconds = 85.1)
[2023-10-21 11:28:50,148][root][INFO] - Step 0 @ 0.0 SPS. Inference batcher size: 255. Learner queue size: 0. Other stats: (train_seconds = 90.1)
[2023-10-21 11:28:55,152][root][INFO] - Step 0 @ 0.0 SPS. Inference batcher size: 255. Learner queue size: 0. Other stats: (train_seconds = 95.1)
[2023-10-21 11:29:00,157][root][INFO] - Step 0 @ 0.0 SPS. Inference batcher size: 255. Learner queue size: 0. Other stats: (train_seconds = 100.1)
[2023-10-21 11:29:05,160][root][INFO] - Step 0 @ 0.0 SPS. Inference batcher size: 255. Learner queue size: 0. Other stats: (train_seconds = 105.1)
[2023-10-21 11:29:10,164][root][INFO] - Step 0 @ 0.0 SPS. Inference batcher size: 255. Learner queue size: 0. Other stats: (train_seconds = 110.1)
[2023-10-21 11:29:15,168][root][INFO] - Step 0 @ 0.0 SPS. Inference batcher size: 255. Learner queue size: 0. Other stats: (train_seconds = 115.1)
[2023-10-21 11:29:20,172][root][INFO] - Step 0 @ 0.0 SPS. Inference batcher size: 255. Learner queue size: 0. Other stats: (train_seconds = 120.1)
[2023-10-21 11:29:25,176][root][INFO] - Step 0 @ 0.0 SPS. Inference batcher size: 255. Learner queue size: 0. Other stats: (train_seconds = 125.1)
[2023-10-21 11:29:30,180][root][INFO] - Step 0 @ 0.0 SPS. Inference batcher size: 255. Learner queue size: 0. Other stats: (train_seconds = 130.1)
[2023-10-21 11:29:35,184][root][INFO] - Step 0 @ 0.0 SPS. Inference batcher size: 255. Learner queue size: 0. Other stats: (train_seconds = 135.1)
[2023-10-21 11:29:40,188][root][INFO] - Step 0 @ 0.0 SPS. Inference batcher size: 255. Learner queue size: 0. Other stats: (train_seconds = 140.1)
[2023-10-21 11:29:45,192][root][INFO] - Step 0 @ 0.0 SPS. Inference batcher size: 255. Learner queue size: 0. Other stats: (train_seconds = 145.1)
[2023-10-21 11:29:50,200][root][INFO] - Step 0 @ 0.0 SPS. Inference batcher size: 255. Learner queue size: 0. Other stats: (train_seconds = 150.1)
[2023-10-21 11:29:55,203][root][INFO] - Step 0 @ 0.0 SPS. Inference batcher size: 255. Learner queue size: 0. Other stats: (train_seconds = 155.1)
[2023-10-21 11:30:00,211][root][INFO] - Step 0 @ 0.0 SPS. Inference batcher size: 255. Learner queue size: 0. Other stats: (train_seconds = 160.1)
[2023-10-21 11:30:05,216][root][INFO] - Step 0 @ 0.0 SPS. Inference batcher size: 255. Learner queue size: 0. Other stats: (train_seconds = 165.1)
[2023-10-21 11:30:10,221][root][INFO] - Step 0 @ 0.0 SPS. Inference batcher size: 255. Learner queue size: 0. Other stats: (train_seconds = 170.1)
[2023-10-21 11:30:15,224][root][INFO] - Step 0 @ 0.0 SPS. Inference batcher size: 255. Learner queue size: 0. Other stats: (train_seconds = 175.1)
[2023-10-21 11:30:20,230][root][INFO] - Step 0 @ 0.0 SPS. Inference batcher size: 255. Learner queue size: 0. Other stats: (train_seconds = 180.1)
