[2023-10-10 14:28:54,856][root][INFO] - name: null
wandb: false
project: skillhack
entity: your_entity_name
group: default
state_dict_path: none
foc_options_path: none
foc_options_config_path: none
teacher_path: none
teacher_config_path: none
ks_max_lambda: 10
ks_max_time: 20000000.0
ks_min_lambda_prop: 0.1
train_with_all_skills: false
penalty_per_step: 0.01
hks_max_uniform_weight: 1000
hks_min_uniform_prop: 0.05
hks_max_uniform_time: 20000000.0
tasks_json: tasks
mock: false
single_ttyrec: true
num_seeds: 0
write_profiler_trace: false
relative_reward: false
fn_penalty_step: constant
penalty_time: 0.0
penalty_step: -0.001
reward_lose: 0
reward_win: 1
character: null
save_tty: false
mode: train
env: mini_skill_fight
obs_keys: glyphs,chars,colors,specials,blstats,message
num_actors: 256
total_steps: 10000000.0
batch_size: 32
unroll_length: 80
num_learner_threads: 1
num_inference_threads: 1
disable_cuda: false
learner_device: cuda:0
actor_device: cuda:0
max_learner_queue_size: null
model: baseline
use_lstm: false
hidden_dim: 256
embedding_dim: 64
glyph_type: all_cat
equalize_input_dim: false
equalize_factor: 2
layers: 5
crop_model: cnn
crop_dim: 9
use_index_select: true
entropy_cost: 0.001
baseline_cost: 0.5
discounting: 0.999
reward_clipping: none
normalize_reward: true
learning_rate: 0.0002
grad_norm_clipping: 40
alpha: 0.99
momentum: 0
epsilon: 1.0e-06
state_counter: none
no_extrinsic: false
int:
  twoheaded: true
  input: full
  intrinsic_weight: 0.1
  discounting: 0.99
  baseline_cost: 0.5
  episodic: true
  reward_clipping: none
  normalize_reward: true
ride:
  count_norm: true
  forward_cost: 1
  inverse_cost: 0.1
  hidden_dim: 128
rnd:
  forward_cost: 0.01
msg:
  model: none
  hidden_dim: 64
  embedding_dim: 32

[2023-10-10 14:28:54,871][root][INFO] - Symlinked log directory: /opt/project/latest
[2023-10-10 14:28:54,872][root][INFO] - Creating archive directory: /opt/project/outputs/2023-10-10/14-28-54/archives
[2023-10-10 14:28:54,876][root][INFO] - Logging results to /opt/project/outputs/2023-10-10/14-28-54
[2023-10-10 14:28:54,922][palaas/out][INFO] - Found log directory: /opt/project/outputs/2023-10-10/14-28-54
[2023-10-10 14:28:54,922][palaas/out][INFO] - Saving arguments to /opt/project/outputs/2023-10-10/14-28-54/meta.json
[2023-10-10 14:28:54,922][palaas/out][INFO] - Saving messages to /opt/project/outputs/2023-10-10/14-28-54/out.log
[2023-10-10 14:28:54,922][palaas/out][INFO] - Saving logs data to /opt/project/outputs/2023-10-10/14-28-54/logs.csv
[2023-10-10 14:28:54,923][palaas/out][INFO] - Saving logs' fields to /opt/project/outputs/2023-10-10/14-28-54/fields.csv
[2023-10-10 14:28:54,923][root][INFO] - Not using CUDA.
[2023-10-10 14:28:54,929][root][INFO] - Using model baseline
[2023-10-10 14:28:54,929][root][INFO] - SHAYYY
[2023-10-10 14:28:54,929][root][INFO] - {'des_file': 'skills/skill_fight.des', 'reward_manager': <minihack.reward_manager.RewardManager object at 0x7f1499b98460>, 'savedir': None, 'actions': (<CompassDirection.N: 107>, <CompassDirection.E: 108>, <CompassDirection.S: 106>, <CompassDirection.W: 104>, <CompassDirection.NE: 117>, <CompassDirection.SE: 110>, <CompassDirection.SW: 98>, <CompassDirection.NW: 121>, <Command.PICKUP: 44>, <Command.PUTON: 80>, <Command.ZAP: 122>, <Command.TAKEOFF: 84>, <Command.WEAR: 87>, <Command.THROW: 116>, <Command.ESC: 27>, <Command.EAT: 101>, <Command.APPLY: 97>, <Command.WIELD: 119>, <Command.QUAFF: 113>, 36, 102, 103, 104)}
[2023-10-10 14:28:54,929][nle.env.base][INFO] - Not saving any NLE data.
