[2023-10-21 17:53:31,736][root][INFO] - name: null
wandb: false
project: skillhack
entity: your_entity_name
group: default
state_dict_path: none
foc_options_path: none
foc_options_config_path: none
teacher_path: none
teacher_config_path: none
ks_max_lambda: 10
ks_max_time: 20000000.0
ks_min_lambda_prop: 0.1
train_with_all_skills: false
penalty_per_step: 0.01
hks_max_uniform_weight: 1000
hks_min_uniform_prop: 0.05
hks_max_uniform_time: 20000000.0
tasks_json: tasks
mock: false
single_ttyrec: true
num_seeds: 0
write_profiler_trace: false
relative_reward: false
fn_penalty_step: constant
penalty_time: 0.0
penalty_step: -0.001
reward_lose: 0
reward_win: 1
character: null
save_tty: false
mode: train
env: HalfCheetahv4
obs_keys: glyphs,chars,colors,specials,blstats,message
num_actors: 256
total_steps: 10000000.0
batch_size: 32
unroll_length: 80
num_learner_threads: 1
num_inference_threads: 1
disable_cuda: false
learner_device: cuda:0
actor_device: cuda:0
max_learner_queue_size: null
model: HalfCheetah
use_lstm: false
hidden_dim: 256
embedding_dim: 64
glyph_type: all_cat
equalize_input_dim: false
equalize_factor: 2
layers: 5
crop_model: cnn
crop_dim: 9
use_index_select: true
entropy_cost: 0.001
baseline_cost: 0.5
discounting: 0.999
reward_clipping: none
normalize_reward: true
learning_rate: 0.0002
grad_norm_clipping: 40
alpha: 0.99
momentum: 0
epsilon: 1.0e-06
state_counter: none
no_extrinsic: false
int:
  twoheaded: true
  input: full
  intrinsic_weight: 0.1
  discounting: 0.99
  baseline_cost: 0.5
  episodic: true
  reward_clipping: none
  normalize_reward: true
ride:
  count_norm: true
  forward_cost: 1
  inverse_cost: 0.1
  hidden_dim: 128
rnd:
  forward_cost: 0.01
msg:
  model: none
  hidden_dim: 64
  embedding_dim: 32

[2023-10-21 17:53:31,754][root][INFO] - Symlinked log directory: /opt/project/latest
[2023-10-21 17:53:31,755][root][INFO] - Creating archive directory: /opt/project/outputs/2023-10-21/17-53-31/archives
[2023-10-21 17:53:31,758][root][INFO] - Logging results to /opt/project/outputs/2023-10-21/17-53-31
[2023-10-21 17:53:31,798][palaas/out][INFO] - Found log directory: /opt/project/outputs/2023-10-21/17-53-31
[2023-10-21 17:53:31,798][palaas/out][INFO] - Saving arguments to /opt/project/outputs/2023-10-21/17-53-31/meta.json
[2023-10-21 17:53:31,799][palaas/out][INFO] - Saving messages to /opt/project/outputs/2023-10-21/17-53-31/out.log
[2023-10-21 17:53:31,799][palaas/out][INFO] - Saving logs data to /opt/project/outputs/2023-10-21/17-53-31/logs.csv
[2023-10-21 17:53:31,799][palaas/out][INFO] - Saving logs' fields to /opt/project/outputs/2023-10-21/17-53-31/fields.csv
[2023-10-21 17:53:31,799][root][INFO] - Not using CUDA.
[2023-10-21 17:53:31,805][root][INFO] - Using model HalfCheetah
[2023-10-21 17:53:32,281][root][INFO] - Number of model parameters: 11085
[2023-10-21 17:53:32,286][root][INFO] - ()
[2023-10-21 17:53:32,286][root][INFO] - After actor pool
[2023-10-21 17:53:32,571][root][INFO] - <All keys matched successfully>
[2023-10-21 17:53:32,571][root][INFO] - The model states is ()
[2023-10-21 17:53:36,624][root][INFO] - policy shape is torch.Size([1, 1, 6])
[2023-10-21 17:53:36,625][root][INFO] - torch.Size([1, 1, 17])
[2023-10-21 17:53:36,625][root][INFO] - Baseline shape is torch.Size([1, 1])
[2023-10-21 17:53:36,625][root][INFO] - policy shape is torch.Size([1, 1, 6])
[2023-10-21 17:53:36,625][root][INFO] - Action shape is torch.Size([1, 1, 6])
[2023-10-21 17:53:36,626][root][INFO] - policy shape is torch.Size([1, 1, 6])
[2023-10-21 17:53:36,626][root][INFO] - torch.Size([1, 1, 17])
[2023-10-21 17:53:36,626][root][INFO] - Baseline shape is torch.Size([1, 1])
[2023-10-21 17:53:36,626][root][INFO] - policy shape is torch.Size([1, 1, 6])
[2023-10-21 17:53:36,627][root][INFO] - Action shape is torch.Size([1, 1, 6])
[2023-10-21 17:53:36,628][root][INFO] - policy shape is torch.Size([1, 1, 6])
[2023-10-21 17:53:36,629][root][INFO] - torch.Size([1, 1, 17])
[2023-10-21 17:53:36,629][root][INFO] - Baseline shape is torch.Size([1, 1])
[2023-10-21 17:53:36,629][root][INFO] - policy shape is torch.Size([1, 1, 6])
[2023-10-21 17:53:36,629][root][INFO] - Action shape is torch.Size([1, 1, 6])
[2023-10-21 17:53:36,657][root][INFO] - policy shape is torch.Size([1, 1, 6])
[2023-10-21 17:53:36,657][root][INFO] - torch.Size([1, 1, 17])
[2023-10-21 17:53:36,658][root][INFO] - Baseline shape is torch.Size([1, 1])
[2023-10-21 17:53:36,658][root][INFO] - policy shape is torch.Size([1, 1, 6])
[2023-10-21 17:53:36,658][root][INFO] - Action shape is torch.Size([1, 1, 6])
[2023-10-21 17:53:36,665][root][INFO] - policy shape is torch.Size([1, 1, 6])
[2023-10-21 17:53:36,665][root][INFO] - torch.Size([1, 1, 17])
[2023-10-21 17:53:36,666][root][INFO] - Baseline shape is torch.Size([1, 1])
[2023-10-21 17:53:36,666][root][INFO] - policy shape is torch.Size([1, 1, 6])
[2023-10-21 17:53:36,666][root][INFO] - Action shape is torch.Size([1, 1, 6])
[2023-10-21 17:53:36,686][root][INFO] - policy shape is torch.Size([1, 1, 6])
[2023-10-21 17:53:36,687][root][INFO] - torch.Size([1, 1, 17])
[2023-10-21 17:53:36,688][root][INFO] - Baseline shape is torch.Size([1, 1])
[2023-10-21 17:53:36,689][root][INFO] - policy shape is torch.Size([1, 1, 6])
[2023-10-21 17:53:36,689][root][INFO] - Action shape is torch.Size([1, 1, 6])
[2023-10-21 17:53:36,695][root][INFO] - policy shape is torch.Size([1, 1, 6])
[2023-10-21 17:53:36,696][root][INFO] - torch.Size([1, 1, 17])
[2023-10-21 17:53:36,697][root][INFO] - Baseline shape is torch.Size([1, 1])
[2023-10-21 17:53:36,697][root][INFO] - policy shape is torch.Size([1, 1, 6])
[2023-10-21 17:53:36,697][root][INFO] - Action shape is torch.Size([1, 1, 6])
[2023-10-21 17:53:36,710][root][INFO] - policy shape is torch.Size([1, 1, 6])
[2023-10-21 17:53:36,711][root][INFO] - torch.Size([1, 1, 17])
[2023-10-21 17:53:36,711][root][INFO] - Baseline shape is torch.Size([1, 1])
[2023-10-21 17:53:36,711][root][INFO] - policy shape is torch.Size([1, 1, 6])
[2023-10-21 17:53:36,711][root][INFO] - Action shape is torch.Size([1, 1, 6])
[2023-10-21 17:53:36,721][root][INFO] - policy shape is torch.Size([1, 1, 6])
[2023-10-21 17:53:36,721][root][INFO] - torch.Size([1, 1, 17])
[2023-10-21 17:53:36,722][root][INFO] - Baseline shape is torch.Size([1, 1])
[2023-10-21 17:53:36,722][root][INFO] - policy shape is torch.Size([1, 1, 6])
[2023-10-21 17:53:36,722][root][INFO] - Action shape is torch.Size([1, 1, 6])
[2023-10-21 17:53:36,737][root][INFO] - policy shape is torch.Size([1, 1, 6])
[2023-10-21 17:53:36,738][root][INFO] - torch.Size([1, 1, 17])
[2023-10-21 17:53:36,738][root][INFO] - Baseline shape is torch.Size([1, 1])
[2023-10-21 17:53:36,738][root][INFO] - policy shape is torch.Size([1, 1, 6])
[2023-10-21 17:53:36,738][root][INFO] - Action shape is torch.Size([1, 1, 6])
[2023-10-21 17:53:36,776][root][INFO] - policy shape is torch.Size([1, 1, 6])
[2023-10-21 17:53:36,777][root][INFO] - torch.Size([1, 1, 17])
[2023-10-21 17:53:36,777][root][INFO] - Baseline shape is torch.Size([1, 1])
[2023-10-21 17:53:36,778][root][INFO] - policy shape is torch.Size([1, 1, 6])
[2023-10-21 17:53:36,778][root][INFO] - Action shape is torch.Size([1, 1, 6])
[2023-10-21 17:53:36,796][root][INFO] - policy shape is torch.Size([1, 1, 6])
[2023-10-21 17:53:36,797][root][INFO] - torch.Size([1, 1, 17])
[2023-10-21 17:53:36,797][root][INFO] - Baseline shape is torch.Size([1, 1])
[2023-10-21 17:53:36,798][root][INFO] - policy shape is torch.Size([1, 1, 6])
[2023-10-21 17:53:36,798][root][INFO] - Action shape is torch.Size([1, 1, 6])
[2023-10-21 17:53:36,824][root][INFO] - policy shape is torch.Size([1, 1, 6])
[2023-10-21 17:53:36,825][root][INFO] - torch.Size([1, 1, 17])
[2023-10-21 17:53:36,826][root][INFO] - Baseline shape is torch.Size([1, 1])
[2023-10-21 17:53:36,826][root][INFO] - policy shape is torch.Size([1, 1, 6])
[2023-10-21 17:53:36,826][root][INFO] - Action shape is torch.Size([1, 1, 6])
[2023-10-21 17:53:36,832][root][INFO] - policy shape is torch.Size([1, 1, 6])
[2023-10-21 17:53:36,833][root][INFO] - torch.Size([1, 1, 17])
[2023-10-21 17:53:36,833][root][INFO] - Baseline shape is torch.Size([1, 1])
[2023-10-21 17:53:36,833][root][INFO] - policy shape is torch.Size([1, 1, 6])
[2023-10-21 17:53:36,834][root][INFO] - Action shape is torch.Size([1, 1, 6])
[2023-10-21 17:53:36,864][root][INFO] - policy shape is torch.Size([1, 1, 6])
[2023-10-21 17:53:36,865][root][INFO] - torch.Size([1, 1, 17])
[2023-10-21 17:53:36,865][root][INFO] - Baseline shape is torch.Size([1, 1])
[2023-10-21 17:53:36,866][root][INFO] - policy shape is torch.Size([1, 1, 6])
[2023-10-21 17:53:36,866][root][INFO] - Action shape is torch.Size([1, 1, 6])
[2023-10-21 17:53:36,867][root][INFO] - policy shape is torch.Size([1, 1, 6])
[2023-10-21 17:53:36,867][root][INFO] - torch.Size([1, 1, 17])
[2023-10-21 17:53:36,868][root][INFO] - Baseline shape is torch.Size([1, 1])
[2023-10-21 17:53:36,868][root][INFO] - policy shape is torch.Size([1, 1, 6])
[2023-10-21 17:53:36,868][root][INFO] - Action shape is torch.Size([1, 1, 6])
[2023-10-21 17:53:36,924][root][INFO] - policy shape is torch.Size([1, 1, 6])
[2023-10-21 17:53:36,925][root][INFO] - torch.Size([1, 1, 17])
[2023-10-21 17:53:36,925][root][INFO] - Baseline shape is torch.Size([1, 1])
[2023-10-21 17:53:36,926][root][INFO] - policy shape is torch.Size([1, 1, 6])
[2023-10-21 17:53:36,926][root][INFO] - Action shape is torch.Size([1, 1, 6])
[2023-10-21 17:53:36,927][root][INFO] - policy shape is torch.Size([1, 1, 6])
[2023-10-21 17:53:36,928][root][INFO] - torch.Size([1, 1, 17])
[2023-10-21 17:53:36,928][root][INFO] - Baseline shape is torch.Size([1, 1])
[2023-10-21 17:53:36,928][root][INFO] - policy shape is torch.Size([1, 1, 6])
[2023-10-21 17:53:36,928][root][INFO] - Action shape is torch.Size([1, 1, 6])
[2023-10-21 17:53:36,930][root][INFO] - policy shape is torch.Size([1, 1, 6])
[2023-10-21 17:53:36,930][root][INFO] - torch.Size([1, 1, 17])
[2023-10-21 17:53:36,987][root][INFO] - Baseline shape is torch.Size([1, 1])
[2023-10-21 17:53:36,987][root][INFO] - policy shape is torch.Size([1, 1, 6])
[2023-10-21 17:53:36,988][root][INFO] - Action shape is torch.Size([1, 1, 6])
[2023-10-21 17:53:36,989][root][INFO] - policy shape is torch.Size([1, 1, 6])
[2023-10-21 17:53:36,990][root][INFO] - torch.Size([1, 1, 17])
[2023-10-21 17:53:36,990][root][INFO] - Baseline shape is torch.Size([1, 1])
[2023-10-21 17:53:36,990][root][INFO] - policy shape is torch.Size([1, 1, 6])
[2023-10-21 17:53:36,991][root][INFO] - Action shape is torch.Size([1, 1, 6])
[2023-10-21 17:53:36,992][root][INFO] - policy shape is torch.Size([1, 1, 6])
[2023-10-21 17:53:36,992][root][INFO] - torch.Size([1, 1, 17])
[2023-10-21 17:53:36,993][root][INFO] - Baseline shape is torch.Size([1, 1])
[2023-10-21 17:53:36,993][root][INFO] - policy shape is torch.Size([1, 1, 6])
[2023-10-21 17:53:36,993][root][INFO] - Action shape is torch.Size([1, 1, 6])
[2023-10-21 17:53:36,994][root][INFO] - policy shape is torch.Size([1, 1, 6])
[2023-10-21 17:53:37,052][root][INFO] - torch.Size([1, 1, 17])
[2023-10-21 17:53:37,053][root][INFO] - Baseline shape is torch.Size([1, 1])
[2023-10-21 17:53:37,053][root][INFO] - policy shape is torch.Size([1, 1, 6])
[2023-10-21 17:53:37,053][root][INFO] - Action shape is torch.Size([1, 1, 6])
[2023-10-21 17:53:37,055][root][INFO] - policy shape is torch.Size([1, 1, 6])
[2023-10-21 17:53:37,056][root][INFO] - torch.Size([1, 1, 17])
[2023-10-21 17:53:37,056][root][INFO] - Baseline shape is torch.Size([1, 1])
[2023-10-21 17:53:37,056][root][INFO] - policy shape is torch.Size([1, 1, 6])
[2023-10-21 17:53:37,057][root][INFO] - Action shape is torch.Size([1, 1, 6])
[2023-10-21 17:53:37,058][root][INFO] - policy shape is torch.Size([1, 1, 6])
[2023-10-21 17:53:37,058][root][INFO] - torch.Size([1, 1, 17])
[2023-10-21 17:53:37,113][root][INFO] - Baseline shape is torch.Size([1, 1])
[2023-10-21 17:53:37,113][root][INFO] - policy shape is torch.Size([1, 1, 6])
[2023-10-21 17:53:37,114][root][INFO] - Action shape is torch.Size([1, 1, 6])
[2023-10-21 17:53:37,115][root][INFO] - policy shape is torch.Size([1, 1, 6])
[2023-10-21 17:53:37,116][root][INFO] - torch.Size([1, 1, 17])
[2023-10-21 17:53:37,116][root][INFO] - Baseline shape is torch.Size([1, 1])
[2023-10-21 17:53:37,116][root][INFO] - policy shape is torch.Size([1, 1, 6])
[2023-10-21 17:53:37,116][root][INFO] - Action shape is torch.Size([1, 1, 6])
[2023-10-21 17:53:37,148][root][INFO] - policy shape is torch.Size([1, 1, 6])
[2023-10-21 17:53:37,149][root][INFO] - torch.Size([1, 1, 17])
[2023-10-21 17:53:37,149][root][INFO] - Baseline shape is torch.Size([1, 1])
[2023-10-21 17:53:37,149][root][INFO] - policy shape is torch.Size([1, 1, 6])
[2023-10-21 17:53:37,150][root][INFO] - Action shape is torch.Size([1, 1, 6])
[2023-10-21 17:53:37,184][root][INFO] - policy shape is torch.Size([1, 1, 6])
[2023-10-21 17:53:37,185][root][INFO] - torch.Size([1, 1, 17])
[2023-10-21 17:53:37,185][root][INFO] - Baseline shape is torch.Size([1, 1])
[2023-10-21 17:53:37,185][root][INFO] - policy shape is torch.Size([1, 1, 6])
[2023-10-21 17:53:37,185][root][INFO] - Action shape is torch.Size([1, 1, 6])
[2023-10-21 17:53:37,216][root][INFO] - policy shape is torch.Size([1, 1, 6])
[2023-10-21 17:53:37,217][root][INFO] - torch.Size([1, 1, 17])
[2023-10-21 17:53:37,217][root][INFO] - Baseline shape is torch.Size([1, 1])
[2023-10-21 17:53:37,217][root][INFO] - policy shape is torch.Size([1, 1, 6])
[2023-10-21 17:53:37,218][root][INFO] - Action shape is torch.Size([1, 1, 6])
[2023-10-21 17:53:37,232][root][INFO] - policy shape is torch.Size([1, 1, 6])
[2023-10-21 17:53:37,233][root][INFO] - torch.Size([1, 1, 17])
[2023-10-21 17:53:37,233][root][INFO] - Baseline shape is torch.Size([1, 1])
[2023-10-21 17:53:37,233][root][INFO] - policy shape is torch.Size([1, 1, 6])
[2023-10-21 17:53:37,233][root][INFO] - Action shape is torch.Size([1, 1, 6])
[2023-10-21 17:53:37,264][root][INFO] - policy shape is torch.Size([1, 1, 6])
[2023-10-21 17:53:37,265][root][INFO] - torch.Size([1, 1, 17])
[2023-10-21 17:53:37,266][root][INFO] - Baseline shape is torch.Size([1, 1])
[2023-10-21 17:53:37,266][root][INFO] - policy shape is torch.Size([1, 1, 6])
[2023-10-21 17:53:37,266][root][INFO] - Action shape is torch.Size([1, 1, 6])
[2023-10-21 17:53:37,276][root][INFO] - policy shape is torch.Size([1, 1, 6])
[2023-10-21 17:53:37,277][root][INFO] - torch.Size([1, 1, 17])
[2023-10-21 17:53:37,277][root][INFO] - Baseline shape is torch.Size([1, 1])
[2023-10-21 17:53:37,278][root][INFO] - policy shape is torch.Size([1, 1, 6])
[2023-10-21 17:53:37,278][root][INFO] - Action shape is torch.Size([1, 1, 6])
[2023-10-21 17:53:37,308][root][INFO] - policy shape is torch.Size([1, 1, 6])
[2023-10-21 17:53:37,309][root][INFO] - torch.Size([1, 1, 17])
[2023-10-21 17:53:37,309][root][INFO] - Baseline shape is torch.Size([1, 1])
[2023-10-21 17:53:37,309][root][INFO] - policy shape is torch.Size([1, 1, 6])
[2023-10-21 17:53:37,310][root][INFO] - Action shape is torch.Size([1, 1, 6])
[2023-10-21 17:53:37,328][root][INFO] - policy shape is torch.Size([1, 1, 6])
[2023-10-21 17:53:37,329][root][INFO] - torch.Size([1, 1, 17])
[2023-10-21 17:53:37,329][root][INFO] - Baseline shape is torch.Size([1, 1])
[2023-10-21 17:53:37,329][root][INFO] - policy shape is torch.Size([1, 1, 6])
[2023-10-21 17:53:37,329][root][INFO] - Action shape is torch.Size([1, 1, 6])
[2023-10-21 17:53:37,360][root][INFO] - policy shape is torch.Size([1, 1, 6])
[2023-10-21 17:53:37,361][root][INFO] - torch.Size([1, 1, 17])
[2023-10-21 17:53:37,361][root][INFO] - Baseline shape is torch.Size([1, 1])
[2023-10-21 17:53:37,361][root][INFO] - policy shape is torch.Size([1, 1, 6])
[2023-10-21 17:53:37,361][root][INFO] - Action shape is torch.Size([1, 1, 6])
[2023-10-21 17:53:37,376][root][INFO] - policy shape is torch.Size([1, 1, 6])
[2023-10-21 17:53:37,377][root][INFO] - torch.Size([1, 1, 17])
[2023-10-21 17:53:37,377][root][INFO] - Baseline shape is torch.Size([1, 1])
[2023-10-21 17:53:37,377][root][INFO] - policy shape is torch.Size([1, 1, 6])
[2023-10-21 17:53:37,378][root][INFO] - Action shape is torch.Size([1, 1, 6])
[2023-10-21 17:53:37,404][root][INFO] - policy shape is torch.Size([1, 1, 6])
[2023-10-21 17:53:37,405][root][INFO] - torch.Size([1, 1, 17])
[2023-10-21 17:53:37,406][root][INFO] - Baseline shape is torch.Size([1, 1])
[2023-10-21 17:53:37,406][root][INFO] - policy shape is torch.Size([1, 1, 6])
[2023-10-21 17:53:37,406][root][INFO] - Action shape is torch.Size([1, 1, 6])
[2023-10-21 17:53:37,424][root][INFO] - policy shape is torch.Size([1, 1, 6])
[2023-10-21 17:53:37,425][root][INFO] - torch.Size([1, 1, 17])
[2023-10-21 17:53:37,425][root][INFO] - Baseline shape is torch.Size([1, 1])
[2023-10-21 17:53:37,425][root][INFO] - policy shape is torch.Size([1, 1, 6])
[2023-10-21 17:53:37,425][root][INFO] - Action shape is torch.Size([1, 1, 6])
[2023-10-21 17:53:37,452][root][INFO] - policy shape is torch.Size([1, 1, 6])
[2023-10-21 17:53:37,453][root][INFO] - torch.Size([1, 1, 17])
[2023-10-21 17:53:37,454][root][INFO] - Baseline shape is torch.Size([1, 1])
[2023-10-21 17:53:37,454][root][INFO] - policy shape is torch.Size([1, 1, 6])
[2023-10-21 17:53:37,454][root][INFO] - Action shape is torch.Size([1, 1, 6])
[2023-10-21 17:53:37,484][root][INFO] - policy shape is torch.Size([1, 1, 6])
[2023-10-21 17:53:37,485][root][INFO] - torch.Size([1, 1, 17])
[2023-10-21 17:53:37,485][root][INFO] - Baseline shape is torch.Size([1, 1])
[2023-10-21 17:53:37,485][root][INFO] - policy shape is torch.Size([1, 1, 6])
[2023-10-21 17:53:37,485][root][INFO] - Action shape is torch.Size([1, 1, 6])
[2023-10-21 17:53:37,520][root][INFO] - policy shape is torch.Size([1, 1, 6])
[2023-10-21 17:53:37,521][root][INFO] - torch.Size([1, 1, 17])
[2023-10-21 17:53:37,521][root][INFO] - Baseline shape is torch.Size([1, 1])
[2023-10-21 17:53:37,521][root][INFO] - policy shape is torch.Size([1, 1, 6])
[2023-10-21 17:53:37,522][root][INFO] - Action shape is torch.Size([1, 1, 6])
[2023-10-21 17:53:37,540][root][INFO] - policy shape is torch.Size([1, 1, 6])
[2023-10-21 17:53:37,541][root][INFO] - torch.Size([1, 1, 17])
[2023-10-21 17:53:37,541][root][INFO] - Baseline shape is torch.Size([1, 1])
[2023-10-21 17:53:37,541][root][INFO] - policy shape is torch.Size([1, 1, 6])
[2023-10-21 17:53:37,542][root][INFO] - Action shape is torch.Size([1, 1, 6])
[2023-10-21 17:53:37,568][root][INFO] - policy shape is torch.Size([1, 1, 6])
[2023-10-21 17:53:37,569][root][INFO] - torch.Size([1, 1, 17])
[2023-10-21 17:53:37,569][root][INFO] - Baseline shape is torch.Size([1, 1])
[2023-10-21 17:53:37,569][root][INFO] - policy shape is torch.Size([1, 1, 6])
[2023-10-21 17:53:37,570][root][INFO] - Action shape is torch.Size([1, 1, 6])
[2023-10-21 17:53:37,576][root][INFO] - Step 0 @ 0.0 SPS. Inference batcher size: 1. Learner queue size: 0. Other stats: (train_seconds = 5.0)
[2023-10-21 17:53:37,592][root][INFO] - policy shape is torch.Size([1, 1, 6])
[2023-10-21 17:53:37,593][root][INFO] - torch.Size([1, 1, 17])
[2023-10-21 17:53:37,594][root][INFO] - Baseline shape is torch.Size([1, 1])
[2023-10-21 17:53:37,594][root][INFO] - policy shape is torch.Size([1, 1, 6])
[2023-10-21 17:53:37,594][root][INFO] - Action shape is torch.Size([1, 1, 6])
[2023-10-21 17:53:37,596][root][INFO] - policy shape is torch.Size([1, 1, 6])
[2023-10-21 17:53:37,597][root][INFO] - torch.Size([1, 1, 17])
[2023-10-21 17:53:37,597][root][INFO] - Baseline shape is torch.Size([1, 1])
[2023-10-21 17:53:37,597][root][INFO] - policy shape is torch.Size([1, 1, 6])
[2023-10-21 17:53:37,597][root][INFO] - Action shape is torch.Size([1, 1, 6])
[2023-10-21 17:53:37,599][root][INFO] - policy shape is torch.Size([1, 1, 6])
[2023-10-21 17:53:37,640][root][INFO] - torch.Size([1, 1, 17])
[2023-10-21 17:53:37,641][root][INFO] - Baseline shape is torch.Size([1, 1])
[2023-10-21 17:53:37,641][root][INFO] - policy shape is torch.Size([1, 1, 6])
[2023-10-21 17:53:37,641][root][INFO] - Action shape is torch.Size([1, 1, 6])
[2023-10-21 17:53:37,643][root][INFO] - policy shape is torch.Size([1, 1, 6])
[2023-10-21 17:53:37,643][root][INFO] - torch.Size([1, 1, 17])
[2023-10-21 17:53:37,644][root][INFO] - Baseline shape is torch.Size([1, 1])
[2023-10-21 17:53:37,644][root][INFO] - policy shape is torch.Size([1, 1, 6])
[2023-10-21 17:53:37,644][root][INFO] - Action shape is torch.Size([1, 1, 6])
[2023-10-21 17:53:37,646][root][INFO] - policy shape is torch.Size([1, 1, 6])
[2023-10-21 17:53:37,708][root][INFO] - torch.Size([1, 1, 17])
[2023-10-21 17:53:37,709][root][INFO] - Baseline shape is torch.Size([1, 1])
[2023-10-21 17:53:37,709][root][INFO] - policy shape is torch.Size([1, 1, 6])
[2023-10-21 17:53:37,709][root][INFO] - Action shape is torch.Size([1, 1, 6])
[2023-10-21 17:53:37,711][root][INFO] - policy shape is torch.Size([1, 1, 6])
[2023-10-21 17:53:37,711][root][INFO] - torch.Size([1, 1, 17])
[2023-10-21 17:53:37,711][root][INFO] - Baseline shape is torch.Size([1, 1])
[2023-10-21 17:53:37,712][root][INFO] - policy shape is torch.Size([1, 1, 6])
[2023-10-21 17:53:37,712][root][INFO] - Action shape is torch.Size([1, 1, 6])
[2023-10-21 17:53:37,713][root][INFO] - policy shape is torch.Size([1, 1, 6])
[2023-10-21 17:53:37,713][root][INFO] - torch.Size([1, 1, 17])
[2023-10-21 17:53:37,714][root][INFO] - Baseline shape is torch.Size([1, 1])
[2023-10-21 17:53:37,760][root][INFO] - policy shape is torch.Size([1, 1, 6])
[2023-10-21 17:53:37,760][root][INFO] - Action shape is torch.Size([1, 1, 6])
[2023-10-21 17:53:37,762][root][INFO] - policy shape is torch.Size([1, 1, 6])
[2023-10-21 17:53:37,762][root][INFO] - torch.Size([1, 1, 17])
[2023-10-21 17:53:37,763][root][INFO] - Baseline shape is torch.Size([1, 1])
[2023-10-21 17:53:37,763][root][INFO] - policy shape is torch.Size([1, 1, 6])
[2023-10-21 17:53:37,763][root][INFO] - Action shape is torch.Size([1, 1, 6])
[2023-10-21 17:53:37,764][root][INFO] - policy shape is torch.Size([1, 1, 6])
[2023-10-21 17:53:37,764][root][INFO] - torch.Size([1, 1, 17])
[2023-10-21 17:53:37,765][root][INFO] - Baseline shape is torch.Size([1, 1])
[2023-10-21 17:53:37,765][root][INFO] - policy shape is torch.Size([1, 1, 6])
[2023-10-21 17:53:37,765][root][INFO] - Action shape is torch.Size([1, 1, 6])
[2023-10-21 17:53:37,766][root][INFO] - policy shape is torch.Size([1, 1, 6])
[2023-10-21 17:53:37,767][root][INFO] - torch.Size([1, 1, 17])
[2023-10-21 17:53:37,767][root][INFO] - Baseline shape is torch.Size([1, 1])
[2023-10-21 17:53:37,824][root][INFO] - policy shape is torch.Size([1, 1, 6])
[2023-10-21 17:53:37,824][root][INFO] - Action shape is torch.Size([1, 1, 6])
[2023-10-21 17:53:37,826][root][INFO] - policy shape is torch.Size([1, 1, 6])
[2023-10-21 17:53:37,826][root][INFO] - torch.Size([1, 1, 17])
[2023-10-21 17:53:37,827][root][INFO] - Baseline shape is torch.Size([1, 1])
[2023-10-21 17:53:37,827][root][INFO] - policy shape is torch.Size([1, 1, 6])
[2023-10-21 17:53:37,827][root][INFO] - Action shape is torch.Size([1, 1, 6])
[2023-10-21 17:53:37,828][root][INFO] - policy shape is torch.Size([1, 1, 6])
[2023-10-21 17:53:37,829][root][INFO] - torch.Size([1, 1, 17])
[2023-10-21 17:53:37,829][root][INFO] - Baseline shape is torch.Size([1, 1])
[2023-10-21 17:53:37,829][root][INFO] - policy shape is torch.Size([1, 1, 6])
[2023-10-21 17:53:37,829][root][INFO] - Action shape is torch.Size([1, 1, 6])
[2023-10-21 17:53:37,831][root][INFO] - policy shape is torch.Size([1, 1, 6])
[2023-10-21 17:53:37,910][root][INFO] - torch.Size([1, 1, 17])
[2023-10-21 17:53:37,911][root][INFO] - Baseline shape is torch.Size([1, 1])
[2023-10-21 17:53:37,911][root][INFO] - policy shape is torch.Size([1, 1, 6])
[2023-10-21 17:53:37,912][root][INFO] - Action shape is torch.Size([1, 1, 6])
[2023-10-21 17:53:37,913][root][INFO] - policy shape is torch.Size([1, 1, 6])
[2023-10-21 17:53:37,914][root][INFO] - torch.Size([1, 1, 17])
[2023-10-21 17:53:37,915][root][INFO] - Baseline shape is torch.Size([1, 1])
[2023-10-21 17:53:37,915][root][INFO] - policy shape is torch.Size([1, 1, 6])
[2023-10-21 17:53:37,915][root][INFO] - Action shape is torch.Size([1, 1, 6])
[2023-10-21 17:53:37,917][root][INFO] - policy shape is torch.Size([1, 1, 6])
[2023-10-21 17:53:37,992][root][INFO] - torch.Size([1, 1, 17])
[2023-10-21 17:53:37,993][root][INFO] - Baseline shape is torch.Size([1, 1])
[2023-10-21 17:53:37,993][root][INFO] - policy shape is torch.Size([1, 1, 6])
[2023-10-21 17:53:37,993][root][INFO] - Action shape is torch.Size([1, 1, 6])
[2023-10-21 17:53:37,994][root][INFO] - policy shape is torch.Size([1, 1, 6])
[2023-10-21 17:53:37,995][root][INFO] - torch.Size([1, 1, 17])
[2023-10-21 17:53:37,995][root][INFO] - Baseline shape is torch.Size([1, 1])
[2023-10-21 17:53:37,996][root][INFO] - policy shape is torch.Size([1, 1, 6])
[2023-10-21 17:53:37,996][root][INFO] - Action shape is torch.Size([1, 1, 6])
[2023-10-21 17:53:37,997][root][INFO] - policy shape is torch.Size([1, 1, 6])
[2023-10-21 17:53:37,997][root][INFO] - torch.Size([1, 1, 17])
[2023-10-21 17:53:37,998][root][INFO] - Baseline shape is torch.Size([1, 1])
[2023-10-21 17:53:37,998][root][INFO] - policy shape is torch.Size([1, 1, 6])
[2023-10-21 17:53:37,998][root][INFO] - Action shape is torch.Size([1, 1, 6])
[2023-10-21 17:53:38,045][root][INFO] - policy shape is torch.Size([1, 1, 6])
[2023-10-21 17:53:38,046][root][INFO] - torch.Size([1, 1, 17])
[2023-10-21 17:53:38,046][root][INFO] - Baseline shape is torch.Size([1, 1])
[2023-10-21 17:53:38,047][root][INFO] - policy shape is torch.Size([1, 1, 6])
[2023-10-21 17:53:38,047][root][INFO] - Action shape is torch.Size([1, 1, 6])
[2023-10-21 17:53:38,048][root][INFO] - policy shape is torch.Size([1, 1, 6])
[2023-10-21 17:53:38,049][root][INFO] - torch.Size([1, 1, 17])
[2023-10-21 17:53:38,049][root][INFO] - Baseline shape is torch.Size([1, 1])
[2023-10-21 17:53:38,049][root][INFO] - policy shape is torch.Size([1, 1, 6])
[2023-10-21 17:53:38,050][root][INFO] - Action shape is torch.Size([1, 1, 6])
[2023-10-21 17:53:38,051][root][INFO] - policy shape is torch.Size([1, 1, 6])
[2023-10-21 17:53:38,108][root][INFO] - torch.Size([1, 1, 17])
[2023-10-21 17:53:38,109][root][INFO] - Baseline shape is torch.Size([1, 1])
[2023-10-21 17:53:38,109][root][INFO] - policy shape is torch.Size([1, 1, 6])
[2023-10-21 17:53:38,109][root][INFO] - Action shape is torch.Size([1, 1, 6])
[2023-10-21 17:53:38,110][root][INFO] - policy shape is torch.Size([1, 1, 6])
[2023-10-21 17:53:38,111][root][INFO] - torch.Size([1, 1, 17])
[2023-10-21 17:53:38,111][root][INFO] - Baseline shape is torch.Size([1, 1])
[2023-10-21 17:53:38,112][root][INFO] - policy shape is torch.Size([1, 1, 6])
[2023-10-21 17:53:38,112][root][INFO] - Action shape is torch.Size([1, 1, 6])
[2023-10-21 17:53:38,113][root][INFO] - policy shape is torch.Size([1, 1, 6])
[2023-10-21 17:53:38,113][root][INFO] - torch.Size([1, 1, 17])
[2023-10-21 17:53:38,114][root][INFO] - Baseline shape is torch.Size([1, 1])
[2023-10-21 17:53:38,114][root][INFO] - policy shape is torch.Size([1, 1, 6])
[2023-10-21 17:53:38,114][root][INFO] - Action shape is torch.Size([1, 1, 6])
[2023-10-21 17:53:38,115][root][INFO] - policy shape is torch.Size([1, 1, 6])
[2023-10-21 17:53:38,184][root][INFO] - torch.Size([1, 1, 17])
[2023-10-21 17:53:38,185][root][INFO] - Baseline shape is torch.Size([1, 1])
[2023-10-21 17:53:38,185][root][INFO] - policy shape is torch.Size([1, 1, 6])
[2023-10-21 17:53:38,185][root][INFO] - Action shape is torch.Size([1, 1, 6])
[2023-10-21 17:53:38,186][root][INFO] - policy shape is torch.Size([1, 1, 6])
[2023-10-21 17:53:38,187][root][INFO] - torch.Size([1, 1, 17])
[2023-10-21 17:53:38,187][root][INFO] - Baseline shape is torch.Size([1, 1])
[2023-10-21 17:53:38,187][root][INFO] - policy shape is torch.Size([1, 1, 6])
[2023-10-21 17:53:38,188][root][INFO] - Action shape is torch.Size([1, 1, 6])
[2023-10-21 17:53:38,189][root][INFO] - policy shape is torch.Size([1, 1, 6])
[2023-10-21 17:53:38,189][root][INFO] - torch.Size([1, 1, 17])
[2023-10-21 17:53:38,189][root][INFO] - Baseline shape is torch.Size([1, 1])
[2023-10-21 17:53:38,236][root][INFO] - policy shape is torch.Size([1, 1, 6])
[2023-10-21 17:53:38,236][root][INFO] - Action shape is torch.Size([1, 1, 6])
[2023-10-21 17:53:38,238][root][INFO] - policy shape is torch.Size([1, 1, 6])
[2023-10-21 17:53:38,238][root][INFO] - torch.Size([1, 1, 17])
[2023-10-21 17:53:38,238][root][INFO] - Baseline shape is torch.Size([1, 1])
[2023-10-21 17:53:38,239][root][INFO] - policy shape is torch.Size([1, 1, 6])
[2023-10-21 17:53:38,239][root][INFO] - Action shape is torch.Size([1, 1, 6])
[2023-10-21 17:53:38,240][root][INFO] - policy shape is torch.Size([1, 1, 6])
[2023-10-21 17:53:38,240][root][INFO] - torch.Size([1, 1, 17])
[2023-10-21 17:53:38,241][root][INFO] - Baseline shape is torch.Size([1, 1])
[2023-10-21 17:53:38,241][root][INFO] - policy shape is torch.Size([1, 1, 6])
[2023-10-21 17:53:38,241][root][INFO] - Action shape is torch.Size([1, 1, 6])
[2023-10-21 17:53:38,242][root][INFO] - policy shape is torch.Size([1, 1, 6])
[2023-10-21 17:53:38,242][root][INFO] - torch.Size([1, 1, 17])
[2023-10-21 17:53:38,300][root][INFO] - Baseline shape is torch.Size([1, 1])
[2023-10-21 17:53:38,300][root][INFO] - policy shape is torch.Size([1, 1, 6])
[2023-10-21 17:53:38,301][root][INFO] - Action shape is torch.Size([1, 1, 6])
[2023-10-21 17:53:38,302][root][INFO] - policy shape is torch.Size([1, 1, 6])
[2023-10-21 17:53:38,302][root][INFO] - torch.Size([1, 1, 17])
[2023-10-21 17:53:38,303][root][INFO] - Baseline shape is torch.Size([1, 1])
[2023-10-21 17:53:38,303][root][INFO] - policy shape is torch.Size([1, 1, 6])
[2023-10-21 17:53:38,303][root][INFO] - Action shape is torch.Size([1, 1, 6])
[2023-10-21 17:53:38,304][root][INFO] - policy shape is torch.Size([1, 1, 6])
[2023-10-21 17:53:38,305][root][INFO] - torch.Size([1, 1, 17])
[2023-10-21 17:53:38,305][root][INFO] - Baseline shape is torch.Size([1, 1])
[2023-10-21 17:53:38,305][root][INFO] - policy shape is torch.Size([1, 1, 6])
[2023-10-21 17:53:38,305][root][INFO] - Action shape is torch.Size([1, 1, 6])
[2023-10-21 17:53:38,306][root][INFO] - policy shape is torch.Size([1, 1, 6])
[2023-10-21 17:53:38,360][root][INFO] - torch.Size([1, 1, 17])
[2023-10-21 17:53:38,361][root][INFO] - Baseline shape is torch.Size([1, 1])
[2023-10-21 17:53:38,361][root][INFO] - policy shape is torch.Size([1, 1, 6])
[2023-10-21 17:53:38,361][root][INFO] - Action shape is torch.Size([1, 1, 6])
[2023-10-21 17:53:38,363][root][INFO] - policy shape is torch.Size([1, 2, 6])
[2023-10-21 17:53:38,365][root][INFO] - torch.Size([1, 2, 17])
