[2023-10-24 18:34:51,680][root][INFO] - name: null
wandb: false
project: skillhack
entity: your_entity_name
group: default
state_dict_path: none
foc_options_path: none
foc_options_config_path: none
teacher_path: none
teacher_config_path: none
ks_max_lambda: 10
ks_max_time: 20000000.0
ks_min_lambda_prop: 0.1
train_with_all_skills: false
penalty_per_step: 0.01
hks_max_uniform_weight: 1000
hks_min_uniform_prop: 0.05
hks_max_uniform_time: 20000000.0
tasks_json: tasks
mock: false
single_ttyrec: true
num_seeds: 0
write_profiler_trace: false
relative_reward: false
fn_penalty_step: constant
penalty_time: 0.0
penalty_step: -0.001
reward_lose: 0
reward_win: 1
character: null
save_tty: false
mode: train
env: HalfCheetahv4
obs_keys: glyphs,chars,colors,specials,blstats,message
num_actors: 256
total_steps: 10000000.0
batch_size: 32
unroll_length: 80
num_learner_threads: 1
num_inference_threads: 1
disable_cuda: false
learner_device: cuda:0
actor_device: cuda:0
max_learner_queue_size: null
model: HalfCheetah
use_lstm: false
hidden_dim: 256
embedding_dim: 64
glyph_type: all_cat
equalize_input_dim: false
equalize_factor: 2
layers: 5
crop_model: cnn
crop_dim: 9
use_index_select: true
entropy_cost: 0.001
baseline_cost: 0.5
discounting: 0.999
reward_clipping: none
normalize_reward: true
learning_rate: 0.0002
grad_norm_clipping: 40
alpha: 0.99
momentum: 0
epsilon: 1.0e-06
state_counter: none
no_extrinsic: false
int:
  twoheaded: true
  input: full
  intrinsic_weight: 0.1
  discounting: 0.99
  baseline_cost: 0.5
  episodic: true
  reward_clipping: none
  normalize_reward: true
ride:
  count_norm: true
  forward_cost: 1
  inverse_cost: 0.1
  hidden_dim: 128
rnd:
  forward_cost: 0.01
msg:
  model: none
  hidden_dim: 64
  embedding_dim: 32

[2023-10-24 18:34:51,696][root][INFO] - Symlinked log directory: /opt/project/latest
[2023-10-24 18:34:51,696][root][INFO] - Creating archive directory: /opt/project/outputs/2023-10-24/18-34-51/archives
[2023-10-24 18:34:51,700][root][INFO] - Logging results to /opt/project/outputs/2023-10-24/18-34-51
[2023-10-24 18:34:51,753][palaas/out][INFO] - Found log directory: /opt/project/outputs/2023-10-24/18-34-51
[2023-10-24 18:34:51,753][palaas/out][INFO] - Saving arguments to /opt/project/outputs/2023-10-24/18-34-51/meta.json
[2023-10-24 18:34:51,754][palaas/out][INFO] - Saving messages to /opt/project/outputs/2023-10-24/18-34-51/out.log
[2023-10-24 18:34:51,754][palaas/out][INFO] - Saving logs data to /opt/project/outputs/2023-10-24/18-34-51/logs.csv
[2023-10-24 18:34:51,754][palaas/out][INFO] - Saving logs' fields to /opt/project/outputs/2023-10-24/18-34-51/fields.csv
[2023-10-24 18:34:51,754][root][INFO] - Not using CUDA.
[2023-10-24 18:34:51,760][root][INFO] - Using model HalfCheetah
[2023-10-24 18:34:52,402][root][INFO] - Number of model parameters: 11085
[2023-10-24 18:34:52,406][root][INFO] - ()
[2023-10-24 18:34:52,407][root][INFO] - After actor pool
[2023-10-24 18:34:52,715][root][INFO] - <All keys matched successfully>
[2023-10-24 18:34:52,716][root][INFO] - The model states is ()
[2023-10-24 18:34:57,721][root][INFO] - Step 0 @ 0.0 SPS. Inference batcher size: 0. Learner queue size: 0. Other stats: (train_seconds = 5.0)
[2023-10-24 18:35:02,725][root][INFO] - Step 0 @ 0.0 SPS. Inference batcher size: 2. Learner queue size: 2. Other stats: (train_seconds = 10.0)
[2023-10-24 18:35:06,829][root][INFO] - torch.Size([2592, 17])
[2023-10-24 18:35:06,924][root][INFO] - learner outputs:torch.Size([80, 32, 6])
[2023-10-24 18:35:06,925][root][INFO] - actor outputs:torch.Size([80, 32, 6])
[2023-10-24 18:35:06,927][root][INFO] - pg_advantage outputs tensor([[-3.2559e-02,  1.5283e-02,  3.0105e-02,  ...,  1.2095e-01,
          1.0301e-01, -2.7312e-02],
        [ 1.9306e-01,  9.3535e-01, -3.5821e-01,  ..., -1.4577e-01,
          7.3996e-02, -5.1580e-01],
        [-7.9944e-01,  1.1746e+00, -5.0569e-01,  ..., -1.9263e-01,
         -8.5872e-01, -1.4188e-01],
        ...,
        [ 8.1467e-01,  9.9153e-03,  1.2183e+00,  ..., -8.6651e-01,
         -5.3974e-01,  7.2262e-03],
        [ 1.1442e+00, -1.0277e+00,  1.2701e+00,  ..., -8.5575e-01,
          2.4773e-02,  1.5846e-01],
        [-5.8237e-04, -2.7883e-03,  2.1618e-04,  ..., -2.9549e-03,
          3.0330e-05, -3.7657e-03]])
[2023-10-24 18:35:07,729][root][INFO] - Step 0 @ 0.0 SPS. Inference batcher size: 1. Learner queue size: 32. Other stats: (train_seconds = 15.0)
[2023-10-24 18:35:12,734][root][INFO] - Step 0 @ 0.0 SPS. Inference batcher size: 0. Learner queue size: 32. Other stats: (train_seconds = 20.0)
