[2023-10-21 13:27:47,593][root][INFO] - name: null
wandb: false
project: skillhack
entity: your_entity_name
group: default
state_dict_path: none
foc_options_path: none
foc_options_config_path: none
teacher_path: none
teacher_config_path: none
ks_max_lambda: 10
ks_max_time: 20000000.0
ks_min_lambda_prop: 0.1
train_with_all_skills: false
penalty_per_step: 0.01
hks_max_uniform_weight: 1000
hks_min_uniform_prop: 0.05
hks_max_uniform_time: 20000000.0
tasks_json: tasks
mock: false
single_ttyrec: true
num_seeds: 0
write_profiler_trace: false
relative_reward: false
fn_penalty_step: constant
penalty_time: 0.0
penalty_step: -0.001
reward_lose: 0
reward_win: 1
character: null
save_tty: false
mode: train
env: HalfCheetahv4
obs_keys: glyphs,chars,colors,specials,blstats,message
num_actors: 256
total_steps: 10000000.0
batch_size: 32
unroll_length: 80
num_learner_threads: 1
num_inference_threads: 1
disable_cuda: false
learner_device: cuda:0
actor_device: cuda:0
max_learner_queue_size: null
model: HalfCheetah
use_lstm: false
hidden_dim: 256
embedding_dim: 64
glyph_type: all_cat
equalize_input_dim: false
equalize_factor: 2
layers: 5
crop_model: cnn
crop_dim: 9
use_index_select: true
entropy_cost: 0.001
baseline_cost: 0.5
discounting: 0.999
reward_clipping: none
normalize_reward: true
learning_rate: 0.0002
grad_norm_clipping: 40
alpha: 0.99
momentum: 0
epsilon: 1.0e-06
state_counter: none
no_extrinsic: false
int:
  twoheaded: true
  input: full
  intrinsic_weight: 0.1
  discounting: 0.99
  baseline_cost: 0.5
  episodic: true
  reward_clipping: none
  normalize_reward: true
ride:
  count_norm: true
  forward_cost: 1
  inverse_cost: 0.1
  hidden_dim: 128
rnd:
  forward_cost: 0.01
msg:
  model: none
  hidden_dim: 64
  embedding_dim: 32

[2023-10-21 13:27:47,610][root][INFO] - Symlinked log directory: /opt/project/latest
[2023-10-21 13:27:47,611][root][INFO] - Creating archive directory: /opt/project/outputs/2023-10-21/13-27-47/archives
[2023-10-21 13:27:47,615][root][INFO] - Logging results to /opt/project/outputs/2023-10-21/13-27-47
[2023-10-21 13:27:47,655][palaas/out][INFO] - Found log directory: /opt/project/outputs/2023-10-21/13-27-47
[2023-10-21 13:27:47,655][palaas/out][INFO] - Saving arguments to /opt/project/outputs/2023-10-21/13-27-47/meta.json
[2023-10-21 13:27:47,656][palaas/out][INFO] - Saving messages to /opt/project/outputs/2023-10-21/13-27-47/out.log
[2023-10-21 13:27:47,656][palaas/out][INFO] - Saving logs data to /opt/project/outputs/2023-10-21/13-27-47/logs.csv
[2023-10-21 13:27:47,656][palaas/out][INFO] - Saving logs' fields to /opt/project/outputs/2023-10-21/13-27-47/fields.csv
[2023-10-21 13:27:47,657][root][INFO] - Not using CUDA.
[2023-10-21 13:27:47,662][root][INFO] - Using model HalfCheetah
[2023-10-21 13:27:48,140][root][INFO] - Number of model parameters: 11085
[2023-10-21 13:27:48,145][root][INFO] - ()
[2023-10-21 13:27:48,146][root][INFO] - After actor pool
[2023-10-21 13:27:48,415][root][INFO] - <All keys matched successfully>
[2023-10-21 13:27:48,415][root][INFO] - The model states is ()
[2023-10-21 13:27:52,738][root][INFO] - observation : (tensor([[[-0.0593, -0.0676,  0.0564, -0.0985, -0.0543,  0.0203, -0.0586,
          -0.0221,  0.0175,  0.0950, -0.0457, -0.2360, -0.1753,  0.1048,
          -0.0794, -0.0270, -0.0519]]], dtype=torch.float64))
[2023-10-21 13:27:52,739][root][INFO] - done : (tensor([[True]]))
[2023-10-21 13:27:52,739][root][INFO] - reward : (tensor([[0.]]))
[2023-10-21 13:27:52,739][root][CRITICAL] - tensor([[[-0.0593, -0.0676,  0.0564, -0.0985, -0.0543,  0.0203, -0.0586,
          -0.0221,  0.0175,  0.0950, -0.0457, -0.2360, -0.1753,  0.1048,
          -0.0794, -0.0270, -0.0519]]])
[2023-10-21 13:27:52,746][root][CRITICAL] - {'policy_logits': tensor([[-0.9924, -1.2777, -1.0382, -1.2387, -0.9409, -0.9519]]), 'baseline': tensor([[[-0.2127]]]), 'action': tensor([[[-0.3841, -0.8480,  0.4887, -0.7991,  0.2092, -0.2573]]]), 'chosen_option': tensor([[-0.9924, -1.2777, -1.0382, -1.2387, -0.9409, -0.9519]]), 'teacher_logits': tensor([[-0.9924, -1.2777, -1.0382, -1.2387, -0.9409, -0.9519]]), 'pot_sm': tensor([[-0.9924, -1.2777, -1.0382, -1.2387, -0.9409, -0.9519]])}
[2023-10-21 13:27:53,420][root][INFO] - Step 0 @ 0.0 SPS. Inference batcher size: 1. Learner queue size: 0. Other stats: (train_seconds = 5.0)
[2023-10-21 13:27:58,424][root][INFO] - Step 0 @ 0.0 SPS. Inference batcher size: 5. Learner queue size: 0. Other stats: (train_seconds = 10.0)
[2023-10-21 13:28:03,428][root][INFO] - Step 0 @ 0.0 SPS. Inference batcher size: 37. Learner queue size: 0. Other stats: (train_seconds = 15.0)
