[2023-10-15 09:22:48,149][root][INFO] - name: null
wandb: false
project: skillhack
entity: your_entity_name
group: default
state_dict_path: none
foc_options_path: none
foc_options_config_path: none
teacher_path: none
teacher_config_path: none
ks_max_lambda: 10
ks_max_time: 20000000.0
ks_min_lambda_prop: 0.1
train_with_all_skills: false
penalty_per_step: 0.01
hks_max_uniform_weight: 1000
hks_min_uniform_prop: 0.05
hks_max_uniform_time: 20000000.0
tasks_json: tasks
mock: false
single_ttyrec: true
num_seeds: 0
write_profiler_trace: false
relative_reward: false
fn_penalty_step: constant
penalty_time: 0.0
penalty_step: -0.001
reward_lose: 0
reward_win: 1
character: null
save_tty: false
mode: train
env: HalfCheetahv4
obs_keys: glyphs,chars,colors,specials,blstats,message
num_actors: 256
total_steps: 10000000.0
batch_size: 32
unroll_length: 80
num_learner_threads: 1
num_inference_threads: 1
disable_cuda: false
learner_device: cuda:0
actor_device: cuda:0
max_learner_queue_size: null
model: HalfCheetah
use_lstm: false
hidden_dim: 256
embedding_dim: 64
glyph_type: all_cat
equalize_input_dim: false
equalize_factor: 2
layers: 5
crop_model: cnn
crop_dim: 9
use_index_select: true
entropy_cost: 0.001
baseline_cost: 0.5
discounting: 0.999
reward_clipping: none
normalize_reward: true
learning_rate: 0.0002
grad_norm_clipping: 40
alpha: 0.99
momentum: 0
epsilon: 1.0e-06
state_counter: none
no_extrinsic: false
int:
  twoheaded: true
  input: full
  intrinsic_weight: 0.1
  discounting: 0.99
  baseline_cost: 0.5
  episodic: true
  reward_clipping: none
  normalize_reward: true
ride:
  count_norm: true
  forward_cost: 1
  inverse_cost: 0.1
  hidden_dim: 128
rnd:
  forward_cost: 0.01
msg:
  model: none
  hidden_dim: 64
  embedding_dim: 32

[2023-10-15 09:22:48,166][root][INFO] - Symlinked log directory: /opt/project/latest
[2023-10-15 09:22:48,167][root][INFO] - Creating archive directory: /opt/project/outputs/2023-10-15/09-22-48/archives
[2023-10-15 09:22:48,171][root][INFO] - Logging results to /opt/project/outputs/2023-10-15/09-22-48
[2023-10-15 09:22:48,210][palaas/out][INFO] - Found log directory: /opt/project/outputs/2023-10-15/09-22-48
[2023-10-15 09:22:48,210][palaas/out][INFO] - Saving arguments to /opt/project/outputs/2023-10-15/09-22-48/meta.json
[2023-10-15 09:22:48,211][palaas/out][INFO] - Saving messages to /opt/project/outputs/2023-10-15/09-22-48/out.log
[2023-10-15 09:22:48,211][palaas/out][INFO] - Saving logs data to /opt/project/outputs/2023-10-15/09-22-48/logs.csv
[2023-10-15 09:22:48,211][palaas/out][INFO] - Saving logs' fields to /opt/project/outputs/2023-10-15/09-22-48/fields.csv
[2023-10-15 09:22:48,212][root][INFO] - Not using CUDA.
[2023-10-15 09:22:48,218][root][INFO] - Using model HalfCheetah
[2023-10-15 09:22:48,292][root][INFO] - Number of model parameters: 11085
[2023-10-15 09:22:48,297][root][INFO] - ()
[2023-10-15 09:22:48,298][root][INFO] - After actor pool
[2023-10-15 09:22:48,610][root][INFO] - <All keys matched successfully>
[2023-10-15 09:22:48,611][root][INFO] - The model states is ()
[2023-10-15 09:22:48,611][root][INFO] - The batch isssssssss 
[2023-10-15 09:22:49,176][root][INFO] - <class 'gymnasium.wrappers.normalize.NormalizeReward'>
[2023-10-15 09:22:49,198][root][INFO] - <class 'gymnasium.wrappers.normalize.NormalizeReward'>
[2023-10-15 09:22:49,200][root][INFO] - <class 'gymnasium.wrappers.normalize.NormalizeReward'>
[2023-10-15 09:22:49,235][root][INFO] - <class 'gymnasium.wrappers.normalize.NormalizeReward'>
[2023-10-15 09:22:49,229][root][INFO] - <class 'gymnasium.wrappers.normalize.NormalizeReward'>
[2023-10-15 09:22:49,256][root][INFO] - <class 'gymnasium.wrappers.normalize.NormalizeReward'>
[2023-10-15 09:22:49,241][root][INFO] - <class 'gymnasium.wrappers.normalize.NormalizeReward'>
[2023-10-15 09:22:49,283][root][INFO] - <class 'gymnasium.wrappers.normalize.NormalizeReward'>
[2023-10-15 09:22:49,282][root][INFO] - <class 'gymnasium.wrappers.normalize.NormalizeReward'>
[2023-10-15 09:22:49,307][root][INFO] - <class 'gymnasium.wrappers.normalize.NormalizeReward'>
[2023-10-15 09:22:49,316][root][INFO] - <class 'gymnasium.wrappers.normalize.NormalizeReward'>
[2023-10-15 09:22:49,328][root][INFO] - <class 'gymnasium.wrappers.normalize.NormalizeReward'>
[2023-10-15 09:22:49,326][root][INFO] - <class 'gymnasium.wrappers.normalize.NormalizeReward'>
[2023-10-15 09:22:49,318][root][INFO] - <class 'gymnasium.wrappers.normalize.NormalizeReward'>
[2023-10-15 09:22:49,367][root][INFO] - <class 'gymnasium.wrappers.normalize.NormalizeReward'>
[2023-10-15 09:22:49,379][root][INFO] - <class 'gymnasium.wrappers.normalize.NormalizeReward'>
[2023-10-15 09:22:49,401][root][INFO] - <class 'gymnasium.wrappers.normalize.NormalizeReward'>
[2023-10-15 09:22:49,418][root][INFO] - <class 'gymnasium.wrappers.normalize.NormalizeReward'>
[2023-10-15 09:22:49,418][root][INFO] - <class 'gymnasium.wrappers.normalize.NormalizeReward'>
[2023-10-15 09:22:49,422][root][INFO] - <class 'gymnasium.wrappers.normalize.NormalizeReward'>
[2023-10-15 09:22:49,392][root][INFO] - <class 'gymnasium.wrappers.normalize.NormalizeReward'>
[2023-10-15 09:22:49,417][root][INFO] - <class 'gymnasium.wrappers.normalize.NormalizeReward'>
[2023-10-15 09:22:49,427][root][INFO] - <class 'gymnasium.wrappers.normalize.NormalizeReward'>
[2023-10-15 09:22:49,428][root][INFO] - <class 'gymnasium.wrappers.normalize.NormalizeReward'>
[2023-10-15 09:22:49,430][root][INFO] - <class 'gymnasium.wrappers.normalize.NormalizeReward'>
[2023-10-15 09:22:49,420][root][INFO] - <class 'gymnasium.wrappers.normalize.NormalizeReward'>
[2023-10-15 09:22:49,436][root][INFO] - <class 'gymnasium.wrappers.normalize.NormalizeReward'>
[2023-10-15 09:22:49,441][root][INFO] - <class 'gymnasium.wrappers.normalize.NormalizeReward'>
[2023-10-15 09:22:49,442][root][INFO] - <class 'gymnasium.wrappers.normalize.NormalizeReward'>
[2023-10-15 09:22:49,449][root][INFO] - <class 'gymnasium.wrappers.normalize.NormalizeReward'>
[2023-10-15 09:22:49,451][root][INFO] - <class 'gymnasium.wrappers.normalize.NormalizeReward'>
[2023-10-15 09:22:49,457][root][INFO] - <class 'gymnasium.wrappers.normalize.NormalizeReward'>
[2023-10-15 09:22:49,462][root][INFO] - <class 'gymnasium.wrappers.normalize.NormalizeReward'>
[2023-10-15 09:22:49,470][root][INFO] - <class 'gymnasium.wrappers.normalize.NormalizeReward'>
[2023-10-15 09:22:49,464][root][INFO] - <class 'gymnasium.wrappers.normalize.NormalizeReward'>
[2023-10-15 09:22:49,473][root][INFO] - <class 'gymnasium.wrappers.normalize.NormalizeReward'>
[2023-10-15 09:22:49,469][root][INFO] - <class 'gymnasium.wrappers.normalize.NormalizeReward'>
[2023-10-15 09:22:49,471][root][INFO] - <class 'gymnasium.wrappers.normalize.NormalizeReward'>
[2023-10-15 09:22:49,427][root][INFO] - <class 'gymnasium.wrappers.normalize.NormalizeReward'>
[2023-10-15 09:22:49,476][root][INFO] - <class 'gymnasium.wrappers.normalize.NormalizeReward'>
[2023-10-15 09:22:49,479][root][INFO] - <class 'gymnasium.wrappers.normalize.NormalizeReward'>
[2023-10-15 09:22:49,450][root][INFO] - <class 'gymnasium.wrappers.normalize.NormalizeReward'>
[2023-10-15 09:22:49,484][root][INFO] - <class 'gymnasium.wrappers.normalize.NormalizeReward'>
[2023-10-15 09:22:49,489][root][INFO] - <class 'gymnasium.wrappers.normalize.NormalizeReward'>
[2023-10-15 09:22:49,492][root][INFO] - <class 'gymnasium.wrappers.normalize.NormalizeReward'>
[2023-10-15 09:22:49,495][root][INFO] - <class 'gymnasium.wrappers.normalize.NormalizeReward'>
[2023-10-15 09:22:49,497][root][INFO] - <class 'gymnasium.wrappers.normalize.NormalizeReward'>
[2023-10-15 09:22:49,499][root][INFO] - <class 'gymnasium.wrappers.normalize.NormalizeReward'>
[2023-10-15 09:22:49,498][root][INFO] - <class 'gymnasium.wrappers.normalize.NormalizeReward'>
[2023-10-15 09:22:49,505][root][INFO] - <class 'gymnasium.wrappers.normalize.NormalizeReward'>
[2023-10-15 09:22:49,502][root][INFO] - <class 'gymnasium.wrappers.normalize.NormalizeReward'>
[2023-10-15 09:22:49,506][root][INFO] - <class 'gymnasium.wrappers.normalize.NormalizeReward'>
[2023-10-15 09:22:49,506][root][INFO] - <class 'gymnasium.wrappers.normalize.NormalizeReward'>
[2023-10-15 09:22:49,507][root][INFO] - <class 'gymnasium.wrappers.normalize.NormalizeReward'>
[2023-10-15 09:22:49,509][root][INFO] - <class 'gymnasium.wrappers.normalize.NormalizeReward'>
[2023-10-15 09:22:49,510][root][INFO] - <class 'gymnasium.wrappers.normalize.NormalizeReward'>
[2023-10-15 09:22:49,514][root][INFO] - <class 'gymnasium.wrappers.normalize.NormalizeReward'>
[2023-10-15 09:22:49,514][root][INFO] - <class 'gymnasium.wrappers.normalize.NormalizeReward'>
[2023-10-15 09:22:49,514][root][INFO] - <class 'gymnasium.wrappers.normalize.NormalizeReward'>
[2023-10-15 09:22:49,516][root][INFO] - <class 'gymnasium.wrappers.normalize.NormalizeReward'>
[2023-10-15 09:22:49,476][root][INFO] - <class 'gymnasium.wrappers.normalize.NormalizeReward'>
[2023-10-15 09:22:49,516][root][INFO] - <class 'gymnasium.wrappers.normalize.NormalizeReward'>
[2023-10-15 09:22:49,520][root][INFO] - <class 'gymnasium.wrappers.normalize.NormalizeReward'>
[2023-10-15 09:22:49,522][root][INFO] - <class 'gymnasium.wrappers.normalize.NormalizeReward'>
[2023-10-15 09:22:49,522][root][INFO] - <class 'gymnasium.wrappers.normalize.NormalizeReward'>
[2023-10-15 09:22:49,525][root][INFO] - <class 'gymnasium.wrappers.normalize.NormalizeReward'>
[2023-10-15 09:22:49,528][root][INFO] - <class 'gymnasium.wrappers.normalize.NormalizeReward'>
[2023-10-15 09:22:49,528][root][INFO] - <class 'gymnasium.wrappers.normalize.NormalizeReward'>
[2023-10-15 09:22:49,529][root][INFO] - <class 'gymnasium.wrappers.normalize.NormalizeReward'>
[2023-10-15 09:22:49,532][root][INFO] - <class 'gymnasium.wrappers.normalize.NormalizeReward'>
[2023-10-15 09:22:49,532][root][INFO] - <class 'gymnasium.wrappers.normalize.NormalizeReward'>
[2023-10-15 09:22:49,544][root][INFO] - <class 'gymnasium.wrappers.normalize.NormalizeReward'>
[2023-10-15 09:22:49,544][root][INFO] - <class 'gymnasium.wrappers.normalize.NormalizeReward'>
[2023-10-15 09:22:49,821][root][INFO] - <class 'gymnasium.wrappers.normalize.NormalizeReward'>
[2023-10-15 09:22:49,824][root][INFO] - <class 'gymnasium.wrappers.normalize.NormalizeReward'>
[2023-10-15 09:22:49,872][root][INFO] - <class 'gymnasium.wrappers.normalize.NormalizeReward'>
[2023-10-15 09:22:49,886][root][INFO] - <class 'gymnasium.wrappers.normalize.NormalizeReward'>
[2023-10-15 09:22:49,880][root][INFO] - <class 'gymnasium.wrappers.normalize.NormalizeReward'>
[2023-10-15 09:22:49,935][root][INFO] - <class 'gymnasium.wrappers.normalize.NormalizeReward'>
[2023-10-15 09:22:49,950][root][INFO] - <class 'gymnasium.wrappers.normalize.NormalizeReward'>
[2023-10-15 09:22:49,996][root][INFO] - <class 'gymnasium.wrappers.normalize.NormalizeReward'>
[2023-10-15 09:22:50,045][root][INFO] - <class 'gymnasium.wrappers.normalize.NormalizeReward'>
[2023-10-15 09:22:50,060][root][INFO] - <class 'gymnasium.wrappers.normalize.NormalizeReward'>
[2023-10-15 09:22:50,086][root][INFO] - <class 'gymnasium.wrappers.normalize.NormalizeReward'>
[2023-10-15 09:22:50,076][root][INFO] - <class 'gymnasium.wrappers.normalize.NormalizeReward'>
[2023-10-15 09:22:50,104][root][INFO] - <class 'gymnasium.wrappers.normalize.NormalizeReward'>
[2023-10-15 09:22:50,111][root][INFO] - <class 'gymnasium.wrappers.normalize.NormalizeReward'>
[2023-10-15 09:22:50,133][root][INFO] - <class 'gymnasium.wrappers.normalize.NormalizeReward'>
[2023-10-15 09:22:50,144][root][INFO] - <class 'gymnasium.wrappers.normalize.NormalizeReward'>
[2023-10-15 09:22:50,139][root][INFO] - <class 'gymnasium.wrappers.normalize.NormalizeReward'>
[2023-10-15 09:22:50,145][root][INFO] - <class 'gymnasium.wrappers.normalize.NormalizeReward'>
[2023-10-15 09:22:50,150][root][INFO] - <class 'gymnasium.wrappers.normalize.NormalizeReward'>
[2023-10-15 09:22:50,152][root][INFO] - <class 'gymnasium.wrappers.normalize.NormalizeReward'>
[2023-10-15 09:22:50,162][root][INFO] - <class 'gymnasium.wrappers.normalize.NormalizeReward'>
[2023-10-15 09:22:50,168][root][INFO] - <class 'gymnasium.wrappers.normalize.NormalizeReward'>
[2023-10-15 09:22:50,182][root][INFO] - <class 'gymnasium.wrappers.normalize.NormalizeReward'>
[2023-10-15 09:22:50,211][root][INFO] - <class 'gymnasium.wrappers.normalize.NormalizeReward'>
[2023-10-15 09:22:50,213][root][INFO] - <class 'gymnasium.wrappers.normalize.NormalizeReward'>
[2023-10-15 09:22:50,220][root][INFO] - <class 'gymnasium.wrappers.normalize.NormalizeReward'>
[2023-10-15 09:22:50,225][root][INFO] - <class 'gymnasium.wrappers.normalize.NormalizeReward'>
[2023-10-15 09:22:50,222][root][INFO] - <class 'gymnasium.wrappers.normalize.NormalizeReward'>
[2023-10-15 09:22:50,230][root][INFO] - <class 'gymnasium.wrappers.normalize.NormalizeReward'>
[2023-10-15 09:22:50,235][root][INFO] - <class 'gymnasium.wrappers.normalize.NormalizeReward'>
[2023-10-15 09:22:50,239][root][INFO] - <class 'gymnasium.wrappers.normalize.NormalizeReward'>
[2023-10-15 09:22:50,241][root][INFO] - <class 'gymnasium.wrappers.normalize.NormalizeReward'>
[2023-10-15 09:22:50,241][root][INFO] - <class 'gymnasium.wrappers.normalize.NormalizeReward'>
[2023-10-15 09:22:50,246][root][INFO] - <class 'gymnasium.wrappers.normalize.NormalizeReward'>
[2023-10-15 09:22:50,248][root][INFO] - <class 'gymnasium.wrappers.normalize.NormalizeReward'>
[2023-10-15 09:22:50,249][root][INFO] - <class 'gymnasium.wrappers.normalize.NormalizeReward'>
[2023-10-15 09:22:50,250][root][INFO] - <class 'gymnasium.wrappers.normalize.NormalizeReward'>
[2023-10-15 09:22:50,255][root][INFO] - <class 'gymnasium.wrappers.normalize.NormalizeReward'>
[2023-10-15 09:22:50,255][root][INFO] - <class 'gymnasium.wrappers.normalize.NormalizeReward'>
[2023-10-15 09:22:50,255][root][INFO] - <class 'gymnasium.wrappers.normalize.NormalizeReward'>
[2023-10-15 09:22:50,256][root][INFO] - <class 'gymnasium.wrappers.normalize.NormalizeReward'>
[2023-10-15 09:22:50,256][root][INFO] - <class 'gymnasium.wrappers.normalize.NormalizeReward'>
[2023-10-15 09:22:50,258][root][INFO] - <class 'gymnasium.wrappers.normalize.NormalizeReward'>
[2023-10-15 09:22:50,258][root][INFO] - <class 'gymnasium.wrappers.normalize.NormalizeReward'>
[2023-10-15 09:22:50,260][root][INFO] - <class 'gymnasium.wrappers.normalize.NormalizeReward'>
[2023-10-15 09:22:50,277][root][INFO] - <class 'gymnasium.wrappers.normalize.NormalizeReward'>
[2023-10-15 09:22:51,183][root][INFO] - <class 'gymnasium.wrappers.normalize.NormalizeReward'>
[2023-10-15 09:22:51,194][root][INFO] - <class 'gymnasium.wrappers.normalize.NormalizeReward'>
[2023-10-15 09:22:51,250][root][INFO] - <class 'gymnasium.wrappers.normalize.NormalizeReward'>
[2023-10-15 09:22:51,276][root][INFO] - <class 'gymnasium.wrappers.normalize.NormalizeReward'>
[2023-10-15 09:22:51,280][root][INFO] - <class 'gymnasium.wrappers.normalize.NormalizeReward'>
[2023-10-15 09:22:51,533][root][INFO] - <class 'gymnasium.wrappers.normalize.NormalizeReward'>
[2023-10-15 09:22:51,541][root][INFO] - <class 'gymnasium.wrappers.normalize.NormalizeReward'>
[2023-10-15 09:22:51,618][root][INFO] - <class 'gymnasium.wrappers.normalize.NormalizeReward'>
[2023-10-15 09:22:51,657][root][INFO] - <class 'gymnasium.wrappers.normalize.NormalizeReward'>
[2023-10-15 09:22:51,608][root][INFO] - <class 'gymnasium.wrappers.normalize.NormalizeReward'>
[2023-10-15 09:22:51,709][root][INFO] - <class 'gymnasium.wrappers.normalize.NormalizeReward'>
[2023-10-15 09:22:51,766][root][INFO] - <class 'gymnasium.wrappers.normalize.NormalizeReward'>
[2023-10-15 09:22:51,783][root][INFO] - <class 'gymnasium.wrappers.normalize.NormalizeReward'>
[2023-10-15 09:22:51,852][root][INFO] - <class 'gymnasium.wrappers.normalize.NormalizeReward'>
[2023-10-15 09:22:51,848][root][INFO] - <class 'gymnasium.wrappers.normalize.NormalizeReward'>
[2023-10-15 09:22:51,923][root][INFO] - <class 'gymnasium.wrappers.normalize.NormalizeReward'>
[2023-10-15 09:22:51,928][root][INFO] - <class 'gymnasium.wrappers.normalize.NormalizeReward'>
[2023-10-15 09:22:51,916][root][INFO] - <class 'gymnasium.wrappers.normalize.NormalizeReward'>
[2023-10-15 09:22:52,006][root][INFO] - <class 'gymnasium.wrappers.normalize.NormalizeReward'>
[2023-10-15 09:22:52,088][root][INFO] - <class 'gymnasium.wrappers.normalize.NormalizeReward'>
[2023-10-15 09:22:52,066][root][INFO] - <class 'gymnasium.wrappers.normalize.NormalizeReward'>
[2023-10-15 09:22:52,094][root][INFO] - <class 'gymnasium.wrappers.normalize.NormalizeReward'>
[2023-10-15 09:22:52,097][root][INFO] - <class 'gymnasium.wrappers.normalize.NormalizeReward'>
[2023-10-15 09:22:52,114][root][INFO] - <class 'gymnasium.wrappers.normalize.NormalizeReward'>
[2023-10-15 09:22:52,138][root][INFO] - <class 'gymnasium.wrappers.normalize.NormalizeReward'>
[2023-10-15 09:22:52,143][root][INFO] - <class 'gymnasium.wrappers.normalize.NormalizeReward'>
[2023-10-15 09:22:52,148][root][INFO] - <class 'gymnasium.wrappers.normalize.NormalizeReward'>
[2023-10-15 09:22:52,206][root][INFO] - <class 'gymnasium.wrappers.normalize.NormalizeReward'>
[2023-10-15 09:22:52,179][root][INFO] - <class 'gymnasium.wrappers.normalize.NormalizeReward'>
[2023-10-15 09:22:52,223][root][INFO] - <class 'gymnasium.wrappers.normalize.NormalizeReward'>
[2023-10-15 09:22:52,244][root][INFO] - <class 'gymnasium.wrappers.normalize.NormalizeReward'>
[2023-10-15 09:22:52,268][root][INFO] - <class 'gymnasium.wrappers.normalize.NormalizeReward'>
[2023-10-15 09:22:52,293][root][INFO] - <class 'gymnasium.wrappers.normalize.NormalizeReward'>
[2023-10-15 09:22:52,303][root][INFO] - <class 'gymnasium.wrappers.normalize.NormalizeReward'>
[2023-10-15 09:22:52,322][root][INFO] - <class 'gymnasium.wrappers.normalize.NormalizeReward'>
[2023-10-15 09:22:52,305][root][INFO] - <class 'gymnasium.wrappers.normalize.NormalizeReward'>
[2023-10-15 09:22:52,334][root][INFO] - <class 'gymnasium.wrappers.normalize.NormalizeReward'>
[2023-10-15 09:22:52,342][root][INFO] - <class 'gymnasium.wrappers.normalize.NormalizeReward'>
[2023-10-15 09:22:52,346][root][INFO] - <class 'gymnasium.wrappers.normalize.NormalizeReward'>
[2023-10-15 09:22:52,348][root][INFO] - <class 'gymnasium.wrappers.normalize.NormalizeReward'>
[2023-10-15 09:22:52,359][root][INFO] - <class 'gymnasium.wrappers.normalize.NormalizeReward'>
[2023-10-15 09:22:52,362][root][INFO] - <class 'gymnasium.wrappers.normalize.NormalizeReward'>
[2023-10-15 09:22:52,381][root][INFO] - <class 'gymnasium.wrappers.normalize.NormalizeReward'>
[2023-10-15 09:22:52,383][root][INFO] - <class 'gymnasium.wrappers.normalize.NormalizeReward'>
[2023-10-15 09:22:52,385][root][INFO] - <class 'gymnasium.wrappers.normalize.NormalizeReward'>
[2023-10-15 09:22:52,328][root][INFO] - <class 'gymnasium.wrappers.normalize.NormalizeReward'>
[2023-10-15 09:22:52,390][root][INFO] - <class 'gymnasium.wrappers.normalize.NormalizeReward'>
[2023-10-15 09:22:52,393][root][INFO] - <class 'gymnasium.wrappers.normalize.NormalizeReward'>
[2023-10-15 09:22:52,399][root][INFO] - <class 'gymnasium.wrappers.normalize.NormalizeReward'>
[2023-10-15 09:22:52,407][root][INFO] - <class 'gymnasium.wrappers.normalize.NormalizeReward'>
[2023-10-15 09:22:52,407][root][INFO] - <class 'gymnasium.wrappers.normalize.NormalizeReward'>
[2023-10-15 09:22:52,410][root][INFO] - <class 'gymnasium.wrappers.normalize.NormalizeReward'>
[2023-10-15 09:22:52,424][root][INFO] - <class 'gymnasium.wrappers.normalize.NormalizeReward'>
[2023-10-15 09:22:52,426][root][INFO] - <class 'gymnasium.wrappers.normalize.NormalizeReward'>
[2023-10-15 09:22:52,419][root][INFO] - <class 'gymnasium.wrappers.normalize.NormalizeReward'>
[2023-10-15 09:22:52,440][root][INFO] - <class 'gymnasium.wrappers.normalize.NormalizeReward'>
[2023-10-15 09:22:52,452][root][INFO] - <class 'gymnasium.wrappers.normalize.NormalizeReward'>
[2023-10-15 09:22:52,452][root][INFO] - <class 'gymnasium.wrappers.normalize.NormalizeReward'>
[2023-10-15 09:22:52,403][root][INFO] - <class 'gymnasium.wrappers.normalize.NormalizeReward'>
[2023-10-15 09:22:52,458][root][INFO] - <class 'gymnasium.wrappers.normalize.NormalizeReward'>
[2023-10-15 09:22:52,466][root][INFO] - <class 'gymnasium.wrappers.normalize.NormalizeReward'>
[2023-10-15 09:22:52,467][root][INFO] - <class 'gymnasium.wrappers.normalize.NormalizeReward'>
[2023-10-15 09:22:52,476][root][INFO] - <class 'gymnasium.wrappers.normalize.NormalizeReward'>
[2023-10-15 09:22:52,476][root][INFO] - <class 'gymnasium.wrappers.normalize.NormalizeReward'>
[2023-10-15 09:22:52,482][root][INFO] - <class 'gymnasium.wrappers.normalize.NormalizeReward'>
[2023-10-15 09:22:52,483][root][INFO] - <class 'gymnasium.wrappers.normalize.NormalizeReward'>
[2023-10-15 09:22:52,485][root][INFO] - <class 'gymnasium.wrappers.normalize.NormalizeReward'>
[2023-10-15 09:22:52,485][root][INFO] - <class 'gymnasium.wrappers.normalize.NormalizeReward'>
[2023-10-15 09:22:52,488][root][INFO] - <class 'gymnasium.wrappers.normalize.NormalizeReward'>
[2023-10-15 09:22:52,492][root][INFO] - <class 'gymnasium.wrappers.normalize.NormalizeReward'>
[2023-10-15 09:22:52,496][root][INFO] - <class 'gymnasium.wrappers.normalize.NormalizeReward'>
[2023-10-15 09:22:52,503][root][INFO] - <class 'gymnasium.wrappers.normalize.NormalizeReward'>
[2023-10-15 09:22:52,502][root][INFO] - <class 'gymnasium.wrappers.normalize.NormalizeReward'>
[2023-10-15 09:22:52,499][root][INFO] - <class 'gymnasium.wrappers.normalize.NormalizeReward'>
[2023-10-15 09:22:52,519][root][INFO] - <class 'gymnasium.wrappers.normalize.NormalizeReward'>
[2023-10-15 09:22:52,526][root][INFO] - <class 'gymnasium.wrappers.normalize.NormalizeReward'>
[2023-10-15 09:22:52,530][root][INFO] - <class 'gymnasium.wrappers.normalize.NormalizeReward'>
[2023-10-15 09:22:52,531][root][INFO] - <class 'gymnasium.wrappers.normalize.NormalizeReward'>
[2023-10-15 09:22:52,537][root][INFO] - <class 'gymnasium.wrappers.normalize.NormalizeReward'>
[2023-10-15 09:22:52,538][root][INFO] - <class 'gymnasium.wrappers.normalize.NormalizeReward'>
[2023-10-15 09:22:52,556][root][INFO] - <class 'gymnasium.wrappers.normalize.NormalizeReward'>
[2023-10-15 09:22:52,561][root][INFO] - <class 'gymnasium.wrappers.normalize.NormalizeReward'>
[2023-10-15 09:22:52,580][root][INFO] - <class 'gymnasium.wrappers.normalize.NormalizeReward'>
[2023-10-15 09:22:52,588][root][INFO] - <class 'gymnasium.wrappers.normalize.NormalizeReward'>
[2023-10-15 09:22:52,602][root][INFO] - <class 'gymnasium.wrappers.normalize.NormalizeReward'>
[2023-10-15 09:22:52,619][root][INFO] - <class 'gymnasium.wrappers.normalize.NormalizeReward'>
[2023-10-15 09:22:52,644][root][INFO] - <class 'gymnasium.wrappers.normalize.NormalizeReward'>
[2023-10-15 09:22:52,658][root][INFO] - <class 'gymnasium.wrappers.normalize.NormalizeReward'>
[2023-10-15 09:22:52,660][root][INFO] - <class 'gymnasium.wrappers.normalize.NormalizeReward'>
[2023-10-15 09:22:52,667][root][INFO] - <class 'gymnasium.wrappers.normalize.NormalizeReward'>
[2023-10-15 09:22:52,668][root][INFO] - <class 'gymnasium.wrappers.normalize.NormalizeReward'>
[2023-10-15 09:22:52,640][root][INFO] - <class 'gymnasium.wrappers.normalize.NormalizeReward'>
[2023-10-15 09:22:52,674][root][INFO] - <class 'gymnasium.wrappers.normalize.NormalizeReward'>
[2023-10-15 09:22:52,677][root][INFO] - <class 'gymnasium.wrappers.normalize.NormalizeReward'>
[2023-10-15 09:22:52,678][root][INFO] - <class 'gymnasium.wrappers.normalize.NormalizeReward'>
[2023-10-15 09:22:52,688][root][INFO] - <class 'gymnasium.wrappers.normalize.NormalizeReward'>
[2023-10-15 09:22:52,691][root][INFO] - <class 'gymnasium.wrappers.normalize.NormalizeReward'>
[2023-10-15 09:22:52,694][root][INFO] - <class 'gymnasium.wrappers.normalize.NormalizeReward'>
[2023-10-15 09:22:52,695][root][INFO] - <class 'gymnasium.wrappers.normalize.NormalizeReward'>
[2023-10-15 09:22:52,699][root][INFO] - <class 'gymnasium.wrappers.normalize.NormalizeReward'>
[2023-10-15 09:22:52,703][root][INFO] - <class 'gymnasium.wrappers.normalize.NormalizeReward'>
[2023-10-15 09:22:52,705][root][INFO] - <class 'gymnasium.wrappers.normalize.NormalizeReward'>
[2023-10-15 09:22:52,706][root][INFO] - <class 'gymnasium.wrappers.normalize.NormalizeReward'>
[2023-10-15 09:22:52,707][root][INFO] - <class 'gymnasium.wrappers.normalize.NormalizeReward'>
[2023-10-15 09:22:52,708][root][INFO] - <class 'gymnasium.wrappers.normalize.NormalizeReward'>
[2023-10-15 09:22:52,713][root][INFO] - <class 'gymnasium.wrappers.normalize.NormalizeReward'>
[2023-10-15 09:22:52,715][root][INFO] - <class 'gymnasium.wrappers.normalize.NormalizeReward'>
[2023-10-15 09:22:52,718][root][INFO] - <class 'gymnasium.wrappers.normalize.NormalizeReward'>
[2023-10-15 09:22:52,719][root][INFO] - <class 'gymnasium.wrappers.normalize.NormalizeReward'>
[2023-10-15 09:22:52,720][root][INFO] - <class 'gymnasium.wrappers.normalize.NormalizeReward'>
[2023-10-15 09:22:52,721][root][INFO] - <class 'gymnasium.wrappers.normalize.NormalizeReward'>
[2023-10-15 09:22:52,722][root][INFO] - <class 'gymnasium.wrappers.normalize.NormalizeReward'>
[2023-10-15 09:22:52,728][root][INFO] - <class 'gymnasium.wrappers.normalize.NormalizeReward'>
[2023-10-15 09:22:52,733][root][INFO] - <class 'gymnasium.wrappers.normalize.NormalizeReward'>
[2023-10-15 09:22:52,733][root][INFO] - <class 'gymnasium.wrappers.normalize.NormalizeReward'>
[2023-10-15 09:22:52,733][root][INFO] - <class 'gymnasium.wrappers.normalize.NormalizeReward'>
[2023-10-15 09:22:52,738][root][INFO] - <class 'gymnasium.wrappers.normalize.NormalizeReward'>
[2023-10-15 09:22:52,738][root][INFO] - <class 'gymnasium.wrappers.normalize.NormalizeReward'>
[2023-10-15 09:22:52,705][root][INFO] - <class 'gymnasium.wrappers.normalize.NormalizeReward'>
[2023-10-15 09:22:52,743][root][INFO] - <class 'gymnasium.wrappers.normalize.NormalizeReward'>
[2023-10-15 09:22:52,746][root][INFO] - <class 'gymnasium.wrappers.normalize.NormalizeReward'>
[2023-10-15 09:22:52,747][root][INFO] - <class 'gymnasium.wrappers.normalize.NormalizeReward'>
[2023-10-15 09:22:52,750][root][INFO] - <class 'gymnasium.wrappers.normalize.NormalizeReward'>
[2023-10-15 09:22:52,759][root][INFO] - <class 'gymnasium.wrappers.normalize.NormalizeReward'>
[2023-10-15 09:22:52,760][root][INFO] - <class 'gymnasium.wrappers.normalize.NormalizeReward'>
[2023-10-15 09:22:52,764][root][INFO] - <class 'gymnasium.wrappers.normalize.NormalizeReward'>
[2023-10-15 09:22:52,766][root][INFO] - <class 'gymnasium.wrappers.normalize.NormalizeReward'>
[2023-10-15 09:22:52,768][root][INFO] - <class 'gymnasium.wrappers.normalize.NormalizeReward'>
[2023-10-15 09:22:52,769][root][INFO] - <class 'gymnasium.wrappers.normalize.NormalizeReward'>
[2023-10-15 09:22:52,770][root][INFO] - <class 'gymnasium.wrappers.normalize.NormalizeReward'>
[2023-10-15 09:22:52,776][root][INFO] - <class 'gymnasium.wrappers.normalize.NormalizeReward'>
[2023-10-15 09:22:52,781][root][INFO] - <class 'gymnasium.wrappers.normalize.NormalizeReward'>
[2023-10-15 09:22:52,785][root][INFO] - <class 'gymnasium.wrappers.normalize.NormalizeReward'>
[2023-10-15 09:22:52,787][root][INFO] - <class 'gymnasium.wrappers.normalize.NormalizeReward'>
[2023-10-15 09:22:52,788][root][INFO] - <class 'gymnasium.wrappers.normalize.NormalizeReward'>
[2023-10-15 09:22:52,789][root][INFO] - <class 'gymnasium.wrappers.normalize.NormalizeReward'>
[2023-10-15 09:22:52,790][root][INFO] - <class 'gymnasium.wrappers.normalize.NormalizeReward'>
[2023-10-15 09:22:52,792][root][ERROR] - Exception in actorpool thread!
[2023-10-15 09:22:53,613][root][INFO] - Step 0 @ 0.0 SPS. Inference batcher size: 0. Learner queue size: 0. Other stats: (train_seconds = 5.0)
[2023-10-15 09:22:58,618][root][INFO] - Step 0 @ 0.0 SPS. Inference batcher size: 0. Learner queue size: 0. Other stats: (train_seconds = 10.0)
