[2023-10-21 18:21:28,045][root][INFO] - name: null
wandb: false
project: skillhack
entity: your_entity_name
group: default
state_dict_path: none
foc_options_path: none
foc_options_config_path: none
teacher_path: none
teacher_config_path: none
ks_max_lambda: 10
ks_max_time: 20000000.0
ks_min_lambda_prop: 0.1
train_with_all_skills: false
penalty_per_step: 0.01
hks_max_uniform_weight: 1000
hks_min_uniform_prop: 0.05
hks_max_uniform_time: 20000000.0
tasks_json: tasks
mock: false
single_ttyrec: true
num_seeds: 0
write_profiler_trace: false
relative_reward: false
fn_penalty_step: constant
penalty_time: 0.0
penalty_step: -0.001
reward_lose: 0
reward_win: 1
character: null
save_tty: false
mode: train
env: HalfCheetahv4
obs_keys: glyphs,chars,colors,specials,blstats,message
num_actors: 256
total_steps: 10000000.0
batch_size: 32
unroll_length: 80
num_learner_threads: 1
num_inference_threads: 1
disable_cuda: false
learner_device: cuda:0
actor_device: cuda:0
max_learner_queue_size: null
model: HalfCheetah
use_lstm: false
hidden_dim: 256
embedding_dim: 64
glyph_type: all_cat
equalize_input_dim: false
equalize_factor: 2
layers: 5
crop_model: cnn
crop_dim: 9
use_index_select: true
entropy_cost: 0.001
baseline_cost: 0.5
discounting: 0.999
reward_clipping: none
normalize_reward: true
learning_rate: 0.0002
grad_norm_clipping: 40
alpha: 0.99
momentum: 0
epsilon: 1.0e-06
state_counter: none
no_extrinsic: false
int:
  twoheaded: true
  input: full
  intrinsic_weight: 0.1
  discounting: 0.99
  baseline_cost: 0.5
  episodic: true
  reward_clipping: none
  normalize_reward: true
ride:
  count_norm: true
  forward_cost: 1
  inverse_cost: 0.1
  hidden_dim: 128
rnd:
  forward_cost: 0.01
msg:
  model: none
  hidden_dim: 64
  embedding_dim: 32

[2023-10-21 18:21:28,062][root][INFO] - Symlinked log directory: /opt/project/latest
[2023-10-21 18:21:28,063][root][INFO] - Creating archive directory: /opt/project/outputs/2023-10-21/18-21-27/archives
[2023-10-21 18:21:28,067][root][INFO] - Logging results to /opt/project/outputs/2023-10-21/18-21-27
[2023-10-21 18:21:28,104][palaas/out][INFO] - Found log directory: /opt/project/outputs/2023-10-21/18-21-27
[2023-10-21 18:21:28,104][palaas/out][INFO] - Saving arguments to /opt/project/outputs/2023-10-21/18-21-27/meta.json
[2023-10-21 18:21:28,105][palaas/out][INFO] - Saving messages to /opt/project/outputs/2023-10-21/18-21-27/out.log
[2023-10-21 18:21:28,105][palaas/out][INFO] - Saving logs data to /opt/project/outputs/2023-10-21/18-21-27/logs.csv
[2023-10-21 18:21:28,105][palaas/out][INFO] - Saving logs' fields to /opt/project/outputs/2023-10-21/18-21-27/fields.csv
[2023-10-21 18:21:28,106][root][INFO] - Not using CUDA.
[2023-10-21 18:21:28,111][root][INFO] - Using model HalfCheetah
[2023-10-21 18:21:28,598][root][INFO] - Number of model parameters: 11085
[2023-10-21 18:21:28,603][root][INFO] - ()
[2023-10-21 18:21:28,603][root][INFO] - After actor pool
[2023-10-21 18:21:28,872][root][INFO] - <All keys matched successfully>
[2023-10-21 18:21:28,872][root][INFO] - The model states is ()
[2023-10-21 18:21:33,876][root][INFO] - Step 0 @ 0.0 SPS. Inference batcher size: 0. Learner queue size: 0. Other stats: (train_seconds = 5.0)
[2023-10-21 18:21:36,728][root][INFO] - action mean shape is torch.Size([1, 1, 6])
[2023-10-21 18:21:36,728][root][INFO] - torch.Size([1, 1, 17])
[2023-10-21 18:21:36,729][root][INFO] - policy shape is torch.Size([1, 6])
[2023-10-21 18:21:36,729][root][INFO] - Baseline shape is torch.Size([1, 1])
[2023-10-21 18:21:36,729][root][INFO] - Action shape is torch.Size([1, 1, 6])
[2023-10-21 18:21:36,730][root][INFO] - action mean shape is torch.Size([1, 1, 6])
[2023-10-21 18:21:36,730][root][INFO] - torch.Size([1, 1, 17])
[2023-10-21 18:21:36,730][root][INFO] - policy shape is torch.Size([1, 6])
[2023-10-21 18:21:36,731][root][INFO] - Baseline shape is torch.Size([1, 1])
[2023-10-21 18:21:36,731][root][INFO] - Action shape is torch.Size([1, 1, 6])
[2023-10-21 18:21:36,737][root][INFO] - action mean shape is torch.Size([1, 1, 6])
[2023-10-21 18:21:36,737][root][INFO] - torch.Size([1, 1, 17])
[2023-10-21 18:21:36,738][root][INFO] - policy shape is torch.Size([1, 6])
[2023-10-21 18:21:36,738][root][INFO] - Baseline shape is torch.Size([1, 1])
[2023-10-21 18:21:36,738][root][INFO] - Action shape is torch.Size([1, 1, 6])
[2023-10-21 18:21:36,739][root][INFO] - action mean shape is torch.Size([1, 1, 6])
[2023-10-21 18:21:36,739][root][INFO] - torch.Size([1, 1, 17])
[2023-10-21 18:21:36,740][root][INFO] - policy shape is torch.Size([1, 6])
[2023-10-21 18:21:36,740][root][INFO] - Baseline shape is torch.Size([1, 1])
[2023-10-21 18:21:36,740][root][INFO] - Action shape is torch.Size([1, 1, 6])
[2023-10-21 18:21:36,743][root][INFO] - action mean shape is torch.Size([1, 1, 6])
[2023-10-21 18:21:36,744][root][INFO] - torch.Size([1, 1, 17])
[2023-10-21 18:21:36,744][root][INFO] - policy shape is torch.Size([1, 6])
[2023-10-21 18:21:36,744][root][INFO] - Baseline shape is torch.Size([1, 1])
[2023-10-21 18:21:36,744][root][INFO] - Action shape is torch.Size([1, 1, 6])
[2023-10-21 18:21:36,745][root][INFO] - action mean shape is torch.Size([1, 1, 6])
[2023-10-21 18:21:36,745][root][INFO] - torch.Size([1, 1, 17])
[2023-10-21 18:21:36,746][root][INFO] - policy shape is torch.Size([1, 6])
[2023-10-21 18:21:36,746][root][INFO] - Baseline shape is torch.Size([1, 1])
[2023-10-21 18:21:36,746][root][INFO] - Action shape is torch.Size([1, 1, 6])
[2023-10-21 18:21:36,747][root][INFO] - action mean shape is torch.Size([1, 1, 6])
[2023-10-21 18:21:36,747][root][INFO] - torch.Size([1, 1, 17])
[2023-10-21 18:21:36,748][root][INFO] - policy shape is torch.Size([1, 6])
[2023-10-21 18:21:36,748][root][INFO] - Baseline shape is torch.Size([1, 1])
[2023-10-21 18:21:36,748][root][INFO] - Action shape is torch.Size([1, 1, 6])
[2023-10-21 18:21:36,749][root][INFO] - action mean shape is torch.Size([1, 1, 6])
[2023-10-21 18:21:36,749][root][INFO] - torch.Size([1, 1, 17])
[2023-10-21 18:21:36,750][root][INFO] - policy shape is torch.Size([1, 6])
[2023-10-21 18:21:36,750][root][INFO] - Baseline shape is torch.Size([1, 1])
[2023-10-21 18:21:36,750][root][INFO] - Action shape is torch.Size([1, 1, 6])
[2023-10-21 18:21:36,751][root][INFO] - action mean shape is torch.Size([1, 1, 6])
[2023-10-21 18:21:36,751][root][INFO] - torch.Size([1, 1, 17])
[2023-10-21 18:21:36,751][root][INFO] - policy shape is torch.Size([1, 6])
[2023-10-21 18:21:36,752][root][INFO] - Baseline shape is torch.Size([1, 1])
[2023-10-21 18:21:36,752][root][INFO] - Action shape is torch.Size([1, 1, 6])
[2023-10-21 18:21:36,753][root][INFO] - action mean shape is torch.Size([1, 1, 6])
[2023-10-21 18:21:36,753][root][INFO] - torch.Size([1, 1, 17])
[2023-10-21 18:21:36,754][root][INFO] - policy shape is torch.Size([1, 6])
[2023-10-21 18:21:36,754][root][INFO] - Baseline shape is torch.Size([1, 1])
[2023-10-21 18:21:36,754][root][INFO] - Action shape is torch.Size([1, 1, 6])
[2023-10-21 18:21:36,778][root][INFO] - action mean shape is torch.Size([1, 1, 6])
[2023-10-21 18:21:36,779][root][INFO] - torch.Size([1, 1, 17])
[2023-10-21 18:21:36,779][root][INFO] - policy shape is torch.Size([1, 6])
[2023-10-21 18:21:36,779][root][INFO] - Baseline shape is torch.Size([1, 1])
[2023-10-21 18:21:36,779][root][INFO] - Action shape is torch.Size([1, 1, 6])
[2023-10-21 18:21:36,781][root][INFO] - action mean shape is torch.Size([1, 1, 6])
[2023-10-21 18:21:36,781][root][INFO] - torch.Size([1, 1, 17])
[2023-10-21 18:21:36,782][root][INFO] - policy shape is torch.Size([1, 6])
[2023-10-21 18:21:36,782][root][INFO] - Baseline shape is torch.Size([1, 1])
[2023-10-21 18:21:36,782][root][INFO] - Action shape is torch.Size([1, 1, 6])
[2023-10-21 18:21:36,789][root][INFO] - action mean shape is torch.Size([1, 1, 6])
[2023-10-21 18:21:36,789][root][INFO] - torch.Size([1, 1, 17])
[2023-10-21 18:21:36,790][root][INFO] - policy shape is torch.Size([1, 6])
[2023-10-21 18:21:36,790][root][INFO] - Baseline shape is torch.Size([1, 1])
[2023-10-21 18:21:36,790][root][INFO] - Action shape is torch.Size([1, 1, 6])
[2023-10-21 18:21:36,795][root][INFO] - action mean shape is torch.Size([1, 1, 6])
[2023-10-21 18:21:36,795][root][INFO] - torch.Size([1, 1, 17])
[2023-10-21 18:21:36,796][root][INFO] - policy shape is torch.Size([1, 6])
[2023-10-21 18:21:36,796][root][INFO] - Baseline shape is torch.Size([1, 1])
[2023-10-21 18:21:36,796][root][INFO] - Action shape is torch.Size([1, 1, 6])
[2023-10-21 18:21:36,798][root][INFO] - action mean shape is torch.Size([1, 1, 6])
[2023-10-21 18:21:36,798][root][INFO] - torch.Size([1, 1, 17])
[2023-10-21 18:21:36,798][root][INFO] - policy shape is torch.Size([1, 6])
[2023-10-21 18:21:36,799][root][INFO] - Baseline shape is torch.Size([1, 1])
[2023-10-21 18:21:36,799][root][INFO] - Action shape is torch.Size([1, 1, 6])
[2023-10-21 18:21:36,801][root][INFO] - action mean shape is torch.Size([1, 1, 6])
[2023-10-21 18:21:36,804][root][INFO] - torch.Size([1, 1, 17])
[2023-10-21 18:21:36,805][root][INFO] - policy shape is torch.Size([1, 6])
[2023-10-21 18:21:36,805][root][INFO] - Baseline shape is torch.Size([1, 1])
[2023-10-21 18:21:36,805][root][INFO] - Action shape is torch.Size([1, 1, 6])
[2023-10-21 18:21:36,806][root][INFO] - action mean shape is torch.Size([1, 1, 6])
[2023-10-21 18:21:36,807][root][INFO] - torch.Size([1, 1, 17])
[2023-10-21 18:21:36,807][root][INFO] - policy shape is torch.Size([1, 6])
[2023-10-21 18:21:36,808][root][INFO] - Baseline shape is torch.Size([1, 1])
[2023-10-21 18:21:36,808][root][INFO] - Action shape is torch.Size([1, 1, 6])
[2023-10-21 18:21:36,812][root][INFO] - action mean shape is torch.Size([1, 1, 6])
[2023-10-21 18:21:36,820][root][INFO] - torch.Size([1, 1, 17])
[2023-10-21 18:21:36,821][root][INFO] - policy shape is torch.Size([1, 6])
[2023-10-21 18:21:36,824][root][INFO] - Baseline shape is torch.Size([1, 1])
[2023-10-21 18:21:36,824][root][INFO] - Action shape is torch.Size([1, 1, 6])
[2023-10-21 18:21:36,826][root][INFO] - action mean shape is torch.Size([1, 1, 6])
[2023-10-21 18:21:36,826][root][INFO] - torch.Size([1, 1, 17])
[2023-10-21 18:21:36,827][root][INFO] - policy shape is torch.Size([1, 6])
[2023-10-21 18:21:36,827][root][INFO] - Baseline shape is torch.Size([1, 1])
[2023-10-21 18:21:36,827][root][INFO] - Action shape is torch.Size([1, 1, 6])
[2023-10-21 18:21:36,828][root][INFO] - action mean shape is torch.Size([1, 1, 6])
[2023-10-21 18:21:36,832][root][INFO] - torch.Size([1, 1, 17])
[2023-10-21 18:21:36,833][root][INFO] - policy shape is torch.Size([1, 6])
[2023-10-21 18:21:36,833][root][INFO] - Baseline shape is torch.Size([1, 1])
[2023-10-21 18:21:36,833][root][INFO] - Action shape is torch.Size([1, 1, 6])
[2023-10-21 18:21:36,834][root][INFO] - action mean shape is torch.Size([1, 1, 6])
[2023-10-21 18:21:36,835][root][INFO] - torch.Size([1, 1, 17])
[2023-10-21 18:21:36,835][root][INFO] - policy shape is torch.Size([1, 6])
[2023-10-21 18:21:36,844][root][INFO] - Baseline shape is torch.Size([1, 1])
[2023-10-21 18:21:36,845][root][INFO] - Action shape is torch.Size([1, 1, 6])
[2023-10-21 18:21:36,846][root][INFO] - action mean shape is torch.Size([1, 1, 6])
[2023-10-21 18:21:36,846][root][INFO] - torch.Size([1, 1, 17])
[2023-10-21 18:21:36,847][root][INFO] - policy shape is torch.Size([1, 6])
[2023-10-21 18:21:36,847][root][INFO] - Baseline shape is torch.Size([1, 1])
[2023-10-21 18:21:36,847][root][INFO] - Action shape is torch.Size([1, 1, 6])
[2023-10-21 18:21:36,848][root][INFO] - action mean shape is torch.Size([1, 1, 6])
[2023-10-21 18:21:36,849][root][INFO] - torch.Size([1, 1, 17])
[2023-10-21 18:21:36,849][root][INFO] - policy shape is torch.Size([1, 6])
[2023-10-21 18:21:36,849][root][INFO] - Baseline shape is torch.Size([1, 1])
[2023-10-21 18:21:36,849][root][INFO] - Action shape is torch.Size([1, 1, 6])
[2023-10-21 18:21:36,850][root][INFO] - action mean shape is torch.Size([1, 1, 6])
[2023-10-21 18:21:36,853][root][INFO] - torch.Size([1, 1, 17])
[2023-10-21 18:21:36,860][root][INFO] - policy shape is torch.Size([1, 6])
[2023-10-21 18:21:36,861][root][INFO] - Baseline shape is torch.Size([1, 1])
[2023-10-21 18:21:36,861][root][INFO] - Action shape is torch.Size([1, 1, 6])
[2023-10-21 18:21:36,862][root][INFO] - action mean shape is torch.Size([1, 1, 6])
[2023-10-21 18:21:36,863][root][INFO] - torch.Size([1, 1, 17])
[2023-10-21 18:21:36,863][root][INFO] - policy shape is torch.Size([1, 6])
[2023-10-21 18:21:36,863][root][INFO] - Baseline shape is torch.Size([1, 1])
[2023-10-21 18:21:36,864][root][INFO] - Action shape is torch.Size([1, 1, 6])
[2023-10-21 18:21:36,865][root][INFO] - action mean shape is torch.Size([1, 1, 6])
[2023-10-21 18:21:36,865][root][INFO] - torch.Size([1, 1, 17])
[2023-10-21 18:21:36,866][root][INFO] - policy shape is torch.Size([1, 6])
[2023-10-21 18:21:36,866][root][INFO] - Baseline shape is torch.Size([1, 1])
[2023-10-21 18:21:36,866][root][INFO] - Action shape is torch.Size([1, 1, 6])
[2023-10-21 18:21:36,869][root][INFO] - action mean shape is torch.Size([1, 1, 6])
[2023-10-21 18:21:36,896][root][INFO] - torch.Size([1, 1, 17])
[2023-10-21 18:21:36,897][root][INFO] - policy shape is torch.Size([1, 6])
[2023-10-21 18:21:36,897][root][INFO] - Baseline shape is torch.Size([1, 1])
[2023-10-21 18:21:36,897][root][INFO] - Action shape is torch.Size([1, 1, 6])
[2023-10-21 18:21:36,898][root][INFO] - action mean shape is torch.Size([1, 1, 6])
[2023-10-21 18:21:36,899][root][INFO] - torch.Size([1, 1, 17])
[2023-10-21 18:21:36,899][root][INFO] - policy shape is torch.Size([1, 6])
[2023-10-21 18:21:36,900][root][INFO] - Baseline shape is torch.Size([1, 1])
[2023-10-21 18:21:36,900][root][INFO] - Action shape is torch.Size([1, 1, 6])
[2023-10-21 18:21:36,901][root][INFO] - action mean shape is torch.Size([1, 1, 6])
[2023-10-21 18:21:36,901][root][INFO] - torch.Size([1, 1, 17])
[2023-10-21 18:21:36,902][root][INFO] - policy shape is torch.Size([1, 6])
[2023-10-21 18:21:36,902][root][INFO] - Baseline shape is torch.Size([1, 1])
[2023-10-21 18:21:36,902][root][INFO] - Action shape is torch.Size([1, 1, 6])
[2023-10-21 18:21:36,903][root][INFO] - action mean shape is torch.Size([1, 1, 6])
[2023-10-21 18:21:36,928][root][INFO] - torch.Size([1, 1, 17])
[2023-10-21 18:21:36,929][root][INFO] - policy shape is torch.Size([1, 6])
[2023-10-21 18:21:36,929][root][INFO] - Baseline shape is torch.Size([1, 1])
[2023-10-21 18:21:36,929][root][INFO] - Action shape is torch.Size([1, 1, 6])
[2023-10-21 18:21:36,930][root][INFO] - action mean shape is torch.Size([1, 1, 6])
[2023-10-21 18:21:36,931][root][INFO] - torch.Size([1, 1, 17])
[2023-10-21 18:21:36,931][root][INFO] - policy shape is torch.Size([1, 6])
[2023-10-21 18:21:36,932][root][INFO] - Baseline shape is torch.Size([1, 1])
[2023-10-21 18:21:36,932][root][INFO] - Action shape is torch.Size([1, 1, 6])
[2023-10-21 18:21:36,933][root][INFO] - action mean shape is torch.Size([1, 1, 6])
[2023-10-21 18:21:36,933][root][INFO] - torch.Size([1, 1, 17])
[2023-10-21 18:21:36,933][root][INFO] - policy shape is torch.Size([1, 6])
[2023-10-21 18:21:36,968][root][INFO] - Baseline shape is torch.Size([1, 1])
[2023-10-21 18:21:36,968][root][INFO] - Action shape is torch.Size([1, 1, 6])
[2023-10-21 18:21:36,970][root][INFO] - action mean shape is torch.Size([1, 1, 6])
[2023-10-21 18:21:36,970][root][INFO] - torch.Size([1, 1, 17])
[2023-10-21 18:21:36,971][root][INFO] - policy shape is torch.Size([1, 6])
[2023-10-21 18:21:36,988][root][INFO] - Baseline shape is torch.Size([1, 1])
[2023-10-21 18:21:36,988][root][INFO] - Action shape is torch.Size([1, 1, 6])
[2023-10-21 18:21:36,990][root][INFO] - action mean shape is torch.Size([1, 1, 6])
[2023-10-21 18:21:36,990][root][INFO] - torch.Size([1, 1, 17])
[2023-10-21 18:21:36,991][root][INFO] - policy shape is torch.Size([1, 6])
[2023-10-21 18:21:36,991][root][INFO] - Baseline shape is torch.Size([1, 1])
[2023-10-21 18:21:36,991][root][INFO] - Action shape is torch.Size([1, 1, 6])
[2023-10-21 18:21:36,992][root][INFO] - action mean shape is torch.Size([1, 1, 6])
[2023-10-21 18:21:36,993][root][INFO] - torch.Size([1, 1, 17])
[2023-10-21 18:21:36,993][root][INFO] - policy shape is torch.Size([1, 6])
[2023-10-21 18:21:36,993][root][INFO] - Baseline shape is torch.Size([1, 1])
[2023-10-21 18:21:36,993][root][INFO] - Action shape is torch.Size([1, 1, 6])
[2023-10-21 18:21:36,995][root][INFO] - action mean shape is torch.Size([1, 1, 6])
[2023-10-21 18:21:37,000][root][INFO] - torch.Size([1, 1, 17])
[2023-10-21 18:21:37,001][root][INFO] - policy shape is torch.Size([1, 6])
[2023-10-21 18:21:37,044][root][INFO] - Baseline shape is torch.Size([1, 1])
[2023-10-21 18:21:37,044][root][INFO] - Action shape is torch.Size([1, 1, 6])
[2023-10-21 18:21:37,046][root][INFO] - action mean shape is torch.Size([1, 1, 6])
[2023-10-21 18:21:37,047][root][INFO] - torch.Size([1, 1, 17])
[2023-10-21 18:21:37,047][root][INFO] - policy shape is torch.Size([1, 6])
[2023-10-21 18:21:37,048][root][INFO] - Baseline shape is torch.Size([1, 1])
[2023-10-21 18:21:37,048][root][INFO] - Action shape is torch.Size([1, 1, 6])
[2023-10-21 18:21:37,049][root][INFO] - action mean shape is torch.Size([1, 1, 6])
[2023-10-21 18:21:37,050][root][INFO] - torch.Size([1, 1, 17])
[2023-10-21 18:21:37,050][root][INFO] - policy shape is torch.Size([1, 6])
[2023-10-21 18:21:37,050][root][INFO] - Baseline shape is torch.Size([1, 1])
[2023-10-21 18:21:37,050][root][INFO] - Action shape is torch.Size([1, 1, 6])
[2023-10-21 18:21:37,051][root][INFO] - action mean shape is torch.Size([1, 1, 6])
[2023-10-21 18:21:37,128][root][INFO] - torch.Size([1, 1, 17])
[2023-10-21 18:21:37,129][root][INFO] - policy shape is torch.Size([1, 6])
[2023-10-21 18:21:37,129][root][INFO] - Baseline shape is torch.Size([1, 1])
[2023-10-21 18:21:37,129][root][INFO] - Action shape is torch.Size([1, 1, 6])
[2023-10-21 18:21:37,131][root][INFO] - action mean shape is torch.Size([1, 1, 6])
[2023-10-21 18:21:37,131][root][INFO] - torch.Size([1, 1, 17])
[2023-10-21 18:21:37,132][root][INFO] - policy shape is torch.Size([1, 6])
[2023-10-21 18:21:37,132][root][INFO] - Baseline shape is torch.Size([1, 1])
[2023-10-21 18:21:37,132][root][INFO] - Action shape is torch.Size([1, 1, 6])
[2023-10-21 18:21:37,133][root][INFO] - action mean shape is torch.Size([1, 1, 6])
[2023-10-21 18:21:37,133][root][INFO] - torch.Size([1, 1, 17])
[2023-10-21 18:21:37,134][root][INFO] - policy shape is torch.Size([1, 6])
[2023-10-21 18:21:37,140][root][INFO] - Baseline shape is torch.Size([1, 1])
[2023-10-21 18:21:37,140][root][INFO] - Action shape is torch.Size([1, 1, 6])
[2023-10-21 18:21:37,145][root][INFO] - action mean shape is torch.Size([1, 1, 6])
[2023-10-21 18:21:37,146][root][INFO] - torch.Size([1, 1, 17])
[2023-10-21 18:21:37,146][root][INFO] - policy shape is torch.Size([1, 6])
[2023-10-21 18:21:37,152][root][INFO] - Baseline shape is torch.Size([1, 1])
[2023-10-21 18:21:37,152][root][INFO] - Action shape is torch.Size([1, 1, 6])
[2023-10-21 18:21:37,220][root][INFO] - action mean shape is torch.Size([1, 1, 6])
[2023-10-21 18:21:37,221][root][INFO] - torch.Size([1, 1, 17])
[2023-10-21 18:21:37,221][root][INFO] - policy shape is torch.Size([1, 6])
[2023-10-21 18:21:37,221][root][INFO] - Baseline shape is torch.Size([1, 1])
[2023-10-21 18:21:37,221][root][INFO] - Action shape is torch.Size([1, 1, 6])
[2023-10-21 18:21:37,223][root][INFO] - action mean shape is torch.Size([1, 1, 6])
[2023-10-21 18:21:37,223][root][INFO] - torch.Size([1, 1, 17])
[2023-10-21 18:21:37,224][root][INFO] - policy shape is torch.Size([1, 6])
[2023-10-21 18:21:37,224][root][INFO] - Baseline shape is torch.Size([1, 1])
[2023-10-21 18:21:37,224][root][INFO] - Action shape is torch.Size([1, 1, 6])
[2023-10-21 18:21:37,225][root][INFO] - action mean shape is torch.Size([1, 1, 6])
[2023-10-21 18:21:37,225][root][INFO] - torch.Size([1, 1, 17])
[2023-10-21 18:21:37,226][root][INFO] - policy shape is torch.Size([1, 6])
[2023-10-21 18:21:37,227][root][INFO] - Baseline shape is torch.Size([1, 1])
[2023-10-21 18:21:37,292][root][INFO] - Action shape is torch.Size([1, 1, 6])
[2023-10-21 18:21:37,296][root][INFO] - action mean shape is torch.Size([1, 1, 6])
[2023-10-21 18:21:37,297][root][INFO] - torch.Size([1, 1, 17])
[2023-10-21 18:21:37,297][root][INFO] - policy shape is torch.Size([1, 6])
[2023-10-21 18:21:37,298][root][INFO] - Baseline shape is torch.Size([1, 1])
[2023-10-21 18:21:37,298][root][INFO] - Action shape is torch.Size([1, 1, 6])
[2023-10-21 18:21:37,299][root][INFO] - action mean shape is torch.Size([1, 1, 6])
[2023-10-21 18:21:37,299][root][INFO] - torch.Size([1, 1, 17])
[2023-10-21 18:21:37,300][root][INFO] - policy shape is torch.Size([1, 6])
[2023-10-21 18:21:37,300][root][INFO] - Baseline shape is torch.Size([1, 1])
[2023-10-21 18:21:37,300][root][INFO] - Action shape is torch.Size([1, 1, 6])
[2023-10-21 18:21:37,301][root][INFO] - action mean shape is torch.Size([1, 1, 6])
[2023-10-21 18:21:37,302][root][INFO] - torch.Size([1, 1, 17])
[2023-10-21 18:21:37,302][root][INFO] - policy shape is torch.Size([1, 6])
[2023-10-21 18:21:37,302][root][INFO] - Baseline shape is torch.Size([1, 1])
[2023-10-21 18:21:37,302][root][INFO] - Action shape is torch.Size([1, 1, 6])
[2023-10-21 18:21:37,357][root][INFO] - action mean shape is torch.Size([1, 1, 6])
[2023-10-21 18:21:37,358][root][INFO] - torch.Size([1, 1, 17])
[2023-10-21 18:21:37,358][root][INFO] - policy shape is torch.Size([1, 6])
[2023-10-21 18:21:37,359][root][INFO] - Baseline shape is torch.Size([1, 1])
[2023-10-21 18:21:37,359][root][INFO] - Action shape is torch.Size([1, 1, 6])
[2023-10-21 18:21:37,360][root][INFO] - action mean shape is torch.Size([1, 1, 6])
[2023-10-21 18:21:37,360][root][INFO] - torch.Size([1, 1, 17])
[2023-10-21 18:21:37,361][root][INFO] - policy shape is torch.Size([1, 6])
[2023-10-21 18:21:37,361][root][INFO] - Baseline shape is torch.Size([1, 1])
[2023-10-21 18:21:37,361][root][INFO] - Action shape is torch.Size([1, 1, 6])
[2023-10-21 18:21:37,362][root][INFO] - action mean shape is torch.Size([1, 1, 6])
[2023-10-21 18:21:37,428][root][INFO] - torch.Size([1, 1, 17])
[2023-10-21 18:21:37,429][root][INFO] - policy shape is torch.Size([1, 6])
[2023-10-21 18:21:37,429][root][INFO] - Baseline shape is torch.Size([1, 1])
[2023-10-21 18:21:37,429][root][INFO] - Action shape is torch.Size([1, 1, 6])
[2023-10-21 18:21:37,431][root][INFO] - action mean shape is torch.Size([1, 1, 6])
[2023-10-21 18:21:37,431][root][INFO] - torch.Size([1, 1, 17])
[2023-10-21 18:21:37,432][root][INFO] - policy shape is torch.Size([1, 6])
[2023-10-21 18:21:37,432][root][INFO] - Baseline shape is torch.Size([1, 1])
[2023-10-21 18:21:37,432][root][INFO] - Action shape is torch.Size([1, 1, 6])
[2023-10-21 18:21:37,433][root][INFO] - action mean shape is torch.Size([1, 1, 6])
[2023-10-21 18:21:37,434][root][INFO] - torch.Size([1, 1, 17])
[2023-10-21 18:21:37,472][root][INFO] - policy shape is torch.Size([1, 6])
[2023-10-21 18:21:37,473][root][INFO] - Baseline shape is torch.Size([1, 1])
[2023-10-21 18:21:37,473][root][INFO] - Action shape is torch.Size([1, 1, 6])
[2023-10-21 18:21:37,474][root][INFO] - action mean shape is torch.Size([1, 1, 6])
[2023-10-21 18:21:37,475][root][INFO] - torch.Size([1, 1, 17])
[2023-10-21 18:21:37,475][root][INFO] - policy shape is torch.Size([1, 6])
[2023-10-21 18:21:37,475][root][INFO] - Baseline shape is torch.Size([1, 1])
[2023-10-21 18:21:37,475][root][INFO] - Action shape is torch.Size([1, 1, 6])
[2023-10-21 18:21:37,477][root][INFO] - action mean shape is torch.Size([1, 1, 6])
[2023-10-21 18:21:37,477][root][INFO] - torch.Size([1, 1, 17])
[2023-10-21 18:21:37,478][root][INFO] - policy shape is torch.Size([1, 6])
[2023-10-21 18:21:37,478][root][INFO] - Baseline shape is torch.Size([1, 1])
[2023-10-21 18:21:37,478][root][INFO] - Action shape is torch.Size([1, 1, 6])
[2023-10-21 18:21:37,484][root][INFO] - action mean shape is torch.Size([1, 1, 6])
[2023-10-21 18:21:37,536][root][INFO] - torch.Size([1, 1, 17])
[2023-10-21 18:21:37,537][root][INFO] - policy shape is torch.Size([1, 6])
[2023-10-21 18:21:37,537][root][INFO] - Baseline shape is torch.Size([1, 1])
[2023-10-21 18:21:37,537][root][INFO] - Action shape is torch.Size([1, 1, 6])
[2023-10-21 18:21:37,539][root][INFO] - action mean shape is torch.Size([1, 1, 6])
[2023-10-21 18:21:37,539][root][INFO] - torch.Size([1, 1, 17])
[2023-10-21 18:21:37,539][root][INFO] - policy shape is torch.Size([1, 6])
[2023-10-21 18:21:37,540][root][INFO] - Baseline shape is torch.Size([1, 1])
[2023-10-21 18:21:37,540][root][INFO] - Action shape is torch.Size([1, 1, 6])
[2023-10-21 18:21:37,541][root][INFO] - action mean shape is torch.Size([1, 1, 6])
[2023-10-21 18:21:37,541][root][INFO] - torch.Size([1, 1, 17])
[2023-10-21 18:21:37,608][root][INFO] - policy shape is torch.Size([1, 6])
[2023-10-21 18:21:37,609][root][INFO] - Baseline shape is torch.Size([1, 1])
[2023-10-21 18:21:37,609][root][INFO] - Action shape is torch.Size([1, 1, 6])
[2023-10-21 18:21:37,610][root][INFO] - action mean shape is torch.Size([1, 1, 6])
[2023-10-21 18:21:37,611][root][INFO] - torch.Size([1, 1, 17])
[2023-10-21 18:21:37,611][root][INFO] - policy shape is torch.Size([1, 6])
[2023-10-21 18:21:37,611][root][INFO] - Baseline shape is torch.Size([1, 1])
[2023-10-21 18:21:37,612][root][INFO] - Action shape is torch.Size([1, 1, 6])
[2023-10-21 18:21:37,613][root][INFO] - action mean shape is torch.Size([1, 1, 6])
[2023-10-21 18:21:37,613][root][INFO] - torch.Size([1, 1, 17])
[2023-10-21 18:21:37,613][root][INFO] - policy shape is torch.Size([1, 6])
[2023-10-21 18:21:37,614][root][INFO] - Baseline shape is torch.Size([1, 1])
[2023-10-21 18:21:37,614][root][INFO] - Action shape is torch.Size([1, 1, 6])
[2023-10-21 18:21:37,615][root][INFO] - action mean shape is torch.Size([1, 1, 6])
[2023-10-21 18:21:37,668][root][INFO] - torch.Size([1, 1, 17])
[2023-10-21 18:21:37,669][root][INFO] - policy shape is torch.Size([1, 6])
[2023-10-21 18:21:37,669][root][INFO] - Baseline shape is torch.Size([1, 1])
[2023-10-21 18:21:37,669][root][INFO] - Action shape is torch.Size([1, 1, 6])
[2023-10-21 18:21:37,670][root][INFO] - action mean shape is torch.Size([1, 1, 6])
[2023-10-21 18:21:37,671][root][INFO] - torch.Size([1, 1, 17])
[2023-10-21 18:21:37,671][root][INFO] - policy shape is torch.Size([1, 6])
[2023-10-21 18:21:37,672][root][INFO] - Baseline shape is torch.Size([1, 1])
[2023-10-21 18:21:37,672][root][INFO] - Action shape is torch.Size([1, 1, 6])
[2023-10-21 18:21:37,673][root][INFO] - action mean shape is torch.Size([1, 1, 6])
[2023-10-21 18:21:37,674][root][INFO] - torch.Size([1, 1, 17])
[2023-10-21 18:21:37,674][root][INFO] - policy shape is torch.Size([1, 6])
[2023-10-21 18:21:37,728][root][INFO] - Baseline shape is torch.Size([1, 1])
[2023-10-21 18:21:37,728][root][INFO] - Action shape is torch.Size([1, 1, 6])
[2023-10-21 18:21:37,730][root][INFO] - action mean shape is torch.Size([1, 1, 6])
[2023-10-21 18:21:37,730][root][INFO] - torch.Size([1, 1, 17])
[2023-10-21 18:21:37,731][root][INFO] - policy shape is torch.Size([1, 6])
[2023-10-21 18:21:37,731][root][INFO] - Baseline shape is torch.Size([1, 1])
[2023-10-21 18:21:37,731][root][INFO] - Action shape is torch.Size([1, 1, 6])
[2023-10-21 18:21:37,732][root][INFO] - action mean shape is torch.Size([1, 1, 6])
[2023-10-21 18:21:37,733][root][INFO] - torch.Size([1, 1, 17])
[2023-10-21 18:21:37,733][root][INFO] - policy shape is torch.Size([1, 6])
[2023-10-21 18:21:37,733][root][INFO] - Baseline shape is torch.Size([1, 1])
[2023-10-21 18:21:37,734][root][INFO] - Action shape is torch.Size([1, 1, 6])
[2023-10-21 18:21:37,735][root][INFO] - action mean shape is torch.Size([1, 1, 6])
[2023-10-21 18:21:37,792][root][INFO] - torch.Size([1, 1, 17])
[2023-10-21 18:21:37,793][root][INFO] - policy shape is torch.Size([1, 6])
[2023-10-21 18:21:37,793][root][INFO] - Baseline shape is torch.Size([1, 1])
[2023-10-21 18:21:37,793][root][INFO] - Action shape is torch.Size([1, 1, 6])
[2023-10-21 18:21:37,795][root][INFO] - action mean shape is torch.Size([1, 1, 6])
[2023-10-21 18:21:37,795][root][INFO] - torch.Size([1, 1, 17])
[2023-10-21 18:21:37,796][root][INFO] - policy shape is torch.Size([1, 6])
[2023-10-21 18:21:37,796][root][INFO] - Baseline shape is torch.Size([1, 1])
[2023-10-21 18:21:37,797][root][INFO] - Action shape is torch.Size([1, 1, 6])
[2023-10-21 18:21:37,798][root][INFO] - action mean shape is torch.Size([1, 1, 6])
[2023-10-21 18:21:37,868][root][INFO] - torch.Size([1, 1, 17])
[2023-10-21 18:21:37,869][root][INFO] - policy shape is torch.Size([1, 6])
[2023-10-21 18:21:37,869][root][INFO] - Baseline shape is torch.Size([1, 1])
[2023-10-21 18:21:37,870][root][INFO] - Action shape is torch.Size([1, 1, 6])
[2023-10-21 18:21:37,871][root][INFO] - action mean shape is torch.Size([1, 1, 6])
[2023-10-21 18:21:37,872][root][INFO] - torch.Size([1, 1, 17])
[2023-10-21 18:21:37,909][root][INFO] - policy shape is torch.Size([1, 6])
[2023-10-21 18:21:37,909][root][INFO] - Baseline shape is torch.Size([1, 1])
[2023-10-21 18:21:37,909][root][INFO] - Action shape is torch.Size([1, 1, 6])
[2023-10-21 18:21:37,910][root][INFO] - action mean shape is torch.Size([1, 1, 6])
[2023-10-21 18:21:37,911][root][INFO] - torch.Size([1, 1, 17])
[2023-10-21 18:21:37,911][root][INFO] - policy shape is torch.Size([1, 6])
[2023-10-21 18:21:37,911][root][INFO] - Baseline shape is torch.Size([1, 1])
[2023-10-21 18:21:37,912][root][INFO] - Action shape is torch.Size([1, 1, 6])
[2023-10-21 18:21:37,913][root][INFO] - action mean shape is torch.Size([1, 1, 6])
[2023-10-21 18:21:37,913][root][INFO] - torch.Size([1, 1, 17])
[2023-10-21 18:21:37,914][root][INFO] - policy shape is torch.Size([1, 6])
[2023-10-21 18:21:37,914][root][INFO] - Baseline shape is torch.Size([1, 1])
[2023-10-21 18:21:37,980][root][INFO] - Action shape is torch.Size([1, 1, 6])
[2023-10-21 18:21:37,981][root][INFO] - action mean shape is torch.Size([1, 1, 6])
[2023-10-21 18:21:37,982][root][INFO] - torch.Size([1, 1, 17])
[2023-10-21 18:21:37,982][root][INFO] - policy shape is torch.Size([1, 6])
[2023-10-21 18:21:37,983][root][INFO] - Baseline shape is torch.Size([1, 1])
[2023-10-21 18:21:37,983][root][INFO] - Action shape is torch.Size([1, 1, 6])
[2023-10-21 18:21:37,984][root][INFO] - action mean shape is torch.Size([1, 1, 6])
[2023-10-21 18:21:37,985][root][INFO] - torch.Size([1, 1, 17])
[2023-10-21 18:21:37,985][root][INFO] - policy shape is torch.Size([1, 6])
[2023-10-21 18:21:37,985][root][INFO] - Baseline shape is torch.Size([1, 1])
[2023-10-21 18:21:37,986][root][INFO] - Action shape is torch.Size([1, 1, 6])
[2023-10-21 18:21:37,987][root][INFO] - action mean shape is torch.Size([1, 1, 6])
[2023-10-21 18:21:38,044][root][INFO] - torch.Size([1, 1, 17])
[2023-10-21 18:21:38,045][root][INFO] - policy shape is torch.Size([1, 6])
[2023-10-21 18:21:38,045][root][INFO] - Baseline shape is torch.Size([1, 1])
[2023-10-21 18:21:38,045][root][INFO] - Action shape is torch.Size([1, 1, 6])
[2023-10-21 18:21:38,046][root][INFO] - action mean shape is torch.Size([1, 1, 6])
[2023-10-21 18:21:38,047][root][INFO] - torch.Size([1, 1, 17])
[2023-10-21 18:21:38,048][root][INFO] - policy shape is torch.Size([1, 6])
[2023-10-21 18:21:38,048][root][INFO] - Baseline shape is torch.Size([1, 1])
[2023-10-21 18:21:38,049][root][INFO] - Action shape is torch.Size([1, 1, 6])
[2023-10-21 18:21:38,050][root][INFO] - action mean shape is torch.Size([1, 1, 6])
[2023-10-21 18:21:38,145][root][INFO] - torch.Size([1, 1, 17])
[2023-10-21 18:21:38,146][root][INFO] - policy shape is torch.Size([1, 6])
[2023-10-21 18:21:38,146][root][INFO] - Baseline shape is torch.Size([1, 1])
[2023-10-21 18:21:38,146][root][INFO] - Action shape is torch.Size([1, 1, 6])
[2023-10-21 18:21:38,169][root][INFO] - action mean shape is torch.Size([1, 1, 6])
[2023-10-21 18:21:38,170][root][INFO] - torch.Size([1, 1, 17])
[2023-10-21 18:21:38,171][root][INFO] - policy shape is torch.Size([1, 6])
[2023-10-21 18:21:38,171][root][INFO] - Baseline shape is torch.Size([1, 1])
[2023-10-21 18:21:38,171][root][INFO] - Action shape is torch.Size([1, 1, 6])
[2023-10-21 18:21:38,173][root][INFO] - action mean shape is torch.Size([1, 1, 6])
[2023-10-21 18:21:38,173][root][INFO] - torch.Size([1, 1, 17])
[2023-10-21 18:21:38,174][root][INFO] - policy shape is torch.Size([1, 6])
[2023-10-21 18:21:38,174][root][INFO] - Baseline shape is torch.Size([1, 1])
[2023-10-21 18:21:38,174][root][INFO] - Action shape is torch.Size([1, 1, 6])
[2023-10-21 18:21:38,175][root][INFO] - action mean shape is torch.Size([1, 1, 6])
[2023-10-21 18:21:38,176][root][INFO] - torch.Size([1, 1, 17])
[2023-10-21 18:21:38,176][root][INFO] - policy shape is torch.Size([1, 6])
[2023-10-21 18:21:38,237][root][INFO] - Baseline shape is torch.Size([1, 1])
[2023-10-21 18:21:38,237][root][INFO] - Action shape is torch.Size([1, 1, 6])
[2023-10-21 18:21:38,238][root][INFO] - action mean shape is torch.Size([1, 1, 6])
[2023-10-21 18:21:38,239][root][INFO] - torch.Size([1, 1, 17])
[2023-10-21 18:21:38,239][root][INFO] - policy shape is torch.Size([1, 6])
[2023-10-21 18:21:38,240][root][INFO] - Baseline shape is torch.Size([1, 1])
[2023-10-21 18:21:38,240][root][INFO] - Action shape is torch.Size([1, 1, 6])
[2023-10-21 18:21:38,241][root][INFO] - action mean shape is torch.Size([1, 1, 6])
[2023-10-21 18:21:38,242][root][INFO] - torch.Size([1, 1, 17])
[2023-10-21 18:21:38,242][root][INFO] - policy shape is torch.Size([1, 6])
[2023-10-21 18:21:38,242][root][INFO] - Baseline shape is torch.Size([1, 1])
[2023-10-21 18:21:38,242][root][INFO] - Action shape is torch.Size([1, 1, 6])
[2023-10-21 18:21:38,244][root][INFO] - action mean shape is torch.Size([1, 1, 6])
[2023-10-21 18:21:38,320][root][INFO] - torch.Size([1, 1, 17])
[2023-10-21 18:21:38,321][root][INFO] - policy shape is torch.Size([1, 6])
[2023-10-21 18:21:38,321][root][INFO] - Baseline shape is torch.Size([1, 1])
[2023-10-21 18:21:38,321][root][INFO] - Action shape is torch.Size([1, 1, 6])
[2023-10-21 18:21:38,322][root][INFO] - action mean shape is torch.Size([1, 1, 6])
[2023-10-21 18:21:38,323][root][INFO] - torch.Size([1, 1, 17])
[2023-10-21 18:21:38,323][root][INFO] - policy shape is torch.Size([1, 6])
[2023-10-21 18:21:38,323][root][INFO] - Baseline shape is torch.Size([1, 1])
[2023-10-21 18:21:38,323][root][INFO] - Action shape is torch.Size([1, 1, 6])
[2023-10-21 18:21:38,324][root][INFO] - action mean shape is torch.Size([1, 1, 6])
[2023-10-21 18:21:38,325][root][INFO] - torch.Size([1, 1, 17])
[2023-10-21 18:21:38,325][root][INFO] - policy shape is torch.Size([1, 6])
[2023-10-21 18:21:38,380][root][INFO] - Baseline shape is torch.Size([1, 1])
[2023-10-21 18:21:38,380][root][INFO] - Action shape is torch.Size([1, 1, 6])
[2023-10-21 18:21:38,381][root][INFO] - action mean shape is torch.Size([1, 1, 6])
[2023-10-21 18:21:38,382][root][INFO] - torch.Size([1, 1, 17])
[2023-10-21 18:21:38,382][root][INFO] - policy shape is torch.Size([1, 6])
[2023-10-21 18:21:38,382][root][INFO] - Baseline shape is torch.Size([1, 1])
[2023-10-21 18:21:38,382][root][INFO] - Action shape is torch.Size([1, 1, 6])
[2023-10-21 18:21:38,383][root][INFO] - action mean shape is torch.Size([1, 1, 6])
[2023-10-21 18:21:38,384][root][INFO] - torch.Size([1, 1, 17])
[2023-10-21 18:21:38,384][root][INFO] - policy shape is torch.Size([1, 6])
[2023-10-21 18:21:38,384][root][INFO] - Baseline shape is torch.Size([1, 1])
[2023-10-21 18:21:38,384][root][INFO] - Action shape is torch.Size([1, 1, 6])
[2023-10-21 18:21:38,385][root][INFO] - action mean shape is torch.Size([1, 1, 6])
[2023-10-21 18:21:38,443][root][INFO] - torch.Size([1, 1, 17])
[2023-10-21 18:21:38,444][root][INFO] - policy shape is torch.Size([1, 6])
[2023-10-21 18:21:38,444][root][INFO] - Baseline shape is torch.Size([1, 1])
[2023-10-21 18:21:38,444][root][INFO] - Action shape is torch.Size([1, 1, 6])
[2023-10-21 18:21:38,446][root][INFO] - action mean shape is torch.Size([1, 1, 6])
[2023-10-21 18:21:38,446][root][INFO] - torch.Size([1, 1, 17])
[2023-10-21 18:21:38,446][root][INFO] - policy shape is torch.Size([1, 6])
[2023-10-21 18:21:38,446][root][INFO] - Baseline shape is torch.Size([1, 1])
[2023-10-21 18:21:38,447][root][INFO] - Action shape is torch.Size([1, 1, 6])
[2023-10-21 18:21:38,448][root][INFO] - action mean shape is torch.Size([1, 1, 6])
[2023-10-21 18:21:38,452][root][INFO] - torch.Size([1, 1, 17])
[2023-10-21 18:21:38,524][root][INFO] - policy shape is torch.Size([1, 6])
[2023-10-21 18:21:38,525][root][INFO] - Baseline shape is torch.Size([1, 1])
[2023-10-21 18:21:38,525][root][INFO] - Action shape is torch.Size([1, 1, 6])
[2023-10-21 18:21:38,526][root][INFO] - action mean shape is torch.Size([1, 1, 6])
[2023-10-21 18:21:38,527][root][INFO] - torch.Size([1, 1, 17])
[2023-10-21 18:21:38,527][root][INFO] - policy shape is torch.Size([1, 6])
[2023-10-21 18:21:38,527][root][INFO] - Baseline shape is torch.Size([1, 1])
[2023-10-21 18:21:38,527][root][INFO] - Action shape is torch.Size([1, 1, 6])
[2023-10-21 18:21:38,528][root][INFO] - action mean shape is torch.Size([1, 1, 6])
[2023-10-21 18:21:38,529][root][INFO] - torch.Size([1, 1, 17])
[2023-10-21 18:21:38,529][root][INFO] - policy shape is torch.Size([1, 6])
[2023-10-21 18:21:38,588][root][INFO] - Baseline shape is torch.Size([1, 1])
[2023-10-21 18:21:38,588][root][INFO] - Action shape is torch.Size([1, 1, 6])
[2023-10-21 18:21:38,590][root][INFO] - action mean shape is torch.Size([1, 1, 6])
[2023-10-21 18:21:38,590][root][INFO] - torch.Size([1, 1, 17])
[2023-10-21 18:21:38,590][root][INFO] - policy shape is torch.Size([1, 6])
[2023-10-21 18:21:38,591][root][INFO] - Baseline shape is torch.Size([1, 1])
[2023-10-21 18:21:38,591][root][INFO] - Action shape is torch.Size([1, 1, 6])
[2023-10-21 18:21:38,592][root][INFO] - action mean shape is torch.Size([1, 1, 6])
[2023-10-21 18:21:38,592][root][INFO] - torch.Size([1, 1, 17])
[2023-10-21 18:21:38,592][root][INFO] - policy shape is torch.Size([1, 6])
[2023-10-21 18:21:38,593][root][INFO] - Baseline shape is torch.Size([1, 1])
[2023-10-21 18:21:38,593][root][INFO] - Action shape is torch.Size([1, 1, 6])
[2023-10-21 18:21:38,594][root][INFO] - action mean shape is torch.Size([1, 1, 6])
[2023-10-21 18:21:38,594][root][INFO] - torch.Size([1, 1, 17])
[2023-10-21 18:21:38,652][root][INFO] - policy shape is torch.Size([1, 6])
[2023-10-21 18:21:38,652][root][INFO] - Baseline shape is torch.Size([1, 1])
[2023-10-21 18:21:38,652][root][INFO] - Action shape is torch.Size([1, 1, 6])
[2023-10-21 18:21:38,654][root][INFO] - action mean shape is torch.Size([1, 1, 6])
[2023-10-21 18:21:38,654][root][INFO] - torch.Size([1, 1, 17])
[2023-10-21 18:21:38,655][root][INFO] - policy shape is torch.Size([1, 6])
[2023-10-21 18:21:38,655][root][INFO] - Baseline shape is torch.Size([1, 1])
[2023-10-21 18:21:38,655][root][INFO] - Action shape is torch.Size([1, 1, 6])
[2023-10-21 18:21:38,656][root][INFO] - action mean shape is torch.Size([1, 1, 6])
[2023-10-21 18:21:38,657][root][INFO] - torch.Size([1, 1, 17])
[2023-10-21 18:21:38,657][root][INFO] - policy shape is torch.Size([1, 6])
[2023-10-21 18:21:38,657][root][INFO] - Baseline shape is torch.Size([1, 1])
[2023-10-21 18:21:38,708][root][INFO] - Action shape is torch.Size([1, 1, 6])
[2023-10-21 18:21:38,710][root][INFO] - action mean shape is torch.Size([1, 1, 6])
[2023-10-21 18:21:38,710][root][INFO] - torch.Size([1, 1, 17])
[2023-10-21 18:21:38,711][root][INFO] - policy shape is torch.Size([1, 6])
[2023-10-21 18:21:38,711][root][INFO] - Baseline shape is torch.Size([1, 1])
[2023-10-21 18:21:38,711][root][INFO] - Action shape is torch.Size([1, 1, 6])
[2023-10-21 18:21:38,712][root][INFO] - action mean shape is torch.Size([1, 1, 6])
[2023-10-21 18:21:38,712][root][INFO] - torch.Size([1, 1, 17])
[2023-10-21 18:21:38,713][root][INFO] - policy shape is torch.Size([1, 6])
[2023-10-21 18:21:38,713][root][INFO] - Baseline shape is torch.Size([1, 1])
[2023-10-21 18:21:38,713][root][INFO] - Action shape is torch.Size([1, 1, 6])
[2023-10-21 18:21:38,714][root][INFO] - action mean shape is torch.Size([1, 1, 6])
[2023-10-21 18:21:38,715][root][INFO] - torch.Size([1, 1, 17])
[2023-10-21 18:21:38,772][root][INFO] - policy shape is torch.Size([1, 6])
[2023-10-21 18:21:38,773][root][INFO] - Baseline shape is torch.Size([1, 1])
[2023-10-21 18:21:38,773][root][INFO] - Action shape is torch.Size([1, 1, 6])
[2023-10-21 18:21:38,774][root][INFO] - action mean shape is torch.Size([1, 1, 6])
[2023-10-21 18:21:38,775][root][INFO] - torch.Size([1, 1, 17])
[2023-10-21 18:21:38,775][root][INFO] - policy shape is torch.Size([1, 6])
[2023-10-21 18:21:38,775][root][INFO] - Baseline shape is torch.Size([1, 1])
[2023-10-21 18:21:38,775][root][INFO] - Action shape is torch.Size([1, 1, 6])
[2023-10-21 18:21:38,777][root][INFO] - action mean shape is torch.Size([1, 1, 6])
[2023-10-21 18:21:38,777][root][INFO] - torch.Size([1, 1, 17])
[2023-10-21 18:21:38,778][root][INFO] - policy shape is torch.Size([1, 6])
[2023-10-21 18:21:38,868][root][INFO] - Baseline shape is torch.Size([1, 1])
[2023-10-21 18:21:38,868][root][INFO] - Action shape is torch.Size([1, 1, 6])
[2023-10-21 18:21:38,870][root][INFO] - action mean shape is torch.Size([1, 2, 6])
[2023-10-21 18:21:38,871][root][INFO] - torch.Size([1, 2, 17])
[2023-10-21 18:21:38,871][root][INFO] - policy shape is torch.Size([1, 6])
[2023-10-21 18:21:38,880][root][INFO] - Step 0 @ 0.0 SPS. Inference batcher size: 0. Learner queue size: 1. Other stats: (train_seconds = 10.0)
