[2023-10-21 17:31:58,011][root][INFO] - name: null
wandb: false
project: skillhack
entity: your_entity_name
group: default
state_dict_path: none
foc_options_path: none
foc_options_config_path: none
teacher_path: none
teacher_config_path: none
ks_max_lambda: 10
ks_max_time: 20000000.0
ks_min_lambda_prop: 0.1
train_with_all_skills: false
penalty_per_step: 0.01
hks_max_uniform_weight: 1000
hks_min_uniform_prop: 0.05
hks_max_uniform_time: 20000000.0
tasks_json: tasks
mock: false
single_ttyrec: true
num_seeds: 0
write_profiler_trace: false
relative_reward: false
fn_penalty_step: constant
penalty_time: 0.0
penalty_step: -0.001
reward_lose: 0
reward_win: 1
character: null
save_tty: false
mode: train
env: HalfCheetahv4
obs_keys: glyphs,chars,colors,specials,blstats,message
num_actors: 256
total_steps: 10000000.0
batch_size: 32
unroll_length: 80
num_learner_threads: 1
num_inference_threads: 1
disable_cuda: false
learner_device: cuda:0
actor_device: cuda:0
max_learner_queue_size: null
model: HalfCheetah
use_lstm: false
hidden_dim: 256
embedding_dim: 64
glyph_type: all_cat
equalize_input_dim: false
equalize_factor: 2
layers: 5
crop_model: cnn
crop_dim: 9
use_index_select: true
entropy_cost: 0.001
baseline_cost: 0.5
discounting: 0.999
reward_clipping: none
normalize_reward: true
learning_rate: 0.0002
grad_norm_clipping: 40
alpha: 0.99
momentum: 0
epsilon: 1.0e-06
state_counter: none
no_extrinsic: false
int:
  twoheaded: true
  input: full
  intrinsic_weight: 0.1
  discounting: 0.99
  baseline_cost: 0.5
  episodic: true
  reward_clipping: none
  normalize_reward: true
ride:
  count_norm: true
  forward_cost: 1
  inverse_cost: 0.1
  hidden_dim: 128
rnd:
  forward_cost: 0.01
msg:
  model: none
  hidden_dim: 64
  embedding_dim: 32

[2023-10-21 17:31:58,027][root][INFO] - Symlinked log directory: /opt/project/latest
[2023-10-21 17:31:58,028][root][INFO] - Creating archive directory: /opt/project/outputs/2023-10-21/17-31-57/archives
[2023-10-21 17:31:58,032][root][INFO] - Logging results to /opt/project/outputs/2023-10-21/17-31-57
[2023-10-21 17:31:58,071][palaas/out][INFO] - Found log directory: /opt/project/outputs/2023-10-21/17-31-57
[2023-10-21 17:31:58,072][palaas/out][INFO] - Saving arguments to /opt/project/outputs/2023-10-21/17-31-57/meta.json
[2023-10-21 17:31:58,072][palaas/out][INFO] - Saving messages to /opt/project/outputs/2023-10-21/17-31-57/out.log
[2023-10-21 17:31:58,073][palaas/out][INFO] - Saving logs data to /opt/project/outputs/2023-10-21/17-31-57/logs.csv
[2023-10-21 17:31:58,073][palaas/out][INFO] - Saving logs' fields to /opt/project/outputs/2023-10-21/17-31-57/fields.csv
[2023-10-21 17:31:58,073][root][INFO] - Not using CUDA.
[2023-10-21 17:31:58,079][root][INFO] - Using model HalfCheetah
[2023-10-21 17:31:58,557][root][INFO] - Number of model parameters: 11085
[2023-10-21 17:31:58,562][root][INFO] - ()
[2023-10-21 17:31:58,562][root][INFO] - After actor pool
[2023-10-21 17:31:58,829][root][INFO] - <All keys matched successfully>
[2023-10-21 17:31:58,830][root][INFO] - The model states is ()
[2023-10-21 17:32:03,832][root][INFO] - Step 0 @ 0.0 SPS. Inference batcher size: 0. Learner queue size: 0. Other stats: (train_seconds = 5.0)
[2023-10-21 17:32:05,906][root][CRITICAL] - Baseline shape is torch.Size([1, 1])
[2023-10-21 17:32:05,906][root][CRITICAL] - Action shape is torch.Size([1, 1, 6])
[2023-10-21 17:32:05,906][root][CRITICAL] - policy shape is torch.Size([1, 1, 6])
[2023-10-21 17:32:05,907][root][CRITICAL] - Baseline shape is torch.Size([1, 1])
[2023-10-21 17:32:05,908][root][CRITICAL] - Action shape is torch.Size([1, 1, 6])
[2023-10-21 17:32:05,908][root][CRITICAL] - policy shape is torch.Size([1, 1, 6])
[2023-10-21 17:32:05,910][root][CRITICAL] - Baseline shape is torch.Size([1, 1])
[2023-10-21 17:32:05,910][root][CRITICAL] - Action shape is torch.Size([1, 1, 6])
[2023-10-21 17:32:05,910][root][CRITICAL] - policy shape is torch.Size([1, 1, 6])
[2023-10-21 17:32:05,912][root][CRITICAL] - Baseline shape is torch.Size([1, 1])
[2023-10-21 17:32:05,913][root][CRITICAL] - Action shape is torch.Size([1, 1, 6])
[2023-10-21 17:32:05,913][root][CRITICAL] - policy shape is torch.Size([1, 1, 6])
[2023-10-21 17:32:05,915][root][CRITICAL] - Baseline shape is torch.Size([1, 1])
[2023-10-21 17:32:05,915][root][CRITICAL] - Action shape is torch.Size([1, 1, 6])
[2023-10-21 17:32:05,915][root][CRITICAL] - policy shape is torch.Size([1, 1, 6])
[2023-10-21 17:32:05,917][root][CRITICAL] - Baseline shape is torch.Size([1, 1])
[2023-10-21 17:32:05,918][root][CRITICAL] - Action shape is torch.Size([1, 1, 6])
[2023-10-21 17:32:05,918][root][CRITICAL] - policy shape is torch.Size([1, 1, 6])
[2023-10-21 17:32:05,920][root][CRITICAL] - Baseline shape is torch.Size([1, 1])
[2023-10-21 17:32:05,920][root][CRITICAL] - Action shape is torch.Size([1, 1, 6])
[2023-10-21 17:32:05,921][root][CRITICAL] - policy shape is torch.Size([1, 1, 6])
[2023-10-21 17:32:05,922][root][CRITICAL] - Baseline shape is torch.Size([1, 1])
[2023-10-21 17:32:05,922][root][CRITICAL] - Action shape is torch.Size([1, 1, 6])
[2023-10-21 17:32:05,922][root][CRITICAL] - policy shape is torch.Size([1, 1, 6])
[2023-10-21 17:32:05,923][root][CRITICAL] - Baseline shape is torch.Size([1, 1])
[2023-10-21 17:32:05,923][root][CRITICAL] - Action shape is torch.Size([1, 1, 6])
[2023-10-21 17:32:05,923][root][CRITICAL] - policy shape is torch.Size([1, 1, 6])
[2023-10-21 17:32:05,925][root][CRITICAL] - Baseline shape is torch.Size([1, 1])
[2023-10-21 17:32:05,926][root][CRITICAL] - Action shape is torch.Size([1, 1, 6])
[2023-10-21 17:32:05,926][root][CRITICAL] - policy shape is torch.Size([1, 1, 6])
[2023-10-21 17:32:05,927][root][CRITICAL] - Baseline shape is torch.Size([1, 1])
[2023-10-21 17:32:05,928][root][CRITICAL] - Action shape is torch.Size([1, 1, 6])
[2023-10-21 17:32:05,928][root][CRITICAL] - policy shape is torch.Size([1, 1, 6])
[2023-10-21 17:32:05,929][root][CRITICAL] - Baseline shape is torch.Size([1, 1])
[2023-10-21 17:32:05,929][root][CRITICAL] - Action shape is torch.Size([1, 1, 6])
[2023-10-21 17:32:05,929][root][CRITICAL] - policy shape is torch.Size([1, 1, 6])
[2023-10-21 17:32:05,930][root][CRITICAL] - Baseline shape is torch.Size([1, 1])
[2023-10-21 17:32:05,931][root][CRITICAL] - Action shape is torch.Size([1, 1, 6])
[2023-10-21 17:32:05,931][root][CRITICAL] - policy shape is torch.Size([1, 1, 6])
[2023-10-21 17:32:05,933][root][CRITICAL] - Baseline shape is torch.Size([2, 1])
[2023-10-21 17:32:05,933][root][CRITICAL] - Action shape is torch.Size([1, 2, 6])
[2023-10-21 17:32:05,933][root][CRITICAL] - policy shape is torch.Size([1, 1, 6])
[2023-10-21 17:32:08,837][root][INFO] - Step 0 @ 0.0 SPS. Inference batcher size: 2. Learner queue size: 0. Other stats: (train_seconds = 10.0)
