[2023-10-24 18:54:41,904][root][INFO] - name: null
wandb: false
project: skillhack
entity: your_entity_name
group: default
state_dict_path: none
foc_options_path: none
foc_options_config_path: none
teacher_path: none
teacher_config_path: none
ks_max_lambda: 10
ks_max_time: 20000000.0
ks_min_lambda_prop: 0.1
train_with_all_skills: false
penalty_per_step: 0.01
hks_max_uniform_weight: 1000
hks_min_uniform_prop: 0.05
hks_max_uniform_time: 20000000.0
tasks_json: tasks
mock: false
single_ttyrec: true
num_seeds: 0
write_profiler_trace: false
relative_reward: false
fn_penalty_step: constant
penalty_time: 0.0
penalty_step: -0.001
reward_lose: 0
reward_win: 1
character: null
save_tty: false
mode: train
env: HalfCheetahv4
obs_keys: glyphs,chars,colors,specials,blstats,message
num_actors: 256
total_steps: 10000000.0
batch_size: 32
unroll_length: 80
num_learner_threads: 1
num_inference_threads: 1
disable_cuda: false
learner_device: cuda:0
actor_device: cuda:0
max_learner_queue_size: null
model: HalfCheetah
use_lstm: false
hidden_dim: 256
embedding_dim: 64
glyph_type: all_cat
equalize_input_dim: false
equalize_factor: 2
layers: 5
crop_model: cnn
crop_dim: 9
use_index_select: true
entropy_cost: 0.001
baseline_cost: 0.5
discounting: 0.999
reward_clipping: none
normalize_reward: true
learning_rate: 0.0002
grad_norm_clipping: 40
alpha: 0.99
momentum: 0
epsilon: 1.0e-06
state_counter: none
no_extrinsic: false
int:
  twoheaded: true
  input: full
  intrinsic_weight: 0.1
  discounting: 0.99
  baseline_cost: 0.5
  episodic: true
  reward_clipping: none
  normalize_reward: true
ride:
  count_norm: true
  forward_cost: 1
  inverse_cost: 0.1
  hidden_dim: 128
rnd:
  forward_cost: 0.01
msg:
  model: none
  hidden_dim: 64
  embedding_dim: 32

[2023-10-24 18:54:41,919][root][INFO] - Symlinked log directory: /opt/project/latest
[2023-10-24 18:54:41,920][root][INFO] - Creating archive directory: /opt/project/outputs/2023-10-24/18-54-41/archives
[2023-10-24 18:54:41,924][root][INFO] - Logging results to /opt/project/outputs/2023-10-24/18-54-41
[2023-10-24 18:54:41,981][palaas/out][INFO] - Found log directory: /opt/project/outputs/2023-10-24/18-54-41
[2023-10-24 18:54:41,981][palaas/out][INFO] - Saving arguments to /opt/project/outputs/2023-10-24/18-54-41/meta.json
[2023-10-24 18:54:41,982][palaas/out][INFO] - Saving messages to /opt/project/outputs/2023-10-24/18-54-41/out.log
[2023-10-24 18:54:41,982][palaas/out][INFO] - Saving logs data to /opt/project/outputs/2023-10-24/18-54-41/logs.csv
[2023-10-24 18:54:41,982][palaas/out][INFO] - Saving logs' fields to /opt/project/outputs/2023-10-24/18-54-41/fields.csv
[2023-10-24 18:54:41,982][root][INFO] - Not using CUDA.
[2023-10-24 18:54:41,988][root][INFO] - Using model HalfCheetah
[2023-10-24 18:54:42,625][root][INFO] - Number of model parameters: 11085
[2023-10-24 18:54:42,630][root][INFO] - ()
[2023-10-24 18:54:42,631][root][INFO] - After actor pool
[2023-10-24 18:54:42,936][root][INFO] - <All keys matched successfully>
[2023-10-24 18:54:42,937][root][INFO] - The model states is ()
[2023-10-24 18:54:47,941][root][INFO] - Step 0 @ 0.0 SPS. Inference batcher size: 0. Learner queue size: 0. Other stats: (train_seconds = 5.0)
[2023-10-24 18:54:52,945][root][INFO] - Step 0 @ 0.0 SPS. Inference batcher size: 1. Learner queue size: 3. Other stats: (train_seconds = 10.0)
[2023-10-24 18:54:55,954][root][INFO] - torch.Size([2592, 17])
[2023-10-24 18:54:56,204][root][INFO] - torch.Size([2592, 17])
[2023-10-24 18:54:56,377][root][INFO] - torch.Size([2592, 17])
[2023-10-24 18:54:56,559][root][INFO] - torch.Size([2592, 17])
[2023-10-24 18:54:56,725][root][INFO] - torch.Size([2592, 17])
[2023-10-24 18:54:56,903][root][INFO] - torch.Size([2592, 17])
[2023-10-24 18:54:57,079][root][INFO] - torch.Size([2592, 17])
[2023-10-24 18:54:57,278][root][INFO] - torch.Size([2592, 17])
[2023-10-24 18:54:57,468][root][INFO] - torch.Size([2592, 17])
[2023-10-24 18:54:57,735][root][INFO] - torch.Size([2592, 17])
[2023-10-24 18:54:57,949][root][INFO] - Saving checkpoint to /opt/project/outputs/2023-10-24/18-54-41/HalfCheetahv4_0.tar
[2023-10-24 18:54:57,954][root][INFO] - Step 23040 @ 4604.3 SPS. Inference batcher size: 0. Learner queue size: 17. Other stats: (train_seconds = 15.0, success_rate = 0.0, step = 23040, mean_episode_return = -547.89, mean_episode_step = 503.62, total_loss = -3360.2, entropy_loss = -4.3504, pg_loss = -3403.7, baseline_loss = 47.928, learner_queue_size = 5)
[2023-10-24 18:54:58,156][root][INFO] - torch.Size([2592, 17])
[2023-10-24 18:54:58,598][root][INFO] - torch.Size([2592, 17])
[2023-10-24 18:54:59,024][root][INFO] - torch.Size([2592, 17])
[2023-10-24 18:54:59,736][root][INFO] - torch.Size([2592, 17])
[2023-10-24 18:55:00,645][root][INFO] - torch.Size([2592, 17])
[2023-10-24 18:55:02,162][root][INFO] - torch.Size([2592, 17])
[2023-10-24 18:55:02,684][root][INFO] - torch.Size([2592, 17])
[2023-10-24 18:55:02,909][root][INFO] - torch.Size([2592, 17])
[2023-10-24 18:55:02,957][root][INFO] - Step 46080 @ 4600.6 SPS. Inference batcher size: 5. Learner queue size: 8. Other stats: (train_seconds = 20.0, success_rate = 0.0, step = 46080, mean_episode_return = -643.09, mean_episode_step = 484.25, total_loss = -4557.2, entropy_loss = -4.3493, pg_loss = -4584.4, baseline_loss = 31.56, learner_queue_size = 3)
[2023-10-24 18:55:03,068][root][INFO] - torch.Size([2592, 17])
[2023-10-24 18:55:03,217][root][INFO] - torch.Size([2592, 17])
[2023-10-24 18:55:03,340][root][INFO] - torch.Size([2592, 17])
[2023-10-24 18:55:03,465][root][INFO] - torch.Size([2592, 17])
[2023-10-24 18:55:03,590][root][INFO] - torch.Size([2592, 17])
[2023-10-24 18:55:03,693][root][INFO] - torch.Size([2592, 17])
[2023-10-24 18:55:03,819][root][INFO] - torch.Size([2592, 17])
[2023-10-24 18:55:03,957][root][INFO] - torch.Size([2592, 17])
[2023-10-24 18:55:04,085][root][INFO] - torch.Size([2592, 17])
[2023-10-24 18:55:04,228][root][INFO] - torch.Size([2592, 17])
[2023-10-24 18:55:04,350][root][INFO] - torch.Size([2592, 17])
[2023-10-24 18:55:04,493][root][INFO] - torch.Size([2592, 17])
[2023-10-24 18:55:04,619][root][INFO] - torch.Size([2592, 17])
[2023-10-24 18:55:04,750][root][INFO] - torch.Size([2592, 17])
[2023-10-24 18:55:04,884][root][INFO] - torch.Size([2592, 17])
[2023-10-24 18:55:05,034][root][INFO] - torch.Size([2592, 17])
[2023-10-24 18:55:05,170][root][INFO] - torch.Size([2592, 17])
[2023-10-24 18:55:05,303][root][INFO] - torch.Size([2592, 17])
[2023-10-24 18:55:05,434][root][INFO] - torch.Size([2592, 17])
[2023-10-24 18:55:05,554][root][INFO] - torch.Size([2592, 17])
[2023-10-24 18:55:05,687][root][INFO] - torch.Size([2592, 17])
[2023-10-24 18:55:05,814][root][INFO] - torch.Size([2592, 17])
[2023-10-24 18:55:05,963][root][INFO] - torch.Size([2592, 17])
[2023-10-24 18:55:06,107][root][INFO] - torch.Size([2592, 17])
[2023-10-24 18:55:06,234][root][INFO] - torch.Size([2592, 17])
[2023-10-24 18:55:06,431][root][INFO] - torch.Size([2592, 17])
[2023-10-24 18:55:06,696][root][INFO] - torch.Size([2592, 17])
[2023-10-24 18:55:06,889][root][INFO] - torch.Size([2592, 17])
[2023-10-24 18:55:07,153][root][INFO] - torch.Size([2592, 17])
[2023-10-24 18:55:07,448][root][INFO] - torch.Size([2592, 17])
[2023-10-24 18:55:07,677][root][INFO] - torch.Size([2592, 17])
[2023-10-24 18:55:07,941][root][INFO] - torch.Size([2592, 17])
[2023-10-24 18:55:07,961][root][INFO] - Step 125440 @ 15859.2 SPS. Inference batcher size: 29. Learner queue size: 7. Other stats: (train_seconds = 25.0, success_rate = 0.33333, step = 125440, mean_episode_return = -599.2, mean_episode_step = 421.75, total_loss = -2868.5, entropy_loss = -4.3528, pg_loss = -2883.2, baseline_loss = 18.999, learner_queue_size = 4)
[2023-10-24 18:55:08,052][root][INFO] - torch.Size([2592, 17])
[2023-10-24 18:55:08,182][root][INFO] - torch.Size([2592, 17])
[2023-10-24 18:55:08,323][root][INFO] - torch.Size([2592, 17])
[2023-10-24 18:55:08,446][root][INFO] - torch.Size([2592, 17])
[2023-10-24 18:55:08,586][root][INFO] - torch.Size([2592, 17])
[2023-10-24 18:55:08,730][root][INFO] - torch.Size([2592, 17])
[2023-10-24 18:55:08,849][root][INFO] - torch.Size([2592, 17])
[2023-10-24 18:55:08,993][root][INFO] - torch.Size([2592, 17])
[2023-10-24 18:55:09,124][root][INFO] - torch.Size([2592, 17])
[2023-10-24 18:55:09,271][root][INFO] - torch.Size([2592, 17])
[2023-10-24 18:55:09,392][root][INFO] - torch.Size([2592, 17])
[2023-10-24 18:55:09,517][root][INFO] - torch.Size([2592, 17])
[2023-10-24 18:55:09,661][root][INFO] - torch.Size([2592, 17])
[2023-10-24 18:55:09,783][root][INFO] - torch.Size([2592, 17])
[2023-10-24 18:55:09,920][root][INFO] - torch.Size([2592, 17])
[2023-10-24 18:55:10,047][root][INFO] - torch.Size([2592, 17])
[2023-10-24 18:55:10,195][root][INFO] - torch.Size([2592, 17])
[2023-10-24 18:55:10,316][root][INFO] - torch.Size([2592, 17])
[2023-10-24 18:55:10,486][root][INFO] - torch.Size([2592, 17])
[2023-10-24 18:55:10,605][root][INFO] - torch.Size([2592, 17])
[2023-10-24 18:55:10,734][root][INFO] - torch.Size([2592, 17])
[2023-10-24 18:55:10,860][root][INFO] - torch.Size([2592, 17])
[2023-10-24 18:55:10,994][root][INFO] - torch.Size([2592, 17])
[2023-10-24 18:55:11,144][root][INFO] - torch.Size([2592, 17])
[2023-10-24 18:55:11,273][root][INFO] - torch.Size([2592, 17])
[2023-10-24 18:55:11,415][root][INFO] - torch.Size([2592, 17])
[2023-10-24 18:55:11,538][root][INFO] - torch.Size([2592, 17])
[2023-10-24 18:55:11,695][root][INFO] - torch.Size([2592, 17])
[2023-10-24 18:55:11,814][root][INFO] - torch.Size([2592, 17])
[2023-10-24 18:55:11,939][root][INFO] - torch.Size([2592, 17])
[2023-10-24 18:55:12,064][root][INFO] - torch.Size([2592, 17])
[2023-10-24 18:55:12,194][root][INFO] - torch.Size([2592, 17])
[2023-10-24 18:55:12,328][root][INFO] - torch.Size([2592, 17])
[2023-10-24 18:55:12,468][root][INFO] - torch.Size([2592, 17])
[2023-10-24 18:55:12,600][root][INFO] - torch.Size([2592, 17])
[2023-10-24 18:55:12,749][root][INFO] - torch.Size([2592, 17])
[2023-10-24 18:55:12,851][root][INFO] - torch.Size([2592, 17])
[2023-10-24 18:55:12,965][root][INFO] - Step 222720 @ 19440.5 SPS. Inference batcher size: 27. Learner queue size: 28. Other stats: (train_seconds = 30.0, success_rate = None, step = 222720, mean_episode_return = nan, mean_episode_step = 450.5, total_loss = -861.42, entropy_loss = -4.347, pg_loss = -868.52, baseline_loss = 11.44, learner_queue_size = 7)
[2023-10-24 18:55:12,980][root][INFO] - torch.Size([2592, 17])
[2023-10-24 18:55:13,140][root][INFO] - torch.Size([2592, 17])
[2023-10-24 18:55:13,267][root][INFO] - torch.Size([2592, 17])
[2023-10-24 18:55:13,412][root][INFO] - torch.Size([2592, 17])
[2023-10-24 18:55:13,536][root][INFO] - torch.Size([2592, 17])
[2023-10-24 18:55:13,663][root][INFO] - torch.Size([2592, 17])
[2023-10-24 18:55:13,813][root][INFO] - torch.Size([2592, 17])
[2023-10-24 18:55:13,920][root][INFO] - torch.Size([2592, 17])
[2023-10-24 18:55:14,057][root][INFO] - torch.Size([2592, 17])
[2023-10-24 18:55:14,193][root][INFO] - torch.Size([2592, 17])
[2023-10-24 18:55:14,333][root][INFO] - torch.Size([2592, 17])
[2023-10-24 18:55:14,463][root][INFO] - torch.Size([2592, 17])
[2023-10-24 18:55:14,581][root][INFO] - torch.Size([2592, 17])
[2023-10-24 18:55:14,711][root][INFO] - torch.Size([2592, 17])
[2023-10-24 18:55:14,837][root][INFO] - torch.Size([2592, 17])
[2023-10-24 18:55:14,958][root][INFO] - torch.Size([2592, 17])
[2023-10-24 18:55:15,115][root][INFO] - torch.Size([2592, 17])
[2023-10-24 18:55:15,244][root][INFO] - torch.Size([2592, 17])
[2023-10-24 18:55:15,354][root][INFO] - torch.Size([2592, 17])
[2023-10-24 18:55:15,505][root][INFO] - torch.Size([2592, 17])
[2023-10-24 18:55:15,617][root][INFO] - torch.Size([2592, 17])
[2023-10-24 18:55:15,752][root][INFO] - torch.Size([2592, 17])
[2023-10-24 18:55:15,874][root][INFO] - torch.Size([2592, 17])
[2023-10-24 18:55:15,985][root][INFO] - torch.Size([2592, 17])
[2023-10-24 18:55:16,136][root][INFO] - torch.Size([2592, 17])
[2023-10-24 18:55:16,257][root][INFO] - torch.Size([2592, 17])
[2023-10-24 18:55:16,370][root][INFO] - torch.Size([2592, 17])
[2023-10-24 18:55:16,516][root][INFO] - torch.Size([2592, 17])
[2023-10-24 18:55:16,666][root][INFO] - torch.Size([2592, 17])
[2023-10-24 18:55:16,771][root][INFO] - torch.Size([2592, 17])
[2023-10-24 18:55:16,891][root][INFO] - torch.Size([2592, 17])
[2023-10-24 18:55:17,030][root][INFO] - torch.Size([2592, 17])
[2023-10-24 18:55:17,156][root][INFO] - torch.Size([2592, 17])
[2023-10-24 18:55:17,279][root][INFO] - torch.Size([2592, 17])
[2023-10-24 18:55:17,413][root][INFO] - torch.Size([2592, 17])
[2023-10-24 18:55:17,529][root][INFO] - torch.Size([2592, 17])
[2023-10-24 18:55:17,655][root][INFO] - torch.Size([2592, 17])
[2023-10-24 18:55:17,781][root][INFO] - torch.Size([2592, 17])
[2023-10-24 18:55:17,903][root][INFO] - torch.Size([2592, 17])
[2023-10-24 18:55:17,969][root][INFO] - Step 322560 @ 19951.9 SPS. Inference batcher size: 48. Learner queue size: 17. Other stats: (train_seconds = 35.0, success_rate = 0.0, step = 322560, mean_episode_return = -577.67, mean_episode_step = 539.88, total_loss = -1706.9, entropy_loss = -4.3515, pg_loss = -1712.6, baseline_loss = 10.016, learner_queue_size = 7)
[2023-10-24 18:55:18,033][root][INFO] - torch.Size([2592, 17])
[2023-10-24 18:55:18,149][root][INFO] - torch.Size([2592, 17])
[2023-10-24 18:55:18,302][root][INFO] - torch.Size([2592, 17])
[2023-10-24 18:55:18,413][root][INFO] - torch.Size([2592, 17])
[2023-10-24 18:55:18,535][root][INFO] - torch.Size([2592, 17])
[2023-10-24 18:55:18,675][root][INFO] - torch.Size([2592, 17])
[2023-10-24 18:55:18,793][root][INFO] - torch.Size([2592, 17])
[2023-10-24 18:55:18,935][root][INFO] - torch.Size([2592, 17])
[2023-10-24 18:55:19,072][root][INFO] - torch.Size([2592, 17])
[2023-10-24 18:55:19,202][root][INFO] - torch.Size([2592, 17])
[2023-10-24 18:55:19,329][root][INFO] - torch.Size([2592, 17])
[2023-10-24 18:55:19,465][root][INFO] - torch.Size([2592, 17])
[2023-10-24 18:55:19,566][root][INFO] - torch.Size([2592, 17])
[2023-10-24 18:55:19,705][root][INFO] - torch.Size([2592, 17])
[2023-10-24 18:55:19,830][root][INFO] - torch.Size([2592, 17])
[2023-10-24 18:55:19,966][root][INFO] - torch.Size([2592, 17])
[2023-10-24 18:55:20,075][root][INFO] - torch.Size([2592, 17])
[2023-10-24 18:55:20,209][root][INFO] - torch.Size([2592, 17])
[2023-10-24 18:55:20,356][root][INFO] - torch.Size([2592, 17])
[2023-10-24 18:55:20,456][root][INFO] - torch.Size([2592, 17])
[2023-10-24 18:55:20,592][root][INFO] - torch.Size([2592, 17])
[2023-10-24 18:55:20,725][root][INFO] - torch.Size([2592, 17])
[2023-10-24 18:55:20,840][root][INFO] - torch.Size([2592, 17])
[2023-10-24 18:55:20,963][root][INFO] - torch.Size([2592, 17])
[2023-10-24 18:55:21,088][root][INFO] - torch.Size([2592, 17])
[2023-10-24 18:55:21,233][root][INFO] - torch.Size([2592, 17])
[2023-10-24 18:55:21,352][root][INFO] - torch.Size([2592, 17])
[2023-10-24 18:55:21,492][root][INFO] - torch.Size([2592, 17])
[2023-10-24 18:55:21,618][root][INFO] - torch.Size([2592, 17])
[2023-10-24 18:55:21,720][root][INFO] - torch.Size([2592, 17])
[2023-10-24 18:55:21,826][root][INFO] - torch.Size([2592, 17])
[2023-10-24 18:55:21,963][root][INFO] - torch.Size([2592, 17])
[2023-10-24 18:55:22,098][root][INFO] - torch.Size([2592, 17])
[2023-10-24 18:55:22,217][root][INFO] - torch.Size([2592, 17])
[2023-10-24 18:55:22,342][root][INFO] - torch.Size([2592, 17])
[2023-10-24 18:55:22,466][root][INFO] - torch.Size([2592, 17])
[2023-10-24 18:55:22,593][root][INFO] - torch.Size([2592, 17])
[2023-10-24 18:55:22,712][root][INFO] - torch.Size([2592, 17])
[2023-10-24 18:55:22,847][root][INFO] - torch.Size([2592, 17])
[2023-10-24 18:55:22,973][root][INFO] - Step 422400 @ 19952.4 SPS. Inference batcher size: 33. Learner queue size: 31. Other stats: (train_seconds = 40.0, success_rate = 0.0, step = 422400, mean_episode_return = -499.41, mean_episode_step = 528.0, total_loss = -1440.9, entropy_loss = -4.3423, pg_loss = -1444.9, baseline_loss = 8.3042, learner_queue_size = 12)
[2023-10-24 18:55:22,980][root][INFO] - torch.Size([2592, 17])
[2023-10-24 18:55:23,091][root][INFO] - torch.Size([2592, 17])
[2023-10-24 18:55:23,233][root][INFO] - torch.Size([2592, 17])
[2023-10-24 18:55:23,367][root][INFO] - torch.Size([2592, 17])
[2023-10-24 18:55:23,503][root][INFO] - torch.Size([2592, 17])
[2023-10-24 18:55:23,629][root][INFO] - torch.Size([2592, 17])
[2023-10-24 18:55:23,730][root][INFO] - torch.Size([2592, 17])
[2023-10-24 18:55:23,868][root][INFO] - torch.Size([2592, 17])
[2023-10-24 18:55:24,001][root][INFO] - torch.Size([2592, 17])
[2023-10-24 18:55:24,128][root][INFO] - torch.Size([2592, 17])
[2023-10-24 18:55:24,246][root][INFO] - torch.Size([2592, 17])
[2023-10-24 18:55:24,386][root][INFO] - torch.Size([2592, 17])
[2023-10-24 18:55:24,507][root][INFO] - torch.Size([2592, 17])
[2023-10-24 18:55:24,623][root][INFO] - torch.Size([2592, 17])
[2023-10-24 18:55:24,741][root][INFO] - torch.Size([2592, 17])
[2023-10-24 18:55:24,898][root][INFO] - torch.Size([2592, 17])
[2023-10-24 18:55:25,003][root][INFO] - torch.Size([2592, 17])
[2023-10-24 18:55:25,127][root][INFO] - torch.Size([2592, 17])
[2023-10-24 18:55:25,243][root][INFO] - torch.Size([2592, 17])
[2023-10-24 18:55:25,388][root][INFO] - torch.Size([2592, 17])
[2023-10-24 18:55:25,511][root][INFO] - torch.Size([2592, 17])
[2023-10-24 18:55:25,634][root][INFO] - torch.Size([2592, 17])
[2023-10-24 18:55:25,753][root][INFO] - torch.Size([2592, 17])
[2023-10-24 18:55:25,910][root][INFO] - torch.Size([2592, 17])
[2023-10-24 18:55:26,012][root][INFO] - torch.Size([2592, 17])
[2023-10-24 18:55:26,133][root][INFO] - torch.Size([2592, 17])
[2023-10-24 18:55:26,266][root][INFO] - torch.Size([2592, 17])
[2023-10-24 18:55:26,396][root][INFO] - torch.Size([2592, 17])
[2023-10-24 18:55:26,506][root][INFO] - torch.Size([2592, 17])
[2023-10-24 18:55:26,620][root][INFO] - torch.Size([2592, 17])
[2023-10-24 18:55:26,738][root][INFO] - torch.Size([2592, 17])
[2023-10-24 18:55:26,898][root][INFO] - torch.Size([2592, 17])
[2023-10-24 18:55:27,007][root][INFO] - torch.Size([2592, 17])
[2023-10-24 18:55:27,131][root][INFO] - torch.Size([2592, 17])
[2023-10-24 18:55:27,240][root][INFO] - torch.Size([2592, 17])
[2023-10-24 18:55:27,377][root][INFO] - torch.Size([2592, 17])
[2023-10-24 18:55:27,499][root][INFO] - torch.Size([2592, 17])
[2023-10-24 18:55:27,620][root][INFO] - torch.Size([2592, 17])
[2023-10-24 18:55:27,752][root][INFO] - torch.Size([2592, 17])
[2023-10-24 18:55:27,900][root][INFO] - torch.Size([2592, 17])
[2023-10-24 18:55:27,978][root][INFO] - Step 524800 @ 20459.3 SPS. Inference batcher size: 84. Learner queue size: 23. Other stats: (train_seconds = 45.0, success_rate = 0.0, step = 524800, mean_episode_return = -607.5, mean_episode_step = 414.88, total_loss = -639.91, entropy_loss = -4.358, pg_loss = -643.14, baseline_loss = 7.5807, learner_queue_size = 9)
[2023-10-24 18:55:28,011][root][INFO] - torch.Size([2592, 17])
[2023-10-24 18:55:28,133][root][INFO] - torch.Size([2592, 17])
[2023-10-24 18:55:28,267][root][INFO] - torch.Size([2592, 17])
[2023-10-24 18:55:28,356][root][INFO] - torch.Size([2592, 17])
[2023-10-24 18:55:28,512][root][INFO] - torch.Size([2592, 17])
[2023-10-24 18:55:28,659][root][INFO] - torch.Size([2592, 17])
[2023-10-24 18:55:28,766][root][INFO] - torch.Size([2592, 17])
[2023-10-24 18:55:28,869][root][INFO] - torch.Size([2592, 17])
[2023-10-24 18:55:29,018][root][INFO] - torch.Size([2592, 17])
[2023-10-24 18:55:29,158][root][INFO] - torch.Size([2592, 17])
[2023-10-24 18:55:29,278][root][INFO] - torch.Size([2592, 17])
[2023-10-24 18:55:29,395][root][INFO] - torch.Size([2592, 17])
[2023-10-24 18:55:29,524][root][INFO] - torch.Size([2592, 17])
[2023-10-24 18:55:29,644][root][INFO] - torch.Size([2592, 17])
[2023-10-24 18:55:29,800][root][INFO] - torch.Size([2592, 17])
[2023-10-24 18:55:29,919][root][INFO] - torch.Size([2592, 17])
[2023-10-24 18:55:30,023][root][INFO] - torch.Size([2592, 17])
[2023-10-24 18:55:30,171][root][INFO] - torch.Size([2592, 17])
[2023-10-24 18:55:30,278][root][INFO] - torch.Size([2592, 17])
[2023-10-24 18:55:30,393][root][INFO] - torch.Size([2592, 17])
[2023-10-24 18:55:30,523][root][INFO] - torch.Size([2592, 17])
[2023-10-24 18:55:30,636][root][INFO] - torch.Size([2592, 17])
[2023-10-24 18:55:30,770][root][INFO] - torch.Size([2592, 17])
[2023-10-24 18:55:30,887][root][INFO] - torch.Size([2592, 17])
[2023-10-24 18:55:31,026][root][INFO] - torch.Size([2592, 17])
[2023-10-24 18:55:31,135][root][INFO] - torch.Size([2592, 17])
[2023-10-24 18:55:31,291][root][INFO] - torch.Size([2592, 17])
[2023-10-24 18:55:31,391][root][INFO] - torch.Size([2592, 17])
[2023-10-24 18:55:31,541][root][INFO] - torch.Size([2592, 17])
[2023-10-24 18:55:31,658][root][INFO] - torch.Size([2592, 17])
[2023-10-24 18:55:31,756][root][INFO] - torch.Size([2592, 17])
[2023-10-24 18:55:31,889][root][INFO] - torch.Size([2592, 17])
[2023-10-24 18:55:32,008][root][INFO] - torch.Size([2592, 17])
[2023-10-24 18:55:32,119][root][INFO] - torch.Size([2592, 17])
[2023-10-24 18:55:32,267][root][INFO] - torch.Size([2592, 17])
[2023-10-24 18:55:32,379][root][INFO] - torch.Size([2592, 17])
[2023-10-24 18:55:32,504][root][INFO] - torch.Size([2592, 17])
[2023-10-24 18:55:32,616][root][INFO] - torch.Size([2592, 17])
[2023-10-24 18:55:32,753][root][INFO] - torch.Size([2592, 17])
[2023-10-24 18:55:32,865][root][INFO] - torch.Size([2592, 17])
[2023-10-24 18:55:32,983][root][INFO] - Step 627200 @ 20459.7 SPS. Inference batcher size: 93. Learner queue size: 29. Other stats: (train_seconds = 50.0, success_rate = 0.0, step = 627200, mean_episode_return = -662.65, mean_episode_step = 465.5, total_loss = -2242.8, entropy_loss = -4.3502, pg_loss = -2244.4, baseline_loss = 5.9978, learner_queue_size = 15)
[2023-10-24 18:55:33,005][root][INFO] - torch.Size([2592, 17])
[2023-10-24 18:55:33,106][root][INFO] - torch.Size([2592, 17])
[2023-10-24 18:55:33,271][root][INFO] - torch.Size([2592, 17])
[2023-10-24 18:55:33,370][root][INFO] - torch.Size([2592, 17])
[2023-10-24 18:55:33,507][root][INFO] - torch.Size([2592, 17])
[2023-10-24 18:55:33,665][root][INFO] - torch.Size([2592, 17])
[2023-10-24 18:55:33,786][root][INFO] - torch.Size([2592, 17])
[2023-10-24 18:55:33,901][root][INFO] - torch.Size([2592, 17])
[2023-10-24 18:55:34,043][root][INFO] - torch.Size([2592, 17])
[2023-10-24 18:55:34,155][root][INFO] - torch.Size([2592, 17])
[2023-10-24 18:55:34,295][root][INFO] - torch.Size([2592, 17])
[2023-10-24 18:55:34,402][root][INFO] - torch.Size([2592, 17])
[2023-10-24 18:55:34,519][root][INFO] - torch.Size([2592, 17])
[2023-10-24 18:55:34,630][root][INFO] - torch.Size([2592, 17])
[2023-10-24 18:55:34,754][root][INFO] - torch.Size([2592, 17])
[2023-10-24 18:55:34,897][root][INFO] - torch.Size([2592, 17])
[2023-10-24 18:55:35,009][root][INFO] - torch.Size([2592, 17])
[2023-10-24 18:55:35,143][root][INFO] - torch.Size([2592, 17])
[2023-10-24 18:55:35,285][root][INFO] - torch.Size([2592, 17])
[2023-10-24 18:55:35,378][root][INFO] - torch.Size([2592, 17])
[2023-10-24 18:55:35,513][root][INFO] - torch.Size([2592, 17])
[2023-10-24 18:55:35,601][root][INFO] - torch.Size([2592, 17])
[2023-10-24 18:55:35,737][root][INFO] - torch.Size([2592, 17])
[2023-10-24 18:55:35,883][root][INFO] - torch.Size([2592, 17])
[2023-10-24 18:55:35,998][root][INFO] - torch.Size([2592, 17])
[2023-10-24 18:55:36,122][root][INFO] - torch.Size([2592, 17])
[2023-10-24 18:55:36,246][root][INFO] - torch.Size([2592, 17])
[2023-10-24 18:55:36,361][root][INFO] - torch.Size([2592, 17])
[2023-10-24 18:55:36,479][root][INFO] - torch.Size([2592, 17])
[2023-10-24 18:55:36,588][root][INFO] - torch.Size([2592, 17])
[2023-10-24 18:55:36,726][root][INFO] - torch.Size([2592, 17])
[2023-10-24 18:55:36,832][root][INFO] - torch.Size([2592, 17])
[2023-10-24 18:55:36,946][root][INFO] - torch.Size([2592, 17])
[2023-10-24 18:55:37,063][root][INFO] - torch.Size([2592, 17])
[2023-10-24 18:55:37,221][root][INFO] - torch.Size([2592, 17])
[2023-10-24 18:55:37,311][root][INFO] - torch.Size([2592, 17])
[2023-10-24 18:55:37,442][root][INFO] - torch.Size([2592, 17])
[2023-10-24 18:55:37,545][root][INFO] - torch.Size([2592, 17])
[2023-10-24 18:55:37,661][root][INFO] - torch.Size([2592, 17])
[2023-10-24 18:55:37,812][root][INFO] - torch.Size([2592, 17])
[2023-10-24 18:55:37,907][root][INFO] - torch.Size([2592, 17])
[2023-10-24 18:55:37,985][root][INFO] - Step 732160 @ 20983.6 SPS. Inference batcher size: 34. Learner queue size: 22. Other stats: (train_seconds = 55.0, success_rate = 0.0, step = 732160, mean_episode_return = -556.0, mean_episode_step = 564.88, total_loss = -2058.0, entropy_loss = -4.3481, pg_loss = -2059.3, baseline_loss = 5.5899, learner_queue_size = 12)
[2023-10-24 18:55:38,028][root][INFO] - torch.Size([2592, 17])
[2023-10-24 18:55:38,126][root][INFO] - torch.Size([2592, 17])
[2023-10-24 18:55:38,253][root][INFO] - torch.Size([2592, 17])
[2023-10-24 18:55:38,392][root][INFO] - torch.Size([2592, 17])
[2023-10-24 18:55:38,495][root][INFO] - torch.Size([2592, 17])
[2023-10-24 18:55:38,633][root][INFO] - torch.Size([2592, 17])
[2023-10-24 18:55:38,728][root][INFO] - torch.Size([2592, 17])
[2023-10-24 18:55:38,848][root][INFO] - torch.Size([2592, 17])
[2023-10-24 18:55:38,965][root][INFO] - torch.Size([2592, 17])
[2023-10-24 18:55:39,107][root][INFO] - torch.Size([2592, 17])
[2023-10-24 18:55:39,220][root][INFO] - torch.Size([2592, 17])
[2023-10-24 18:55:39,344][root][INFO] - torch.Size([2592, 17])
[2023-10-24 18:55:39,458][root][INFO] - torch.Size([2592, 17])
[2023-10-24 18:55:39,565][root][INFO] - torch.Size([2592, 17])
[2023-10-24 18:55:39,721][root][INFO] - torch.Size([2592, 17])
[2023-10-24 18:55:39,814][root][INFO] - torch.Size([2592, 17])
[2023-10-24 18:55:39,956][root][INFO] - torch.Size([2592, 17])
[2023-10-24 18:55:40,101][root][INFO] - torch.Size([2592, 17])
[2023-10-24 18:55:40,275][root][INFO] - torch.Size([2592, 17])
[2023-10-24 18:55:40,468][root][INFO] - torch.Size([2592, 17])
[2023-10-24 18:55:40,612][root][INFO] - torch.Size([2592, 17])
[2023-10-24 18:55:40,754][root][INFO] - torch.Size([2592, 17])
[2023-10-24 18:55:40,864][root][INFO] - torch.Size([2592, 17])
[2023-10-24 18:55:41,046][root][INFO] - torch.Size([2592, 17])
[2023-10-24 18:55:41,210][root][INFO] - torch.Size([2592, 17])
[2023-10-24 18:55:41,430][root][INFO] - torch.Size([2592, 17])
[2023-10-24 18:55:41,536][root][INFO] - torch.Size([2592, 17])
[2023-10-24 18:55:41,685][root][INFO] - torch.Size([2592, 17])
[2023-10-24 18:55:41,786][root][INFO] - torch.Size([2592, 17])
[2023-10-24 18:55:41,961][root][INFO] - torch.Size([2592, 17])
[2023-10-24 18:55:42,099][root][INFO] - torch.Size([2592, 17])
[2023-10-24 18:55:42,258][root][INFO] - torch.Size([2592, 17])
[2023-10-24 18:55:42,352][root][INFO] - torch.Size([2592, 17])
[2023-10-24 18:55:42,455][root][INFO] - torch.Size([2592, 17])
[2023-10-24 18:55:42,566][root][INFO] - torch.Size([2592, 17])
[2023-10-24 18:55:42,673][root][INFO] - torch.Size([2592, 17])
[2023-10-24 18:55:42,825][root][INFO] - torch.Size([2592, 17])
[2023-10-24 18:55:42,930][root][INFO] - torch.Size([2592, 17])
[2023-10-24 18:55:42,989][root][INFO] - Step 826880 @ 18928.7 SPS. Inference batcher size: 46. Learner queue size: 16. Other stats: (train_seconds = 60.1, success_rate = 0.0, step = 826880, mean_episode_return = -558.48, mean_episode_step = 468.62, total_loss = -1239.1, entropy_loss = -4.3515, pg_loss = -1239.6, baseline_loss = 4.8397, learner_queue_size = 11)
[2023-10-24 18:55:43,058][root][INFO] - torch.Size([2592, 17])
[2023-10-24 18:55:43,158][root][INFO] - torch.Size([2592, 17])
[2023-10-24 18:55:43,294][root][INFO] - torch.Size([2592, 17])
[2023-10-24 18:55:43,399][root][INFO] - torch.Size([2592, 17])
[2023-10-24 18:55:43,548][root][INFO] - torch.Size([2592, 17])
[2023-10-24 18:55:43,676][root][INFO] - torch.Size([2592, 17])
[2023-10-24 18:55:43,786][root][INFO] - torch.Size([2592, 17])
[2023-10-24 18:55:43,867][root][INFO] - torch.Size([2592, 17])
[2023-10-24 18:55:44,005][root][INFO] - torch.Size([2592, 17])
[2023-10-24 18:55:44,127][root][INFO] - torch.Size([2592, 17])
[2023-10-24 18:55:44,232][root][INFO] - torch.Size([2592, 17])
[2023-10-24 18:55:44,366][root][INFO] - torch.Size([2592, 17])
[2023-10-24 18:55:44,487][root][INFO] - torch.Size([2592, 17])
[2023-10-24 18:55:44,574][root][INFO] - torch.Size([2592, 17])
[2023-10-24 18:55:44,724][root][INFO] - torch.Size([2592, 17])
[2023-10-24 18:55:44,852][root][INFO] - torch.Size([2592, 17])
[2023-10-24 18:55:45,002][root][INFO] - torch.Size([2592, 17])
[2023-10-24 18:55:45,131][root][INFO] - torch.Size([2592, 17])
[2023-10-24 18:55:45,265][root][INFO] - torch.Size([2592, 17])
[2023-10-24 18:55:45,360][root][INFO] - torch.Size([2592, 17])
[2023-10-24 18:55:45,500][root][INFO] - torch.Size([2592, 17])
[2023-10-24 18:55:45,620][root][INFO] - torch.Size([2592, 17])
[2023-10-24 18:55:45,752][root][INFO] - torch.Size([2592, 17])
[2023-10-24 18:55:45,865][root][INFO] - torch.Size([2592, 17])
[2023-10-24 18:55:45,983][root][INFO] - torch.Size([2592, 17])
[2023-10-24 18:55:46,070][root][INFO] - torch.Size([2592, 17])
[2023-10-24 18:55:46,206][root][INFO] - torch.Size([2592, 17])
[2023-10-24 18:55:46,324][root][INFO] - torch.Size([2592, 17])
[2023-10-24 18:55:46,453][root][INFO] - torch.Size([2592, 17])
[2023-10-24 18:55:46,573][root][INFO] - torch.Size([2592, 17])
[2023-10-24 18:55:46,702][root][INFO] - torch.Size([2592, 17])
[2023-10-24 18:55:46,784][root][INFO] - torch.Size([2592, 17])
[2023-10-24 18:55:46,913][root][INFO] - torch.Size([2592, 17])
[2023-10-24 18:55:47,037][root][INFO] - torch.Size([2592, 17])
[2023-10-24 18:55:47,151][root][INFO] - torch.Size([2592, 17])
[2023-10-24 18:55:47,300][root][INFO] - torch.Size([2592, 17])
[2023-10-24 18:55:47,409][root][INFO] - torch.Size([2592, 17])
[2023-10-24 18:55:47,502][root][INFO] - torch.Size([2592, 17])
[2023-10-24 18:55:47,623][root][INFO] - torch.Size([2592, 17])
[2023-10-24 18:55:47,745][root][INFO] - torch.Size([2592, 17])
[2023-10-24 18:55:47,856][root][INFO] - torch.Size([2592, 17])
[2023-10-24 18:55:47,993][root][INFO] - Step 934400 @ 21487.0 SPS. Inference batcher size: 91. Learner queue size: 30. Other stats: (train_seconds = 65.1, success_rate = 0.0, step = 934400, mean_episode_return = -554.03, mean_episode_step = 499.88, total_loss = -1765.4, entropy_loss = -4.3498, pg_loss = -1765.8, baseline_loss = 4.8062, learner_queue_size = 7)
[2023-10-24 18:55:48,005][root][INFO] - torch.Size([2592, 17])
[2023-10-24 18:55:48,124][root][INFO] - torch.Size([2592, 17])
[2023-10-24 18:55:48,245][root][INFO] - torch.Size([2592, 17])
[2023-10-24 18:55:48,355][root][INFO] - torch.Size([2592, 17])
[2023-10-24 18:55:48,465][root][INFO] - torch.Size([2592, 17])
[2023-10-24 18:55:48,610][root][INFO] - torch.Size([2592, 17])
[2023-10-24 18:55:48,753][root][INFO] - torch.Size([2592, 17])
[2023-10-24 18:55:48,870][root][INFO] - torch.Size([2592, 17])
[2023-10-24 18:55:48,977][root][INFO] - torch.Size([2592, 17])
[2023-10-24 18:55:49,068][root][INFO] - torch.Size([2592, 17])
[2023-10-24 18:55:49,221][root][INFO] - torch.Size([2592, 17])
[2023-10-24 18:55:49,324][root][INFO] - torch.Size([2592, 17])
[2023-10-24 18:55:49,468][root][INFO] - torch.Size([2592, 17])
[2023-10-24 18:55:49,595][root][INFO] - torch.Size([2592, 17])
[2023-10-24 18:55:49,711][root][INFO] - torch.Size([2592, 17])
[2023-10-24 18:55:49,795][root][INFO] - torch.Size([2592, 17])
[2023-10-24 18:55:49,904][root][INFO] - torch.Size([2592, 17])
[2023-10-24 18:55:50,040][root][INFO] - torch.Size([2592, 17])
[2023-10-24 18:55:50,170][root][INFO] - torch.Size([2592, 17])
[2023-10-24 18:55:50,310][root][INFO] - torch.Size([2592, 17])
[2023-10-24 18:55:50,423][root][INFO] - torch.Size([2592, 17])
[2023-10-24 18:55:50,527][root][INFO] - torch.Size([2592, 17])
[2023-10-24 18:55:50,645][root][INFO] - torch.Size([2592, 17])
[2023-10-24 18:55:50,750][root][INFO] - torch.Size([2592, 17])
[2023-10-24 18:55:50,876][root][INFO] - torch.Size([2592, 17])
[2023-10-24 18:55:51,026][root][INFO] - torch.Size([2592, 17])
[2023-10-24 18:55:51,150][root][INFO] - torch.Size([2592, 17])
[2023-10-24 18:55:51,260][root][INFO] - torch.Size([2592, 17])
[2023-10-24 18:55:51,378][root][INFO] - torch.Size([2592, 17])
[2023-10-24 18:55:51,469][root][INFO] - torch.Size([2592, 17])
[2023-10-24 18:55:51,608][root][INFO] - torch.Size([2592, 17])
[2023-10-24 18:55:51,731][root][INFO] - torch.Size([2592, 17])
[2023-10-24 18:55:51,871][root][INFO] - torch.Size([2592, 17])
[2023-10-24 18:55:51,989][root][INFO] - torch.Size([2592, 17])
[2023-10-24 18:55:52,100][root][INFO] - torch.Size([2592, 17])
[2023-10-24 18:55:52,174][root][INFO] - torch.Size([2592, 17])
[2023-10-24 18:55:52,307][root][INFO] - torch.Size([2592, 17])
[2023-10-24 18:55:52,429][root][INFO] - torch.Size([2592, 17])
[2023-10-24 18:55:52,562][root][INFO] - torch.Size([2592, 17])
[2023-10-24 18:55:52,684][root][INFO] - torch.Size([2592, 17])
[2023-10-24 18:55:52,797][root][INFO] - torch.Size([2592, 17])
[2023-10-24 18:55:52,899][root][INFO] - torch.Size([2592, 17])
[2023-10-24 18:55:52,995][root][INFO] - torch.Size([2592, 17])
[2023-10-24 18:55:52,997][root][INFO] - Step 1041920 @ 21486.3 SPS. Inference batcher size: 43. Learner queue size: 2. Other stats: (train_seconds = 70.1, success_rate = 0.0, step = 1041920, mean_episode_return = -531.5, mean_episode_step = 476.75, total_loss = -1837.6, entropy_loss = -4.3531, pg_loss = -1837.6, baseline_loss = 4.3581, learner_queue_size = 16)
[2023-10-24 18:55:53,154][root][INFO] - torch.Size([2592, 17])
[2023-10-24 18:55:53,268][root][INFO] - torch.Size([2592, 17])
[2023-10-24 18:55:53,423][root][INFO] - torch.Size([2592, 17])
[2023-10-24 18:55:53,551][root][INFO] - torch.Size([2592, 17])
[2023-10-24 18:55:53,654][root][INFO] - torch.Size([2592, 17])
[2023-10-24 18:55:53,756][root][INFO] - torch.Size([2592, 17])
[2023-10-24 18:55:53,875][root][INFO] - torch.Size([2592, 17])
[2023-10-24 18:55:53,993][root][INFO] - torch.Size([2592, 17])
[2023-10-24 18:55:54,136][root][INFO] - torch.Size([2592, 17])
[2023-10-24 18:55:54,266][root][INFO] - torch.Size([2592, 17])
[2023-10-24 18:55:54,398][root][INFO] - torch.Size([2592, 17])
[2023-10-24 18:55:54,503][root][INFO] - torch.Size([2592, 17])
[2023-10-24 18:55:54,602][root][INFO] - torch.Size([2592, 17])
[2023-10-24 18:55:54,709][root][INFO] - torch.Size([2592, 17])
[2023-10-24 18:55:54,840][root][INFO] - torch.Size([2592, 17])
[2023-10-24 18:55:54,954][root][INFO] - torch.Size([2592, 17])
[2023-10-24 18:55:55,090][root][INFO] - torch.Size([2592, 17])
[2023-10-24 18:55:55,237][root][INFO] - torch.Size([2592, 17])
[2023-10-24 18:55:55,342][root][INFO] - torch.Size([2592, 17])
[2023-10-24 18:55:55,423][root][INFO] - torch.Size([2592, 17])
[2023-10-24 18:55:55,536][root][INFO] - torch.Size([2592, 17])
[2023-10-24 18:55:55,657][root][INFO] - torch.Size([2592, 17])
[2023-10-24 18:55:55,782][root][INFO] - torch.Size([2592, 17])
[2023-10-24 18:55:55,892][root][INFO] - torch.Size([2592, 17])
[2023-10-24 18:55:56,027][root][INFO] - torch.Size([2592, 17])
[2023-10-24 18:55:56,126][root][INFO] - torch.Size([2592, 17])
[2023-10-24 18:55:56,210][root][INFO] - torch.Size([2592, 17])
[2023-10-24 18:55:56,329][root][INFO] - torch.Size([2592, 17])
[2023-10-24 18:55:56,455][root][INFO] - torch.Size([2592, 17])
[2023-10-24 18:55:56,581][root][INFO] - torch.Size([2592, 17])
[2023-10-24 18:55:56,693][root][INFO] - torch.Size([2592, 17])
[2023-10-24 18:55:56,841][root][INFO] - torch.Size([2592, 17])
[2023-10-24 18:55:56,929][root][INFO] - torch.Size([2592, 17])
[2023-10-24 18:55:57,031][root][INFO] - torch.Size([2592, 17])
[2023-10-24 18:55:57,135][root][INFO] - torch.Size([2592, 17])
[2023-10-24 18:55:57,275][root][INFO] - torch.Size([2592, 17])
[2023-10-24 18:55:57,368][root][INFO] - torch.Size([2592, 17])
[2023-10-24 18:55:57,481][root][INFO] - torch.Size([2592, 17])
[2023-10-24 18:55:57,666][root][INFO] - torch.Size([2592, 17])
[2023-10-24 18:55:57,745][root][INFO] - torch.Size([2592, 17])
[2023-10-24 18:55:57,830][root][INFO] - torch.Size([2592, 17])
[2023-10-24 18:55:57,923][root][INFO] - torch.Size([2592, 17])
[2023-10-24 18:55:58,001][root][INFO] - Step 1152000 @ 21998.7 SPS. Inference batcher size: 102. Learner queue size: 16. Other stats: (train_seconds = 75.1, success_rate = 0.0, step = 1152000, mean_episode_return = -530.35, mean_episode_step = 556.75, total_loss = -1279.4, entropy_loss = -4.3521, pg_loss = -1279.6, baseline_loss = 4.5612, learner_queue_size = 10)
[2023-10-24 18:55:58,067][root][INFO] - torch.Size([2592, 17])
[2023-10-24 18:55:58,175][root][INFO] - torch.Size([2592, 17])
[2023-10-24 18:55:58,296][root][INFO] - torch.Size([2592, 17])
[2023-10-24 18:55:58,456][root][INFO] - torch.Size([2592, 17])
[2023-10-24 18:55:58,557][root][INFO] - torch.Size([2592, 17])
[2023-10-24 18:55:58,661][root][INFO] - torch.Size([2592, 17])
[2023-10-24 18:55:58,753][root][INFO] - torch.Size([2592, 17])
[2023-10-24 18:55:58,885][root][INFO] - torch.Size([2592, 17])
[2023-10-24 18:55:58,999][root][INFO] - torch.Size([2592, 17])
[2023-10-24 18:55:59,112][root][INFO] - torch.Size([2592, 17])
[2023-10-24 18:55:59,261][root][INFO] - torch.Size([2592, 17])
[2023-10-24 18:55:59,401][root][INFO] - torch.Size([2592, 17])
[2023-10-24 18:55:59,509][root][INFO] - torch.Size([2592, 17])
[2023-10-24 18:55:59,601][root][INFO] - torch.Size([2592, 17])
[2023-10-24 18:55:59,702][root][INFO] - torch.Size([2592, 17])
[2023-10-24 18:55:59,856][root][INFO] - torch.Size([2592, 17])
[2023-10-24 18:55:59,966][root][INFO] - torch.Size([2592, 17])
[2023-10-24 18:56:00,097][root][INFO] - torch.Size([2592, 17])
[2023-10-24 18:56:00,275][root][INFO] - torch.Size([2592, 17])
[2023-10-24 18:56:00,389][root][INFO] - torch.Size([2592, 17])
[2023-10-24 18:56:00,503][root][INFO] - torch.Size([2592, 17])
[2023-10-24 18:56:00,602][root][INFO] - torch.Size([2592, 17])
[2023-10-24 18:56:00,749][root][INFO] - torch.Size([2592, 17])
[2023-10-24 18:56:00,888][root][INFO] - torch.Size([2592, 17])
[2023-10-24 18:56:01,029][root][INFO] - torch.Size([2592, 17])
[2023-10-24 18:56:01,168][root][INFO] - torch.Size([2592, 17])
[2023-10-24 18:56:01,316][root][INFO] - torch.Size([2592, 17])
[2023-10-24 18:56:01,494][root][INFO] - torch.Size([2592, 17])
[2023-10-24 18:56:01,654][root][INFO] - torch.Size([2592, 17])
[2023-10-24 18:56:01,889][root][INFO] - torch.Size([2592, 17])
[2023-10-24 18:56:02,165][root][INFO] - torch.Size([2592, 17])
[2023-10-24 18:56:02,315][root][INFO] - torch.Size([2592, 17])
[2023-10-24 18:56:02,517][root][INFO] - torch.Size([2592, 17])
[2023-10-24 18:56:02,652][root][INFO] - torch.Size([2592, 17])
[2023-10-24 18:56:02,774][root][INFO] - torch.Size([2592, 17])
[2023-10-24 18:56:02,874][root][INFO] - torch.Size([2592, 17])
[2023-10-24 18:56:02,952][root][INFO] - torch.Size([2592, 17])
[2023-10-24 18:56:03,005][root][INFO] - Step 1246720 @ 18928.6 SPS. Inference batcher size: 136. Learner queue size: 17. Other stats: (train_seconds = 80.1, success_rate = 0.0, step = 1246720, mean_episode_return = -574.09, mean_episode_step = 464.88, total_loss = -1333.3, entropy_loss = -4.3482, pg_loss = -1332.9, baseline_loss = 3.9476, learner_queue_size = 9)
[2023-10-24 18:56:03,085][root][INFO] - torch.Size([2592, 17])
[2023-10-24 18:56:03,209][root][INFO] - torch.Size([2592, 17])
[2023-10-24 18:56:03,319][root][INFO] - torch.Size([2592, 17])
[2023-10-24 18:56:03,449][root][INFO] - torch.Size([2592, 17])
[2023-10-24 18:56:03,592][root][INFO] - torch.Size([2592, 17])
[2023-10-24 18:56:03,712][root][INFO] - torch.Size([2592, 17])
[2023-10-24 18:56:03,811][root][INFO] - torch.Size([2592, 17])
[2023-10-24 18:56:03,899][root][INFO] - torch.Size([2592, 17])
[2023-10-24 18:56:04,028][root][INFO] - torch.Size([2592, 17])
[2023-10-24 18:56:04,141][root][INFO] - torch.Size([2592, 17])
[2023-10-24 18:56:04,272][root][INFO] - torch.Size([2592, 17])
[2023-10-24 18:56:04,402][root][INFO] - torch.Size([2592, 17])
[2023-10-24 18:56:04,537][root][INFO] - torch.Size([2592, 17])
[2023-10-24 18:56:04,661][root][INFO] - torch.Size([2592, 17])
[2023-10-24 18:56:04,742][root][INFO] - torch.Size([2592, 17])
[2023-10-24 18:56:04,815][root][INFO] - torch.Size([2592, 17])
[2023-10-24 18:56:04,958][root][INFO] - torch.Size([2592, 17])
[2023-10-24 18:56:05,052][root][INFO] - torch.Size([2592, 17])
[2023-10-24 18:56:05,165][root][INFO] - torch.Size([2592, 17])
[2023-10-24 18:56:05,296][root][INFO] - torch.Size([2592, 17])
[2023-10-24 18:56:05,398][root][INFO] - torch.Size([2592, 17])
[2023-10-24 18:56:05,531][root][INFO] - torch.Size([2592, 17])
[2023-10-24 18:56:05,605][root][INFO] - torch.Size([2592, 17])
[2023-10-24 18:56:05,698][root][INFO] - torch.Size([2592, 17])
[2023-10-24 18:56:05,817][root][INFO] - torch.Size([2592, 17])
[2023-10-24 18:56:05,922][root][INFO] - torch.Size([2592, 17])
[2023-10-24 18:56:06,030][root][INFO] - torch.Size([2592, 17])
[2023-10-24 18:56:06,153][root][INFO] - torch.Size([2592, 17])
[2023-10-24 18:56:06,251][root][INFO] - torch.Size([2592, 17])
[2023-10-24 18:56:06,367][root][INFO] - torch.Size([2592, 17])
[2023-10-24 18:56:06,439][root][INFO] - torch.Size([2592, 17])
[2023-10-24 18:56:06,547][root][INFO] - torch.Size([2592, 17])
[2023-10-24 18:56:06,665][root][INFO] - torch.Size([2592, 17])
[2023-10-24 18:56:06,759][root][INFO] - torch.Size([2592, 17])
[2023-10-24 18:56:06,913][root][INFO] - torch.Size([2592, 17])
