[2023-10-22 11:53:21,739][root][INFO] - name: null
wandb: false
project: skillhack
entity: your_entity_name
group: default
state_dict_path: none
foc_options_path: none
foc_options_config_path: none
teacher_path: none
teacher_config_path: none
ks_max_lambda: 10
ks_max_time: 20000000.0
ks_min_lambda_prop: 0.1
train_with_all_skills: false
penalty_per_step: 0.01
hks_max_uniform_weight: 1000
hks_min_uniform_prop: 0.05
hks_max_uniform_time: 20000000.0
tasks_json: tasks
mock: false
single_ttyrec: true
num_seeds: 0
write_profiler_trace: false
relative_reward: false
fn_penalty_step: constant
penalty_time: 0.0
penalty_step: -0.001
reward_lose: 0
reward_win: 1
character: null
save_tty: false
mode: train
env: HalfCheetahv4
obs_keys: glyphs,chars,colors,specials,blstats,message
num_actors: 256
total_steps: 10000000.0
batch_size: 32
unroll_length: 80
num_learner_threads: 1
num_inference_threads: 1
disable_cuda: false
learner_device: cuda:0
actor_device: cuda:0
max_learner_queue_size: null
model: HalfCheetah
use_lstm: false
hidden_dim: 256
embedding_dim: 64
glyph_type: all_cat
equalize_input_dim: false
equalize_factor: 2
layers: 5
crop_model: cnn
crop_dim: 9
use_index_select: true
entropy_cost: 0.001
baseline_cost: 0.5
discounting: 0.999
reward_clipping: none
normalize_reward: true
learning_rate: 0.0002
grad_norm_clipping: 40
alpha: 0.99
momentum: 0
epsilon: 1.0e-06
state_counter: none
no_extrinsic: false
int:
  twoheaded: true
  input: full
  intrinsic_weight: 0.1
  discounting: 0.99
  baseline_cost: 0.5
  episodic: true
  reward_clipping: none
  normalize_reward: true
ride:
  count_norm: true
  forward_cost: 1
  inverse_cost: 0.1
  hidden_dim: 128
rnd:
  forward_cost: 0.01
msg:
  model: none
  hidden_dim: 64
  embedding_dim: 32

[2023-10-22 11:53:21,755][root][INFO] - Symlinked log directory: /opt/project/latest
[2023-10-22 11:53:21,756][root][INFO] - Creating archive directory: /opt/project/outputs/2023-10-22/11-53-21/archives
[2023-10-22 11:53:21,760][root][INFO] - Logging results to /opt/project/outputs/2023-10-22/11-53-21
[2023-10-22 11:53:21,800][palaas/out][INFO] - Found log directory: /opt/project/outputs/2023-10-22/11-53-21
[2023-10-22 11:53:21,800][palaas/out][INFO] - Saving arguments to /opt/project/outputs/2023-10-22/11-53-21/meta.json
[2023-10-22 11:53:21,800][palaas/out][INFO] - Saving messages to /opt/project/outputs/2023-10-22/11-53-21/out.log
[2023-10-22 11:53:21,801][palaas/out][INFO] - Saving logs data to /opt/project/outputs/2023-10-22/11-53-21/logs.csv
[2023-10-22 11:53:21,801][palaas/out][INFO] - Saving logs' fields to /opt/project/outputs/2023-10-22/11-53-21/fields.csv
[2023-10-22 11:53:21,801][root][INFO] - Not using CUDA.
[2023-10-22 11:53:21,807][root][INFO] - Using model HalfCheetah
[2023-10-22 11:53:22,319][root][INFO] - Number of model parameters: 11085
[2023-10-22 11:53:22,324][root][INFO] - ()
[2023-10-22 11:53:22,324][root][INFO] - After actor pool
[2023-10-22 11:53:22,602][root][INFO] - <All keys matched successfully>
[2023-10-22 11:53:22,603][root][INFO] - The model states is ()
[2023-10-22 11:53:27,608][root][INFO] - Step 0 @ 0.0 SPS. Inference batcher size: 0. Learner queue size: 0. Other stats: (train_seconds = 5.0)
[2023-10-22 11:53:32,612][root][INFO] - Step 0 @ 0.0 SPS. Inference batcher size: 1. Learner queue size: 2. Other stats: (train_seconds = 10.0)
[2023-10-22 11:53:35,206][root][INFO] - tensor([[[ 9.0766e-02, -9.8846e-02, -8.6669e-03,  ...,  1.6071e-01,
          -1.6552e-01,  7.5744e-02],
         [-2.5563e-02, -3.8044e-01, -3.6907e-01,  ...,  7.5646e+00,
           9.2550e+00,  4.0192e+00],
         [-9.7935e-02,  1.0361e+00,  3.9659e-01,  ...,  8.9499e+00,
          -9.6963e+00,  5.4435e+00],
         ...,
         [-5.0747e-01,  3.2757e+00,  1.3589e-01,  ..., -1.4803e+01,
          -1.0472e+01,  5.8030e+00],
         [-3.9790e-01,  3.6787e+00,  5.7253e-02,  ..., -4.6177e+00,
           2.9870e+00,  8.8110e+00],
         [-4.9290e-02,  3.0235e-02, -6.8864e-02,  ..., -2.0330e-01,
           2.2538e-02, -7.5710e-02]],

        [[ 8.6472e-02, -6.7908e-02,  2.1847e-01,  ..., -4.5110e+00,
          -7.1954e+00,  8.1368e+00],
         [ 9.5449e-02, -3.1993e-01, -1.5938e-01,  ..., -1.5905e+01,
           1.7644e+01,  6.7101e-01],
         [-8.6312e-02,  9.7967e-01,  2.2574e-01,  ...,  7.3479e+00,
          -1.2194e+01, -6.3169e+00],
         ...,
         [-5.0187e-01,  3.2050e+00,  5.0955e-01,  ...,  1.1510e+01,
           9.0994e+00,  4.1391e+00],
         [-4.1635e-01,  3.6040e+00,  7.4723e-04,  ..., -4.7708e+00,
           2.2142e+00, -1.2994e+00],
         [-5.6005e-02,  1.2891e-02,  1.9337e-01,  ..., -2.6792e+00,
          -3.8753e+00,  9.6097e+00]],

        [[ 3.6743e-02, -4.4615e-02,  2.8736e-02,  ...,  3.5002e-02,
          -3.4030e+00, -1.3595e+00],
         [ 1.6096e-01, -3.0251e-01,  1.1601e-01,  ..., -2.9540e+00,
          -1.0357e+01,  1.2540e+01],
         [-8.1111e-03,  1.0507e+00, -1.8781e-01,  ..., -1.2638e+01,
           1.8228e+01,  4.0556e+00],
         ...,
         [-4.6059e-01,  3.2198e+00,  5.1301e-01,  ...,  1.2291e+01,
           8.3015e+00, -5.8078e+00],
         [-4.4772e-01,  3.5702e+00,  1.3705e-01,  ..., -3.6422e+00,
          -6.6359e+00, -6.1732e+00],
         [-8.7028e-02,  7.6578e-02,  4.7630e-02,  ..., -8.8400e-01,
          -9.1741e+00, -4.9071e+00]],

        ...,

        [[-1.3207e-01, -3.2944e-01, -4.9375e-01,  ...,  8.1223e-01,
          -1.1241e+01,  1.9144e+00],
         [-4.9511e-02,  1.1548e+00, -5.3742e-01,  ..., -9.2383e+00,
           1.2720e+01,  1.2570e+01],
         [-5.3674e-01,  3.3840e+00, -2.3833e-01,  ..., -8.0982e+00,
           3.9087e+00,  3.0754e-02],
         ...,
         [-4.4451e-01,  3.2447e+00, -2.6167e-01,  ...,  4.8342e+00,
           5.7247e+00, -5.2953e+00],
         [-2.6941e-01,  2.9688e+00,  4.4115e-01,  ..., -6.3656e-01,
           7.3886e+00, -9.3565e-01],
         [-1.2068e-02,  2.0116e-01, -2.2915e-01,  ..., -1.9757e+00,
          -7.7502e+00, -1.0440e+01]],

        [[-1.0178e-01, -3.5430e-01, -3.7190e-01,  ...,  9.5863e+00,
           1.1677e+00, -1.0645e+01],
         [-8.3796e-02,  1.1762e+00, -6.7516e-02,  ..., -4.8676e+00,
           7.7115e+00, -1.8475e-01],
         [-5.4586e-01,  3.3421e+00, -2.8532e-01,  ...,  1.7082e+01,
          -5.4159e+00,  1.0158e+01],
         ...,
         [-4.3616e-01,  3.1289e+00, -1.3872e-04,  ..., -3.1609e-01,
          -5.0112e-01, -2.4112e+00],
         [-3.0669e-01,  2.9133e+00,  1.5608e-01,  ..., -1.7724e+01,
           8.2389e+00, -1.3536e+01],
         [ 2.6709e-02,  2.9922e-01, -4.9698e-01,  ..., -9.9484e+00,
           6.2521e+00, -8.4150e+00]],

        [[-2.5563e-02, -3.8044e-01, -3.6907e-01,  ...,  7.5646e+00,
           9.2550e+00,  4.0192e+00],
         [-9.7935e-02,  1.0361e+00,  3.9659e-01,  ...,  8.9499e+00,
          -9.6963e+00,  5.4435e+00],
         [-5.3075e-01,  3.2216e+00, -2.4521e-01,  ...,  1.5537e+01,
           6.7617e+00, -1.9589e+00],
         ...,
         [-4.5777e-01,  3.1520e+00,  1.1811e-02,  ..., -3.2543e+00,
          -1.7787e+01, -1.4968e+00],
         [-2.8512e-01,  2.9253e+00, -5.0725e-01,  ...,  1.1053e+00,
          -1.0776e+01, -2.6774e-01],
         [ 3.8897e-02,  3.3076e-01, -2.5772e-01,  ..., -3.8243e+00,
           3.3094e+00, -1.8314e+00]]])
[2023-10-22 11:53:37,616][root][INFO] - Step 0 @ 0.0 SPS. Inference batcher size: 0. Learner queue size: 32. Other stats: (train_seconds = 15.0)
[2023-10-22 11:53:42,620][root][INFO] - Step 0 @ 0.0 SPS. Inference batcher size: 0. Learner queue size: 32. Other stats: (train_seconds = 20.0)
[2023-10-22 11:53:47,624][root][INFO] - Step 0 @ 0.0 SPS. Inference batcher size: 0. Learner queue size: 32. Other stats: (train_seconds = 25.0)
