[2023-10-15 09:23:45,262][root][INFO] - name: null
wandb: false
project: skillhack
entity: your_entity_name
group: default
state_dict_path: none
foc_options_path: none
foc_options_config_path: none
teacher_path: none
teacher_config_path: none
ks_max_lambda: 10
ks_max_time: 20000000.0
ks_min_lambda_prop: 0.1
train_with_all_skills: false
penalty_per_step: 0.01
hks_max_uniform_weight: 1000
hks_min_uniform_prop: 0.05
hks_max_uniform_time: 20000000.0
tasks_json: tasks
mock: false
single_ttyrec: true
num_seeds: 0
write_profiler_trace: false
relative_reward: false
fn_penalty_step: constant
penalty_time: 0.0
penalty_step: -0.001
reward_lose: 0
reward_win: 1
character: null
save_tty: false
mode: train
env: HalfCheetahv4
obs_keys: glyphs,chars,colors,specials,blstats,message
num_actors: 256
total_steps: 10000000.0
batch_size: 32
unroll_length: 80
num_learner_threads: 1
num_inference_threads: 1
disable_cuda: false
learner_device: cuda:0
actor_device: cuda:0
max_learner_queue_size: null
model: HalfCheetah
use_lstm: false
hidden_dim: 256
embedding_dim: 64
glyph_type: all_cat
equalize_input_dim: false
equalize_factor: 2
layers: 5
crop_model: cnn
crop_dim: 9
use_index_select: true
entropy_cost: 0.001
baseline_cost: 0.5
discounting: 0.999
reward_clipping: none
normalize_reward: true
learning_rate: 0.0002
grad_norm_clipping: 40
alpha: 0.99
momentum: 0
epsilon: 1.0e-06
state_counter: none
no_extrinsic: false
int:
  twoheaded: true
  input: full
  intrinsic_weight: 0.1
  discounting: 0.99
  baseline_cost: 0.5
  episodic: true
  reward_clipping: none
  normalize_reward: true
ride:
  count_norm: true
  forward_cost: 1
  inverse_cost: 0.1
  hidden_dim: 128
rnd:
  forward_cost: 0.01
msg:
  model: none
  hidden_dim: 64
  embedding_dim: 32

[2023-10-15 09:23:45,279][root][INFO] - Symlinked log directory: /opt/project/latest
[2023-10-15 09:23:45,280][root][INFO] - Creating archive directory: /opt/project/outputs/2023-10-15/09-23-45/archives
[2023-10-15 09:23:45,284][root][INFO] - Logging results to /opt/project/outputs/2023-10-15/09-23-45
[2023-10-15 09:23:45,322][palaas/out][INFO] - Found log directory: /opt/project/outputs/2023-10-15/09-23-45
[2023-10-15 09:23:45,322][palaas/out][INFO] - Saving arguments to /opt/project/outputs/2023-10-15/09-23-45/meta.json
[2023-10-15 09:23:45,322][palaas/out][INFO] - Saving messages to /opt/project/outputs/2023-10-15/09-23-45/out.log
[2023-10-15 09:23:45,323][palaas/out][INFO] - Saving logs data to /opt/project/outputs/2023-10-15/09-23-45/logs.csv
[2023-10-15 09:23:45,323][palaas/out][INFO] - Saving logs' fields to /opt/project/outputs/2023-10-15/09-23-45/fields.csv
[2023-10-15 09:23:45,323][root][INFO] - Not using CUDA.
[2023-10-15 09:23:45,330][root][INFO] - Using model HalfCheetah
[2023-10-15 09:23:45,405][root][INFO] - Number of model parameters: 11085
[2023-10-15 09:23:45,411][root][INFO] - ()
[2023-10-15 09:23:45,411][root][INFO] - After actor pool
[2023-10-15 09:23:45,692][root][INFO] - <All keys matched successfully>
[2023-10-15 09:23:45,692][root][INFO] - The model states is ()
[2023-10-15 09:23:45,693][root][INFO] - The batch isssssssss 
[2023-10-15 09:23:45,984][root][INFO] - <class 'gymnasium.wrappers.normalize.NormalizeReward'>
[2023-10-15 09:23:46,211][root][INFO] - <class 'gymnasium.wrappers.normalize.NormalizeReward'>
[2023-10-15 09:23:46,173][root][INFO] - <class 'gymnasium.wrappers.normalize.NormalizeReward'>
[2023-10-15 09:23:46,244][root][INFO] - <class 'gymnasium.wrappers.normalize.NormalizeReward'>
[2023-10-15 09:23:46,255][root][INFO] - <class 'gymnasium.wrappers.normalize.NormalizeReward'>
[2023-10-15 09:23:46,263][root][INFO] - <class 'gymnasium.wrappers.normalize.NormalizeReward'>
[2023-10-15 09:23:46,271][root][INFO] - <class 'gymnasium.wrappers.normalize.NormalizeReward'>
[2023-10-15 09:23:46,286][root][INFO] - <class 'gymnasium.wrappers.normalize.NormalizeReward'>
[2023-10-15 09:23:46,318][root][INFO] - <class 'gymnasium.wrappers.normalize.NormalizeReward'>
[2023-10-15 09:23:46,326][root][INFO] - <class 'gymnasium.wrappers.normalize.NormalizeReward'>
[2023-10-15 09:23:46,363][root][INFO] - <class 'gymnasium.wrappers.normalize.NormalizeReward'>
[2023-10-15 09:23:46,366][root][INFO] - <class 'gymnasium.wrappers.normalize.NormalizeReward'>
[2023-10-15 09:23:46,393][root][INFO] - <class 'gymnasium.wrappers.normalize.NormalizeReward'>
[2023-10-15 09:23:46,423][root][INFO] - <class 'gymnasium.wrappers.normalize.NormalizeReward'>
[2023-10-15 09:23:46,439][root][INFO] - <class 'gymnasium.wrappers.normalize.NormalizeReward'>
[2023-10-15 09:23:46,453][root][INFO] - <class 'gymnasium.wrappers.normalize.NormalizeReward'>
[2023-10-15 09:23:46,459][root][INFO] - <class 'gymnasium.wrappers.normalize.NormalizeReward'>
[2023-10-15 09:23:46,432][root][INFO] - <class 'gymnasium.wrappers.normalize.NormalizeReward'>
[2023-10-15 09:23:46,468][root][INFO] - <class 'gymnasium.wrappers.normalize.NormalizeReward'>
[2023-10-15 09:23:46,470][root][INFO] - <class 'gymnasium.wrappers.normalize.NormalizeReward'>
[2023-10-15 09:23:46,484][root][INFO] - <class 'gymnasium.wrappers.normalize.NormalizeReward'>
[2023-10-15 09:23:46,491][root][INFO] - <class 'gymnasium.wrappers.normalize.NormalizeReward'>
[2023-10-15 09:23:46,472][root][INFO] - <class 'gymnasium.wrappers.normalize.NormalizeReward'>
[2023-10-15 09:23:46,507][root][INFO] - <class 'gymnasium.wrappers.normalize.NormalizeReward'>
[2023-10-15 09:23:46,512][root][INFO] - <class 'gymnasium.wrappers.normalize.NormalizeReward'>
[2023-10-15 09:23:46,520][root][INFO] - <class 'gymnasium.wrappers.normalize.NormalizeReward'>
[2023-10-15 09:23:46,522][root][INFO] - <class 'gymnasium.wrappers.normalize.NormalizeReward'>
[2023-10-15 09:23:46,523][root][INFO] - <class 'gymnasium.wrappers.normalize.NormalizeReward'>
[2023-10-15 09:23:46,523][root][INFO] - <class 'gymnasium.wrappers.normalize.NormalizeReward'>
[2023-10-15 09:23:46,517][root][INFO] - <class 'gymnasium.wrappers.normalize.NormalizeReward'>
[2023-10-15 09:23:46,526][root][INFO] - <class 'gymnasium.wrappers.normalize.NormalizeReward'>
[2023-10-15 09:23:46,527][root][INFO] - <class 'gymnasium.wrappers.normalize.NormalizeReward'>
[2023-10-15 09:23:46,527][root][INFO] - <class 'gymnasium.wrappers.normalize.NormalizeReward'>
[2023-10-15 09:23:46,533][root][INFO] - <class 'gymnasium.wrappers.normalize.NormalizeReward'>
[2023-10-15 09:23:46,529][root][INFO] - <class 'gymnasium.wrappers.normalize.NormalizeReward'>
[2023-10-15 09:23:46,534][root][INFO] - <class 'gymnasium.wrappers.normalize.NormalizeReward'>
[2023-10-15 09:23:46,534][root][INFO] - <class 'gymnasium.wrappers.normalize.NormalizeReward'>
[2023-10-15 09:23:46,539][root][INFO] - <class 'gymnasium.wrappers.normalize.NormalizeReward'>
[2023-10-15 09:23:46,546][root][INFO] - <class 'gymnasium.wrappers.normalize.NormalizeReward'>
[2023-10-15 09:23:46,548][root][INFO] - <class 'gymnasium.wrappers.normalize.NormalizeReward'>
[2023-10-15 09:23:46,548][root][INFO] - <class 'gymnasium.wrappers.normalize.NormalizeReward'>
[2023-10-15 09:23:46,548][root][INFO] - <class 'gymnasium.wrappers.normalize.NormalizeReward'>
[2023-10-15 09:23:46,549][root][INFO] - <class 'gymnasium.wrappers.normalize.NormalizeReward'>
[2023-10-15 09:23:46,551][root][INFO] - <class 'gymnasium.wrappers.normalize.NormalizeReward'>
[2023-10-15 09:23:46,551][root][INFO] - <class 'gymnasium.wrappers.normalize.NormalizeReward'>
[2023-10-15 09:23:46,551][root][INFO] - <class 'gymnasium.wrappers.normalize.NormalizeReward'>
[2023-10-15 09:23:46,553][root][INFO] - <class 'gymnasium.wrappers.normalize.NormalizeReward'>
[2023-10-15 09:23:46,554][root][INFO] - <class 'gymnasium.wrappers.normalize.NormalizeReward'>
[2023-10-15 09:23:46,554][root][INFO] - <class 'gymnasium.wrappers.normalize.NormalizeReward'>
[2023-10-15 09:23:46,555][root][INFO] - <class 'gymnasium.wrappers.normalize.NormalizeReward'>
[2023-10-15 09:23:46,555][root][INFO] - <class 'gymnasium.wrappers.normalize.NormalizeReward'>
[2023-10-15 09:23:46,556][root][INFO] - <class 'gymnasium.wrappers.normalize.NormalizeReward'>
[2023-10-15 09:23:46,551][root][INFO] - <class 'gymnasium.wrappers.normalize.NormalizeReward'>
[2023-10-15 09:23:46,558][root][INFO] - <class 'gymnasium.wrappers.normalize.NormalizeReward'>
[2023-10-15 09:23:46,558][root][INFO] - <class 'gymnasium.wrappers.normalize.NormalizeReward'>
[2023-10-15 09:23:46,557][root][INFO] - <class 'gymnasium.wrappers.normalize.NormalizeReward'>
[2023-10-15 09:23:46,559][root][INFO] - <class 'gymnasium.wrappers.normalize.NormalizeReward'>
[2023-10-15 09:23:46,563][root][INFO] - <class 'gymnasium.wrappers.normalize.NormalizeReward'>
[2023-10-15 09:23:46,564][root][INFO] - <class 'gymnasium.wrappers.normalize.NormalizeReward'>
[2023-10-15 09:23:46,565][root][INFO] - <class 'gymnasium.wrappers.normalize.NormalizeReward'>
[2023-10-15 09:23:46,569][root][INFO] - <class 'gymnasium.wrappers.normalize.NormalizeReward'>
[2023-10-15 09:23:46,569][root][INFO] - <class 'gymnasium.wrappers.normalize.NormalizeReward'>
[2023-10-15 09:23:46,571][root][INFO] - <class 'gymnasium.wrappers.normalize.NormalizeReward'>
[2023-10-15 09:23:46,574][root][INFO] - <class 'gymnasium.wrappers.normalize.NormalizeReward'>
[2023-10-15 09:23:46,575][root][INFO] - <class 'gymnasium.wrappers.normalize.NormalizeReward'>
[2023-10-15 09:23:46,577][root][INFO] - <class 'gymnasium.wrappers.normalize.NormalizeReward'>
[2023-10-15 09:23:46,588][root][INFO] - <class 'gymnasium.wrappers.normalize.NormalizeReward'>
[2023-10-15 09:23:47,107][root][INFO] - <class 'gymnasium.wrappers.normalize.NormalizeReward'>
[2023-10-15 09:23:47,110][root][INFO] - <class 'gymnasium.wrappers.normalize.NormalizeReward'>
[2023-10-15 09:23:47,105][root][INFO] - <class 'gymnasium.wrappers.normalize.NormalizeReward'>
[2023-10-15 09:23:47,186][root][INFO] - <class 'gymnasium.wrappers.normalize.NormalizeReward'>
[2023-10-15 09:23:47,195][root][INFO] - <class 'gymnasium.wrappers.normalize.NormalizeReward'>
[2023-10-15 09:23:47,218][root][INFO] - <class 'gymnasium.wrappers.normalize.NormalizeReward'>
[2023-10-15 09:23:47,310][root][INFO] - <class 'gymnasium.wrappers.normalize.NormalizeReward'>
[2023-10-15 09:23:47,280][root][INFO] - <class 'gymnasium.wrappers.normalize.NormalizeReward'>
[2023-10-15 09:23:47,345][root][INFO] - <class 'gymnasium.wrappers.normalize.NormalizeReward'>
[2023-10-15 09:23:47,385][root][INFO] - <class 'gymnasium.wrappers.normalize.NormalizeReward'>
[2023-10-15 09:23:47,391][root][INFO] - <class 'gymnasium.wrappers.normalize.NormalizeReward'>
[2023-10-15 09:23:47,402][root][INFO] - <class 'gymnasium.wrappers.normalize.NormalizeReward'>
[2023-10-15 09:23:47,403][root][INFO] - <class 'gymnasium.wrappers.normalize.NormalizeReward'>
[2023-10-15 09:23:47,404][root][INFO] - <class 'gymnasium.wrappers.normalize.NormalizeReward'>
[2023-10-15 09:23:47,413][root][INFO] - <class 'gymnasium.wrappers.normalize.NormalizeReward'>
[2023-10-15 09:23:47,406][root][INFO] - <class 'gymnasium.wrappers.normalize.NormalizeReward'>
[2023-10-15 09:23:47,410][root][INFO] - <class 'gymnasium.wrappers.normalize.NormalizeReward'>
[2023-10-15 09:23:47,427][root][INFO] - <class 'gymnasium.wrappers.normalize.NormalizeReward'>
[2023-10-15 09:23:47,430][root][INFO] - <class 'gymnasium.wrappers.normalize.NormalizeReward'>
[2023-10-15 09:23:47,439][root][INFO] - <class 'gymnasium.wrappers.normalize.NormalizeReward'>
[2023-10-15 09:23:47,447][root][INFO] - <class 'gymnasium.wrappers.normalize.NormalizeReward'>
[2023-10-15 09:23:47,460][root][INFO] - <class 'gymnasium.wrappers.normalize.NormalizeReward'>
[2023-10-15 09:23:47,467][root][INFO] - <class 'gymnasium.wrappers.normalize.NormalizeReward'>
[2023-10-15 09:23:47,472][root][INFO] - <class 'gymnasium.wrappers.normalize.NormalizeReward'>
[2023-10-15 09:23:47,468][root][INFO] - <class 'gymnasium.wrappers.normalize.NormalizeReward'>
[2023-10-15 09:23:47,483][root][INFO] - <class 'gymnasium.wrappers.normalize.NormalizeReward'>
[2023-10-15 09:23:47,489][root][INFO] - <class 'gymnasium.wrappers.normalize.NormalizeReward'>
[2023-10-15 09:23:47,489][root][INFO] - <class 'gymnasium.wrappers.normalize.NormalizeReward'>
[2023-10-15 09:23:47,493][root][INFO] - <class 'gymnasium.wrappers.normalize.NormalizeReward'>
[2023-10-15 09:23:47,494][root][INFO] - <class 'gymnasium.wrappers.normalize.NormalizeReward'>
[2023-10-15 09:23:47,503][root][INFO] - <class 'gymnasium.wrappers.normalize.NormalizeReward'>
[2023-10-15 09:23:47,509][root][INFO] - <class 'gymnasium.wrappers.normalize.NormalizeReward'>
[2023-10-15 09:23:47,500][root][INFO] - <class 'gymnasium.wrappers.normalize.NormalizeReward'>
[2023-10-15 09:23:47,509][root][INFO] - <class 'gymnasium.wrappers.normalize.NormalizeReward'>
[2023-10-15 09:23:47,513][root][INFO] - <class 'gymnasium.wrappers.normalize.NormalizeReward'>
[2023-10-15 09:23:47,522][root][INFO] - <class 'gymnasium.wrappers.normalize.NormalizeReward'>
[2023-10-15 09:23:47,526][root][INFO] - <class 'gymnasium.wrappers.normalize.NormalizeReward'>
[2023-10-15 09:23:47,527][root][INFO] - <class 'gymnasium.wrappers.normalize.NormalizeReward'>
[2023-10-15 09:23:47,529][root][INFO] - <class 'gymnasium.wrappers.normalize.NormalizeReward'>
[2023-10-15 09:23:47,533][root][INFO] - <class 'gymnasium.wrappers.normalize.NormalizeReward'>
[2023-10-15 09:23:47,534][root][INFO] - <class 'gymnasium.wrappers.normalize.NormalizeReward'>
[2023-10-15 09:23:47,535][root][INFO] - <class 'gymnasium.wrappers.normalize.NormalizeReward'>
[2023-10-15 09:23:47,536][root][INFO] - <class 'gymnasium.wrappers.normalize.NormalizeReward'>
[2023-10-15 09:23:47,536][root][INFO] - <class 'gymnasium.wrappers.normalize.NormalizeReward'>
[2023-10-15 09:23:47,538][root][INFO] - <class 'gymnasium.wrappers.normalize.NormalizeReward'>
[2023-10-15 09:23:47,538][root][INFO] - <class 'gymnasium.wrappers.normalize.NormalizeReward'>
[2023-10-15 09:23:47,541][root][INFO] - <class 'gymnasium.wrappers.normalize.NormalizeReward'>
[2023-10-15 09:23:47,541][root][INFO] - <class 'gymnasium.wrappers.normalize.NormalizeReward'>
[2023-10-15 09:23:47,542][root][INFO] - <class 'gymnasium.wrappers.normalize.NormalizeReward'>
[2023-10-15 09:23:47,542][root][INFO] - <class 'gymnasium.wrappers.normalize.NormalizeReward'>
[2023-10-15 09:23:47,545][root][INFO] - <class 'gymnasium.wrappers.normalize.NormalizeReward'>
[2023-10-15 09:23:47,546][root][INFO] - <class 'gymnasium.wrappers.normalize.NormalizeReward'>
[2023-10-15 09:23:47,547][root][INFO] - <class 'gymnasium.wrappers.normalize.NormalizeReward'>
[2023-10-15 09:23:47,547][root][INFO] - <class 'gymnasium.wrappers.normalize.NormalizeReward'>
[2023-10-15 09:23:47,547][root][INFO] - <class 'gymnasium.wrappers.normalize.NormalizeReward'>
[2023-10-15 09:23:47,553][root][INFO] - <class 'gymnasium.wrappers.normalize.NormalizeReward'>
[2023-10-15 09:23:47,556][root][INFO] - <class 'gymnasium.wrappers.normalize.NormalizeReward'>
[2023-10-15 09:23:47,556][root][INFO] - <class 'gymnasium.wrappers.normalize.NormalizeReward'>
[2023-10-15 09:23:47,558][root][INFO] - <class 'gymnasium.wrappers.normalize.NormalizeReward'>
[2023-10-15 09:23:47,558][root][INFO] - <class 'gymnasium.wrappers.normalize.NormalizeReward'>
[2023-10-15 09:23:47,559][root][INFO] - <class 'gymnasium.wrappers.normalize.NormalizeReward'>
[2023-10-15 09:23:47,561][root][INFO] - <class 'gymnasium.wrappers.normalize.NormalizeReward'>
[2023-10-15 09:23:47,562][root][INFO] - <class 'gymnasium.wrappers.normalize.NormalizeReward'>
[2023-10-15 09:23:47,562][root][INFO] - <class 'gymnasium.wrappers.normalize.NormalizeReward'>
[2023-10-15 09:23:47,564][root][INFO] - <class 'gymnasium.wrappers.normalize.NormalizeReward'>
[2023-10-15 09:23:47,567][root][INFO] - <class 'gymnasium.wrappers.normalize.NormalizeReward'>
[2023-10-15 09:23:47,567][root][INFO] - <class 'gymnasium.wrappers.normalize.NormalizeReward'>
[2023-10-15 09:23:47,571][root][INFO] - <class 'gymnasium.wrappers.normalize.NormalizeReward'>
[2023-10-15 09:23:47,574][root][INFO] - <class 'gymnasium.wrappers.normalize.NormalizeReward'>
[2023-10-15 09:23:47,577][root][INFO] - <class 'gymnasium.wrappers.normalize.NormalizeReward'>
[2023-10-15 09:23:48,165][root][INFO] - <class 'gymnasium.wrappers.normalize.NormalizeReward'>
[2023-10-15 09:23:48,185][root][INFO] - <class 'gymnasium.wrappers.normalize.NormalizeReward'>
[2023-10-15 09:23:48,203][root][INFO] - <class 'gymnasium.wrappers.normalize.NormalizeReward'>
[2023-10-15 09:23:48,208][root][INFO] - <class 'gymnasium.wrappers.normalize.NormalizeReward'>
[2023-10-15 09:23:48,237][root][INFO] - <class 'gymnasium.wrappers.normalize.NormalizeReward'>
[2023-10-15 09:23:48,363][root][INFO] - <class 'gymnasium.wrappers.normalize.NormalizeReward'>
[2023-10-15 09:23:48,392][root][INFO] - <class 'gymnasium.wrappers.normalize.NormalizeReward'>
[2023-10-15 09:23:48,404][root][INFO] - <class 'gymnasium.wrappers.normalize.NormalizeReward'>
[2023-10-15 09:23:48,448][root][INFO] - <class 'gymnasium.wrappers.normalize.NormalizeReward'>
[2023-10-15 09:23:48,462][root][INFO] - <class 'gymnasium.wrappers.normalize.NormalizeReward'>
[2023-10-15 09:23:48,567][root][INFO] - <class 'gymnasium.wrappers.normalize.NormalizeReward'>
[2023-10-15 09:23:48,621][root][INFO] - <class 'gymnasium.wrappers.normalize.NormalizeReward'>
[2023-10-15 09:23:48,661][root][INFO] - <class 'gymnasium.wrappers.normalize.NormalizeReward'>
[2023-10-15 09:23:48,731][root][INFO] - <class 'gymnasium.wrappers.normalize.NormalizeReward'>
[2023-10-15 09:23:48,797][root][INFO] - <class 'gymnasium.wrappers.normalize.NormalizeReward'>
[2023-10-15 09:23:48,817][root][INFO] - <class 'gymnasium.wrappers.normalize.NormalizeReward'>
[2023-10-15 09:23:48,874][root][INFO] - <class 'gymnasium.wrappers.normalize.NormalizeReward'>
[2023-10-15 09:23:48,875][root][INFO] - <class 'gymnasium.wrappers.normalize.NormalizeReward'>
[2023-10-15 09:23:48,882][root][INFO] - <class 'gymnasium.wrappers.normalize.NormalizeReward'>
[2023-10-15 09:23:48,899][root][INFO] - <class 'gymnasium.wrappers.normalize.NormalizeReward'>
[2023-10-15 09:23:48,908][root][INFO] - <class 'gymnasium.wrappers.normalize.NormalizeReward'>
[2023-10-15 09:23:48,924][root][INFO] - <class 'gymnasium.wrappers.normalize.NormalizeReward'>
[2023-10-15 09:23:48,968][root][INFO] - <class 'gymnasium.wrappers.normalize.NormalizeReward'>
[2023-10-15 09:23:49,031][root][INFO] - <class 'gymnasium.wrappers.normalize.NormalizeReward'>
[2023-10-15 09:23:49,041][root][INFO] - <class 'gymnasium.wrappers.normalize.NormalizeReward'>
[2023-10-15 09:23:49,049][root][INFO] - <class 'gymnasium.wrappers.normalize.NormalizeReward'>
[2023-10-15 09:23:49,004][root][INFO] - <class 'gymnasium.wrappers.normalize.NormalizeReward'>
[2023-10-15 09:23:49,140][root][INFO] - <class 'gymnasium.wrappers.normalize.NormalizeReward'>
[2023-10-15 09:23:49,172][root][INFO] - <class 'gymnasium.wrappers.normalize.NormalizeReward'>
[2023-10-15 09:23:49,170][root][INFO] - <class 'gymnasium.wrappers.normalize.NormalizeReward'>
[2023-10-15 09:23:49,216][root][INFO] - <class 'gymnasium.wrappers.normalize.NormalizeReward'>
[2023-10-15 09:23:49,184][root][INFO] - <class 'gymnasium.wrappers.normalize.NormalizeReward'>
[2023-10-15 09:23:49,228][root][INFO] - <class 'gymnasium.wrappers.normalize.NormalizeReward'>
[2023-10-15 09:23:49,228][root][INFO] - <class 'gymnasium.wrappers.normalize.NormalizeReward'>
[2023-10-15 09:23:49,229][root][INFO] - <class 'gymnasium.wrappers.normalize.NormalizeReward'>
[2023-10-15 09:23:49,233][root][INFO] - <class 'gymnasium.wrappers.normalize.NormalizeReward'>
[2023-10-15 09:23:49,254][root][INFO] - <class 'gymnasium.wrappers.normalize.NormalizeReward'>
[2023-10-15 09:23:49,255][root][INFO] - <class 'gymnasium.wrappers.normalize.NormalizeReward'>
[2023-10-15 09:23:49,267][root][INFO] - <class 'gymnasium.wrappers.normalize.NormalizeReward'>
[2023-10-15 09:23:49,266][root][INFO] - <class 'gymnasium.wrappers.normalize.NormalizeReward'>
[2023-10-15 09:23:49,270][root][INFO] - <class 'gymnasium.wrappers.normalize.NormalizeReward'>
[2023-10-15 09:23:49,299][root][INFO] - <class 'gymnasium.wrappers.normalize.NormalizeReward'>
[2023-10-15 09:23:49,302][root][INFO] - <class 'gymnasium.wrappers.normalize.NormalizeReward'>
[2023-10-15 09:23:49,304][root][INFO] - <class 'gymnasium.wrappers.normalize.NormalizeReward'>
[2023-10-15 09:23:49,314][root][INFO] - <class 'gymnasium.wrappers.normalize.NormalizeReward'>
[2023-10-15 09:23:49,295][root][INFO] - <class 'gymnasium.wrappers.normalize.NormalizeReward'>
[2023-10-15 09:23:49,320][root][INFO] - <class 'gymnasium.wrappers.normalize.NormalizeReward'>
[2023-10-15 09:23:49,340][root][INFO] - <class 'gymnasium.wrappers.normalize.NormalizeReward'>
[2023-10-15 09:23:49,341][root][INFO] - <class 'gymnasium.wrappers.normalize.NormalizeReward'>
[2023-10-15 09:23:49,310][root][INFO] - <class 'gymnasium.wrappers.normalize.NormalizeReward'>
[2023-10-15 09:23:49,354][root][INFO] - <class 'gymnasium.wrappers.normalize.NormalizeReward'>
[2023-10-15 09:23:49,374][root][INFO] - <class 'gymnasium.wrappers.normalize.NormalizeReward'>
[2023-10-15 09:23:49,377][root][INFO] - <class 'gymnasium.wrappers.normalize.NormalizeReward'>
[2023-10-15 09:23:49,356][root][INFO] - <class 'gymnasium.wrappers.normalize.NormalizeReward'>
[2023-10-15 09:23:49,380][root][INFO] - <class 'gymnasium.wrappers.normalize.NormalizeReward'>
[2023-10-15 09:23:49,386][root][INFO] - <class 'gymnasium.wrappers.normalize.NormalizeReward'>
[2023-10-15 09:23:49,389][root][INFO] - <class 'gymnasium.wrappers.normalize.NormalizeReward'>
[2023-10-15 09:23:49,384][root][INFO] - <class 'gymnasium.wrappers.normalize.NormalizeReward'>
[2023-10-15 09:23:49,397][root][INFO] - <class 'gymnasium.wrappers.normalize.NormalizeReward'>
[2023-10-15 09:23:49,406][root][INFO] - <class 'gymnasium.wrappers.normalize.NormalizeReward'>
[2023-10-15 09:23:49,410][root][INFO] - <class 'gymnasium.wrappers.normalize.NormalizeReward'>
[2023-10-15 09:23:49,412][root][INFO] - <class 'gymnasium.wrappers.normalize.NormalizeReward'>
[2023-10-15 09:23:49,421][root][INFO] - <class 'gymnasium.wrappers.normalize.NormalizeReward'>
[2023-10-15 09:23:49,428][root][INFO] - <class 'gymnasium.wrappers.normalize.NormalizeReward'>
[2023-10-15 09:23:49,418][root][INFO] - <class 'gymnasium.wrappers.normalize.NormalizeReward'>
[2023-10-15 09:23:49,444][root][INFO] - <class 'gymnasium.wrappers.normalize.NormalizeReward'>
[2023-10-15 09:23:49,448][root][INFO] - <class 'gymnasium.wrappers.normalize.NormalizeReward'>
[2023-10-15 09:23:49,451][root][INFO] - <class 'gymnasium.wrappers.normalize.NormalizeReward'>
[2023-10-15 09:23:49,454][root][INFO] - <class 'gymnasium.wrappers.normalize.NormalizeReward'>
[2023-10-15 09:23:49,468][root][INFO] - <class 'gymnasium.wrappers.normalize.NormalizeReward'>
[2023-10-15 09:23:49,472][root][INFO] - <class 'gymnasium.wrappers.normalize.NormalizeReward'>
[2023-10-15 09:23:49,473][root][INFO] - <class 'gymnasium.wrappers.normalize.NormalizeReward'>
[2023-10-15 09:23:49,478][root][INFO] - <class 'gymnasium.wrappers.normalize.NormalizeReward'>
[2023-10-15 09:23:49,481][root][INFO] - <class 'gymnasium.wrappers.normalize.NormalizeReward'>
[2023-10-15 09:23:49,476][root][INFO] - <class 'gymnasium.wrappers.normalize.NormalizeReward'>
[2023-10-15 09:23:49,494][root][INFO] - <class 'gymnasium.wrappers.normalize.NormalizeReward'>
[2023-10-15 09:23:49,499][root][INFO] - <class 'gymnasium.wrappers.normalize.NormalizeReward'>
[2023-10-15 09:23:49,499][root][INFO] - <class 'gymnasium.wrappers.normalize.NormalizeReward'>
[2023-10-15 09:23:49,512][root][INFO] - <class 'gymnasium.wrappers.normalize.NormalizeReward'>
[2023-10-15 09:23:49,513][root][INFO] - <class 'gymnasium.wrappers.normalize.NormalizeReward'>
[2023-10-15 09:23:49,515][root][INFO] - <class 'gymnasium.wrappers.normalize.NormalizeReward'>
[2023-10-15 09:23:49,518][root][INFO] - <class 'gymnasium.wrappers.normalize.NormalizeReward'>
[2023-10-15 09:23:49,522][root][INFO] - <class 'gymnasium.wrappers.normalize.NormalizeReward'>
[2023-10-15 09:23:49,522][root][INFO] - <class 'gymnasium.wrappers.normalize.NormalizeReward'>
[2023-10-15 09:23:49,524][root][INFO] - <class 'gymnasium.wrappers.normalize.NormalizeReward'>
[2023-10-15 09:23:49,532][root][INFO] - <class 'gymnasium.wrappers.normalize.NormalizeReward'>
[2023-10-15 09:23:49,535][root][INFO] - <class 'gymnasium.wrappers.normalize.NormalizeReward'>
[2023-10-15 09:23:49,538][root][INFO] - <class 'gymnasium.wrappers.normalize.NormalizeReward'>
[2023-10-15 09:23:49,542][root][INFO] - <class 'gymnasium.wrappers.normalize.NormalizeReward'>
[2023-10-15 09:23:49,541][root][INFO] - <class 'gymnasium.wrappers.normalize.NormalizeReward'>
[2023-10-15 09:23:49,545][root][INFO] - <class 'gymnasium.wrappers.normalize.NormalizeReward'>
[2023-10-15 09:23:49,547][root][INFO] - <class 'gymnasium.wrappers.normalize.NormalizeReward'>
[2023-10-15 09:23:49,547][root][INFO] - <class 'gymnasium.wrappers.normalize.NormalizeReward'>
[2023-10-15 09:23:49,547][root][INFO] - <class 'gymnasium.wrappers.normalize.NormalizeReward'>
[2023-10-15 09:23:49,550][root][INFO] - <class 'gymnasium.wrappers.normalize.NormalizeReward'>
[2023-10-15 09:23:49,551][root][INFO] - <class 'gymnasium.wrappers.normalize.NormalizeReward'>
[2023-10-15 09:23:49,554][root][INFO] - <class 'gymnasium.wrappers.normalize.NormalizeReward'>
[2023-10-15 09:23:49,554][root][INFO] - <class 'gymnasium.wrappers.normalize.NormalizeReward'>
[2023-10-15 09:23:49,557][root][INFO] - <class 'gymnasium.wrappers.normalize.NormalizeReward'>
[2023-10-15 09:23:49,558][root][INFO] - <class 'gymnasium.wrappers.normalize.NormalizeReward'>
[2023-10-15 09:23:49,559][root][INFO] - <class 'gymnasium.wrappers.normalize.NormalizeReward'>
[2023-10-15 09:23:49,562][root][INFO] - <class 'gymnasium.wrappers.normalize.NormalizeReward'>
[2023-10-15 09:23:49,566][root][INFO] - <class 'gymnasium.wrappers.normalize.NormalizeReward'>
[2023-10-15 09:23:49,567][root][INFO] - <class 'gymnasium.wrappers.normalize.NormalizeReward'>
[2023-10-15 09:23:49,567][root][INFO] - <class 'gymnasium.wrappers.normalize.NormalizeReward'>
[2023-10-15 09:23:49,569][root][INFO] - <class 'gymnasium.wrappers.normalize.NormalizeReward'>
[2023-10-15 09:23:49,569][root][INFO] - <class 'gymnasium.wrappers.normalize.NormalizeReward'>
[2023-10-15 09:23:49,571][root][INFO] - <class 'gymnasium.wrappers.normalize.NormalizeReward'>
[2023-10-15 09:23:49,570][root][INFO] - <class 'gymnasium.wrappers.normalize.NormalizeReward'>
[2023-10-15 09:23:49,572][root][INFO] - <class 'gymnasium.wrappers.normalize.NormalizeReward'>
[2023-10-15 09:23:49,573][root][INFO] - <class 'gymnasium.wrappers.normalize.NormalizeReward'>
[2023-10-15 09:23:49,575][root][INFO] - <class 'gymnasium.wrappers.normalize.NormalizeReward'>
[2023-10-15 09:23:49,577][root][INFO] - <class 'gymnasium.wrappers.normalize.NormalizeReward'>
[2023-10-15 09:23:49,577][root][INFO] - <class 'gymnasium.wrappers.normalize.NormalizeReward'>
[2023-10-15 09:23:50,535][root][INFO] - <class 'gymnasium.wrappers.normalize.NormalizeReward'>
[2023-10-15 09:23:50,701][root][INFO] - Step 0 @ 0.0 SPS. Inference batcher size: 0. Learner queue size: 0. Other stats: (train_seconds = 5.0)
[2023-10-15 09:23:50,972][root][INFO] - <class 'gymnasium.wrappers.normalize.NormalizeReward'>
[2023-10-15 09:23:51,216][root][INFO] - <class 'gymnasium.wrappers.normalize.NormalizeReward'>
[2023-10-15 09:23:51,227][root][INFO] - <class 'gymnasium.wrappers.normalize.NormalizeReward'>
[2023-10-15 09:23:51,335][root][INFO] - <class 'gymnasium.wrappers.normalize.NormalizeReward'>
[2023-10-15 09:23:51,337][root][ERROR] - Exception in actorpool thread!
[2023-10-15 09:23:55,705][root][INFO] - Step 0 @ 0.0 SPS. Inference batcher size: 0. Learner queue size: 0. Other stats: (train_seconds = 10.0)
