[2023-10-12 16:00:06,432][root][INFO] - name: null
wandb: false
project: skillhack
entity: your_entity_name
group: default
state_dict_path: none
foc_options_path: none
foc_options_config_path: none
teacher_path: none
teacher_config_path: none
ks_max_lambda: 10
ks_max_time: 20000000.0
ks_min_lambda_prop: 0.1
train_with_all_skills: false
penalty_per_step: 0.01
hks_max_uniform_weight: 1000
hks_min_uniform_prop: 0.05
hks_max_uniform_time: 20000000.0
tasks_json: tasks
mock: false
single_ttyrec: true
num_seeds: 0
write_profiler_trace: false
relative_reward: false
fn_penalty_step: constant
penalty_time: 0.0
penalty_step: -0.001
reward_lose: 0
reward_win: 1
character: null
save_tty: false
mode: train
env: HalfCheetahv4
obs_keys: glyphs,chars,colors,specials,blstats,message
num_actors: 256
total_steps: 10000000.0
batch_size: 32
unroll_length: 80
num_learner_threads: 1
num_inference_threads: 1
disable_cuda: false
learner_device: cuda:0
actor_device: cuda:0
max_learner_queue_size: null
model: HalfCheetah
use_lstm: false
hidden_dim: 256
embedding_dim: 64
glyph_type: all_cat
equalize_input_dim: false
equalize_factor: 2
layers: 5
crop_model: cnn
crop_dim: 9
use_index_select: true
entropy_cost: 0.001
baseline_cost: 0.5
discounting: 0.999
reward_clipping: none
normalize_reward: true
learning_rate: 0.0002
grad_norm_clipping: 40
alpha: 0.99
momentum: 0
epsilon: 1.0e-06
state_counter: none
no_extrinsic: false
int:
  twoheaded: true
  input: full
  intrinsic_weight: 0.1
  discounting: 0.99
  baseline_cost: 0.5
  episodic: true
  reward_clipping: none
  normalize_reward: true
ride:
  count_norm: true
  forward_cost: 1
  inverse_cost: 0.1
  hidden_dim: 128
rnd:
  forward_cost: 0.01
msg:
  model: none
  hidden_dim: 64
  embedding_dim: 32

[2023-10-12 16:00:06,464][root][INFO] - Symlinked log directory: /opt/project/latest
[2023-10-12 16:00:06,465][root][INFO] - Creating archive directory: /opt/project/outputs/2023-10-12/16-00-06/archives
[2023-10-12 16:00:06,469][root][INFO] - Logging results to /opt/project/outputs/2023-10-12/16-00-06
[2023-10-12 16:00:06,504][palaas/out][INFO] - Found log directory: /opt/project/outputs/2023-10-12/16-00-06
[2023-10-12 16:00:06,504][palaas/out][INFO] - Saving arguments to /opt/project/outputs/2023-10-12/16-00-06/meta.json
[2023-10-12 16:00:06,504][palaas/out][INFO] - Saving messages to /opt/project/outputs/2023-10-12/16-00-06/out.log
[2023-10-12 16:00:06,505][palaas/out][INFO] - Saving logs data to /opt/project/outputs/2023-10-12/16-00-06/logs.csv
[2023-10-12 16:00:06,505][palaas/out][INFO] - Saving logs' fields to /opt/project/outputs/2023-10-12/16-00-06/fields.csv
[2023-10-12 16:00:06,505][root][INFO] - Not using CUDA.
[2023-10-12 16:00:06,511][root][INFO] - Using model HalfCheetah
[2023-10-12 16:00:06,585][root][INFO] - Number of model parameters: 11085
[2023-10-12 16:00:06,876][root][INFO] - <All keys matched successfully>
[2023-10-12 16:00:06,877][root][INFO] - The learner queue is <libtorchbeast._C.BatchingQueue object at 0x7f5623792c70>
[2023-10-12 16:00:06,877][root][INFO] - The inference batcher is <libtorchbeast._C.DynamicBatcher object at 0x7f5623792fb0>
[2023-10-12 16:00:06,877][root][INFO] - The model states is ()
[2023-10-12 16:00:06,882][root][INFO] - NOT MINIHACK
[2023-10-12 16:00:06,882][root][INFO] - NOT MINIHACK
[2023-10-12 16:00:06,882][root][INFO] - NOT MINIHACK
[2023-10-12 16:00:06,882][root][INFO] - NOT MINIHACK
[2023-10-12 16:00:06,882][root][INFO] - NOT MINIHACK
[2023-10-12 16:00:06,882][root][INFO] - NOT MINIHACK
[2023-10-12 16:00:06,889][root][INFO] - NOT MINIHACK
[2023-10-12 16:00:06,890][root][INFO] - NOT MINIHACK
[2023-10-12 16:00:06,890][root][INFO] - NOT MINIHACK
[2023-10-12 16:00:06,891][root][INFO] - NOT MINIHACK
[2023-10-12 16:00:06,891][root][INFO] - NOT MINIHACK
[2023-10-12 16:00:06,891][root][INFO] - NOT MINIHACK
[2023-10-12 16:00:06,891][root][INFO] - NOT MINIHACK
[2023-10-12 16:00:06,891][root][INFO] - NOT MINIHACK
[2023-10-12 16:00:06,891][root][INFO] - NOT MINIHACK
[2023-10-12 16:00:06,891][root][INFO] - NOT MINIHACK
[2023-10-12 16:00:06,895][root][INFO] - NOT MINIHACK
[2023-10-12 16:00:06,895][root][INFO] - NOT MINIHACK
[2023-10-12 16:00:06,895][root][INFO] - NOT MINIHACK
[2023-10-12 16:00:06,889][root][INFO] - NOT MINIHACK
[2023-10-12 16:00:06,896][root][INFO] - NOT MINIHACK
[2023-10-12 16:00:06,897][root][INFO] - NOT MINIHACK
[2023-10-12 16:00:06,895][root][INFO] - NOT MINIHACK
[2023-10-12 16:00:06,889][root][INFO] - NOT MINIHACK
[2023-10-12 16:00:06,902][root][INFO] - NOT MINIHACK
[2023-10-12 16:00:06,907][root][INFO] - NOT MINIHACK
[2023-10-12 16:00:06,889][root][INFO] - NOT MINIHACK
[2023-10-12 16:00:07,023][root][INFO] - NOT MINIHACK
[2023-10-12 16:00:07,024][root][INFO] - NOT MINIHACK
[2023-10-12 16:00:07,024][root][INFO] - NOT MINIHACK
[2023-10-12 16:00:07,024][root][INFO] - NOT MINIHACK
[2023-10-12 16:00:07,024][root][INFO] - NOT MINIHACK
[2023-10-12 16:00:07,024][root][INFO] - NOT MINIHACK
[2023-10-12 16:00:07,025][root][INFO] - NOT MINIHACK
[2023-10-12 16:00:07,027][root][INFO] - NOT MINIHACK
[2023-10-12 16:00:07,027][root][INFO] - NOT MINIHACK
[2023-10-12 16:00:07,027][root][INFO] - NOT MINIHACK
[2023-10-12 16:00:07,027][root][INFO] - NOT MINIHACK
[2023-10-12 16:00:07,031][root][INFO] - NOT MINIHACK
[2023-10-12 16:00:07,031][root][INFO] - NOT MINIHACK
[2023-10-12 16:00:07,031][root][INFO] - NOT MINIHACK
[2023-10-12 16:00:07,031][root][INFO] - NOT MINIHACK
[2023-10-12 16:00:07,035][root][INFO] - NOT MINIHACK
[2023-10-12 16:00:07,035][root][INFO] - NOT MINIHACK
[2023-10-12 16:00:07,035][root][INFO] - NOT MINIHACK
[2023-10-12 16:00:07,035][root][INFO] - NOT MINIHACK
[2023-10-12 16:00:07,035][root][INFO] - NOT MINIHACK
[2023-10-12 16:00:07,035][root][INFO] - NOT MINIHACK
[2023-10-12 16:00:07,035][root][INFO] - NOT MINIHACK
[2023-10-12 16:00:07,039][root][INFO] - NOT MINIHACK
[2023-10-12 16:00:07,039][root][INFO] - NOT MINIHACK
[2023-10-12 16:00:07,039][root][INFO] - NOT MINIHACK
[2023-10-12 16:00:07,039][root][INFO] - NOT MINIHACK
[2023-10-12 16:00:07,043][root][INFO] - NOT MINIHACK
[2023-10-12 16:00:07,047][root][INFO] - NOT MINIHACK
[2023-10-12 16:00:07,091][root][INFO] - NOT MINIHACK
[2023-10-12 16:00:07,091][root][INFO] - NOT MINIHACK
[2023-10-12 16:00:07,091][root][INFO] - NOT MINIHACK
[2023-10-12 16:00:07,091][root][INFO] - NOT MINIHACK
[2023-10-12 16:00:07,095][root][INFO] - NOT MINIHACK
[2023-10-12 16:00:07,095][root][INFO] - NOT MINIHACK
[2023-10-12 16:00:07,099][root][INFO] - NOT MINIHACK
[2023-10-12 16:00:07,099][root][INFO] - NOT MINIHACK
[2023-10-12 16:00:07,103][root][INFO] - NOT MINIHACK
[2023-10-12 16:00:07,103][root][INFO] - NOT MINIHACK
[2023-10-12 16:00:07,107][root][INFO] - NOT MINIHACK
[2023-10-12 16:00:07,107][root][INFO] - NOT MINIHACK
[2023-10-12 16:00:07,107][root][INFO] - NOT MINIHACK
[2023-10-12 16:00:07,112][root][INFO] - NOT MINIHACK
[2023-10-12 16:00:07,153][root][INFO] - <NormalizeReward<TransformObservation<NormalizeObservation<ClipAction<RecordEpisodeStatistics<FlattenObservation<TimeLimit<OrderEnforcing<PassiveEnvChecker<HalfCheetahEnv<HalfCheetah-v4>>>>>>>>>>>
[2023-10-12 16:00:07,126][root][INFO] - <NormalizeReward<TransformObservation<NormalizeObservation<ClipAction<RecordEpisodeStatistics<FlattenObservation<TimeLimit<OrderEnforcing<PassiveEnvChecker<HalfCheetahEnv<HalfCheetah-v4>>>>>>>>>>>
[2023-10-12 16:00:07,183][root][INFO] - <NormalizeReward<TransformObservation<NormalizeObservation<ClipAction<RecordEpisodeStatistics<FlattenObservation<TimeLimit<OrderEnforcing<PassiveEnvChecker<HalfCheetahEnv<HalfCheetah-v4>>>>>>>>>>>
[2023-10-12 16:00:07,265][root][INFO] - <NormalizeReward<TransformObservation<NormalizeObservation<ClipAction<RecordEpisodeStatistics<FlattenObservation<TimeLimit<OrderEnforcing<PassiveEnvChecker<HalfCheetahEnv<HalfCheetah-v4>>>>>>>>>>>
[2023-10-12 16:00:07,279][root][INFO] - <NormalizeReward<TransformObservation<NormalizeObservation<ClipAction<RecordEpisodeStatistics<FlattenObservation<TimeLimit<OrderEnforcing<PassiveEnvChecker<HalfCheetahEnv<HalfCheetah-v4>>>>>>>>>>>
[2023-10-12 16:00:07,328][root][INFO] - <NormalizeReward<TransformObservation<NormalizeObservation<ClipAction<RecordEpisodeStatistics<FlattenObservation<TimeLimit<OrderEnforcing<PassiveEnvChecker<HalfCheetahEnv<HalfCheetah-v4>>>>>>>>>>>
[2023-10-12 16:00:07,320][root][INFO] - <NormalizeReward<TransformObservation<NormalizeObservation<ClipAction<RecordEpisodeStatistics<FlattenObservation<TimeLimit<OrderEnforcing<PassiveEnvChecker<HalfCheetahEnv<HalfCheetah-v4>>>>>>>>>>>
[2023-10-12 16:00:07,349][root][INFO] - <NormalizeReward<TransformObservation<NormalizeObservation<ClipAction<RecordEpisodeStatistics<FlattenObservation<TimeLimit<OrderEnforcing<PassiveEnvChecker<HalfCheetahEnv<HalfCheetah-v4>>>>>>>>>>>
[2023-10-12 16:00:07,360][root][INFO] - <NormalizeReward<TransformObservation<NormalizeObservation<ClipAction<RecordEpisodeStatistics<FlattenObservation<TimeLimit<OrderEnforcing<PassiveEnvChecker<HalfCheetahEnv<HalfCheetah-v4>>>>>>>>>>>
[2023-10-12 16:00:07,345][root][INFO] - <NormalizeReward<TransformObservation<NormalizeObservation<ClipAction<RecordEpisodeStatistics<FlattenObservation<TimeLimit<OrderEnforcing<PassiveEnvChecker<HalfCheetahEnv<HalfCheetah-v4>>>>>>>>>>>
[2023-10-12 16:00:07,371][root][INFO] - <NormalizeReward<TransformObservation<NormalizeObservation<ClipAction<RecordEpisodeStatistics<FlattenObservation<TimeLimit<OrderEnforcing<PassiveEnvChecker<HalfCheetahEnv<HalfCheetah-v4>>>>>>>>>>>
[2023-10-12 16:00:07,442][root][INFO] - <NormalizeReward<TransformObservation<NormalizeObservation<ClipAction<RecordEpisodeStatistics<FlattenObservation<TimeLimit<OrderEnforcing<PassiveEnvChecker<HalfCheetahEnv<HalfCheetah-v4>>>>>>>>>>>
[2023-10-12 16:00:07,466][root][INFO] - <NormalizeReward<TransformObservation<NormalizeObservation<ClipAction<RecordEpisodeStatistics<FlattenObservation<TimeLimit<OrderEnforcing<PassiveEnvChecker<HalfCheetahEnv<HalfCheetah-v4>>>>>>>>>>>
[2023-10-12 16:00:07,487][root][INFO] - <NormalizeReward<TransformObservation<NormalizeObservation<ClipAction<RecordEpisodeStatistics<FlattenObservation<TimeLimit<OrderEnforcing<PassiveEnvChecker<HalfCheetahEnv<HalfCheetah-v4>>>>>>>>>>>
[2023-10-12 16:00:07,489][root][INFO] - <NormalizeReward<TransformObservation<NormalizeObservation<ClipAction<RecordEpisodeStatistics<FlattenObservation<TimeLimit<OrderEnforcing<PassiveEnvChecker<HalfCheetahEnv<HalfCheetah-v4>>>>>>>>>>>
[2023-10-12 16:00:07,512][root][INFO] - <NormalizeReward<TransformObservation<NormalizeObservation<ClipAction<RecordEpisodeStatistics<FlattenObservation<TimeLimit<OrderEnforcing<PassiveEnvChecker<HalfCheetahEnv<HalfCheetah-v4>>>>>>>>>>>
[2023-10-12 16:00:07,516][root][INFO] - <NormalizeReward<TransformObservation<NormalizeObservation<ClipAction<RecordEpisodeStatistics<FlattenObservation<TimeLimit<OrderEnforcing<PassiveEnvChecker<HalfCheetahEnv<HalfCheetah-v4>>>>>>>>>>>
[2023-10-12 16:00:07,524][root][INFO] - <NormalizeReward<TransformObservation<NormalizeObservation<ClipAction<RecordEpisodeStatistics<FlattenObservation<TimeLimit<OrderEnforcing<PassiveEnvChecker<HalfCheetahEnv<HalfCheetah-v4>>>>>>>>>>>
[2023-10-12 16:00:07,513][root][INFO] - <NormalizeReward<TransformObservation<NormalizeObservation<ClipAction<RecordEpisodeStatistics<FlattenObservation<TimeLimit<OrderEnforcing<PassiveEnvChecker<HalfCheetahEnv<HalfCheetah-v4>>>>>>>>>>>
[2023-10-12 16:00:07,523][root][INFO] - <NormalizeReward<TransformObservation<NormalizeObservation<ClipAction<RecordEpisodeStatistics<FlattenObservation<TimeLimit<OrderEnforcing<PassiveEnvChecker<HalfCheetahEnv<HalfCheetah-v4>>>>>>>>>>>
[2023-10-12 16:00:07,543][root][INFO] - <NormalizeReward<TransformObservation<NormalizeObservation<ClipAction<RecordEpisodeStatistics<FlattenObservation<TimeLimit<OrderEnforcing<PassiveEnvChecker<HalfCheetahEnv<HalfCheetah-v4>>>>>>>>>>>
[2023-10-12 16:00:07,556][root][INFO] - <NormalizeReward<TransformObservation<NormalizeObservation<ClipAction<RecordEpisodeStatistics<FlattenObservation<TimeLimit<OrderEnforcing<PassiveEnvChecker<HalfCheetahEnv<HalfCheetah-v4>>>>>>>>>>>
[2023-10-12 16:00:07,565][root][INFO] - <NormalizeReward<TransformObservation<NormalizeObservation<ClipAction<RecordEpisodeStatistics<FlattenObservation<TimeLimit<OrderEnforcing<PassiveEnvChecker<HalfCheetahEnv<HalfCheetah-v4>>>>>>>>>>>
[2023-10-12 16:00:07,545][root][INFO] - <NormalizeReward<TransformObservation<NormalizeObservation<ClipAction<RecordEpisodeStatistics<FlattenObservation<TimeLimit<OrderEnforcing<PassiveEnvChecker<HalfCheetahEnv<HalfCheetah-v4>>>>>>>>>>>
[2023-10-12 16:00:07,577][root][INFO] - <NormalizeReward<TransformObservation<NormalizeObservation<ClipAction<RecordEpisodeStatistics<FlattenObservation<TimeLimit<OrderEnforcing<PassiveEnvChecker<HalfCheetahEnv<HalfCheetah-v4>>>>>>>>>>>
[2023-10-12 16:00:07,603][root][INFO] - <NormalizeReward<TransformObservation<NormalizeObservation<ClipAction<RecordEpisodeStatistics<FlattenObservation<TimeLimit<OrderEnforcing<PassiveEnvChecker<HalfCheetahEnv<HalfCheetah-v4>>>>>>>>>>>
[2023-10-12 16:00:07,610][root][INFO] - <NormalizeReward<TransformObservation<NormalizeObservation<ClipAction<RecordEpisodeStatistics<FlattenObservation<TimeLimit<OrderEnforcing<PassiveEnvChecker<HalfCheetahEnv<HalfCheetah-v4>>>>>>>>>>>
[2023-10-12 16:00:07,611][root][INFO] - <NormalizeReward<TransformObservation<NormalizeObservation<ClipAction<RecordEpisodeStatistics<FlattenObservation<TimeLimit<OrderEnforcing<PassiveEnvChecker<HalfCheetahEnv<HalfCheetah-v4>>>>>>>>>>>
[2023-10-12 16:00:07,615][root][INFO] - <NormalizeReward<TransformObservation<NormalizeObservation<ClipAction<RecordEpisodeStatistics<FlattenObservation<TimeLimit<OrderEnforcing<PassiveEnvChecker<HalfCheetahEnv<HalfCheetah-v4>>>>>>>>>>>
[2023-10-12 16:00:07,618][root][INFO] - <NormalizeReward<TransformObservation<NormalizeObservation<ClipAction<RecordEpisodeStatistics<FlattenObservation<TimeLimit<OrderEnforcing<PassiveEnvChecker<HalfCheetahEnv<HalfCheetah-v4>>>>>>>>>>>
[2023-10-12 16:00:07,645][root][INFO] - <NormalizeReward<TransformObservation<NormalizeObservation<ClipAction<RecordEpisodeStatistics<FlattenObservation<TimeLimit<OrderEnforcing<PassiveEnvChecker<HalfCheetahEnv<HalfCheetah-v4>>>>>>>>>>>
[2023-10-12 16:00:07,649][root][INFO] - <NormalizeReward<TransformObservation<NormalizeObservation<ClipAction<RecordEpisodeStatistics<FlattenObservation<TimeLimit<OrderEnforcing<PassiveEnvChecker<HalfCheetahEnv<HalfCheetah-v4>>>>>>>>>>>
[2023-10-12 16:00:07,656][root][INFO] - <NormalizeReward<TransformObservation<NormalizeObservation<ClipAction<RecordEpisodeStatistics<FlattenObservation<TimeLimit<OrderEnforcing<PassiveEnvChecker<HalfCheetahEnv<HalfCheetah-v4>>>>>>>>>>>
[2023-10-12 16:00:07,674][root][INFO] - <NormalizeReward<TransformObservation<NormalizeObservation<ClipAction<RecordEpisodeStatistics<FlattenObservation<TimeLimit<OrderEnforcing<PassiveEnvChecker<HalfCheetahEnv<HalfCheetah-v4>>>>>>>>>>>
[2023-10-12 16:00:07,706][root][INFO] - <NormalizeReward<TransformObservation<NormalizeObservation<ClipAction<RecordEpisodeStatistics<FlattenObservation<TimeLimit<OrderEnforcing<PassiveEnvChecker<HalfCheetahEnv<HalfCheetah-v4>>>>>>>>>>>
[2023-10-12 16:00:07,706][root][INFO] - <NormalizeReward<TransformObservation<NormalizeObservation<ClipAction<RecordEpisodeStatistics<FlattenObservation<TimeLimit<OrderEnforcing<PassiveEnvChecker<HalfCheetahEnv<HalfCheetah-v4>>>>>>>>>>>
[2023-10-12 16:00:07,707][root][INFO] - <NormalizeReward<TransformObservation<NormalizeObservation<ClipAction<RecordEpisodeStatistics<FlattenObservation<TimeLimit<OrderEnforcing<PassiveEnvChecker<HalfCheetahEnv<HalfCheetah-v4>>>>>>>>>>>
[2023-10-12 16:00:07,707][root][INFO] - <NormalizeReward<TransformObservation<NormalizeObservation<ClipAction<RecordEpisodeStatistics<FlattenObservation<TimeLimit<OrderEnforcing<PassiveEnvChecker<HalfCheetahEnv<HalfCheetah-v4>>>>>>>>>>>
[2023-10-12 16:00:07,713][root][INFO] - <NormalizeReward<TransformObservation<NormalizeObservation<ClipAction<RecordEpisodeStatistics<FlattenObservation<TimeLimit<OrderEnforcing<PassiveEnvChecker<HalfCheetahEnv<HalfCheetah-v4>>>>>>>>>>>
[2023-10-12 16:00:07,716][root][INFO] - <NormalizeReward<TransformObservation<NormalizeObservation<ClipAction<RecordEpisodeStatistics<FlattenObservation<TimeLimit<OrderEnforcing<PassiveEnvChecker<HalfCheetahEnv<HalfCheetah-v4>>>>>>>>>>>
[2023-10-12 16:00:07,727][root][INFO] - <NormalizeReward<TransformObservation<NormalizeObservation<ClipAction<RecordEpisodeStatistics<FlattenObservation<TimeLimit<OrderEnforcing<PassiveEnvChecker<HalfCheetahEnv<HalfCheetah-v4>>>>>>>>>>>
[2023-10-12 16:00:07,722][root][INFO] - <NormalizeReward<TransformObservation<NormalizeObservation<ClipAction<RecordEpisodeStatistics<FlattenObservation<TimeLimit<OrderEnforcing<PassiveEnvChecker<HalfCheetahEnv<HalfCheetah-v4>>>>>>>>>>>
[2023-10-12 16:00:07,734][root][INFO] - <NormalizeReward<TransformObservation<NormalizeObservation<ClipAction<RecordEpisodeStatistics<FlattenObservation<TimeLimit<OrderEnforcing<PassiveEnvChecker<HalfCheetahEnv<HalfCheetah-v4>>>>>>>>>>>
[2023-10-12 16:00:07,734][root][INFO] - <NormalizeReward<TransformObservation<NormalizeObservation<ClipAction<RecordEpisodeStatistics<FlattenObservation<TimeLimit<OrderEnforcing<PassiveEnvChecker<HalfCheetahEnv<HalfCheetah-v4>>>>>>>>>>>
[2023-10-12 16:00:07,733][root][INFO] - <NormalizeReward<TransformObservation<NormalizeObservation<ClipAction<RecordEpisodeStatistics<FlattenObservation<TimeLimit<OrderEnforcing<PassiveEnvChecker<HalfCheetahEnv<HalfCheetah-v4>>>>>>>>>>>
[2023-10-12 16:00:07,735][root][INFO] - <NormalizeReward<TransformObservation<NormalizeObservation<ClipAction<RecordEpisodeStatistics<FlattenObservation<TimeLimit<OrderEnforcing<PassiveEnvChecker<HalfCheetahEnv<HalfCheetah-v4>>>>>>>>>>>
[2023-10-12 16:00:07,739][root][INFO] - <NormalizeReward<TransformObservation<NormalizeObservation<ClipAction<RecordEpisodeStatistics<FlattenObservation<TimeLimit<OrderEnforcing<PassiveEnvChecker<HalfCheetahEnv<HalfCheetah-v4>>>>>>>>>>>
[2023-10-12 16:00:07,739][root][INFO] - <NormalizeReward<TransformObservation<NormalizeObservation<ClipAction<RecordEpisodeStatistics<FlattenObservation<TimeLimit<OrderEnforcing<PassiveEnvChecker<HalfCheetahEnv<HalfCheetah-v4>>>>>>>>>>>
[2023-10-12 16:00:07,742][root][INFO] - <NormalizeReward<TransformObservation<NormalizeObservation<ClipAction<RecordEpisodeStatistics<FlattenObservation<TimeLimit<OrderEnforcing<PassiveEnvChecker<HalfCheetahEnv<HalfCheetah-v4>>>>>>>>>>>
[2023-10-12 16:00:07,745][root][INFO] - <NormalizeReward<TransformObservation<NormalizeObservation<ClipAction<RecordEpisodeStatistics<FlattenObservation<TimeLimit<OrderEnforcing<PassiveEnvChecker<HalfCheetahEnv<HalfCheetah-v4>>>>>>>>>>>
[2023-10-12 16:00:07,754][root][INFO] - <NormalizeReward<TransformObservation<NormalizeObservation<ClipAction<RecordEpisodeStatistics<FlattenObservation<TimeLimit<OrderEnforcing<PassiveEnvChecker<HalfCheetahEnv<HalfCheetah-v4>>>>>>>>>>>
[2023-10-12 16:00:07,741][root][INFO] - <NormalizeReward<TransformObservation<NormalizeObservation<ClipAction<RecordEpisodeStatistics<FlattenObservation<TimeLimit<OrderEnforcing<PassiveEnvChecker<HalfCheetahEnv<HalfCheetah-v4>>>>>>>>>>>
[2023-10-12 16:00:07,756][root][INFO] - <NormalizeReward<TransformObservation<NormalizeObservation<ClipAction<RecordEpisodeStatistics<FlattenObservation<TimeLimit<OrderEnforcing<PassiveEnvChecker<HalfCheetahEnv<HalfCheetah-v4>>>>>>>>>>>
[2023-10-12 16:00:07,759][root][INFO] - <NormalizeReward<TransformObservation<NormalizeObservation<ClipAction<RecordEpisodeStatistics<FlattenObservation<TimeLimit<OrderEnforcing<PassiveEnvChecker<HalfCheetahEnv<HalfCheetah-v4>>>>>>>>>>>
[2023-10-12 16:00:07,760][root][INFO] - <NormalizeReward<TransformObservation<NormalizeObservation<ClipAction<RecordEpisodeStatistics<FlattenObservation<TimeLimit<OrderEnforcing<PassiveEnvChecker<HalfCheetahEnv<HalfCheetah-v4>>>>>>>>>>>
[2023-10-12 16:00:07,761][root][INFO] - <NormalizeReward<TransformObservation<NormalizeObservation<ClipAction<RecordEpisodeStatistics<FlattenObservation<TimeLimit<OrderEnforcing<PassiveEnvChecker<HalfCheetahEnv<HalfCheetah-v4>>>>>>>>>>>
[2023-10-12 16:00:07,762][root][INFO] - <NormalizeReward<TransformObservation<NormalizeObservation<ClipAction<RecordEpisodeStatistics<FlattenObservation<TimeLimit<OrderEnforcing<PassiveEnvChecker<HalfCheetahEnv<HalfCheetah-v4>>>>>>>>>>>
[2023-10-12 16:00:07,762][root][INFO] - <NormalizeReward<TransformObservation<NormalizeObservation<ClipAction<RecordEpisodeStatistics<FlattenObservation<TimeLimit<OrderEnforcing<PassiveEnvChecker<HalfCheetahEnv<HalfCheetah-v4>>>>>>>>>>>
[2023-10-12 16:00:07,765][root][INFO] - <NormalizeReward<TransformObservation<NormalizeObservation<ClipAction<RecordEpisodeStatistics<FlattenObservation<TimeLimit<OrderEnforcing<PassiveEnvChecker<HalfCheetahEnv<HalfCheetah-v4>>>>>>>>>>>
[2023-10-12 16:00:07,768][root][INFO] - <NormalizeReward<TransformObservation<NormalizeObservation<ClipAction<RecordEpisodeStatistics<FlattenObservation<TimeLimit<OrderEnforcing<PassiveEnvChecker<HalfCheetahEnv<HalfCheetah-v4>>>>>>>>>>>
[2023-10-12 16:00:07,768][root][INFO] - <NormalizeReward<TransformObservation<NormalizeObservation<ClipAction<RecordEpisodeStatistics<FlattenObservation<TimeLimit<OrderEnforcing<PassiveEnvChecker<HalfCheetahEnv<HalfCheetah-v4>>>>>>>>>>>
[2023-10-12 16:00:07,770][root][INFO] - <NormalizeReward<TransformObservation<NormalizeObservation<ClipAction<RecordEpisodeStatistics<FlattenObservation<TimeLimit<OrderEnforcing<PassiveEnvChecker<HalfCheetahEnv<HalfCheetah-v4>>>>>>>>>>>
[2023-10-12 16:00:07,773][root][INFO] - <NormalizeReward<TransformObservation<NormalizeObservation<ClipAction<RecordEpisodeStatistics<FlattenObservation<TimeLimit<OrderEnforcing<PassiveEnvChecker<HalfCheetahEnv<HalfCheetah-v4>>>>>>>>>>>
[2023-10-12 16:00:07,775][root][INFO] - <NormalizeReward<TransformObservation<NormalizeObservation<ClipAction<RecordEpisodeStatistics<FlattenObservation<TimeLimit<OrderEnforcing<PassiveEnvChecker<HalfCheetahEnv<HalfCheetah-v4>>>>>>>>>>>
[2023-10-12 16:00:07,780][root][INFO] - <NormalizeReward<TransformObservation<NormalizeObservation<ClipAction<RecordEpisodeStatistics<FlattenObservation<TimeLimit<OrderEnforcing<PassiveEnvChecker<HalfCheetahEnv<HalfCheetah-v4>>>>>>>>>>>
[2023-10-12 16:00:07,783][root][INFO] - <NormalizeReward<TransformObservation<NormalizeObservation<ClipAction<RecordEpisodeStatistics<FlattenObservation<TimeLimit<OrderEnforcing<PassiveEnvChecker<HalfCheetahEnv<HalfCheetah-v4>>>>>>>>>>>
[2023-10-12 16:00:07,790][root][INFO] - <NormalizeReward<TransformObservation<NormalizeObservation<ClipAction<RecordEpisodeStatistics<FlattenObservation<TimeLimit<OrderEnforcing<PassiveEnvChecker<HalfCheetahEnv<HalfCheetah-v4>>>>>>>>>>>
[2023-10-12 16:00:07,790][root][INFO] - <NormalizeReward<TransformObservation<NormalizeObservation<ClipAction<RecordEpisodeStatistics<FlattenObservation<TimeLimit<OrderEnforcing<PassiveEnvChecker<HalfCheetahEnv<HalfCheetah-v4>>>>>>>>>>>
[2023-10-12 16:00:07,795][root][INFO] - <NormalizeReward<TransformObservation<NormalizeObservation<ClipAction<RecordEpisodeStatistics<FlattenObservation<TimeLimit<OrderEnforcing<PassiveEnvChecker<HalfCheetahEnv<HalfCheetah-v4>>>>>>>>>>>
[2023-10-12 16:00:07,881][root][INFO] - NOT MINIHACK
[2023-10-12 16:00:07,881][root][INFO] - NOT MINIHACK
[2023-10-12 16:00:07,881][root][INFO] - NOT MINIHACK
[2023-10-12 16:00:07,881][root][INFO] - NOT MINIHACK
[2023-10-12 16:00:07,888][root][INFO] - NOT MINIHACK
[2023-10-12 16:00:07,892][root][INFO] - NOT MINIHACK
[2023-10-12 16:00:07,942][root][INFO] - NOT MINIHACK
[2023-10-12 16:00:07,957][root][INFO] - NOT MINIHACK
[2023-10-12 16:00:07,958][root][INFO] - NOT MINIHACK
[2023-10-12 16:00:07,963][root][INFO] - NOT MINIHACK
[2023-10-12 16:00:07,963][root][INFO] - NOT MINIHACK
[2023-10-12 16:00:07,963][root][INFO] - NOT MINIHACK
[2023-10-12 16:00:07,964][root][INFO] - NOT MINIHACK
[2023-10-12 16:00:07,964][root][INFO] - NOT MINIHACK
[2023-10-12 16:00:07,964][root][INFO] - NOT MINIHACK
[2023-10-12 16:00:07,964][root][INFO] - NOT MINIHACK
[2023-10-12 16:00:07,964][root][INFO] - NOT MINIHACK
[2023-10-12 16:00:07,964][root][INFO] - NOT MINIHACK
[2023-10-12 16:00:07,967][root][INFO] - NOT MINIHACK
[2023-10-12 16:00:07,967][root][INFO] - NOT MINIHACK
[2023-10-12 16:00:07,969][root][INFO] - NOT MINIHACK
[2023-10-12 16:00:07,970][root][INFO] - NOT MINIHACK
[2023-10-12 16:00:07,971][root][INFO] - NOT MINIHACK
[2023-10-12 16:00:07,971][root][INFO] - NOT MINIHACK
[2023-10-12 16:00:07,971][root][INFO] - NOT MINIHACK
[2023-10-12 16:00:07,973][root][INFO] - NOT MINIHACK
[2023-10-12 16:00:07,973][root][INFO] - NOT MINIHACK
[2023-10-12 16:00:07,973][root][INFO] - NOT MINIHACK
[2023-10-12 16:00:07,975][root][INFO] - NOT MINIHACK
[2023-10-12 16:00:07,975][root][INFO] - NOT MINIHACK
[2023-10-12 16:00:07,975][root][INFO] - NOT MINIHACK
[2023-10-12 16:00:07,975][root][INFO] - NOT MINIHACK
[2023-10-12 16:00:07,976][root][INFO] - NOT MINIHACK
[2023-10-12 16:00:07,979][root][INFO] - NOT MINIHACK
[2023-10-12 16:00:07,979][root][INFO] - NOT MINIHACK
[2023-10-12 16:00:07,979][root][INFO] - NOT MINIHACK
[2023-10-12 16:00:07,979][root][INFO] - NOT MINIHACK
[2023-10-12 16:00:07,977][root][INFO] - NOT MINIHACK
[2023-10-12 16:00:07,983][root][INFO] - NOT MINIHACK
[2023-10-12 16:00:07,983][root][INFO] - NOT MINIHACK
[2023-10-12 16:00:07,983][root][INFO] - NOT MINIHACK
[2023-10-12 16:00:07,986][root][INFO] - NOT MINIHACK
[2023-10-12 16:00:07,987][root][INFO] - NOT MINIHACK
[2023-10-12 16:00:07,987][root][INFO] - NOT MINIHACK
[2023-10-12 16:00:07,987][root][INFO] - NOT MINIHACK
[2023-10-12 16:00:07,989][root][INFO] - NOT MINIHACK
[2023-10-12 16:00:07,991][root][INFO] - NOT MINIHACK
[2023-10-12 16:00:07,991][root][INFO] - NOT MINIHACK
[2023-10-12 16:00:07,995][root][INFO] - NOT MINIHACK
[2023-10-12 16:00:07,995][root][INFO] - NOT MINIHACK
[2023-10-12 16:00:07,995][root][INFO] - NOT MINIHACK
[2023-10-12 16:00:07,999][root][INFO] - NOT MINIHACK
[2023-10-12 16:00:07,999][root][INFO] - NOT MINIHACK
[2023-10-12 16:00:08,003][root][INFO] - NOT MINIHACK
[2023-10-12 16:00:08,008][root][INFO] - NOT MINIHACK
[2023-10-12 16:00:08,008][root][INFO] - NOT MINIHACK
[2023-10-12 16:00:08,055][root][INFO] - NOT MINIHACK
[2023-10-12 16:00:08,071][root][INFO] - NOT MINIHACK
[2023-10-12 16:00:08,083][root][INFO] - NOT MINIHACK
[2023-10-12 16:00:08,181][root][INFO] - <NormalizeReward<TransformObservation<NormalizeObservation<ClipAction<RecordEpisodeStatistics<FlattenObservation<TimeLimit<OrderEnforcing<PassiveEnvChecker<HalfCheetahEnv<HalfCheetah-v4>>>>>>>>>>>
[2023-10-12 16:00:08,174][root][INFO] - <NormalizeReward<TransformObservation<NormalizeObservation<ClipAction<RecordEpisodeStatistics<FlattenObservation<TimeLimit<OrderEnforcing<PassiveEnvChecker<HalfCheetahEnv<HalfCheetah-v4>>>>>>>>>>>
[2023-10-12 16:00:08,192][root][INFO] - <NormalizeReward<TransformObservation<NormalizeObservation<ClipAction<RecordEpisodeStatistics<FlattenObservation<TimeLimit<OrderEnforcing<PassiveEnvChecker<HalfCheetahEnv<HalfCheetah-v4>>>>>>>>>>>
[2023-10-12 16:00:08,230][root][INFO] - <NormalizeReward<TransformObservation<NormalizeObservation<ClipAction<RecordEpisodeStatistics<FlattenObservation<TimeLimit<OrderEnforcing<PassiveEnvChecker<HalfCheetahEnv<HalfCheetah-v4>>>>>>>>>>>
[2023-10-12 16:00:08,304][root][INFO] - <NormalizeReward<TransformObservation<NormalizeObservation<ClipAction<RecordEpisodeStatistics<FlattenObservation<TimeLimit<OrderEnforcing<PassiveEnvChecker<HalfCheetahEnv<HalfCheetah-v4>>>>>>>>>>>
[2023-10-12 16:00:08,341][root][INFO] - <NormalizeReward<TransformObservation<NormalizeObservation<ClipAction<RecordEpisodeStatistics<FlattenObservation<TimeLimit<OrderEnforcing<PassiveEnvChecker<HalfCheetahEnv<HalfCheetah-v4>>>>>>>>>>>
[2023-10-12 16:00:08,438][root][INFO] - <NormalizeReward<TransformObservation<NormalizeObservation<ClipAction<RecordEpisodeStatistics<FlattenObservation<TimeLimit<OrderEnforcing<PassiveEnvChecker<HalfCheetahEnv<HalfCheetah-v4>>>>>>>>>>>
[2023-10-12 16:00:08,523][root][INFO] - <NormalizeReward<TransformObservation<NormalizeObservation<ClipAction<RecordEpisodeStatistics<FlattenObservation<TimeLimit<OrderEnforcing<PassiveEnvChecker<HalfCheetahEnv<HalfCheetah-v4>>>>>>>>>>>
[2023-10-12 16:00:08,528][root][INFO] - <NormalizeReward<TransformObservation<NormalizeObservation<ClipAction<RecordEpisodeStatistics<FlattenObservation<TimeLimit<OrderEnforcing<PassiveEnvChecker<HalfCheetahEnv<HalfCheetah-v4>>>>>>>>>>>
[2023-10-12 16:00:08,529][root][INFO] - <NormalizeReward<TransformObservation<NormalizeObservation<ClipAction<RecordEpisodeStatistics<FlattenObservation<TimeLimit<OrderEnforcing<PassiveEnvChecker<HalfCheetahEnv<HalfCheetah-v4>>>>>>>>>>>
[2023-10-12 16:00:08,535][root][INFO] - <NormalizeReward<TransformObservation<NormalizeObservation<ClipAction<RecordEpisodeStatistics<FlattenObservation<TimeLimit<OrderEnforcing<PassiveEnvChecker<HalfCheetahEnv<HalfCheetah-v4>>>>>>>>>>>
[2023-10-12 16:00:08,538][root][INFO] - <NormalizeReward<TransformObservation<NormalizeObservation<ClipAction<RecordEpisodeStatistics<FlattenObservation<TimeLimit<OrderEnforcing<PassiveEnvChecker<HalfCheetahEnv<HalfCheetah-v4>>>>>>>>>>>
[2023-10-12 16:00:08,569][root][INFO] - <NormalizeReward<TransformObservation<NormalizeObservation<ClipAction<RecordEpisodeStatistics<FlattenObservation<TimeLimit<OrderEnforcing<PassiveEnvChecker<HalfCheetahEnv<HalfCheetah-v4>>>>>>>>>>>
[2023-10-12 16:00:08,577][root][INFO] - <NormalizeReward<TransformObservation<NormalizeObservation<ClipAction<RecordEpisodeStatistics<FlattenObservation<TimeLimit<OrderEnforcing<PassiveEnvChecker<HalfCheetahEnv<HalfCheetah-v4>>>>>>>>>>>
[2023-10-12 16:00:08,541][root][INFO] - <NormalizeReward<TransformObservation<NormalizeObservation<ClipAction<RecordEpisodeStatistics<FlattenObservation<TimeLimit<OrderEnforcing<PassiveEnvChecker<HalfCheetahEnv<HalfCheetah-v4>>>>>>>>>>>
[2023-10-12 16:00:08,565][root][INFO] - <NormalizeReward<TransformObservation<NormalizeObservation<ClipAction<RecordEpisodeStatistics<FlattenObservation<TimeLimit<OrderEnforcing<PassiveEnvChecker<HalfCheetahEnv<HalfCheetah-v4>>>>>>>>>>>
[2023-10-12 16:00:08,584][root][INFO] - <NormalizeReward<TransformObservation<NormalizeObservation<ClipAction<RecordEpisodeStatistics<FlattenObservation<TimeLimit<OrderEnforcing<PassiveEnvChecker<HalfCheetahEnv<HalfCheetah-v4>>>>>>>>>>>
[2023-10-12 16:00:08,588][root][INFO] - <NormalizeReward<TransformObservation<NormalizeObservation<ClipAction<RecordEpisodeStatistics<FlattenObservation<TimeLimit<OrderEnforcing<PassiveEnvChecker<HalfCheetahEnv<HalfCheetah-v4>>>>>>>>>>>
[2023-10-12 16:00:08,572][root][INFO] - <NormalizeReward<TransformObservation<NormalizeObservation<ClipAction<RecordEpisodeStatistics<FlattenObservation<TimeLimit<OrderEnforcing<PassiveEnvChecker<HalfCheetahEnv<HalfCheetah-v4>>>>>>>>>>>
[2023-10-12 16:00:08,597][root][INFO] - <NormalizeReward<TransformObservation<NormalizeObservation<ClipAction<RecordEpisodeStatistics<FlattenObservation<TimeLimit<OrderEnforcing<PassiveEnvChecker<HalfCheetahEnv<HalfCheetah-v4>>>>>>>>>>>
[2023-10-12 16:00:08,597][root][INFO] - <NormalizeReward<TransformObservation<NormalizeObservation<ClipAction<RecordEpisodeStatistics<FlattenObservation<TimeLimit<OrderEnforcing<PassiveEnvChecker<HalfCheetahEnv<HalfCheetah-v4>>>>>>>>>>>
[2023-10-12 16:00:08,590][root][INFO] - <NormalizeReward<TransformObservation<NormalizeObservation<ClipAction<RecordEpisodeStatistics<FlattenObservation<TimeLimit<OrderEnforcing<PassiveEnvChecker<HalfCheetahEnv<HalfCheetah-v4>>>>>>>>>>>
[2023-10-12 16:00:08,600][root][INFO] - <NormalizeReward<TransformObservation<NormalizeObservation<ClipAction<RecordEpisodeStatistics<FlattenObservation<TimeLimit<OrderEnforcing<PassiveEnvChecker<HalfCheetahEnv<HalfCheetah-v4>>>>>>>>>>>
[2023-10-12 16:00:08,603][root][INFO] - <NormalizeReward<TransformObservation<NormalizeObservation<ClipAction<RecordEpisodeStatistics<FlattenObservation<TimeLimit<OrderEnforcing<PassiveEnvChecker<HalfCheetahEnv<HalfCheetah-v4>>>>>>>>>>>
[2023-10-12 16:00:08,603][root][INFO] - <NormalizeReward<TransformObservation<NormalizeObservation<ClipAction<RecordEpisodeStatistics<FlattenObservation<TimeLimit<OrderEnforcing<PassiveEnvChecker<HalfCheetahEnv<HalfCheetah-v4>>>>>>>>>>>
[2023-10-12 16:00:08,598][root][INFO] - <NormalizeReward<TransformObservation<NormalizeObservation<ClipAction<RecordEpisodeStatistics<FlattenObservation<TimeLimit<OrderEnforcing<PassiveEnvChecker<HalfCheetahEnv<HalfCheetah-v4>>>>>>>>>>>
[2023-10-12 16:00:08,608][root][INFO] - <NormalizeReward<TransformObservation<NormalizeObservation<ClipAction<RecordEpisodeStatistics<FlattenObservation<TimeLimit<OrderEnforcing<PassiveEnvChecker<HalfCheetahEnv<HalfCheetah-v4>>>>>>>>>>>
[2023-10-12 16:00:08,577][root][INFO] - <NormalizeReward<TransformObservation<NormalizeObservation<ClipAction<RecordEpisodeStatistics<FlattenObservation<TimeLimit<OrderEnforcing<PassiveEnvChecker<HalfCheetahEnv<HalfCheetah-v4>>>>>>>>>>>
[2023-10-12 16:00:08,612][root][INFO] - <NormalizeReward<TransformObservation<NormalizeObservation<ClipAction<RecordEpisodeStatistics<FlattenObservation<TimeLimit<OrderEnforcing<PassiveEnvChecker<HalfCheetahEnv<HalfCheetah-v4>>>>>>>>>>>
[2023-10-12 16:00:08,618][root][INFO] - <NormalizeReward<TransformObservation<NormalizeObservation<ClipAction<RecordEpisodeStatistics<FlattenObservation<TimeLimit<OrderEnforcing<PassiveEnvChecker<HalfCheetahEnv<HalfCheetah-v4>>>>>>>>>>>
[2023-10-12 16:00:08,618][root][INFO] - <NormalizeReward<TransformObservation<NormalizeObservation<ClipAction<RecordEpisodeStatistics<FlattenObservation<TimeLimit<OrderEnforcing<PassiveEnvChecker<HalfCheetahEnv<HalfCheetah-v4>>>>>>>>>>>
[2023-10-12 16:00:08,622][root][INFO] - <NormalizeReward<TransformObservation<NormalizeObservation<ClipAction<RecordEpisodeStatistics<FlattenObservation<TimeLimit<OrderEnforcing<PassiveEnvChecker<HalfCheetahEnv<HalfCheetah-v4>>>>>>>>>>>
[2023-10-12 16:00:08,585][root][INFO] - <NormalizeReward<TransformObservation<NormalizeObservation<ClipAction<RecordEpisodeStatistics<FlattenObservation<TimeLimit<OrderEnforcing<PassiveEnvChecker<HalfCheetahEnv<HalfCheetah-v4>>>>>>>>>>>
[2023-10-12 16:00:08,626][root][INFO] - <NormalizeReward<TransformObservation<NormalizeObservation<ClipAction<RecordEpisodeStatistics<FlattenObservation<TimeLimit<OrderEnforcing<PassiveEnvChecker<HalfCheetahEnv<HalfCheetah-v4>>>>>>>>>>>
[2023-10-12 16:00:08,629][root][INFO] - <NormalizeReward<TransformObservation<NormalizeObservation<ClipAction<RecordEpisodeStatistics<FlattenObservation<TimeLimit<OrderEnforcing<PassiveEnvChecker<HalfCheetahEnv<HalfCheetah-v4>>>>>>>>>>>
[2023-10-12 16:00:08,629][root][INFO] - <NormalizeReward<TransformObservation<NormalizeObservation<ClipAction<RecordEpisodeStatistics<FlattenObservation<TimeLimit<OrderEnforcing<PassiveEnvChecker<HalfCheetahEnv<HalfCheetah-v4>>>>>>>>>>>
[2023-10-12 16:00:08,596][root][INFO] - <NormalizeReward<TransformObservation<NormalizeObservation<ClipAction<RecordEpisodeStatistics<FlattenObservation<TimeLimit<OrderEnforcing<PassiveEnvChecker<HalfCheetahEnv<HalfCheetah-v4>>>>>>>>>>>
[2023-10-12 16:00:08,633][root][INFO] - <NormalizeReward<TransformObservation<NormalizeObservation<ClipAction<RecordEpisodeStatistics<FlattenObservation<TimeLimit<OrderEnforcing<PassiveEnvChecker<HalfCheetahEnv<HalfCheetah-v4>>>>>>>>>>>
[2023-10-12 16:00:08,636][root][INFO] - <NormalizeReward<TransformObservation<NormalizeObservation<ClipAction<RecordEpisodeStatistics<FlattenObservation<TimeLimit<OrderEnforcing<PassiveEnvChecker<HalfCheetahEnv<HalfCheetah-v4>>>>>>>>>>>
[2023-10-12 16:00:08,638][root][INFO] - <NormalizeReward<TransformObservation<NormalizeObservation<ClipAction<RecordEpisodeStatistics<FlattenObservation<TimeLimit<OrderEnforcing<PassiveEnvChecker<HalfCheetahEnv<HalfCheetah-v4>>>>>>>>>>>
[2023-10-12 16:00:08,641][root][INFO] - <NormalizeReward<TransformObservation<NormalizeObservation<ClipAction<RecordEpisodeStatistics<FlattenObservation<TimeLimit<OrderEnforcing<PassiveEnvChecker<HalfCheetahEnv<HalfCheetah-v4>>>>>>>>>>>
[2023-10-12 16:00:08,644][root][INFO] - <NormalizeReward<TransformObservation<NormalizeObservation<ClipAction<RecordEpisodeStatistics<FlattenObservation<TimeLimit<OrderEnforcing<PassiveEnvChecker<HalfCheetahEnv<HalfCheetah-v4>>>>>>>>>>>
[2023-10-12 16:00:08,648][root][INFO] - <NormalizeReward<TransformObservation<NormalizeObservation<ClipAction<RecordEpisodeStatistics<FlattenObservation<TimeLimit<OrderEnforcing<PassiveEnvChecker<HalfCheetahEnv<HalfCheetah-v4>>>>>>>>>>>
[2023-10-12 16:00:08,649][root][INFO] - <NormalizeReward<TransformObservation<NormalizeObservation<ClipAction<RecordEpisodeStatistics<FlattenObservation<TimeLimit<OrderEnforcing<PassiveEnvChecker<HalfCheetahEnv<HalfCheetah-v4>>>>>>>>>>>
[2023-10-12 16:00:08,649][root][INFO] - <NormalizeReward<TransformObservation<NormalizeObservation<ClipAction<RecordEpisodeStatistics<FlattenObservation<TimeLimit<OrderEnforcing<PassiveEnvChecker<HalfCheetahEnv<HalfCheetah-v4>>>>>>>>>>>
[2023-10-12 16:00:08,649][root][INFO] - <NormalizeReward<TransformObservation<NormalizeObservation<ClipAction<RecordEpisodeStatistics<FlattenObservation<TimeLimit<OrderEnforcing<PassiveEnvChecker<HalfCheetahEnv<HalfCheetah-v4>>>>>>>>>>>
[2023-10-12 16:00:08,649][root][INFO] - <NormalizeReward<TransformObservation<NormalizeObservation<ClipAction<RecordEpisodeStatistics<FlattenObservation<TimeLimit<OrderEnforcing<PassiveEnvChecker<HalfCheetahEnv<HalfCheetah-v4>>>>>>>>>>>
[2023-10-12 16:00:08,659][root][INFO] - <NormalizeReward<TransformObservation<NormalizeObservation<ClipAction<RecordEpisodeStatistics<FlattenObservation<TimeLimit<OrderEnforcing<PassiveEnvChecker<HalfCheetahEnv<HalfCheetah-v4>>>>>>>>>>>
[2023-10-12 16:00:08,659][root][INFO] - <NormalizeReward<TransformObservation<NormalizeObservation<ClipAction<RecordEpisodeStatistics<FlattenObservation<TimeLimit<OrderEnforcing<PassiveEnvChecker<HalfCheetahEnv<HalfCheetah-v4>>>>>>>>>>>
[2023-10-12 16:00:08,661][root][INFO] - <NormalizeReward<TransformObservation<NormalizeObservation<ClipAction<RecordEpisodeStatistics<FlattenObservation<TimeLimit<OrderEnforcing<PassiveEnvChecker<HalfCheetahEnv<HalfCheetah-v4>>>>>>>>>>>
[2023-10-12 16:00:08,662][root][INFO] - <NormalizeReward<TransformObservation<NormalizeObservation<ClipAction<RecordEpisodeStatistics<FlattenObservation<TimeLimit<OrderEnforcing<PassiveEnvChecker<HalfCheetahEnv<HalfCheetah-v4>>>>>>>>>>>
[2023-10-12 16:00:08,661][root][INFO] - <NormalizeReward<TransformObservation<NormalizeObservation<ClipAction<RecordEpisodeStatistics<FlattenObservation<TimeLimit<OrderEnforcing<PassiveEnvChecker<HalfCheetahEnv<HalfCheetah-v4>>>>>>>>>>>
[2023-10-12 16:00:08,662][root][INFO] - <NormalizeReward<TransformObservation<NormalizeObservation<ClipAction<RecordEpisodeStatistics<FlattenObservation<TimeLimit<OrderEnforcing<PassiveEnvChecker<HalfCheetahEnv<HalfCheetah-v4>>>>>>>>>>>
[2023-10-12 16:00:08,662][root][INFO] - <NormalizeReward<TransformObservation<NormalizeObservation<ClipAction<RecordEpisodeStatistics<FlattenObservation<TimeLimit<OrderEnforcing<PassiveEnvChecker<HalfCheetahEnv<HalfCheetah-v4>>>>>>>>>>>
[2023-10-12 16:00:08,665][root][INFO] - <NormalizeReward<TransformObservation<NormalizeObservation<ClipAction<RecordEpisodeStatistics<FlattenObservation<TimeLimit<OrderEnforcing<PassiveEnvChecker<HalfCheetahEnv<HalfCheetah-v4>>>>>>>>>>>
[2023-10-12 16:00:08,667][root][INFO] - <NormalizeReward<TransformObservation<NormalizeObservation<ClipAction<RecordEpisodeStatistics<FlattenObservation<TimeLimit<OrderEnforcing<PassiveEnvChecker<HalfCheetahEnv<HalfCheetah-v4>>>>>>>>>>>
[2023-10-12 16:00:08,669][root][INFO] - <NormalizeReward<TransformObservation<NormalizeObservation<ClipAction<RecordEpisodeStatistics<FlattenObservation<TimeLimit<OrderEnforcing<PassiveEnvChecker<HalfCheetahEnv<HalfCheetah-v4>>>>>>>>>>>
[2023-10-12 16:00:08,669][root][INFO] - <NormalizeReward<TransformObservation<NormalizeObservation<ClipAction<RecordEpisodeStatistics<FlattenObservation<TimeLimit<OrderEnforcing<PassiveEnvChecker<HalfCheetahEnv<HalfCheetah-v4>>>>>>>>>>>
[2023-10-12 16:00:08,671][root][INFO] - <NormalizeReward<TransformObservation<NormalizeObservation<ClipAction<RecordEpisodeStatistics<FlattenObservation<TimeLimit<OrderEnforcing<PassiveEnvChecker<HalfCheetahEnv<HalfCheetah-v4>>>>>>>>>>>
[2023-10-12 16:00:09,252][root][INFO] - NOT MINIHACK
[2023-10-12 16:00:09,263][root][INFO] - NOT MINIHACK
[2023-10-12 16:00:09,267][root][INFO] - NOT MINIHACK
[2023-10-12 16:00:09,279][root][INFO] - NOT MINIHACK
[2023-10-12 16:00:09,295][root][INFO] - NOT MINIHACK
[2023-10-12 16:00:09,295][root][INFO] - NOT MINIHACK
[2023-10-12 16:00:09,307][root][INFO] - NOT MINIHACK
[2023-10-12 16:00:09,307][root][INFO] - NOT MINIHACK
[2023-10-12 16:00:09,311][root][INFO] - NOT MINIHACK
[2023-10-12 16:00:09,316][root][INFO] - NOT MINIHACK
[2023-10-12 16:00:09,323][root][INFO] - NOT MINIHACK
[2023-10-12 16:00:09,326][root][INFO] - NOT MINIHACK
[2023-10-12 16:00:09,343][root][INFO] - NOT MINIHACK
[2023-10-12 16:00:09,343][root][INFO] - NOT MINIHACK
[2023-10-12 16:00:09,343][root][INFO] - NOT MINIHACK
[2023-10-12 16:00:09,351][root][INFO] - NOT MINIHACK
[2023-10-12 16:00:09,355][root][INFO] - NOT MINIHACK
[2023-10-12 16:00:09,360][root][INFO] - NOT MINIHACK
[2023-10-12 16:00:09,362][root][INFO] - NOT MINIHACK
[2023-10-12 16:00:09,363][root][INFO] - NOT MINIHACK
[2023-10-12 16:00:09,379][root][INFO] - NOT MINIHACK
[2023-10-12 16:00:09,383][root][INFO] - NOT MINIHACK
[2023-10-12 16:00:09,383][root][INFO] - NOT MINIHACK
[2023-10-12 16:00:09,395][root][INFO] - NOT MINIHACK
[2023-10-12 16:00:09,397][root][INFO] - NOT MINIHACK
[2023-10-12 16:00:09,399][root][INFO] - NOT MINIHACK
[2023-10-12 16:00:09,399][root][INFO] - NOT MINIHACK
[2023-10-12 16:00:09,415][root][INFO] - NOT MINIHACK
[2023-10-12 16:00:09,416][root][INFO] - NOT MINIHACK
[2023-10-12 16:00:09,423][root][INFO] - NOT MINIHACK
[2023-10-12 16:00:09,431][root][INFO] - NOT MINIHACK
[2023-10-12 16:00:09,433][root][INFO] - NOT MINIHACK
[2023-10-12 16:00:09,432][root][INFO] - NOT MINIHACK
[2023-10-12 16:00:09,435][root][INFO] - NOT MINIHACK
[2023-10-12 16:00:09,449][root][INFO] - NOT MINIHACK
[2023-10-12 16:00:09,451][root][INFO] - NOT MINIHACK
[2023-10-12 16:00:09,455][root][INFO] - NOT MINIHACK
[2023-10-12 16:00:09,455][root][INFO] - NOT MINIHACK
[2023-10-12 16:00:09,459][root][INFO] - NOT MINIHACK
[2023-10-12 16:00:09,463][root][INFO] - NOT MINIHACK
[2023-10-12 16:00:09,471][root][INFO] - NOT MINIHACK
[2023-10-12 16:00:09,471][root][INFO] - NOT MINIHACK
[2023-10-12 16:00:09,476][root][INFO] - NOT MINIHACK
[2023-10-12 16:00:09,487][root][INFO] - NOT MINIHACK
[2023-10-12 16:00:09,487][root][INFO] - NOT MINIHACK
[2023-10-12 16:00:09,495][root][INFO] - NOT MINIHACK
[2023-10-12 16:00:09,495][root][INFO] - NOT MINIHACK
[2023-10-12 16:00:09,499][root][INFO] - NOT MINIHACK
[2023-10-12 16:00:09,499][root][INFO] - NOT MINIHACK
[2023-10-12 16:00:09,512][root][INFO] - NOT MINIHACK
[2023-10-12 16:00:09,523][root][INFO] - NOT MINIHACK
[2023-10-12 16:00:09,539][root][INFO] - NOT MINIHACK
[2023-10-12 16:00:09,539][root][INFO] - NOT MINIHACK
[2023-10-12 16:00:09,542][root][INFO] - NOT MINIHACK
[2023-10-12 16:00:09,543][root][INFO] - NOT MINIHACK
[2023-10-12 16:00:09,543][root][INFO] - NOT MINIHACK
[2023-10-12 16:00:09,559][root][INFO] - NOT MINIHACK
[2023-10-12 16:00:09,559][root][INFO] - NOT MINIHACK
[2023-10-12 16:00:09,559][root][INFO] - NOT MINIHACK
[2023-10-12 16:00:09,567][root][INFO] - NOT MINIHACK
[2023-10-12 16:00:09,579][root][INFO] - NOT MINIHACK
[2023-10-12 16:00:09,587][root][INFO] - NOT MINIHACK
[2023-10-12 16:00:09,587][root][INFO] - NOT MINIHACK
[2023-10-12 16:00:09,587][root][INFO] - NOT MINIHACK
[2023-10-12 16:00:09,595][root][INFO] - NOT MINIHACK
[2023-10-12 16:00:09,603][root][INFO] - NOT MINIHACK
[2023-10-12 16:00:09,599][root][INFO] - NOT MINIHACK
[2023-10-12 16:00:09,624][root][INFO] - NOT MINIHACK
[2023-10-12 16:00:09,632][root][INFO] - NOT MINIHACK
[2023-10-12 16:00:09,635][root][INFO] - NOT MINIHACK
[2023-10-12 16:00:09,638][root][INFO] - NOT MINIHACK
[2023-10-12 16:00:09,639][root][INFO] - NOT MINIHACK
[2023-10-12 16:00:09,639][root][INFO] - NOT MINIHACK
[2023-10-12 16:00:09,639][root][INFO] - NOT MINIHACK
[2023-10-12 16:00:09,647][root][INFO] - NOT MINIHACK
[2023-10-12 16:00:09,651][root][INFO] - NOT MINIHACK
[2023-10-12 16:00:09,651][root][INFO] - NOT MINIHACK
[2023-10-12 16:00:09,651][root][INFO] - NOT MINIHACK
[2023-10-12 16:00:09,655][root][INFO] - NOT MINIHACK
[2023-10-12 16:00:09,655][root][INFO] - NOT MINIHACK
[2023-10-12 16:00:09,663][root][INFO] - NOT MINIHACK
[2023-10-12 16:00:09,675][root][INFO] - NOT MINIHACK
[2023-10-12 16:00:09,675][root][INFO] - NOT MINIHACK
[2023-10-12 16:00:09,691][root][INFO] - NOT MINIHACK
[2023-10-12 16:00:09,695][root][INFO] - NOT MINIHACK
[2023-10-12 16:00:09,695][root][INFO] - NOT MINIHACK
[2023-10-12 16:00:09,699][root][INFO] - NOT MINIHACK
[2023-10-12 16:00:09,715][root][INFO] - NOT MINIHACK
[2023-10-12 16:00:09,718][root][INFO] - NOT MINIHACK
[2023-10-12 16:00:09,719][root][INFO] - NOT MINIHACK
[2023-10-12 16:00:09,723][root][INFO] - NOT MINIHACK
[2023-10-12 16:00:09,723][root][INFO] - NOT MINIHACK
[2023-10-12 16:00:09,736][root][INFO] - NOT MINIHACK
[2023-10-12 16:00:09,739][root][INFO] - NOT MINIHACK
[2023-10-12 16:00:09,739][root][INFO] - NOT MINIHACK
[2023-10-12 16:00:09,743][root][INFO] - NOT MINIHACK
[2023-10-12 16:00:09,743][root][INFO] - NOT MINIHACK
[2023-10-12 16:00:09,747][root][INFO] - NOT MINIHACK
[2023-10-12 16:00:09,755][root][INFO] - NOT MINIHACK
[2023-10-12 16:00:09,755][root][INFO] - NOT MINIHACK
[2023-10-12 16:00:09,756][root][INFO] - NOT MINIHACK
[2023-10-12 16:00:09,767][root][INFO] - NOT MINIHACK
[2023-10-12 16:00:09,768][root][INFO] - NOT MINIHACK
[2023-10-12 16:00:09,771][root][INFO] - NOT MINIHACK
[2023-10-12 16:00:09,775][root][INFO] - NOT MINIHACK
[2023-10-12 16:00:09,779][root][INFO] - NOT MINIHACK
[2023-10-12 16:00:09,783][root][INFO] - NOT MINIHACK
[2023-10-12 16:00:09,784][root][INFO] - NOT MINIHACK
[2023-10-12 16:00:09,787][root][INFO] - NOT MINIHACK
[2023-10-12 16:00:09,799][root][INFO] - NOT MINIHACK
[2023-10-12 16:00:09,815][root][INFO] - NOT MINIHACK
[2023-10-12 16:00:09,819][root][INFO] - NOT MINIHACK
[2023-10-12 16:00:09,823][root][INFO] - NOT MINIHACK
[2023-10-12 16:00:09,827][root][INFO] - NOT MINIHACK
[2023-10-12 16:00:09,827][root][INFO] - NOT MINIHACK
[2023-10-12 16:00:09,832][root][INFO] - NOT MINIHACK
[2023-10-12 16:00:09,855][root][INFO] - NOT MINIHACK
[2023-10-12 16:00:09,863][root][INFO] - NOT MINIHACK
[2023-10-12 16:00:09,867][root][INFO] - NOT MINIHACK
[2023-10-12 16:00:09,883][root][INFO] - NOT MINIHACK
[2023-10-12 16:00:09,887][root][INFO] - NOT MINIHACK
[2023-10-12 16:00:09,895][root][INFO] - NOT MINIHACK
[2023-10-12 16:00:09,900][root][INFO] - NOT MINIHACK
[2023-10-12 16:00:10,454][root][INFO] - <NormalizeReward<TransformObservation<NormalizeObservation<ClipAction<RecordEpisodeStatistics<FlattenObservation<TimeLimit<OrderEnforcing<PassiveEnvChecker<HalfCheetahEnv<HalfCheetah-v4>>>>>>>>>>>
[2023-10-12 16:00:10,463][root][INFO] - <NormalizeReward<TransformObservation<NormalizeObservation<ClipAction<RecordEpisodeStatistics<FlattenObservation<TimeLimit<OrderEnforcing<PassiveEnvChecker<HalfCheetahEnv<HalfCheetah-v4>>>>>>>>>>>
[2023-10-12 16:00:10,518][root][INFO] - <NormalizeReward<TransformObservation<NormalizeObservation<ClipAction<RecordEpisodeStatistics<FlattenObservation<TimeLimit<OrderEnforcing<PassiveEnvChecker<HalfCheetahEnv<HalfCheetah-v4>>>>>>>>>>>
[2023-10-12 16:00:10,557][root][INFO] - <NormalizeReward<TransformObservation<NormalizeObservation<ClipAction<RecordEpisodeStatistics<FlattenObservation<TimeLimit<OrderEnforcing<PassiveEnvChecker<HalfCheetahEnv<HalfCheetah-v4>>>>>>>>>>>
[2023-10-12 16:00:10,584][root][INFO] - <NormalizeReward<TransformObservation<NormalizeObservation<ClipAction<RecordEpisodeStatistics<FlattenObservation<TimeLimit<OrderEnforcing<PassiveEnvChecker<HalfCheetahEnv<HalfCheetah-v4>>>>>>>>>>>
[2023-10-12 16:00:10,626][root][INFO] - <NormalizeReward<TransformObservation<NormalizeObservation<ClipAction<RecordEpisodeStatistics<FlattenObservation<TimeLimit<OrderEnforcing<PassiveEnvChecker<HalfCheetahEnv<HalfCheetah-v4>>>>>>>>>>>
[2023-10-12 16:00:10,639][root][INFO] - <NormalizeReward<TransformObservation<NormalizeObservation<ClipAction<RecordEpisodeStatistics<FlattenObservation<TimeLimit<OrderEnforcing<PassiveEnvChecker<HalfCheetahEnv<HalfCheetah-v4>>>>>>>>>>>
[2023-10-12 16:00:10,639][root][INFO] - <NormalizeReward<TransformObservation<NormalizeObservation<ClipAction<RecordEpisodeStatistics<FlattenObservation<TimeLimit<OrderEnforcing<PassiveEnvChecker<HalfCheetahEnv<HalfCheetah-v4>>>>>>>>>>>
[2023-10-12 16:00:10,696][root][INFO] - <NormalizeReward<TransformObservation<NormalizeObservation<ClipAction<RecordEpisodeStatistics<FlattenObservation<TimeLimit<OrderEnforcing<PassiveEnvChecker<HalfCheetahEnv<HalfCheetah-v4>>>>>>>>>>>
[2023-10-12 16:00:10,724][root][INFO] - <NormalizeReward<TransformObservation<NormalizeObservation<ClipAction<RecordEpisodeStatistics<FlattenObservation<TimeLimit<OrderEnforcing<PassiveEnvChecker<HalfCheetahEnv<HalfCheetah-v4>>>>>>>>>>>
[2023-10-12 16:00:10,767][root][INFO] - <NormalizeReward<TransformObservation<NormalizeObservation<ClipAction<RecordEpisodeStatistics<FlattenObservation<TimeLimit<OrderEnforcing<PassiveEnvChecker<HalfCheetahEnv<HalfCheetah-v4>>>>>>>>>>>
[2023-10-12 16:00:10,762][root][INFO] - <NormalizeReward<TransformObservation<NormalizeObservation<ClipAction<RecordEpisodeStatistics<FlattenObservation<TimeLimit<OrderEnforcing<PassiveEnvChecker<HalfCheetahEnv<HalfCheetah-v4>>>>>>>>>>>
[2023-10-12 16:00:10,706][root][INFO] - <NormalizeReward<TransformObservation<NormalizeObservation<ClipAction<RecordEpisodeStatistics<FlattenObservation<TimeLimit<OrderEnforcing<PassiveEnvChecker<HalfCheetahEnv<HalfCheetah-v4>>>>>>>>>>>
[2023-10-12 16:00:10,780][root][INFO] - <NormalizeReward<TransformObservation<NormalizeObservation<ClipAction<RecordEpisodeStatistics<FlattenObservation<TimeLimit<OrderEnforcing<PassiveEnvChecker<HalfCheetahEnv<HalfCheetah-v4>>>>>>>>>>>
[2023-10-12 16:00:10,812][root][INFO] - <NormalizeReward<TransformObservation<NormalizeObservation<ClipAction<RecordEpisodeStatistics<FlattenObservation<TimeLimit<OrderEnforcing<PassiveEnvChecker<HalfCheetahEnv<HalfCheetah-v4>>>>>>>>>>>
[2023-10-12 16:00:10,815][root][INFO] - <NormalizeReward<TransformObservation<NormalizeObservation<ClipAction<RecordEpisodeStatistics<FlattenObservation<TimeLimit<OrderEnforcing<PassiveEnvChecker<HalfCheetahEnv<HalfCheetah-v4>>>>>>>>>>>
[2023-10-12 16:00:10,831][root][INFO] - <NormalizeReward<TransformObservation<NormalizeObservation<ClipAction<RecordEpisodeStatistics<FlattenObservation<TimeLimit<OrderEnforcing<PassiveEnvChecker<HalfCheetahEnv<HalfCheetah-v4>>>>>>>>>>>
[2023-10-12 16:00:10,839][root][INFO] - <NormalizeReward<TransformObservation<NormalizeObservation<ClipAction<RecordEpisodeStatistics<FlattenObservation<TimeLimit<OrderEnforcing<PassiveEnvChecker<HalfCheetahEnv<HalfCheetah-v4>>>>>>>>>>>
[2023-10-12 16:00:10,826][root][INFO] - <NormalizeReward<TransformObservation<NormalizeObservation<ClipAction<RecordEpisodeStatistics<FlattenObservation<TimeLimit<OrderEnforcing<PassiveEnvChecker<HalfCheetahEnv<HalfCheetah-v4>>>>>>>>>>>
[2023-10-12 16:00:10,838][root][INFO] - <NormalizeReward<TransformObservation<NormalizeObservation<ClipAction<RecordEpisodeStatistics<FlattenObservation<TimeLimit<OrderEnforcing<PassiveEnvChecker<HalfCheetahEnv<HalfCheetah-v4>>>>>>>>>>>
[2023-10-12 16:00:10,851][root][INFO] - <NormalizeReward<TransformObservation<NormalizeObservation<ClipAction<RecordEpisodeStatistics<FlattenObservation<TimeLimit<OrderEnforcing<PassiveEnvChecker<HalfCheetahEnv<HalfCheetah-v4>>>>>>>>>>>
[2023-10-12 16:00:10,873][root][INFO] - <NormalizeReward<TransformObservation<NormalizeObservation<ClipAction<RecordEpisodeStatistics<FlattenObservation<TimeLimit<OrderEnforcing<PassiveEnvChecker<HalfCheetahEnv<HalfCheetah-v4>>>>>>>>>>>
[2023-10-12 16:00:10,880][root][INFO] - <NormalizeReward<TransformObservation<NormalizeObservation<ClipAction<RecordEpisodeStatistics<FlattenObservation<TimeLimit<OrderEnforcing<PassiveEnvChecker<HalfCheetahEnv<HalfCheetah-v4>>>>>>>>>>>
[2023-10-12 16:00:10,866][root][INFO] - <NormalizeReward<TransformObservation<NormalizeObservation<ClipAction<RecordEpisodeStatistics<FlattenObservation<TimeLimit<OrderEnforcing<PassiveEnvChecker<HalfCheetahEnv<HalfCheetah-v4>>>>>>>>>>>
[2023-10-12 16:00:10,892][root][INFO] - <NormalizeReward<TransformObservation<NormalizeObservation<ClipAction<RecordEpisodeStatistics<FlattenObservation<TimeLimit<OrderEnforcing<PassiveEnvChecker<HalfCheetahEnv<HalfCheetah-v4>>>>>>>>>>>
[2023-10-12 16:00:10,912][root][INFO] - <NormalizeReward<TransformObservation<NormalizeObservation<ClipAction<RecordEpisodeStatistics<FlattenObservation<TimeLimit<OrderEnforcing<PassiveEnvChecker<HalfCheetahEnv<HalfCheetah-v4>>>>>>>>>>>
[2023-10-12 16:00:10,912][root][INFO] - <NormalizeReward<TransformObservation<NormalizeObservation<ClipAction<RecordEpisodeStatistics<FlattenObservation<TimeLimit<OrderEnforcing<PassiveEnvChecker<HalfCheetahEnv<HalfCheetah-v4>>>>>>>>>>>
[2023-10-12 16:00:10,964][root][INFO] - <NormalizeReward<TransformObservation<NormalizeObservation<ClipAction<RecordEpisodeStatistics<FlattenObservation<TimeLimit<OrderEnforcing<PassiveEnvChecker<HalfCheetahEnv<HalfCheetah-v4>>>>>>>>>>>
[2023-10-12 16:00:10,958][root][INFO] - <NormalizeReward<TransformObservation<NormalizeObservation<ClipAction<RecordEpisodeStatistics<FlattenObservation<TimeLimit<OrderEnforcing<PassiveEnvChecker<HalfCheetahEnv<HalfCheetah-v4>>>>>>>>>>>
[2023-10-12 16:00:10,996][root][INFO] - <NormalizeReward<TransformObservation<NormalizeObservation<ClipAction<RecordEpisodeStatistics<FlattenObservation<TimeLimit<OrderEnforcing<PassiveEnvChecker<HalfCheetahEnv<HalfCheetah-v4>>>>>>>>>>>
[2023-10-12 16:00:11,010][root][INFO] - <NormalizeReward<TransformObservation<NormalizeObservation<ClipAction<RecordEpisodeStatistics<FlattenObservation<TimeLimit<OrderEnforcing<PassiveEnvChecker<HalfCheetahEnv<HalfCheetah-v4>>>>>>>>>>>
[2023-10-12 16:00:10,992][root][INFO] - <NormalizeReward<TransformObservation<NormalizeObservation<ClipAction<RecordEpisodeStatistics<FlattenObservation<TimeLimit<OrderEnforcing<PassiveEnvChecker<HalfCheetahEnv<HalfCheetah-v4>>>>>>>>>>>
[2023-10-12 16:00:11,025][root][INFO] - <NormalizeReward<TransformObservation<NormalizeObservation<ClipAction<RecordEpisodeStatistics<FlattenObservation<TimeLimit<OrderEnforcing<PassiveEnvChecker<HalfCheetahEnv<HalfCheetah-v4>>>>>>>>>>>
[2023-10-12 16:00:11,035][root][INFO] - <NormalizeReward<TransformObservation<NormalizeObservation<ClipAction<RecordEpisodeStatistics<FlattenObservation<TimeLimit<OrderEnforcing<PassiveEnvChecker<HalfCheetahEnv<HalfCheetah-v4>>>>>>>>>>>
[2023-10-12 16:00:11,045][root][INFO] - <NormalizeReward<TransformObservation<NormalizeObservation<ClipAction<RecordEpisodeStatistics<FlattenObservation<TimeLimit<OrderEnforcing<PassiveEnvChecker<HalfCheetahEnv<HalfCheetah-v4>>>>>>>>>>>
[2023-10-12 16:00:11,045][root][INFO] - <NormalizeReward<TransformObservation<NormalizeObservation<ClipAction<RecordEpisodeStatistics<FlattenObservation<TimeLimit<OrderEnforcing<PassiveEnvChecker<HalfCheetahEnv<HalfCheetah-v4>>>>>>>>>>>
[2023-10-12 16:00:11,056][root][INFO] - <NormalizeReward<TransformObservation<NormalizeObservation<ClipAction<RecordEpisodeStatistics<FlattenObservation<TimeLimit<OrderEnforcing<PassiveEnvChecker<HalfCheetahEnv<HalfCheetah-v4>>>>>>>>>>>
[2023-10-12 16:00:11,057][root][INFO] - <NormalizeReward<TransformObservation<NormalizeObservation<ClipAction<RecordEpisodeStatistics<FlattenObservation<TimeLimit<OrderEnforcing<PassiveEnvChecker<HalfCheetahEnv<HalfCheetah-v4>>>>>>>>>>>
[2023-10-12 16:00:11,059][root][INFO] - <NormalizeReward<TransformObservation<NormalizeObservation<ClipAction<RecordEpisodeStatistics<FlattenObservation<TimeLimit<OrderEnforcing<PassiveEnvChecker<HalfCheetahEnv<HalfCheetah-v4>>>>>>>>>>>
[2023-10-12 16:00:11,064][root][INFO] - <NormalizeReward<TransformObservation<NormalizeObservation<ClipAction<RecordEpisodeStatistics<FlattenObservation<TimeLimit<OrderEnforcing<PassiveEnvChecker<HalfCheetahEnv<HalfCheetah-v4>>>>>>>>>>>
[2023-10-12 16:00:11,068][root][INFO] - <NormalizeReward<TransformObservation<NormalizeObservation<ClipAction<RecordEpisodeStatistics<FlattenObservation<TimeLimit<OrderEnforcing<PassiveEnvChecker<HalfCheetahEnv<HalfCheetah-v4>>>>>>>>>>>
[2023-10-12 16:00:11,068][root][INFO] - <NormalizeReward<TransformObservation<NormalizeObservation<ClipAction<RecordEpisodeStatistics<FlattenObservation<TimeLimit<OrderEnforcing<PassiveEnvChecker<HalfCheetahEnv<HalfCheetah-v4>>>>>>>>>>>
[2023-10-12 16:00:11,075][root][INFO] - <NormalizeReward<TransformObservation<NormalizeObservation<ClipAction<RecordEpisodeStatistics<FlattenObservation<TimeLimit<OrderEnforcing<PassiveEnvChecker<HalfCheetahEnv<HalfCheetah-v4>>>>>>>>>>>
[2023-10-12 16:00:11,082][root][INFO] - <NormalizeReward<TransformObservation<NormalizeObservation<ClipAction<RecordEpisodeStatistics<FlattenObservation<TimeLimit<OrderEnforcing<PassiveEnvChecker<HalfCheetahEnv<HalfCheetah-v4>>>>>>>>>>>
[2023-10-12 16:00:11,081][root][INFO] - <NormalizeReward<TransformObservation<NormalizeObservation<ClipAction<RecordEpisodeStatistics<FlattenObservation<TimeLimit<OrderEnforcing<PassiveEnvChecker<HalfCheetahEnv<HalfCheetah-v4>>>>>>>>>>>
[2023-10-12 16:00:11,082][root][INFO] - <NormalizeReward<TransformObservation<NormalizeObservation<ClipAction<RecordEpisodeStatistics<FlattenObservation<TimeLimit<OrderEnforcing<PassiveEnvChecker<HalfCheetahEnv<HalfCheetah-v4>>>>>>>>>>>
[2023-10-12 16:00:11,090][root][INFO] - <NormalizeReward<TransformObservation<NormalizeObservation<ClipAction<RecordEpisodeStatistics<FlattenObservation<TimeLimit<OrderEnforcing<PassiveEnvChecker<HalfCheetahEnv<HalfCheetah-v4>>>>>>>>>>>
[2023-10-12 16:00:11,091][root][INFO] - <NormalizeReward<TransformObservation<NormalizeObservation<ClipAction<RecordEpisodeStatistics<FlattenObservation<TimeLimit<OrderEnforcing<PassiveEnvChecker<HalfCheetahEnv<HalfCheetah-v4>>>>>>>>>>>
[2023-10-12 16:00:11,092][root][INFO] - <NormalizeReward<TransformObservation<NormalizeObservation<ClipAction<RecordEpisodeStatistics<FlattenObservation<TimeLimit<OrderEnforcing<PassiveEnvChecker<HalfCheetahEnv<HalfCheetah-v4>>>>>>>>>>>
[2023-10-12 16:00:11,096][root][INFO] - <NormalizeReward<TransformObservation<NormalizeObservation<ClipAction<RecordEpisodeStatistics<FlattenObservation<TimeLimit<OrderEnforcing<PassiveEnvChecker<HalfCheetahEnv<HalfCheetah-v4>>>>>>>>>>>
[2023-10-12 16:00:11,100][root][INFO] - <NormalizeReward<TransformObservation<NormalizeObservation<ClipAction<RecordEpisodeStatistics<FlattenObservation<TimeLimit<OrderEnforcing<PassiveEnvChecker<HalfCheetahEnv<HalfCheetah-v4>>>>>>>>>>>
[2023-10-12 16:00:11,085][root][INFO] - <NormalizeReward<TransformObservation<NormalizeObservation<ClipAction<RecordEpisodeStatistics<FlattenObservation<TimeLimit<OrderEnforcing<PassiveEnvChecker<HalfCheetahEnv<HalfCheetah-v4>>>>>>>>>>>
[2023-10-12 16:00:11,104][root][INFO] - <NormalizeReward<TransformObservation<NormalizeObservation<ClipAction<RecordEpisodeStatistics<FlattenObservation<TimeLimit<OrderEnforcing<PassiveEnvChecker<HalfCheetahEnv<HalfCheetah-v4>>>>>>>>>>>
[2023-10-12 16:00:11,111][root][INFO] - <NormalizeReward<TransformObservation<NormalizeObservation<ClipAction<RecordEpisodeStatistics<FlattenObservation<TimeLimit<OrderEnforcing<PassiveEnvChecker<HalfCheetahEnv<HalfCheetah-v4>>>>>>>>>>>
[2023-10-12 16:00:11,088][root][INFO] - <NormalizeReward<TransformObservation<NormalizeObservation<ClipAction<RecordEpisodeStatistics<FlattenObservation<TimeLimit<OrderEnforcing<PassiveEnvChecker<HalfCheetahEnv<HalfCheetah-v4>>>>>>>>>>>
[2023-10-12 16:00:11,122][root][INFO] - <NormalizeReward<TransformObservation<NormalizeObservation<ClipAction<RecordEpisodeStatistics<FlattenObservation<TimeLimit<OrderEnforcing<PassiveEnvChecker<HalfCheetahEnv<HalfCheetah-v4>>>>>>>>>>>
[2023-10-12 16:00:11,137][root][INFO] - <NormalizeReward<TransformObservation<NormalizeObservation<ClipAction<RecordEpisodeStatistics<FlattenObservation<TimeLimit<OrderEnforcing<PassiveEnvChecker<HalfCheetahEnv<HalfCheetah-v4>>>>>>>>>>>
[2023-10-12 16:00:11,138][root][INFO] - <NormalizeReward<TransformObservation<NormalizeObservation<ClipAction<RecordEpisodeStatistics<FlattenObservation<TimeLimit<OrderEnforcing<PassiveEnvChecker<HalfCheetahEnv<HalfCheetah-v4>>>>>>>>>>>
[2023-10-12 16:00:11,156][root][INFO] - <NormalizeReward<TransformObservation<NormalizeObservation<ClipAction<RecordEpisodeStatistics<FlattenObservation<TimeLimit<OrderEnforcing<PassiveEnvChecker<HalfCheetahEnv<HalfCheetah-v4>>>>>>>>>>>
[2023-10-12 16:00:11,163][root][INFO] - <NormalizeReward<TransformObservation<NormalizeObservation<ClipAction<RecordEpisodeStatistics<FlattenObservation<TimeLimit<OrderEnforcing<PassiveEnvChecker<HalfCheetahEnv<HalfCheetah-v4>>>>>>>>>>>
[2023-10-12 16:00:11,168][root][INFO] - <NormalizeReward<TransformObservation<NormalizeObservation<ClipAction<RecordEpisodeStatistics<FlattenObservation<TimeLimit<OrderEnforcing<PassiveEnvChecker<HalfCheetahEnv<HalfCheetah-v4>>>>>>>>>>>
[2023-10-12 16:00:11,169][root][INFO] - <NormalizeReward<TransformObservation<NormalizeObservation<ClipAction<RecordEpisodeStatistics<FlattenObservation<TimeLimit<OrderEnforcing<PassiveEnvChecker<HalfCheetahEnv<HalfCheetah-v4>>>>>>>>>>>
[2023-10-12 16:00:11,183][root][INFO] - <NormalizeReward<TransformObservation<NormalizeObservation<ClipAction<RecordEpisodeStatistics<FlattenObservation<TimeLimit<OrderEnforcing<PassiveEnvChecker<HalfCheetahEnv<HalfCheetah-v4>>>>>>>>>>>
[2023-10-12 16:00:11,185][root][INFO] - <NormalizeReward<TransformObservation<NormalizeObservation<ClipAction<RecordEpisodeStatistics<FlattenObservation<TimeLimit<OrderEnforcing<PassiveEnvChecker<HalfCheetahEnv<HalfCheetah-v4>>>>>>>>>>>
[2023-10-12 16:00:11,189][root][INFO] - <NormalizeReward<TransformObservation<NormalizeObservation<ClipAction<RecordEpisodeStatistics<FlattenObservation<TimeLimit<OrderEnforcing<PassiveEnvChecker<HalfCheetahEnv<HalfCheetah-v4>>>>>>>>>>>
[2023-10-12 16:00:11,196][root][INFO] - <NormalizeReward<TransformObservation<NormalizeObservation<ClipAction<RecordEpisodeStatistics<FlattenObservation<TimeLimit<OrderEnforcing<PassiveEnvChecker<HalfCheetahEnv<HalfCheetah-v4>>>>>>>>>>>
[2023-10-12 16:00:11,201][root][INFO] - <NormalizeReward<TransformObservation<NormalizeObservation<ClipAction<RecordEpisodeStatistics<FlattenObservation<TimeLimit<OrderEnforcing<PassiveEnvChecker<HalfCheetahEnv<HalfCheetah-v4>>>>>>>>>>>
[2023-10-12 16:00:11,204][root][INFO] - <NormalizeReward<TransformObservation<NormalizeObservation<ClipAction<RecordEpisodeStatistics<FlattenObservation<TimeLimit<OrderEnforcing<PassiveEnvChecker<HalfCheetahEnv<HalfCheetah-v4>>>>>>>>>>>
[2023-10-12 16:00:11,205][root][INFO] - <NormalizeReward<TransformObservation<NormalizeObservation<ClipAction<RecordEpisodeStatistics<FlattenObservation<TimeLimit<OrderEnforcing<PassiveEnvChecker<HalfCheetahEnv<HalfCheetah-v4>>>>>>>>>>>
[2023-10-12 16:00:11,205][root][INFO] - <NormalizeReward<TransformObservation<NormalizeObservation<ClipAction<RecordEpisodeStatistics<FlattenObservation<TimeLimit<OrderEnforcing<PassiveEnvChecker<HalfCheetahEnv<HalfCheetah-v4>>>>>>>>>>>
[2023-10-12 16:00:11,211][root][INFO] - <NormalizeReward<TransformObservation<NormalizeObservation<ClipAction<RecordEpisodeStatistics<FlattenObservation<TimeLimit<OrderEnforcing<PassiveEnvChecker<HalfCheetahEnv<HalfCheetah-v4>>>>>>>>>>>
[2023-10-12 16:00:11,214][root][INFO] - <NormalizeReward<TransformObservation<NormalizeObservation<ClipAction<RecordEpisodeStatistics<FlattenObservation<TimeLimit<OrderEnforcing<PassiveEnvChecker<HalfCheetahEnv<HalfCheetah-v4>>>>>>>>>>>
[2023-10-12 16:00:11,221][root][INFO] - <NormalizeReward<TransformObservation<NormalizeObservation<ClipAction<RecordEpisodeStatistics<FlattenObservation<TimeLimit<OrderEnforcing<PassiveEnvChecker<HalfCheetahEnv<HalfCheetah-v4>>>>>>>>>>>
[2023-10-12 16:00:11,222][root][INFO] - <NormalizeReward<TransformObservation<NormalizeObservation<ClipAction<RecordEpisodeStatistics<FlattenObservation<TimeLimit<OrderEnforcing<PassiveEnvChecker<HalfCheetahEnv<HalfCheetah-v4>>>>>>>>>>>
[2023-10-12 16:00:11,222][root][INFO] - <NormalizeReward<TransformObservation<NormalizeObservation<ClipAction<RecordEpisodeStatistics<FlattenObservation<TimeLimit<OrderEnforcing<PassiveEnvChecker<HalfCheetahEnv<HalfCheetah-v4>>>>>>>>>>>
[2023-10-12 16:00:11,224][root][INFO] - <NormalizeReward<TransformObservation<NormalizeObservation<ClipAction<RecordEpisodeStatistics<FlattenObservation<TimeLimit<OrderEnforcing<PassiveEnvChecker<HalfCheetahEnv<HalfCheetah-v4>>>>>>>>>>>
[2023-10-12 16:00:11,225][root][INFO] - <NormalizeReward<TransformObservation<NormalizeObservation<ClipAction<RecordEpisodeStatistics<FlattenObservation<TimeLimit<OrderEnforcing<PassiveEnvChecker<HalfCheetahEnv<HalfCheetah-v4>>>>>>>>>>>
[2023-10-12 16:00:11,227][root][INFO] - <NormalizeReward<TransformObservation<NormalizeObservation<ClipAction<RecordEpisodeStatistics<FlattenObservation<TimeLimit<OrderEnforcing<PassiveEnvChecker<HalfCheetahEnv<HalfCheetah-v4>>>>>>>>>>>
[2023-10-12 16:00:11,230][root][INFO] - <NormalizeReward<TransformObservation<NormalizeObservation<ClipAction<RecordEpisodeStatistics<FlattenObservation<TimeLimit<OrderEnforcing<PassiveEnvChecker<HalfCheetahEnv<HalfCheetah-v4>>>>>>>>>>>
[2023-10-12 16:00:11,232][root][INFO] - <NormalizeReward<TransformObservation<NormalizeObservation<ClipAction<RecordEpisodeStatistics<FlattenObservation<TimeLimit<OrderEnforcing<PassiveEnvChecker<HalfCheetahEnv<HalfCheetah-v4>>>>>>>>>>>
[2023-10-12 16:00:11,236][root][INFO] - <NormalizeReward<TransformObservation<NormalizeObservation<ClipAction<RecordEpisodeStatistics<FlattenObservation<TimeLimit<OrderEnforcing<PassiveEnvChecker<HalfCheetahEnv<HalfCheetah-v4>>>>>>>>>>>
[2023-10-12 16:00:11,205][root][INFO] - <NormalizeReward<TransformObservation<NormalizeObservation<ClipAction<RecordEpisodeStatistics<FlattenObservation<TimeLimit<OrderEnforcing<PassiveEnvChecker<HalfCheetahEnv<HalfCheetah-v4>>>>>>>>>>>
[2023-10-12 16:00:11,242][root][INFO] - <NormalizeReward<TransformObservation<NormalizeObservation<ClipAction<RecordEpisodeStatistics<FlattenObservation<TimeLimit<OrderEnforcing<PassiveEnvChecker<HalfCheetahEnv<HalfCheetah-v4>>>>>>>>>>>
[2023-10-12 16:00:11,243][root][INFO] - <NormalizeReward<TransformObservation<NormalizeObservation<ClipAction<RecordEpisodeStatistics<FlattenObservation<TimeLimit<OrderEnforcing<PassiveEnvChecker<HalfCheetahEnv<HalfCheetah-v4>>>>>>>>>>>
[2023-10-12 16:00:11,242][root][INFO] - <NormalizeReward<TransformObservation<NormalizeObservation<ClipAction<RecordEpisodeStatistics<FlattenObservation<TimeLimit<OrderEnforcing<PassiveEnvChecker<HalfCheetahEnv<HalfCheetah-v4>>>>>>>>>>>
[2023-10-12 16:00:11,244][root][INFO] - <NormalizeReward<TransformObservation<NormalizeObservation<ClipAction<RecordEpisodeStatistics<FlattenObservation<TimeLimit<OrderEnforcing<PassiveEnvChecker<HalfCheetahEnv<HalfCheetah-v4>>>>>>>>>>>
[2023-10-12 16:00:11,245][root][INFO] - <NormalizeReward<TransformObservation<NormalizeObservation<ClipAction<RecordEpisodeStatistics<FlattenObservation<TimeLimit<OrderEnforcing<PassiveEnvChecker<HalfCheetahEnv<HalfCheetah-v4>>>>>>>>>>>
[2023-10-12 16:00:11,245][root][INFO] - <NormalizeReward<TransformObservation<NormalizeObservation<ClipAction<RecordEpisodeStatistics<FlattenObservation<TimeLimit<OrderEnforcing<PassiveEnvChecker<HalfCheetahEnv<HalfCheetah-v4>>>>>>>>>>>
[2023-10-12 16:00:11,218][root][INFO] - <NormalizeReward<TransformObservation<NormalizeObservation<ClipAction<RecordEpisodeStatistics<FlattenObservation<TimeLimit<OrderEnforcing<PassiveEnvChecker<HalfCheetahEnv<HalfCheetah-v4>>>>>>>>>>>
[2023-10-12 16:00:11,253][root][INFO] - <NormalizeReward<TransformObservation<NormalizeObservation<ClipAction<RecordEpisodeStatistics<FlattenObservation<TimeLimit<OrderEnforcing<PassiveEnvChecker<HalfCheetahEnv<HalfCheetah-v4>>>>>>>>>>>
[2023-10-12 16:00:11,253][root][INFO] - <NormalizeReward<TransformObservation<NormalizeObservation<ClipAction<RecordEpisodeStatistics<FlattenObservation<TimeLimit<OrderEnforcing<PassiveEnvChecker<HalfCheetahEnv<HalfCheetah-v4>>>>>>>>>>>
[2023-10-12 16:00:11,252][root][INFO] - <NormalizeReward<TransformObservation<NormalizeObservation<ClipAction<RecordEpisodeStatistics<FlattenObservation<TimeLimit<OrderEnforcing<PassiveEnvChecker<HalfCheetahEnv<HalfCheetah-v4>>>>>>>>>>>
[2023-10-12 16:00:11,255][root][INFO] - <NormalizeReward<TransformObservation<NormalizeObservation<ClipAction<RecordEpisodeStatistics<FlattenObservation<TimeLimit<OrderEnforcing<PassiveEnvChecker<HalfCheetahEnv<HalfCheetah-v4>>>>>>>>>>>
[2023-10-12 16:00:11,247][root][INFO] - <NormalizeReward<TransformObservation<NormalizeObservation<ClipAction<RecordEpisodeStatistics<FlattenObservation<TimeLimit<OrderEnforcing<PassiveEnvChecker<HalfCheetahEnv<HalfCheetah-v4>>>>>>>>>>>
[2023-10-12 16:00:11,256][root][INFO] - <NormalizeReward<TransformObservation<NormalizeObservation<ClipAction<RecordEpisodeStatistics<FlattenObservation<TimeLimit<OrderEnforcing<PassiveEnvChecker<HalfCheetahEnv<HalfCheetah-v4>>>>>>>>>>>
[2023-10-12 16:00:11,258][root][INFO] - <NormalizeReward<TransformObservation<NormalizeObservation<ClipAction<RecordEpisodeStatistics<FlattenObservation<TimeLimit<OrderEnforcing<PassiveEnvChecker<HalfCheetahEnv<HalfCheetah-v4>>>>>>>>>>>
[2023-10-12 16:00:11,260][root][INFO] - <NormalizeReward<TransformObservation<NormalizeObservation<ClipAction<RecordEpisodeStatistics<FlattenObservation<TimeLimit<OrderEnforcing<PassiveEnvChecker<HalfCheetahEnv<HalfCheetah-v4>>>>>>>>>>>
[2023-10-12 16:00:11,262][root][INFO] - <NormalizeReward<TransformObservation<NormalizeObservation<ClipAction<RecordEpisodeStatistics<FlattenObservation<TimeLimit<OrderEnforcing<PassiveEnvChecker<HalfCheetahEnv<HalfCheetah-v4>>>>>>>>>>>
[2023-10-12 16:00:11,263][root][INFO] - <NormalizeReward<TransformObservation<NormalizeObservation<ClipAction<RecordEpisodeStatistics<FlattenObservation<TimeLimit<OrderEnforcing<PassiveEnvChecker<HalfCheetahEnv<HalfCheetah-v4>>>>>>>>>>>
[2023-10-12 16:00:11,264][root][INFO] - <NormalizeReward<TransformObservation<NormalizeObservation<ClipAction<RecordEpisodeStatistics<FlattenObservation<TimeLimit<OrderEnforcing<PassiveEnvChecker<HalfCheetahEnv<HalfCheetah-v4>>>>>>>>>>>
[2023-10-12 16:00:11,246][root][INFO] - <NormalizeReward<TransformObservation<NormalizeObservation<ClipAction<RecordEpisodeStatistics<FlattenObservation<TimeLimit<OrderEnforcing<PassiveEnvChecker<HalfCheetahEnv<HalfCheetah-v4>>>>>>>>>>>
[2023-10-12 16:00:11,271][root][INFO] - <NormalizeReward<TransformObservation<NormalizeObservation<ClipAction<RecordEpisodeStatistics<FlattenObservation<TimeLimit<OrderEnforcing<PassiveEnvChecker<HalfCheetahEnv<HalfCheetah-v4>>>>>>>>>>>
[2023-10-12 16:00:11,273][root][INFO] - <NormalizeReward<TransformObservation<NormalizeObservation<ClipAction<RecordEpisodeStatistics<FlattenObservation<TimeLimit<OrderEnforcing<PassiveEnvChecker<HalfCheetahEnv<HalfCheetah-v4>>>>>>>>>>>
[2023-10-12 16:00:11,274][root][INFO] - <NormalizeReward<TransformObservation<NormalizeObservation<ClipAction<RecordEpisodeStatistics<FlattenObservation<TimeLimit<OrderEnforcing<PassiveEnvChecker<HalfCheetahEnv<HalfCheetah-v4>>>>>>>>>>>
[2023-10-12 16:00:11,277][root][INFO] - <NormalizeReward<TransformObservation<NormalizeObservation<ClipAction<RecordEpisodeStatistics<FlattenObservation<TimeLimit<OrderEnforcing<PassiveEnvChecker<HalfCheetahEnv<HalfCheetah-v4>>>>>>>>>>>
[2023-10-12 16:00:11,277][root][INFO] - <NormalizeReward<TransformObservation<NormalizeObservation<ClipAction<RecordEpisodeStatistics<FlattenObservation<TimeLimit<OrderEnforcing<PassiveEnvChecker<HalfCheetahEnv<HalfCheetah-v4>>>>>>>>>>>
[2023-10-12 16:00:11,278][root][INFO] - <NormalizeReward<TransformObservation<NormalizeObservation<ClipAction<RecordEpisodeStatistics<FlattenObservation<TimeLimit<OrderEnforcing<PassiveEnvChecker<HalfCheetahEnv<HalfCheetah-v4>>>>>>>>>>>
[2023-10-12 16:00:11,278][root][INFO] - <NormalizeReward<TransformObservation<NormalizeObservation<ClipAction<RecordEpisodeStatistics<FlattenObservation<TimeLimit<OrderEnforcing<PassiveEnvChecker<HalfCheetahEnv<HalfCheetah-v4>>>>>>>>>>>
[2023-10-12 16:00:11,278][root][INFO] - <NormalizeReward<TransformObservation<NormalizeObservation<ClipAction<RecordEpisodeStatistics<FlattenObservation<TimeLimit<OrderEnforcing<PassiveEnvChecker<HalfCheetahEnv<HalfCheetah-v4>>>>>>>>>>>
[2023-10-12 16:00:11,279][root][INFO] - <NormalizeReward<TransformObservation<NormalizeObservation<ClipAction<RecordEpisodeStatistics<FlattenObservation<TimeLimit<OrderEnforcing<PassiveEnvChecker<HalfCheetahEnv<HalfCheetah-v4>>>>>>>>>>>
[2023-10-12 16:00:11,275][root][INFO] - <NormalizeReward<TransformObservation<NormalizeObservation<ClipAction<RecordEpisodeStatistics<FlattenObservation<TimeLimit<OrderEnforcing<PassiveEnvChecker<HalfCheetahEnv<HalfCheetah-v4>>>>>>>>>>>
[2023-10-12 16:00:11,280][root][INFO] - <NormalizeReward<TransformObservation<NormalizeObservation<ClipAction<RecordEpisodeStatistics<FlattenObservation<TimeLimit<OrderEnforcing<PassiveEnvChecker<HalfCheetahEnv<HalfCheetah-v4>>>>>>>>>>>
[2023-10-12 16:00:11,280][root][INFO] - <NormalizeReward<TransformObservation<NormalizeObservation<ClipAction<RecordEpisodeStatistics<FlattenObservation<TimeLimit<OrderEnforcing<PassiveEnvChecker<HalfCheetahEnv<HalfCheetah-v4>>>>>>>>>>>
[2023-10-12 16:00:11,281][root][INFO] - <NormalizeReward<TransformObservation<NormalizeObservation<ClipAction<RecordEpisodeStatistics<FlattenObservation<TimeLimit<OrderEnforcing<PassiveEnvChecker<HalfCheetahEnv<HalfCheetah-v4>>>>>>>>>>>
[2023-10-12 16:00:11,284][root][INFO] - <NormalizeReward<TransformObservation<NormalizeObservation<ClipAction<RecordEpisodeStatistics<FlattenObservation<TimeLimit<OrderEnforcing<PassiveEnvChecker<HalfCheetahEnv<HalfCheetah-v4>>>>>>>>>>>
[2023-10-12 16:00:11,285][root][INFO] - <NormalizeReward<TransformObservation<NormalizeObservation<ClipAction<RecordEpisodeStatistics<FlattenObservation<TimeLimit<OrderEnforcing<PassiveEnvChecker<HalfCheetahEnv<HalfCheetah-v4>>>>>>>>>>>
[2023-10-12 16:00:11,292][root][INFO] - <NormalizeReward<TransformObservation<NormalizeObservation<ClipAction<RecordEpisodeStatistics<FlattenObservation<TimeLimit<OrderEnforcing<PassiveEnvChecker<HalfCheetahEnv<HalfCheetah-v4>>>>>>>>>>>
[2023-10-12 16:00:11,293][root][INFO] - <NormalizeReward<TransformObservation<NormalizeObservation<ClipAction<RecordEpisodeStatistics<FlattenObservation<TimeLimit<OrderEnforcing<PassiveEnvChecker<HalfCheetahEnv<HalfCheetah-v4>>>>>>>>>>>
[2023-10-12 16:00:11,294][root][INFO] - <NormalizeReward<TransformObservation<NormalizeObservation<ClipAction<RecordEpisodeStatistics<FlattenObservation<TimeLimit<OrderEnforcing<PassiveEnvChecker<HalfCheetahEnv<HalfCheetah-v4>>>>>>>>>>>
[2023-10-12 16:00:11,297][root][INFO] - <NormalizeReward<TransformObservation<NormalizeObservation<ClipAction<RecordEpisodeStatistics<FlattenObservation<TimeLimit<OrderEnforcing<PassiveEnvChecker<HalfCheetahEnv<HalfCheetah-v4>>>>>>>>>>>
[2023-10-12 16:00:11,297][root][INFO] - <NormalizeReward<TransformObservation<NormalizeObservation<ClipAction<RecordEpisodeStatistics<FlattenObservation<TimeLimit<OrderEnforcing<PassiveEnvChecker<HalfCheetahEnv<HalfCheetah-v4>>>>>>>>>>>
[2023-10-12 16:00:11,297][root][INFO] - <NormalizeReward<TransformObservation<NormalizeObservation<ClipAction<RecordEpisodeStatistics<FlattenObservation<TimeLimit<OrderEnforcing<PassiveEnvChecker<HalfCheetahEnv<HalfCheetah-v4>>>>>>>>>>>
[2023-10-12 16:00:11,298][root][INFO] - <NormalizeReward<TransformObservation<NormalizeObservation<ClipAction<RecordEpisodeStatistics<FlattenObservation<TimeLimit<OrderEnforcing<PassiveEnvChecker<HalfCheetahEnv<HalfCheetah-v4>>>>>>>>>>>
[2023-10-12 16:00:11,435][root][INFO] - NOT MINIHACK
[2023-10-12 16:00:11,501][root][INFO] - <NormalizeReward<TransformObservation<NormalizeObservation<ClipAction<RecordEpisodeStatistics<FlattenObservation<TimeLimit<OrderEnforcing<PassiveEnvChecker<HalfCheetahEnv<HalfCheetah-v4>>>>>>>>>>>
[2023-10-12 16:00:11,658][root][INFO] - NOT MINIHACK
[2023-10-12 16:00:11,724][root][INFO] - <NormalizeReward<TransformObservation<NormalizeObservation<ClipAction<RecordEpisodeStatistics<FlattenObservation<TimeLimit<OrderEnforcing<PassiveEnvChecker<HalfCheetahEnv<HalfCheetah-v4>>>>>>>>>>>
[2023-10-12 16:00:11,882][root][INFO] - Step 0 @ 0.0 SPS. Inference batcher size: 0. Learner queue size: 0. Other stats: (train_seconds = 5.0)
[2023-10-12 16:00:12,097][root][INFO] - NOT MINIHACK
[2023-10-12 16:00:12,163][root][INFO] - <NormalizeReward<TransformObservation<NormalizeObservation<ClipAction<RecordEpisodeStatistics<FlattenObservation<TimeLimit<OrderEnforcing<PassiveEnvChecker<HalfCheetahEnv<HalfCheetah-v4>>>>>>>>>>>
[2023-10-12 16:00:12,400][root][INFO] - NOT MINIHACK
[2023-10-12 16:00:12,465][root][INFO] - <NormalizeReward<TransformObservation<NormalizeObservation<ClipAction<RecordEpisodeStatistics<FlattenObservation<TimeLimit<OrderEnforcing<PassiveEnvChecker<HalfCheetahEnv<HalfCheetah-v4>>>>>>>>>>>
[2023-10-12 16:00:12,576][root][INFO] - NOT MINIHACK
[2023-10-12 16:00:12,646][root][INFO] - <NormalizeReward<TransformObservation<NormalizeObservation<ClipAction<RecordEpisodeStatistics<FlattenObservation<TimeLimit<OrderEnforcing<PassiveEnvChecker<HalfCheetahEnv<HalfCheetah-v4>>>>>>>>>>>
[2023-10-12 16:00:12,647][root][ERROR] - Exception in actorpool thread!
[2023-10-12 16:00:16,886][root][INFO] - Step 0 @ 0.0 SPS. Inference batcher size: 0. Learner queue size: 0. Other stats: (train_seconds = 10.0)
[2023-10-12 16:00:21,890][root][INFO] - Step 0 @ 0.0 SPS. Inference batcher size: 0. Learner queue size: 0. Other stats: (train_seconds = 15.0)
[2023-10-12 16:00:26,895][root][INFO] - Step 0 @ 0.0 SPS. Inference batcher size: 0. Learner queue size: 0. Other stats: (train_seconds = 20.0)
[2023-10-12 16:00:31,898][root][INFO] - Step 0 @ 0.0 SPS. Inference batcher size: 0. Learner queue size: 0. Other stats: (train_seconds = 25.0)
[2023-10-12 16:00:36,902][root][INFO] - Step 0 @ 0.0 SPS. Inference batcher size: 0. Learner queue size: 0. Other stats: (train_seconds = 30.0)
[2023-10-12 16:00:41,906][root][INFO] - Step 0 @ 0.0 SPS. Inference batcher size: 0. Learner queue size: 0. Other stats: (train_seconds = 35.0)
                                                                                                                                                