[2023-10-23 16:45:32,357][root][INFO] - name: null
wandb: false
project: skillhack
entity: your_entity_name
group: default
state_dict_path: none
foc_options_path: none
foc_options_config_path: none
teacher_path: none
teacher_config_path: none
ks_max_lambda: 10
ks_max_time: 20000000.0
ks_min_lambda_prop: 0.1
train_with_all_skills: false
penalty_per_step: 0.01
hks_max_uniform_weight: 1000
hks_min_uniform_prop: 0.05
hks_max_uniform_time: 20000000.0
tasks_json: tasks
mock: false
single_ttyrec: true
num_seeds: 0
write_profiler_trace: false
relative_reward: false
fn_penalty_step: constant
penalty_time: 0.0
penalty_step: -0.001
reward_lose: 0
reward_win: 1
character: null
save_tty: false
mode: train
env: mini_skill_fight
obs_keys: glyphs,chars,colors,specials,blstats,message
num_actors: 256
total_steps: 10000000.0
batch_size: 32
unroll_length: 80
num_learner_threads: 1
num_inference_threads: 1
disable_cuda: false
learner_device: cuda:0
actor_device: cuda:0
max_learner_queue_size: null
model: baseline
use_lstm: false
hidden_dim: 256
embedding_dim: 64
glyph_type: all_cat
equalize_input_dim: false
equalize_factor: 2
layers: 5
crop_model: cnn
crop_dim: 9
use_index_select: true
entropy_cost: 0.001
baseline_cost: 0.5
discounting: 0.999
reward_clipping: none
normalize_reward: true
learning_rate: 0.0002
grad_norm_clipping: 40
alpha: 0.99
momentum: 0
epsilon: 1.0e-06
state_counter: none
no_extrinsic: false
int:
  twoheaded: true
  input: full
  intrinsic_weight: 0.1
  discounting: 0.99
  baseline_cost: 0.5
  episodic: true
  reward_clipping: none
  normalize_reward: true
ride:
  count_norm: true
  forward_cost: 1
  inverse_cost: 0.1
  hidden_dim: 128
rnd:
  forward_cost: 0.01
msg:
  model: none
  hidden_dim: 64
  embedding_dim: 32

[2023-10-23 16:45:32,372][root][INFO] - Symlinked log directory: /opt/project/latest
[2023-10-23 16:45:32,372][root][INFO] - Creating archive directory: /opt/project/outputs/2023-10-23/16-45-32/archives
[2023-10-23 16:45:32,376][root][INFO] - Logging results to /opt/project/outputs/2023-10-23/16-45-32
[2023-10-23 16:45:32,405][palaas/out][INFO] - Found log directory: /opt/project/outputs/2023-10-23/16-45-32
[2023-10-23 16:45:32,406][palaas/out][INFO] - Saving arguments to /opt/project/outputs/2023-10-23/16-45-32/meta.json
[2023-10-23 16:45:32,406][palaas/out][INFO] - Saving messages to /opt/project/outputs/2023-10-23/16-45-32/out.log
[2023-10-23 16:45:32,406][palaas/out][INFO] - Saving logs data to /opt/project/outputs/2023-10-23/16-45-32/logs.csv
[2023-10-23 16:45:32,406][palaas/out][INFO] - Saving logs' fields to /opt/project/outputs/2023-10-23/16-45-32/fields.csv
[2023-10-23 16:45:32,407][root][INFO] - Not using CUDA.
[2023-10-23 16:45:32,412][root][INFO] - Using model baseline
[2023-10-23 16:45:33,053][root][INFO] - Number of model parameters: 3717182
[2023-10-23 16:45:33,082][root][INFO] - ()
[2023-10-23 16:45:33,083][root][INFO] - After actor pool
[2023-10-23 16:45:33,381][root][INFO] - <All keys matched successfully>
[2023-10-23 16:45:33,383][root][INFO] - The model states is ()
[2023-10-23 16:45:33,391][nle.env.base][INFO] - Not saving any NLE data.
[2023-10-23 16:45:33,395][nle.env.base][INFO] - Not saving any NLE data.
[2023-10-23 16:45:33,395][nle.env.base][INFO] - Not saving any NLE data.
[2023-10-23 16:45:33,395][nle.env.base][INFO] - Not saving any NLE data.
[2023-10-23 16:45:33,395][nle.env.base][INFO] - Not saving any NLE data.
[2023-10-23 16:45:33,396][nle.env.base][INFO] - Not saving any NLE data.
[2023-10-23 16:45:33,396][nle.env.base][INFO] - Not saving any NLE data.
[2023-10-23 16:45:33,396][nle.env.base][INFO] - Not saving any NLE data.
[2023-10-23 16:45:33,396][nle.env.base][INFO] - Not saving any NLE data.
[2023-10-23 16:45:33,399][nle.env.base][INFO] - Not saving any NLE data.
[2023-10-23 16:45:33,399][nle.env.base][INFO] - Not saving any NLE data.
[2023-10-23 16:45:33,400][nle.env.base][INFO] - Not saving any NLE data.
[2023-10-23 16:45:33,400][nle.env.base][INFO] - Not saving any NLE data.
[2023-10-23 16:45:33,406][nle.env.base][INFO] - Not saving any NLE data.
[2023-10-23 16:45:33,412][nle.env.base][INFO] - Not saving any NLE data.
[2023-10-23 16:45:33,430][nle.env.base][INFO] - Not saving any NLE data.
[2023-10-23 16:45:33,430][nle.env.base][INFO] - Not saving any NLE data.
[2023-10-23 16:45:33,430][nle.env.base][INFO] - Not saving any NLE data.
[2023-10-23 16:45:33,430][nle.env.base][INFO] - Not saving any NLE data.
[2023-10-23 16:45:33,431][nle.env.base][INFO] - Not saving any NLE data.
[2023-10-23 16:45:33,435][nle.env.base][INFO] - Not saving any NLE data.
[2023-10-23 16:45:33,435][nle.env.base][INFO] - Not saving any NLE data.
[2023-10-23 16:45:33,435][nle.env.base][INFO] - Not saving any NLE data.
[2023-10-23 16:45:33,435][nle.env.base][INFO] - Not saving any NLE data.
[2023-10-23 16:45:33,435][nle.env.base][INFO] - Not saving any NLE data.
[2023-10-23 16:45:33,435][nle.env.base][INFO] - Not saving any NLE data.
[2023-10-23 16:45:33,436][nle.env.base][INFO] - Not saving any NLE data.
[2023-10-23 16:45:33,437][nle.env.base][INFO] - Not saving any NLE data.
[2023-10-23 16:45:33,439][nle.env.base][INFO] - Not saving any NLE data.
[2023-10-23 16:45:33,439][nle.env.base][INFO] - Not saving any NLE data.
[2023-10-23 16:45:33,442][nle.env.base][INFO] - Not saving any NLE data.
[2023-10-23 16:45:33,442][nle.env.base][INFO] - Not saving any NLE data.
[2023-10-23 16:45:33,442][nle.env.base][INFO] - Not saving any NLE data.
[2023-10-23 16:45:33,443][nle.env.base][INFO] - Not saving any NLE data.
[2023-10-23 16:45:33,438][nle.env.base][INFO] - Not saving any NLE data.
[2023-10-23 16:45:33,450][nle.env.base][INFO] - Not saving any NLE data.
[2023-10-23 16:45:33,451][nle.env.base][INFO] - Not saving any NLE data.
[2023-10-23 16:45:33,451][nle.env.base][INFO] - Not saving any NLE data.
[2023-10-23 16:45:33,455][nle.env.base][INFO] - Not saving any NLE data.
[2023-10-23 16:45:33,455][nle.env.base][INFO] - Not saving any NLE data.
[2023-10-23 16:45:33,462][nle.env.base][INFO] - Not saving any NLE data.
[2023-10-23 16:45:33,462][nle.env.base][INFO] - Not saving any NLE data.
[2023-10-23 16:45:33,470][nle.env.base][INFO] - Not saving any NLE data.
[2023-10-23 16:45:33,472][nle.env.base][INFO] - Not saving any NLE data.
[2023-10-23 16:45:33,459][nle.env.base][INFO] - Not saving any NLE data.
[2023-10-23 16:45:33,447][nle.env.base][INFO] - Not saving any NLE data.
[2023-10-23 16:45:33,481][nle.env.base][INFO] - Not saving any NLE data.
[2023-10-23 16:45:33,483][nle.env.base][INFO] - Not saving any NLE data.
[2023-10-23 16:45:33,487][nle.env.base][INFO] - Not saving any NLE data.
[2023-10-23 16:45:33,487][nle.env.base][INFO] - Not saving any NLE data.
[2023-10-23 16:45:33,483][nle.env.base][INFO] - Not saving any NLE data.
[2023-10-23 16:45:33,490][nle.env.base][INFO] - Not saving any NLE data.
[2023-10-23 16:45:33,490][nle.env.base][INFO] - Not saving any NLE data.
[2023-10-23 16:45:33,491][nle.env.base][INFO] - Not saving any NLE data.
[2023-10-23 16:45:33,495][nle.env.base][INFO] - Not saving any NLE data.
[2023-10-23 16:45:33,495][nle.env.base][INFO] - Not saving any NLE data.
[2023-10-23 16:45:33,498][nle.env.base][INFO] - Not saving any NLE data.
[2023-10-23 16:45:33,499][nle.env.base][INFO] - Not saving any NLE data.
[2023-10-23 16:45:33,502][nle.env.base][INFO] - Not saving any NLE data.
[2023-10-23 16:45:33,505][nle.env.base][INFO] - Not saving any NLE data.
[2023-10-23 16:45:33,506][nle.env.base][INFO] - Not saving any NLE data.
[2023-10-23 16:45:33,506][nle.env.base][INFO] - Not saving any NLE data.
[2023-10-23 16:45:33,508][nle.env.base][INFO] - Not saving any NLE data.
[2023-10-23 16:45:33,510][nle.env.base][INFO] - Not saving any NLE data.
[2023-10-23 16:45:33,512][nle.env.base][INFO] - Not saving any NLE data.
[2023-10-23 16:45:33,513][nle.env.base][INFO] - Not saving any NLE data.
[2023-10-23 16:45:33,515][nle.env.base][INFO] - Not saving any NLE data.
[2023-10-23 16:45:33,505][nle.env.base][INFO] - Not saving any NLE data.
[2023-10-23 16:45:33,508][nle.env.base][INFO] - Not saving any NLE data.
[2023-10-23 16:45:33,523][nle.env.base][INFO] - Not saving any NLE data.
[2023-10-23 16:45:33,515][nle.env.base][INFO] - Not saving any NLE data.
[2023-10-23 16:45:33,527][nle.env.base][INFO] - Not saving any NLE data.
[2023-10-23 16:45:33,529][nle.env.base][INFO] - Not saving any NLE data.
[2023-10-23 16:45:33,590][nle.env.base][INFO] - Not saving any NLE data.
[2023-10-23 16:45:33,683][nle.env.base][INFO] - Not saving any NLE data.
[2023-10-23 16:45:33,688][nle.env.base][INFO] - Not saving any NLE data.
[2023-10-23 16:45:33,683][nle.env.base][INFO] - Not saving any NLE data.
[2023-10-23 16:45:33,694][nle.env.base][INFO] - Not saving any NLE data.
[2023-10-23 16:45:33,695][nle.env.base][INFO] - Not saving any NLE data.
[2023-10-23 16:45:33,699][nle.env.base][INFO] - Not saving any NLE data.
[2023-10-23 16:45:33,700][nle.env.base][INFO] - Not saving any NLE data.
[2023-10-23 16:45:33,702][nle.env.base][INFO] - Not saving any NLE data.
[2023-10-23 16:45:33,706][nle.env.base][INFO] - Not saving any NLE data.
[2023-10-23 16:45:33,711][nle.env.base][INFO] - Not saving any NLE data.
[2023-10-23 16:45:33,711][nle.env.base][INFO] - Not saving any NLE data.
[2023-10-23 16:45:33,711][nle.env.base][INFO] - Not saving any NLE data.
[2023-10-23 16:45:33,711][nle.env.base][INFO] - Not saving any NLE data.
[2023-10-23 16:45:33,719][nle.env.base][INFO] - Not saving any NLE data.
[2023-10-23 16:45:33,722][nle.env.base][INFO] - Not saving any NLE data.
[2023-10-23 16:45:33,730][nle.env.base][INFO] - Not saving any NLE data.
[2023-10-23 16:45:33,730][nle.env.base][INFO] - Not saving any NLE data.
[2023-10-23 16:45:33,730][nle.env.base][INFO] - Not saving any NLE data.
[2023-10-23 16:45:33,731][nle.env.base][INFO] - Not saving any NLE data.
[2023-10-23 16:45:33,734][nle.env.base][INFO] - Not saving any NLE data.
[2023-10-23 16:45:33,739][nle.env.base][INFO] - Not saving any NLE data.
[2023-10-23 16:45:33,743][nle.env.base][INFO] - Not saving any NLE data.
[2023-10-23 16:45:33,746][nle.env.base][INFO] - Not saving any NLE data.
[2023-10-23 16:45:33,751][nle.env.base][INFO] - Not saving any NLE data.
[2023-10-23 16:45:33,751][nle.env.base][INFO] - Not saving any NLE data.
[2023-10-23 16:45:33,756][nle.env.base][INFO] - Not saving any NLE data.
[2023-10-23 16:45:33,759][nle.env.base][INFO] - Not saving any NLE data.
[2023-10-23 16:45:33,768][nle.env.base][INFO] - Not saving any NLE data.
[2023-10-23 16:45:33,769][nle.env.base][INFO] - Not saving any NLE data.
[2023-10-23 16:45:33,827][nle.env.base][INFO] - Not saving any NLE data.
[2023-10-23 16:45:33,827][nle.env.base][INFO] - Not saving any NLE data.
[2023-10-23 16:45:33,827][nle.env.base][INFO] - Not saving any NLE data.
[2023-10-23 16:45:33,829][nle.env.base][INFO] - Not saving any NLE data.
[2023-10-23 16:45:33,829][nle.env.base][INFO] - Not saving any NLE data.
[2023-10-23 16:45:33,830][nle.env.base][INFO] - Not saving any NLE data.
[2023-10-23 16:45:33,830][nle.env.base][INFO] - Not saving any NLE data.
[2023-10-23 16:45:33,831][nle.env.base][INFO] - Not saving any NLE data.
[2023-10-23 16:45:33,831][nle.env.base][INFO] - Not saving any NLE data.
[2023-10-23 16:45:33,832][nle.env.base][INFO] - Not saving any NLE data.
[2023-10-23 16:45:33,834][nle.env.base][INFO] - Not saving any NLE data.
[2023-10-23 16:45:33,834][nle.env.base][INFO] - Not saving any NLE data.
[2023-10-23 16:45:33,834][nle.env.base][INFO] - Not saving any NLE data.
[2023-10-23 16:45:33,834][nle.env.base][INFO] - Not saving any NLE data.
[2023-10-23 16:45:33,835][nle.env.base][INFO] - Not saving any NLE data.
[2023-10-23 16:45:33,838][nle.env.base][INFO] - Not saving any NLE data.
[2023-10-23 16:45:33,838][nle.env.base][INFO] - Not saving any NLE data.
[2023-10-23 16:45:33,838][nle.env.base][INFO] - Not saving any NLE data.
[2023-10-23 16:45:33,838][nle.env.base][INFO] - Not saving any NLE data.
[2023-10-23 16:45:33,842][nle.env.base][INFO] - Not saving any NLE data.
[2023-10-23 16:45:33,842][nle.env.base][INFO] - Not saving any NLE data.
[2023-10-23 16:45:33,842][nle.env.base][INFO] - Not saving any NLE data.
[2023-10-23 16:45:33,843][nle.env.base][INFO] - Not saving any NLE data.
[2023-10-23 16:45:33,843][nle.env.base][INFO] - Not saving any NLE data.
[2023-10-23 16:45:33,828][nle.env.base][INFO] - Not saving any NLE data.
[2023-10-23 16:45:33,846][nle.env.base][INFO] - Not saving any NLE data.
[2023-10-23 16:45:33,846][nle.env.base][INFO] - Not saving any NLE data.
[2023-10-23 16:45:33,850][nle.env.base][INFO] - Not saving any NLE data.
[2023-10-23 16:45:33,854][nle.env.base][INFO] - Not saving any NLE data.
[2023-10-23 16:45:33,855][nle.env.base][INFO] - Not saving any NLE data.
[2023-10-23 16:45:33,860][nle.env.base][INFO] - Not saving any NLE data.
[2023-10-23 16:45:33,863][nle.env.base][INFO] - Not saving any NLE data.
[2023-10-23 16:45:33,866][nle.env.base][INFO] - Not saving any NLE data.
[2023-10-23 16:45:33,866][nle.env.base][INFO] - Not saving any NLE data.
[2023-10-23 16:45:33,870][nle.env.base][INFO] - Not saving any NLE data.
[2023-10-23 16:45:33,870][nle.env.base][INFO] - Not saving any NLE data.
[2023-10-23 16:45:33,873][nle.env.base][INFO] - Not saving any NLE data.
[2023-10-23 16:45:33,875][nle.env.base][INFO] - Not saving any NLE data.
[2023-10-23 16:45:33,878][nle.env.base][INFO] - Not saving any NLE data.
[2023-10-23 16:45:33,878][nle.env.base][INFO] - Not saving any NLE data.
[2023-10-23 16:45:33,878][nle.env.base][INFO] - Not saving any NLE data.
[2023-10-23 16:45:33,878][nle.env.base][INFO] - Not saving any NLE data.
[2023-10-23 16:45:33,878][nle.env.base][INFO] - Not saving any NLE data.
[2023-10-23 16:45:33,881][nle.env.base][INFO] - Not saving any NLE data.
[2023-10-23 16:45:33,882][nle.env.base][INFO] - Not saving any NLE data.
[2023-10-23 16:45:33,884][nle.env.base][INFO] - Not saving any NLE data.
[2023-10-23 16:45:33,887][nle.env.base][INFO] - Not saving any NLE data.
[2023-10-23 16:45:33,887][nle.env.base][INFO] - Not saving any NLE data.
[2023-10-23 16:45:33,889][nle.env.base][INFO] - Not saving any NLE data.
[2023-10-23 16:45:33,896][nle.env.base][INFO] - Not saving any NLE data.
[2023-10-23 16:45:33,903][nle.env.base][INFO] - Not saving any NLE data.
[2023-10-23 16:45:33,903][nle.env.base][INFO] - Not saving any NLE data.
[2023-10-23 16:45:33,907][nle.env.base][INFO] - Not saving any NLE data.
[2023-10-23 16:45:33,910][nle.env.base][INFO] - Not saving any NLE data.
[2023-10-23 16:45:33,910][nle.env.base][INFO] - Not saving any NLE data.
[2023-10-23 16:45:33,912][nle.env.base][INFO] - Not saving any NLE data.
[2023-10-23 16:45:33,914][nle.env.base][INFO] - Not saving any NLE data.
[2023-10-23 16:45:33,914][nle.env.base][INFO] - Not saving any NLE data.
[2023-10-23 16:45:33,914][nle.env.base][INFO] - Not saving any NLE data.
[2023-10-23 16:45:33,910][nle.env.base][INFO] - Not saving any NLE data.
[2023-10-23 16:45:33,918][nle.env.base][INFO] - Not saving any NLE data.
[2023-10-23 16:45:33,922][nle.env.base][INFO] - Not saving any NLE data.
[2023-10-23 16:45:33,922][nle.env.base][INFO] - Not saving any NLE data.
[2023-10-23 16:45:33,926][nle.env.base][INFO] - Not saving any NLE data.
[2023-10-23 16:45:33,930][nle.env.base][INFO] - Not saving any NLE data.
[2023-10-23 16:45:33,930][nle.env.base][INFO] - Not saving any NLE data.
[2023-10-23 16:45:33,930][nle.env.base][INFO] - Not saving any NLE data.
[2023-10-23 16:45:33,934][nle.env.base][INFO] - Not saving any NLE data.
[2023-10-23 16:45:33,934][nle.env.base][INFO] - Not saving any NLE data.
[2023-10-23 16:45:33,938][nle.env.base][INFO] - Not saving any NLE data.
[2023-10-23 16:45:33,938][nle.env.base][INFO] - Not saving any NLE data.
[2023-10-23 16:45:33,938][nle.env.base][INFO] - Not saving any NLE data.
[2023-10-23 16:45:33,942][nle.env.base][INFO] - Not saving any NLE data.
[2023-10-23 16:45:33,942][nle.env.base][INFO] - Not saving any NLE data.
[2023-10-23 16:45:33,946][nle.env.base][INFO] - Not saving any NLE data.
[2023-10-23 16:45:33,946][nle.env.base][INFO] - Not saving any NLE data.
[2023-10-23 16:45:33,950][nle.env.base][INFO] - Not saving any NLE data.
[2023-10-23 16:45:33,954][nle.env.base][INFO] - Not saving any NLE data.
[2023-10-23 16:45:33,958][nle.env.base][INFO] - Not saving any NLE data.
[2023-10-23 16:45:33,963][nle.env.base][INFO] - Not saving any NLE data.
[2023-10-23 16:45:33,963][nle.env.base][INFO] - Not saving any NLE data.
[2023-10-23 16:45:33,966][nle.env.base][INFO] - Not saving any NLE data.
[2023-10-23 16:45:33,966][nle.env.base][INFO] - Not saving any NLE data.
[2023-10-23 16:45:33,970][nle.env.base][INFO] - Not saving any NLE data.
[2023-10-23 16:45:33,979][nle.env.base][INFO] - Not saving any NLE data.
[2023-10-23 16:45:33,985][nle.env.base][INFO] - Not saving any NLE data.
[2023-10-23 16:45:33,992][nle.env.base][INFO] - Not saving any NLE data.
[2023-10-23 16:45:34,321][root][INFO] - Action shape is torch.Size([1, 1])
[2023-10-23 16:45:34,321][root][INFO] - Baseline shape is torch.Size([1, 1])
[2023-10-23 16:45:34,321][root][INFO] - Action shape is tensor([[0]])
[2023-10-23 16:45:34,321][root][INFO] - policy shape is torch.Size([1, 1, 5])
[2023-10-23 16:45:34,495][root][INFO] - Action shape is torch.Size([189, 1])
[2023-10-23 16:45:34,496][root][INFO] - Baseline shape is torch.Size([1, 189])
[2023-10-23 16:45:34,497][root][INFO] - Action shape is tensor([[0, 0, 2, 2, 0, 1, 2, 0, 0, 0, 0, 0, 4, 3, 3, 3, 3, 2, 3, 2, 4, 4, 0, 2,
         0, 4, 4, 4, 1, 0, 1, 1, 1, 2, 4, 4, 1, 2, 2, 2, 0, 1, 0, 3, 1, 2, 1, 4,
         2, 2, 1, 2, 0, 0, 1, 1, 1, 2, 0, 0, 3, 4, 2, 3, 4, 3, 1, 1, 4, 1, 0, 0,
         1, 1, 3, 4, 2, 1, 4, 3, 3, 4, 1, 0, 3, 4, 2, 0, 0, 3, 2, 1, 4, 2, 2, 4,
         0, 3, 2, 4, 2, 4, 3, 1, 3, 2, 4, 1, 0, 1, 0, 1, 3, 2, 4, 0, 4, 1, 0, 4,
         3, 2, 4, 1, 0, 3, 0, 2, 1, 3, 2, 3, 1, 2, 3, 0, 1, 2, 3, 3, 0, 3, 0, 2,
         4, 4, 3, 0, 3, 4, 3, 4, 3, 3, 4, 0, 4, 2, 4, 1, 4, 4, 4, 1, 4, 3, 0, 3,
         2, 1, 4, 0, 1, 2, 4, 2, 3, 0, 2, 1, 0, 0, 0, 4, 3, 4, 1, 4, 3]])
[2023-10-23 16:45:34,497][root][INFO] - policy shape is torch.Size([1, 189, 5])
[2023-10-23 16:45:34,614][root][INFO] - Action shape is torch.Size([110, 1])
[2023-10-23 16:45:34,615][root][INFO] - Baseline shape is torch.Size([1, 110])
[2023-10-23 16:45:34,615][root][INFO] - Action shape is tensor([[4, 3, 3, 4, 2, 4, 3, 3, 2, 0, 2, 4, 3, 0, 0, 0, 0, 3, 3, 1, 3, 0, 4, 4,
         3, 2, 0, 3, 1, 1, 1, 2, 3, 4, 3, 3, 0, 1, 0, 0, 1, 3, 0, 2, 0, 2, 4, 4,
         4, 4, 3, 1, 0, 0, 3, 1, 0, 4, 2, 4, 2, 1, 3, 1, 2, 4, 3, 4, 1, 1, 0, 2,
         3, 2, 2, 2, 4, 4, 3, 1, 0, 1, 1, 1, 2, 2, 1, 2, 1, 2, 3, 0, 0, 2, 0, 3,
         4, 1, 3, 2, 4, 2, 1, 1, 4, 1, 1, 0, 4, 1]])
[2023-10-23 16:45:34,616][root][INFO] - policy shape is torch.Size([1, 110, 5])
[2023-10-23 16:45:34,624][nle.env.base][INFO] - Not saving any NLE data.
[2023-10-23 16:45:34,629][nle.env.base][INFO] - Not saving any NLE data.
[2023-10-23 16:45:34,636][nle.env.base][INFO] - Not saving any NLE data.
[2023-10-23 16:45:34,637][nle.env.base][INFO] - Not saving any NLE data.
[2023-10-23 16:45:34,642][nle.env.base][INFO] - Not saving any NLE data.
[2023-10-23 16:45:34,643][nle.env.base][INFO] - Not saving any NLE data.
[2023-10-23 16:45:34,646][nle.env.base][INFO] - Not saving any NLE data.
[2023-10-23 16:45:34,647][nle.env.base][INFO] - Not saving any NLE data.
[2023-10-23 16:45:34,647][nle.env.base][INFO] - Not saving any NLE data.
[2023-10-23 16:45:34,648][nle.env.base][INFO] - Not saving any NLE data.
[2023-10-23 16:45:34,650][nle.env.base][INFO] - Not saving any NLE data.
[2023-10-23 16:45:34,654][nle.env.base][INFO] - Not saving any NLE data.
[2023-10-23 16:45:34,654][nle.env.base][INFO] - Not saving any NLE data.
[2023-10-23 16:45:34,658][nle.env.base][INFO] - Not saving any NLE data.
[2023-10-23 16:45:34,662][nle.env.base][INFO] - Not saving any NLE data.
[2023-10-23 16:45:34,663][nle.env.base][INFO] - Not saving any NLE data.
[2023-10-23 16:45:34,666][nle.env.base][INFO] - Not saving any NLE data.
[2023-10-23 16:45:34,667][nle.env.base][INFO] - Not saving any NLE data.
[2023-10-23 16:45:34,670][nle.env.base][INFO] - Not saving any NLE data.
[2023-10-23 16:45:34,686][nle.env.base][INFO] - Not saving any NLE data.
[2023-10-23 16:45:34,687][nle.env.base][INFO] - Not saving any NLE data.
[2023-10-23 16:45:34,688][nle.env.base][INFO] - Not saving any NLE data.
[2023-10-23 16:45:34,688][nle.env.base][INFO] - Not saving any NLE data.
[2023-10-23 16:45:34,690][nle.env.base][INFO] - Not saving any NLE data.
[2023-10-23 16:45:34,690][nle.env.base][INFO] - Not saving any NLE data.
[2023-10-23 16:45:34,695][nle.env.base][INFO] - Not saving any NLE data.
[2023-10-23 16:45:34,686][nle.env.base][INFO] - Not saving any NLE data.
[2023-10-23 16:45:34,699][nle.env.base][INFO] - Not saving any NLE data.
[2023-10-23 16:45:34,699][nle.env.base][INFO] - Not saving any NLE data.
[2023-10-23 16:45:34,699][nle.env.base][INFO] - Not saving any NLE data.
[2023-10-23 16:45:34,702][nle.env.base][INFO] - Not saving any NLE data.
[2023-10-23 16:45:34,702][nle.env.base][INFO] - Not saving any NLE data.
[2023-10-23 16:45:34,707][nle.env.base][INFO] - Not saving any NLE data.
[2023-10-23 16:45:34,707][nle.env.base][INFO] - Not saving any NLE data.
[2023-10-23 16:45:34,711][nle.env.base][INFO] - Not saving any NLE data.
[2023-10-23 16:45:34,711][nle.env.base][INFO] - Not saving any NLE data.
[2023-10-23 16:45:34,712][nle.env.base][INFO] - Not saving any NLE data.
[2023-10-23 16:45:34,714][nle.env.base][INFO] - Not saving any NLE data.
[2023-10-23 16:45:34,719][nle.env.base][INFO] - Not saving any NLE data.
[2023-10-23 16:45:34,719][nle.env.base][INFO] - Not saving any NLE data.
[2023-10-23 16:45:34,719][nle.env.base][INFO] - Not saving any NLE data.
[2023-10-23 16:45:34,719][nle.env.base][INFO] - Not saving any NLE data.
[2023-10-23 16:45:34,719][nle.env.base][INFO] - Not saving any NLE data.
[2023-10-23 16:45:34,722][nle.env.base][INFO] - Not saving any NLE data.
[2023-10-23 16:45:34,727][nle.env.base][INFO] - Not saving any NLE data.
[2023-10-23 16:45:34,731][nle.env.base][INFO] - Not saving any NLE data.
[2023-10-23 16:45:34,958][root][INFO] - Action shape is torch.Size([81, 1])
[2023-10-23 16:45:34,958][root][INFO] - Baseline shape is torch.Size([1, 81])
[2023-10-23 16:45:34,959][root][INFO] - Action shape is tensor([[2, 3, 2, 4, 0, 2, 3, 3, 1, 0, 0, 3, 1, 4, 4, 2, 0, 0, 1, 4, 3, 3, 0, 4,
         3, 1, 0, 4, 0, 0, 4, 4, 2, 0, 4, 1, 3, 3, 1, 1, 0, 2, 2, 0, 4, 2, 4, 4,
         4, 1, 4, 3, 3, 3, 2, 3, 1, 2, 3, 0, 3, 0, 0, 4, 3, 0, 1, 3, 3, 0, 4, 1,
         2, 4, 0, 4, 2, 2, 0, 4, 2]])
[2023-10-23 16:45:34,959][root][INFO] - policy shape is torch.Size([1, 81, 5])
[2023-10-23 16:45:35,118][root][INFO] - Action shape is torch.Size([165, 1])
[2023-10-23 16:45:35,119][root][INFO] - Baseline shape is torch.Size([1, 165])
[2023-10-23 16:45:35,119][root][INFO] - Action shape is tensor([[4, 2, 1, 2, 3, 2, 3, 2, 0, 0, 3, 2, 0, 4, 1, 3, 3, 1, 3, 0, 0, 2, 3, 0,
         0, 2, 3, 0, 0, 2, 3, 0, 2, 3, 4, 3, 3, 2, 2, 3, 3, 1, 0, 0, 2, 2, 1, 3,
         1, 3, 4, 0, 0, 4, 3, 1, 2, 2, 4, 3, 0, 2, 3, 1, 1, 1, 0, 0, 3, 4, 2, 1,
         4, 3, 4, 1, 2, 0, 4, 4, 3, 3, 3, 0, 2, 2, 4, 1, 2, 4, 1, 0, 2, 3, 2, 1,
         2, 2, 1, 3, 4, 2, 1, 1, 0, 2, 3, 1, 1, 3, 3, 3, 1, 4, 1, 0, 2, 1, 3, 3,
         0, 2, 3, 4, 2, 1, 2, 2, 3, 1, 0, 2, 3, 3, 0, 2, 3, 1, 2, 4, 3, 0, 0, 0,
         1, 3, 1, 0, 1, 4, 3, 3, 0, 2, 3, 4, 0, 4, 2, 2, 3, 4, 0, 2, 0]])
[2023-10-23 16:45:35,119][root][INFO] - policy shape is torch.Size([1, 165, 5])
[2023-10-23 16:45:35,241][root][INFO] - Action shape is torch.Size([110, 1])
[2023-10-23 16:45:35,241][root][INFO] - Baseline shape is torch.Size([1, 110])
[2023-10-23 16:45:35,242][root][INFO] - Action shape is tensor([[0, 3, 3, 1, 3, 0, 1, 2, 1, 0, 1, 1, 3, 2, 3, 4, 0, 2, 2, 3, 2, 2, 3, 0,
         4, 2, 2, 4, 2, 2, 0, 3, 3, 3, 3, 4, 4, 1, 3, 0, 2, 3, 3, 4, 3, 2, 4, 0,
         2, 0, 4, 3, 2, 0, 3, 2, 0, 4, 4, 4, 3, 3, 3, 0, 3, 1, 2, 4, 3, 1, 3, 3,
         3, 0, 0, 3, 0, 0, 0, 3, 1, 2, 4, 1, 1, 0, 1, 3, 1, 2, 4, 3, 4, 4, 1, 0,
         0, 1, 0, 0, 4, 2, 4, 4, 0, 1, 3, 1, 0, 0]])
[2023-10-23 16:45:35,242][root][INFO] - policy shape is torch.Size([1, 110, 5])
[2023-10-23 16:45:35,360][root][INFO] - Action shape is torch.Size([138, 1])
[2023-10-23 16:45:35,360][root][INFO] - Baseline shape is torch.Size([1, 138])
[2023-10-23 16:45:35,361][root][INFO] - Action shape is tensor([[0, 4, 4, 3, 2, 3, 1, 4, 2, 2, 3, 2, 1, 3, 4, 1, 4, 2, 3, 2, 4, 3, 4, 0,
         4, 3, 4, 3, 2, 0, 4, 3, 3, 3, 4, 0, 0, 3, 1, 0, 2, 1, 4, 0, 1, 4, 1, 1,
         2, 2, 1, 1, 3, 2, 2, 2, 2, 1, 3, 4, 4, 0, 1, 0, 2, 0, 4, 1, 4, 2, 0, 1,
         4, 2, 1, 4, 3, 4, 2, 1, 3, 1, 3, 0, 3, 3, 2, 1, 4, 4, 0, 1, 4, 0, 4, 3,
         3, 1, 1, 4, 2, 0, 3, 2, 3, 2, 2, 2, 0, 1, 3, 3, 1, 2, 2, 4, 3, 0, 0, 4,
         4, 2, 3, 0, 2, 2, 4, 3, 1, 0, 2, 3, 4, 1, 1, 4, 3, 4]])
[2023-10-23 16:45:35,361][root][INFO] - policy shape is torch.Size([1, 138, 5])
[2023-10-23 16:45:35,515][root][INFO] - Action shape is torch.Size([144, 1])
[2023-10-23 16:45:35,516][root][INFO] - Baseline shape is torch.Size([1, 144])
[2023-10-23 16:45:35,517][root][INFO] - Action shape is tensor([[0, 0, 3, 1, 4, 0, 0, 2, 3, 4, 3, 0, 4, 0, 1, 2, 4, 0, 2, 1, 4, 3, 0, 4,
         3, 4, 4, 4, 0, 0, 3, 3, 3, 0, 0, 0, 2, 2, 2, 2, 3, 3, 0, 4, 4, 1, 3, 4,
         4, 2, 2, 2, 2, 3, 4, 0, 1, 4, 4, 1, 4, 1, 3, 0, 0, 2, 4, 1, 4, 2, 0, 4,
         4, 3, 2, 2, 1, 2, 4, 2, 0, 1, 3, 1, 4, 4, 1, 4, 4, 3, 3, 3, 0, 3, 4, 2,
         2, 3, 4, 1, 4, 3, 1, 1, 2, 4, 0, 1, 3, 1, 2, 2, 3, 1, 0, 3, 2, 2, 2, 1,
         4, 2, 2, 3, 0, 4, 0, 1, 4, 0, 0, 0, 1, 2, 0, 0, 2, 0, 4, 4, 2, 3, 0, 0]])
[2023-10-23 16:45:35,517][root][INFO] - policy shape is torch.Size([1, 144, 5])
[2023-10-23 16:45:35,649][root][INFO] - Action shape is torch.Size([113, 1])
[2023-10-23 16:45:35,649][root][INFO] - Baseline shape is torch.Size([1, 113])
[2023-10-23 16:45:35,650][root][INFO] - Action shape is tensor([[1, 4, 0, 4, 3, 2, 4, 1, 3, 4, 1, 4, 4, 2, 0, 4, 0, 3, 4, 1, 3, 4, 0, 2,
         4, 0, 3, 4, 1, 3, 4, 0, 3, 1, 4, 1, 1, 1, 4, 4, 2, 4, 4, 2, 2, 3, 1, 2,
         1, 3, 4, 2, 2, 1, 2, 3, 4, 4, 0, 1, 2, 2, 1, 4, 0, 0, 4, 0, 0, 2, 1, 1,
         1, 1, 2, 1, 4, 1, 0, 0, 4, 4, 4, 2, 2, 1, 0, 0, 2, 0, 0, 2, 4, 0, 2, 1,
         3, 3, 4, 3, 2, 3, 2, 3, 1, 4, 2, 2, 3, 0, 0, 4, 3]])
[2023-10-23 16:45:35,650][root][INFO] - policy shape is torch.Size([1, 113, 5])
[2023-10-23 16:45:35,786][root][INFO] - Action shape is torch.Size([176, 1])
[2023-10-23 16:45:35,786][root][INFO] - Baseline shape is torch.Size([1, 176])
[2023-10-23 16:45:35,787][root][INFO] - Action shape is tensor([[3, 1, 0, 2, 4, 4, 3, 3, 3, 2, 4, 2, 4, 3, 0, 1, 1, 2, 1, 2, 0, 1, 4, 0,
         4, 3, 1, 4, 1, 3, 0, 3, 0, 0, 4, 3, 1, 0, 0, 2, 0, 4, 1, 1, 1, 2, 1, 1,
         4, 2, 4, 4, 2, 0, 4, 0, 3, 0, 0, 2, 4, 3, 4, 0, 3, 2, 0, 4, 3, 2, 1, 3,
         4, 3, 2, 3, 3, 4, 3, 0, 0, 2, 4, 1, 1, 3, 1, 4, 4, 4, 4, 2, 0, 0, 2, 3,
         4, 2, 3, 4, 3, 0, 3, 3, 3, 2, 4, 3, 2, 1, 4, 0, 0, 0, 2, 0, 4, 4, 2, 1,
         2, 2, 1, 0, 3, 3, 4, 3, 1, 0, 1, 2, 4, 3, 2, 1, 4, 0, 3, 2, 1, 2, 3, 0,
         2, 3, 0, 4, 2, 2, 1, 4, 3, 4, 1, 4, 4, 1, 2, 2, 1, 0, 3, 4, 2, 3, 2, 4,
         0, 2, 2, 3, 4, 0, 3, 0]])
[2023-10-23 16:45:35,787][root][INFO] - policy shape is torch.Size([1, 176, 5])
[2023-10-23 16:45:35,903][root][INFO] - Action shape is torch.Size([91, 1])
[2023-10-23 16:45:35,903][root][INFO] - Baseline shape is torch.Size([1, 91])
[2023-10-23 16:45:35,904][root][INFO] - Action shape is tensor([[0, 1, 2, 3, 2, 2, 2, 2, 4, 2, 2, 4, 0, 2, 0, 1, 4, 1, 1, 2, 4, 2, 0, 0,
         3, 0, 1, 3, 0, 2, 4, 4, 2, 1, 2, 3, 2, 0, 1, 1, 4, 0, 4, 0, 1, 0, 0, 4,
         0, 1, 4, 0, 0, 2, 2, 2, 2, 4, 1, 0, 3, 3, 2, 1, 1, 4, 3, 2, 2, 1, 2, 2,
         4, 1, 0, 4, 3, 4, 4, 3, 1, 1, 3, 3, 1, 0, 0, 3, 2, 1, 0]])
[2023-10-23 16:45:35,904][root][INFO] - policy shape is torch.Size([1, 91, 5])
[2023-10-23 16:45:35,947][nle.env.base][INFO] - Not saving any NLE data.
[2023-10-23 16:45:35,959][nle.env.base][INFO] - Not saving any NLE data.
[2023-10-23 16:45:35,994][nle.env.base][INFO] - Not saving any NLE data.
[2023-10-23 16:45:36,004][nle.env.base][INFO] - Not saving any NLE data.
[2023-10-23 16:45:36,004][nle.env.base][INFO] - Not saving any NLE data.
[2023-10-23 16:45:36,033][nle.env.base][INFO] - Not saving any NLE data.
[2023-10-23 16:45:36,050][root][INFO] - Action shape is torch.Size([145, 1])
[2023-10-23 16:45:36,051][root][INFO] - Baseline shape is torch.Size([1, 145])
[2023-10-23 16:45:36,052][root][INFO] - Action shape is tensor([[1, 2, 2, 0, 2, 4, 0, 4, 1, 4, 4, 0, 1, 1, 3, 0, 4, 0, 0, 2, 3, 4, 4, 1,
         2, 4, 3, 4, 3, 2, 0, 0, 4, 1, 4, 1, 3, 4, 1, 0, 0, 2, 1, 1, 0, 3, 4, 2,
         1, 4, 2, 2, 1, 4, 4, 4, 2, 2, 2, 0, 0, 3, 4, 3, 4, 3, 0, 4, 0, 4, 2, 1,
         2, 0, 1, 1, 1, 0, 1, 0, 1, 4, 4, 1, 1, 0, 0, 2, 2, 3, 1, 0, 2, 4, 1, 4,
         1, 2, 3, 0, 0, 3, 1, 0, 0, 1, 1, 2, 1, 1, 3, 4, 2, 3, 2, 4, 4, 4, 1, 1,
         1, 1, 3, 4, 3, 2, 3, 2, 3, 4, 2, 3, 2, 0, 4, 4, 2, 1, 0, 3, 1, 3, 3, 0,
         1]])
[2023-10-23 16:45:36,053][root][INFO] - policy shape is torch.Size([1, 145, 5])
[2023-10-23 16:45:36,128][nle.env.base][INFO] - Not saving any NLE data.
[2023-10-23 16:45:36,183][nle.env.base][INFO] - Not saving any NLE data.
[2023-10-23 16:45:36,210][root][INFO] - Action shape is torch.Size([120, 1])
[2023-10-23 16:45:36,210][root][INFO] - Baseline shape is torch.Size([1, 120])
[2023-10-23 16:45:36,211][root][INFO] - Action shape is tensor([[0, 3, 0, 2, 3, 4, 1, 4, 4, 2, 1, 2, 4, 3, 4, 3, 2, 3, 4, 1, 1, 1, 2, 4,
         4, 1, 3, 0, 4, 2, 3, 2, 3, 0, 3, 4, 2, 0, 0, 1, 4, 1, 3, 0, 4, 0, 0, 2,
         2, 1, 3, 3, 2, 1, 0, 2, 0, 4, 3, 4, 0, 2, 0, 3, 3, 4, 0, 1, 1, 1, 4, 2,
         4, 3, 4, 0, 3, 0, 2, 2, 2, 0, 2, 1, 1, 0, 2, 0, 4, 3, 2, 0, 2, 2, 3, 0,
         4, 0, 2, 0, 1, 0, 3, 0, 0, 3, 0, 2, 1, 4, 2, 4, 4, 1, 0, 2, 3, 0, 0, 3]])
[2023-10-23 16:45:36,211][root][INFO] - policy shape is torch.Size([1, 120, 5])
[2023-10-23 16:45:36,211][nle.env.base][INFO] - Not saving any NLE data.
[2023-10-23 16:45:36,228][nle.env.base][INFO] - Not saving any NLE data.
[2023-10-23 16:45:36,232][nle.env.base][INFO] - Not saving any NLE data.
[2023-10-23 16:45:36,236][nle.env.base][INFO] - Not saving any NLE data.
[2023-10-23 16:45:36,236][nle.env.base][INFO] - Not saving any NLE data.
[2023-10-23 16:45:36,249][nle.env.base][INFO] - Not saving any NLE data.
