[2023-10-21 17:14:41,881][root][INFO] - name: null
wandb: false
project: skillhack
entity: your_entity_name
group: default
state_dict_path: none
foc_options_path: none
foc_options_config_path: none
teacher_path: none
teacher_config_path: none
ks_max_lambda: 10
ks_max_time: 20000000.0
ks_min_lambda_prop: 0.1
train_with_all_skills: false
penalty_per_step: 0.01
hks_max_uniform_weight: 1000
hks_min_uniform_prop: 0.05
hks_max_uniform_time: 20000000.0
tasks_json: tasks
mock: false
single_ttyrec: true
num_seeds: 0
write_profiler_trace: false
relative_reward: false
fn_penalty_step: constant
penalty_time: 0.0
penalty_step: -0.001
reward_lose: 0
reward_win: 1
character: null
save_tty: false
mode: train
env: HalfCheetahv4
obs_keys: glyphs,chars,colors,specials,blstats,message
num_actors: 256
total_steps: 10000000.0
batch_size: 32
unroll_length: 80
num_learner_threads: 1
num_inference_threads: 1
disable_cuda: false
learner_device: cuda:0
actor_device: cuda:0
max_learner_queue_size: null
model: HalfCheetah
use_lstm: false
hidden_dim: 256
embedding_dim: 64
glyph_type: all_cat
equalize_input_dim: false
equalize_factor: 2
layers: 5
crop_model: cnn
crop_dim: 9
use_index_select: true
entropy_cost: 0.001
baseline_cost: 0.5
discounting: 0.999
reward_clipping: none
normalize_reward: true
learning_rate: 0.0002
grad_norm_clipping: 40
alpha: 0.99
momentum: 0
epsilon: 1.0e-06
state_counter: none
no_extrinsic: false
int:
  twoheaded: true
  input: full
  intrinsic_weight: 0.1
  discounting: 0.99
  baseline_cost: 0.5
  episodic: true
  reward_clipping: none
  normalize_reward: true
ride:
  count_norm: true
  forward_cost: 1
  inverse_cost: 0.1
  hidden_dim: 128
rnd:
  forward_cost: 0.01
msg:
  model: none
  hidden_dim: 64
  embedding_dim: 32

[2023-10-21 17:14:41,897][root][INFO] - Symlinked log directory: /opt/project/latest
[2023-10-21 17:14:41,898][root][INFO] - Creating archive directory: /opt/project/outputs/2023-10-21/17-14-41/archives
[2023-10-21 17:14:41,902][root][INFO] - Logging results to /opt/project/outputs/2023-10-21/17-14-41
[2023-10-21 17:14:41,936][palaas/out][INFO] - Found log directory: /opt/project/outputs/2023-10-21/17-14-41
[2023-10-21 17:14:41,937][palaas/out][INFO] - Saving arguments to /opt/project/outputs/2023-10-21/17-14-41/meta.json
[2023-10-21 17:14:41,937][palaas/out][INFO] - Saving messages to /opt/project/outputs/2023-10-21/17-14-41/out.log
[2023-10-21 17:14:41,937][palaas/out][INFO] - Saving logs data to /opt/project/outputs/2023-10-21/17-14-41/logs.csv
[2023-10-21 17:14:41,937][palaas/out][INFO] - Saving logs' fields to /opt/project/outputs/2023-10-21/17-14-41/fields.csv
[2023-10-21 17:14:41,938][root][INFO] - Not using CUDA.
[2023-10-21 17:14:41,944][root][INFO] - Using model HalfCheetah
[2023-10-21 17:14:42,437][root][INFO] - Number of model parameters: 11085
[2023-10-21 17:14:42,442][root][INFO] - ()
[2023-10-21 17:14:42,442][root][INFO] - After actor pool
[2023-10-21 17:14:42,706][root][INFO] - <All keys matched successfully>
[2023-10-21 17:14:42,706][root][INFO] - The model states is ()
[2023-10-21 17:14:47,712][root][INFO] - Step 0 @ 0.0 SPS. Inference batcher size: 0. Learner queue size: 0. Other stats: (train_seconds = 5.0)
[2023-10-21 17:14:51,971][root][CRITICAL] - Action shape is torch.Size([6, 1])
[2023-10-21 17:14:51,972][root][CRITICAL] - policy shape is torch.Size([6, 1])
[2023-10-21 17:14:51,973][root][CRITICAL] - Action shape is torch.Size([6, 1])
[2023-10-21 17:14:51,973][root][CRITICAL] - policy shape is torch.Size([6, 1])
[2023-10-21 17:14:52,716][root][INFO] - Step 0 @ 0.0 SPS. Inference batcher size: 0. Learner queue size: 0. Other stats: (train_seconds = 10.0)
[2023-10-21 17:14:54,070][root][CRITICAL] - Action shape is torch.Size([6, 1])
[2023-10-21 17:14:54,071][root][CRITICAL] - policy shape is torch.Size([6, 1])
[2023-10-21 17:14:54,072][root][CRITICAL] - Action shape is torch.Size([6, 1])
[2023-10-21 17:14:54,072][root][CRITICAL] - policy shape is torch.Size([6, 1])
[2023-10-21 17:14:55,554][root][CRITICAL] - Action shape is torch.Size([6, 1])
[2023-10-21 17:14:55,555][root][CRITICAL] - policy shape is torch.Size([6, 1])
[2023-10-21 17:14:55,556][root][CRITICAL] - Action shape is torch.Size([6, 1])
[2023-10-21 17:14:55,556][root][CRITICAL] - policy shape is torch.Size([6, 1])
[2023-10-21 17:14:57,340][root][CRITICAL] - Action shape is torch.Size([6, 1])
[2023-10-21 17:14:57,341][root][CRITICAL] - policy shape is torch.Size([6, 1])
[2023-10-21 17:14:57,342][root][CRITICAL] - Action shape is torch.Size([6, 1])
[2023-10-21 17:14:57,342][root][CRITICAL] - policy shape is torch.Size([6, 1])
[2023-10-21 17:14:57,720][root][INFO] - Step 0 @ 0.0 SPS. Inference batcher size: 0. Learner queue size: 0. Other stats: (train_seconds = 15.0)
[2023-10-21 17:14:57,773][root][CRITICAL] - Action shape is torch.Size([6, 1])
[2023-10-21 17:14:57,774][root][CRITICAL] - policy shape is torch.Size([6, 1])
[2023-10-21 17:14:57,775][root][CRITICAL] - Action shape is torch.Size([6, 1])
[2023-10-21 17:14:57,775][root][CRITICAL] - policy shape is torch.Size([6, 1])
[2023-10-21 17:14:57,929][root][CRITICAL] - Action shape is torch.Size([6, 1])
[2023-10-21 17:14:57,929][root][CRITICAL] - policy shape is torch.Size([6, 1])
[2023-10-21 17:14:57,930][root][CRITICAL] - Action shape is torch.Size([6, 1])
[2023-10-21 17:14:57,930][root][CRITICAL] - policy shape is torch.Size([6, 1])
[2023-10-21 17:14:58,617][root][CRITICAL] - Action shape is torch.Size([6, 1])
[2023-10-21 17:14:58,617][root][CRITICAL] - policy shape is torch.Size([6, 1])
[2023-10-21 17:14:58,618][root][CRITICAL] - Action shape is torch.Size([6, 1])
[2023-10-21 17:14:58,618][root][CRITICAL] - policy shape is torch.Size([6, 1])
[2023-10-21 17:14:59,341][root][CRITICAL] - Action shape is torch.Size([6, 1])
[2023-10-21 17:14:59,341][root][CRITICAL] - policy shape is torch.Size([6, 1])
[2023-10-21 17:14:59,343][root][CRITICAL] - Action shape is torch.Size([6, 1])
[2023-10-21 17:14:59,343][root][CRITICAL] - policy shape is torch.Size([6, 1])
[2023-10-21 17:14:59,580][root][CRITICAL] - Action shape is torch.Size([6, 1])
[2023-10-21 17:14:59,580][root][CRITICAL] - policy shape is torch.Size([6, 1])
[2023-10-21 17:14:59,581][root][CRITICAL] - Action shape is torch.Size([6, 1])
[2023-10-21 17:14:59,582][root][CRITICAL] - policy shape is torch.Size([6, 1])
[2023-10-21 17:14:59,808][root][CRITICAL] - Action shape is torch.Size([6, 1])
[2023-10-21 17:14:59,809][root][CRITICAL] - policy shape is torch.Size([6, 1])
[2023-10-21 17:14:59,810][root][CRITICAL] - Action shape is torch.Size([6, 1])
[2023-10-21 17:14:59,810][root][CRITICAL] - policy shape is torch.Size([6, 1])
[2023-10-21 17:14:59,908][root][CRITICAL] - Action shape is torch.Size([6, 1])
[2023-10-21 17:14:59,908][root][CRITICAL] - policy shape is torch.Size([6, 1])
[2023-10-21 17:14:59,908][root][CRITICAL] - Action shape is torch.Size([6, 1])
[2023-10-21 17:14:59,908][root][CRITICAL] - policy shape is torch.Size([6, 1])
[2023-10-21 17:14:59,986][root][CRITICAL] - Action shape is torch.Size([6, 1])
[2023-10-21 17:14:59,986][root][CRITICAL] - policy shape is torch.Size([6, 1])
[2023-10-21 17:14:59,987][root][CRITICAL] - Action shape is torch.Size([6, 1])
[2023-10-21 17:14:59,987][root][CRITICAL] - policy shape is torch.Size([6, 1])
[2023-10-21 17:15:00,071][root][CRITICAL] - Action shape is torch.Size([6, 1])
[2023-10-21 17:15:00,071][root][CRITICAL] - policy shape is torch.Size([6, 1])
[2023-10-21 17:15:00,072][root][CRITICAL] - Action shape is torch.Size([6, 1])
[2023-10-21 17:15:00,072][root][CRITICAL] - policy shape is torch.Size([6, 1])
[2023-10-21 17:15:00,160][root][CRITICAL] - Action shape is torch.Size([6, 1])
[2023-10-21 17:15:00,160][root][CRITICAL] - policy shape is torch.Size([6, 1])
[2023-10-21 17:15:00,160][root][CRITICAL] - Action shape is torch.Size([6, 1])
[2023-10-21 17:15:00,161][root][CRITICAL] - policy shape is torch.Size([6, 1])
[2023-10-21 17:15:00,239][root][CRITICAL] - Action shape is torch.Size([6, 1])
[2023-10-21 17:15:00,239][root][CRITICAL] - policy shape is torch.Size([6, 1])
[2023-10-21 17:15:00,240][root][CRITICAL] - Action shape is torch.Size([6, 1])
[2023-10-21 17:15:00,240][root][CRITICAL] - policy shape is torch.Size([6, 1])
[2023-10-21 17:15:00,325][root][CRITICAL] - Action shape is torch.Size([6, 1])
[2023-10-21 17:15:00,325][root][CRITICAL] - policy shape is torch.Size([6, 1])
[2023-10-21 17:15:00,326][root][CRITICAL] - Action shape is torch.Size([6, 1])
[2023-10-21 17:15:00,326][root][CRITICAL] - policy shape is torch.Size([6, 1])
[2023-10-21 17:15:00,410][root][CRITICAL] - Action shape is torch.Size([6, 1])
[2023-10-21 17:15:00,410][root][CRITICAL] - policy shape is torch.Size([6, 1])
[2023-10-21 17:15:00,414][root][CRITICAL] - Action shape is torch.Size([6, 1])
[2023-10-21 17:15:00,414][root][CRITICAL] - policy shape is torch.Size([6, 1])
[2023-10-21 17:15:00,490][root][CRITICAL] - Action shape is torch.Size([6, 1])
[2023-10-21 17:15:00,490][root][CRITICAL] - policy shape is torch.Size([6, 1])
[2023-10-21 17:15:00,491][root][CRITICAL] - Action shape is torch.Size([6, 1])
[2023-10-21 17:15:00,491][root][CRITICAL] - policy shape is torch.Size([6, 1])
[2023-10-21 17:15:00,575][root][CRITICAL] - Action shape is torch.Size([6, 1])
[2023-10-21 17:15:00,576][root][CRITICAL] - policy shape is torch.Size([6, 1])
[2023-10-21 17:15:00,576][root][CRITICAL] - Action shape is torch.Size([6, 1])
[2023-10-21 17:15:00,576][root][CRITICAL] - policy shape is torch.Size([6, 1])
[2023-10-21 17:15:00,662][root][CRITICAL] - Action shape is torch.Size([6, 1])
[2023-10-21 17:15:00,662][root][CRITICAL] - policy shape is torch.Size([6, 1])
[2023-10-21 17:15:00,663][root][CRITICAL] - Action shape is torch.Size([6, 1])
[2023-10-21 17:15:00,663][root][CRITICAL] - policy shape is torch.Size([6, 1])
[2023-10-21 17:15:00,740][root][CRITICAL] - Action shape is torch.Size([6, 1])
[2023-10-21 17:15:00,740][root][CRITICAL] - policy shape is torch.Size([6, 1])
[2023-10-21 17:15:00,741][root][CRITICAL] - Action shape is torch.Size([6, 1])
[2023-10-21 17:15:00,741][root][CRITICAL] - policy shape is torch.Size([6, 1])
[2023-10-21 17:15:00,825][root][CRITICAL] - Action shape is torch.Size([6, 1])
[2023-10-21 17:15:00,825][root][CRITICAL] - policy shape is torch.Size([6, 1])
[2023-10-21 17:15:00,826][root][CRITICAL] - Action shape is torch.Size([6, 1])
[2023-10-21 17:15:00,826][root][CRITICAL] - policy shape is torch.Size([6, 1])
[2023-10-21 17:15:00,912][root][CRITICAL] - Action shape is torch.Size([6, 1])
[2023-10-21 17:15:00,912][root][CRITICAL] - policy shape is torch.Size([6, 1])
[2023-10-21 17:15:00,913][root][CRITICAL] - Action shape is torch.Size([6, 1])
[2023-10-21 17:15:00,913][root][CRITICAL] - policy shape is torch.Size([6, 1])
[2023-10-21 17:15:00,990][root][CRITICAL] - Action shape is torch.Size([6, 1])
[2023-10-21 17:15:00,990][root][CRITICAL] - policy shape is torch.Size([6, 1])
[2023-10-21 17:15:00,990][root][CRITICAL] - Action shape is torch.Size([6, 1])
[2023-10-21 17:15:00,991][root][CRITICAL] - policy shape is torch.Size([6, 1])
[2023-10-21 17:15:01,079][root][CRITICAL] - Action shape is torch.Size([6, 1])
[2023-10-21 17:15:01,079][root][CRITICAL] - policy shape is torch.Size([6, 1])
[2023-10-21 17:15:01,080][root][CRITICAL] - Action shape is torch.Size([6, 1])
[2023-10-21 17:15:01,080][root][CRITICAL] - policy shape is torch.Size([6, 1])
[2023-10-21 17:15:01,169][root][CRITICAL] - Action shape is torch.Size([6, 1])
[2023-10-21 17:15:01,169][root][CRITICAL] - policy shape is torch.Size([6, 1])
[2023-10-21 17:15:01,170][root][CRITICAL] - Action shape is torch.Size([6, 1])
[2023-10-21 17:15:01,170][root][CRITICAL] - policy shape is torch.Size([6, 1])
[2023-10-21 17:15:01,246][root][CRITICAL] - Action shape is torch.Size([6, 1])
[2023-10-21 17:15:01,246][root][CRITICAL] - policy shape is torch.Size([6, 1])
[2023-10-21 17:15:01,247][root][CRITICAL] - Action shape is torch.Size([6, 1])
[2023-10-21 17:15:01,247][root][CRITICAL] - policy shape is torch.Size([6, 1])
[2023-10-21 17:15:01,331][root][CRITICAL] - Action shape is torch.Size([6, 1])
[2023-10-21 17:15:01,332][root][CRITICAL] - policy shape is torch.Size([6, 1])
[2023-10-21 17:15:01,332][root][CRITICAL] - Action shape is torch.Size([6, 1])
[2023-10-21 17:15:01,332][root][CRITICAL] - policy shape is torch.Size([6, 1])
[2023-10-21 17:15:01,422][root][CRITICAL] - Action shape is torch.Size([6, 1])
[2023-10-21 17:15:01,422][root][CRITICAL] - policy shape is torch.Size([6, 1])
[2023-10-21 17:15:01,423][root][CRITICAL] - Action shape is torch.Size([6, 1])
[2023-10-21 17:15:01,423][root][CRITICAL] - policy shape is torch.Size([6, 1])
[2023-10-21 17:15:01,501][root][CRITICAL] - Action shape is torch.Size([6, 1])
[2023-10-21 17:15:01,501][root][CRITICAL] - policy shape is torch.Size([6, 1])
[2023-10-21 17:15:01,501][root][CRITICAL] - Action shape is torch.Size([6, 1])
[2023-10-21 17:15:01,502][root][CRITICAL] - policy shape is torch.Size([6, 1])
