[2023-10-24 18:32:26,169][root][INFO] - name: null
wandb: false
project: skillhack
entity: your_entity_name
group: default
state_dict_path: none
foc_options_path: none
foc_options_config_path: none
teacher_path: none
teacher_config_path: none
ks_max_lambda: 10
ks_max_time: 20000000.0
ks_min_lambda_prop: 0.1
train_with_all_skills: false
penalty_per_step: 0.01
hks_max_uniform_weight: 1000
hks_min_uniform_prop: 0.05
hks_max_uniform_time: 20000000.0
tasks_json: tasks
mock: false
single_ttyrec: true
num_seeds: 0
write_profiler_trace: false
relative_reward: false
fn_penalty_step: constant
penalty_time: 0.0
penalty_step: -0.001
reward_lose: 0
reward_win: 1
character: null
save_tty: false
mode: train
env: HalfCheetahv4
obs_keys: glyphs,chars,colors,specials,blstats,message
num_actors: 256
total_steps: 10000000.0
batch_size: 32
unroll_length: 80
num_learner_threads: 1
num_inference_threads: 1
disable_cuda: false
learner_device: cuda:0
actor_device: cuda:0
max_learner_queue_size: null
model: HalfCheetah
use_lstm: false
hidden_dim: 256
embedding_dim: 64
glyph_type: all_cat
equalize_input_dim: false
equalize_factor: 2
layers: 5
crop_model: cnn
crop_dim: 9
use_index_select: true
entropy_cost: 0.001
baseline_cost: 0.5
discounting: 0.999
reward_clipping: none
normalize_reward: true
learning_rate: 0.0002
grad_norm_clipping: 40
alpha: 0.99
momentum: 0
epsilon: 1.0e-06
state_counter: none
no_extrinsic: false
int:
  twoheaded: true
  input: full
  intrinsic_weight: 0.1
  discounting: 0.99
  baseline_cost: 0.5
  episodic: true
  reward_clipping: none
  normalize_reward: true
ride:
  count_norm: true
  forward_cost: 1
  inverse_cost: 0.1
  hidden_dim: 128
rnd:
  forward_cost: 0.01
msg:
  model: none
  hidden_dim: 64
  embedding_dim: 32

[2023-10-24 18:32:26,185][root][INFO] - Symlinked log directory: /opt/project/latest
[2023-10-24 18:32:26,186][root][INFO] - Creating archive directory: /opt/project/outputs/2023-10-24/18-32-26/archives
[2023-10-24 18:32:26,190][root][INFO] - Logging results to /opt/project/outputs/2023-10-24/18-32-26
[2023-10-24 18:32:26,252][palaas/out][INFO] - Found log directory: /opt/project/outputs/2023-10-24/18-32-26
[2023-10-24 18:32:26,252][palaas/out][INFO] - Saving arguments to /opt/project/outputs/2023-10-24/18-32-26/meta.json
[2023-10-24 18:32:26,253][palaas/out][INFO] - Saving messages to /opt/project/outputs/2023-10-24/18-32-26/out.log
[2023-10-24 18:32:26,253][palaas/out][INFO] - Saving logs data to /opt/project/outputs/2023-10-24/18-32-26/logs.csv
[2023-10-24 18:32:26,253][palaas/out][INFO] - Saving logs' fields to /opt/project/outputs/2023-10-24/18-32-26/fields.csv
[2023-10-24 18:32:26,253][root][INFO] - Not using CUDA.
[2023-10-24 18:32:26,259][root][INFO] - Using model HalfCheetah
[2023-10-24 18:32:26,906][root][INFO] - Number of model parameters: 11085
[2023-10-24 18:32:26,911][root][INFO] - ()
[2023-10-24 18:32:26,912][root][INFO] - After actor pool
[2023-10-24 18:32:27,222][root][INFO] - <All keys matched successfully>
[2023-10-24 18:32:27,223][root][INFO] - The model states is ()
[2023-10-24 18:32:32,228][root][INFO] - Step 0 @ 0.0 SPS. Inference batcher size: 0. Learner queue size: 0. Other stats: (train_seconds = 5.0)
[2023-10-24 18:32:37,233][root][INFO] - Step 0 @ 0.0 SPS. Inference batcher size: 3. Learner queue size: 5. Other stats: (train_seconds = 10.0)
[2023-10-24 18:32:40,156][root][INFO] - torch.Size([2592, 17])
[2023-10-24 18:32:40,424][root][INFO] - torch.Size([32])
[2023-10-24 18:32:40,425][root][INFO] - torch.Size([80, 32])
[2023-10-24 18:32:40,425][root][INFO] - torch.Size([80, 32])
[2023-10-24 18:32:40,427][root][INFO] - torch.Size([80, 32, 6])
[2023-10-24 18:32:40,427][root][INFO] - torch.Size([80, 32, 6])
[2023-10-24 18:32:40,427][root][INFO] - tensor([[ 3.4678e-01, -5.6825e-02,  9.6624e-02,  ...,  1.2376e+00,
         -2.2366e-02,  1.0321e+00],
        [-2.5956e-01, -4.4057e-01, -9.4280e-01,  ...,  3.6233e-01,
         -2.1816e+00,  2.3980e-02],
        [-8.0770e-02,  1.0910e+00, -4.1571e-02,  ...,  1.3003e+00,
          5.6964e-01, -2.6809e-02],
        ...,
        [-6.6359e-02,  5.6335e-01, -2.0038e-01,  ..., -4.7109e-02,
         -2.5609e-02, -2.3766e-01],
        [-9.0491e-02, -1.0530e-01,  1.3200e+00,  ...,  1.0072e-01,
          1.6153e+00, -7.1850e-01],
        [ 2.8061e-04, -1.0760e-02, -9.2283e-03,  ..., -1.7885e-02,
         -1.0701e-02, -9.8552e-03]])
[2023-10-24 18:32:42,237][root][INFO] - Step 0 @ 0.0 SPS. Inference batcher size: 0. Learner queue size: 32. Other stats: (train_seconds = 15.0)
[2023-10-24 18:32:47,241][root][INFO] - Step 0 @ 0.0 SPS. Inference batcher size: 0. Learner queue size: 32. Other stats: (train_seconds = 20.0)
[2023-10-24 18:32:52,245][root][INFO] - Step 0 @ 0.0 SPS. Inference batcher size: 0. Learner queue size: 32. Other stats: (train_seconds = 25.0)
[2023-10-24 18:32:57,250][root][INFO] - Step 0 @ 0.0 SPS. Inference batcher size: 0. Learner queue size: 32. Other stats: (train_seconds = 30.0)
