[2023-10-21 17:36:01,430][root][INFO] - name: null
wandb: false
project: skillhack
entity: your_entity_name
group: default
state_dict_path: none
foc_options_path: none
foc_options_config_path: none
teacher_path: none
teacher_config_path: none
ks_max_lambda: 10
ks_max_time: 20000000.0
ks_min_lambda_prop: 0.1
train_with_all_skills: false
penalty_per_step: 0.01
hks_max_uniform_weight: 1000
hks_min_uniform_prop: 0.05
hks_max_uniform_time: 20000000.0
tasks_json: tasks
mock: false
single_ttyrec: true
num_seeds: 0
write_profiler_trace: false
relative_reward: false
fn_penalty_step: constant
penalty_time: 0.0
penalty_step: -0.001
reward_lose: 0
reward_win: 1
character: null
save_tty: false
mode: train
env: HalfCheetahv4
obs_keys: glyphs,chars,colors,specials,blstats,message
num_actors: 256
total_steps: 10000000.0
batch_size: 32
unroll_length: 80
num_learner_threads: 1
num_inference_threads: 1
disable_cuda: false
learner_device: cuda:0
actor_device: cuda:0
max_learner_queue_size: null
model: HalfCheetah
use_lstm: false
hidden_dim: 256
embedding_dim: 64
glyph_type: all_cat
equalize_input_dim: false
equalize_factor: 2
layers: 5
crop_model: cnn
crop_dim: 9
use_index_select: true
entropy_cost: 0.001
baseline_cost: 0.5
discounting: 0.999
reward_clipping: none
normalize_reward: true
learning_rate: 0.0002
grad_norm_clipping: 40
alpha: 0.99
momentum: 0
epsilon: 1.0e-06
state_counter: none
no_extrinsic: false
int:
  twoheaded: true
  input: full
  intrinsic_weight: 0.1
  discounting: 0.99
  baseline_cost: 0.5
  episodic: true
  reward_clipping: none
  normalize_reward: true
ride:
  count_norm: true
  forward_cost: 1
  inverse_cost: 0.1
  hidden_dim: 128
rnd:
  forward_cost: 0.01
msg:
  model: none
  hidden_dim: 64
  embedding_dim: 32

[2023-10-21 17:36:01,447][root][INFO] - Symlinked log directory: /opt/project/latest
[2023-10-21 17:36:01,448][root][INFO] - Creating archive directory: /opt/project/outputs/2023-10-21/17-36-01/archives
[2023-10-21 17:36:01,452][root][INFO] - Logging results to /opt/project/outputs/2023-10-21/17-36-01
[2023-10-21 17:36:01,493][palaas/out][INFO] - Found log directory: /opt/project/outputs/2023-10-21/17-36-01
[2023-10-21 17:36:01,493][palaas/out][INFO] - Saving arguments to /opt/project/outputs/2023-10-21/17-36-01/meta.json
[2023-10-21 17:36:01,493][palaas/out][INFO] - Saving messages to /opt/project/outputs/2023-10-21/17-36-01/out.log
[2023-10-21 17:36:01,494][palaas/out][INFO] - Saving logs data to /opt/project/outputs/2023-10-21/17-36-01/logs.csv
[2023-10-21 17:36:01,494][palaas/out][INFO] - Saving logs' fields to /opt/project/outputs/2023-10-21/17-36-01/fields.csv
[2023-10-21 17:36:01,494][root][INFO] - Not using CUDA.
[2023-10-21 17:36:01,500][root][INFO] - Using model HalfCheetah
[2023-10-21 17:36:02,010][root][INFO] - Number of model parameters: 11085
[2023-10-21 17:36:02,015][root][INFO] - ()
[2023-10-21 17:36:02,015][root][INFO] - After actor pool
[2023-10-21 17:36:02,280][root][INFO] - <All keys matched successfully>
[2023-10-21 17:36:02,281][root][INFO] - The model states is ()
[2023-10-21 17:36:03,762][root][INFO] - Action shape is torch.Size([1, 1, 6])
[2023-10-21 17:36:03,763][root][INFO] - Baseline shape is torch.Size([1, 1])
[2023-10-21 17:36:03,763][root][INFO] - policy shape is torch.Size([1, 1, 6])
[2023-10-21 17:36:03,764][root][INFO] - Action shape is torch.Size([1, 1, 6])
[2023-10-21 17:36:03,764][root][INFO] - Baseline shape is torch.Size([1, 1])
[2023-10-21 17:36:03,764][root][INFO] - policy shape is torch.Size([1, 1, 6])
[2023-10-21 17:36:03,766][root][INFO] - Action shape is torch.Size([1, 1, 6])
[2023-10-21 17:36:03,766][root][INFO] - Baseline shape is torch.Size([1, 1])
[2023-10-21 17:36:03,766][root][INFO] - policy shape is torch.Size([1, 1, 6])
[2023-10-21 17:36:03,767][root][INFO] - Action shape is torch.Size([1, 1, 6])
[2023-10-21 17:36:03,768][root][INFO] - Baseline shape is torch.Size([1, 1])
[2023-10-21 17:36:03,768][root][INFO] - policy shape is torch.Size([1, 1, 6])
[2023-10-21 17:36:03,769][root][INFO] - Action shape is torch.Size([1, 1, 6])
[2023-10-21 17:36:03,769][root][INFO] - Baseline shape is torch.Size([1, 1])
[2023-10-21 17:36:03,770][root][INFO] - policy shape is torch.Size([1, 1, 6])
[2023-10-21 17:36:03,771][root][INFO] - Action shape is torch.Size([1, 1, 6])
[2023-10-21 17:36:03,771][root][INFO] - Baseline shape is torch.Size([1, 1])
[2023-10-21 17:36:03,771][root][INFO] - policy shape is torch.Size([1, 1, 6])
[2023-10-21 17:36:03,773][root][INFO] - Action shape is torch.Size([1, 1, 6])
[2023-10-21 17:36:03,773][root][INFO] - Baseline shape is torch.Size([1, 1])
[2023-10-21 17:36:03,773][root][INFO] - policy shape is torch.Size([1, 1, 6])
[2023-10-21 17:36:03,774][root][INFO] - Action shape is torch.Size([1, 1, 6])
[2023-10-21 17:36:03,774][root][INFO] - Baseline shape is torch.Size([1, 1])
[2023-10-21 17:36:03,775][root][INFO] - policy shape is torch.Size([1, 1, 6])
[2023-10-21 17:36:03,780][root][INFO] - Action shape is torch.Size([1, 1, 6])
[2023-10-21 17:36:03,781][root][INFO] - Baseline shape is torch.Size([1, 1])
[2023-10-21 17:36:03,781][root][INFO] - policy shape is torch.Size([1, 1, 6])
[2023-10-21 17:36:03,788][root][INFO] - Action shape is torch.Size([1, 1, 6])
[2023-10-21 17:36:03,789][root][INFO] - Baseline shape is torch.Size([1, 1])
[2023-10-21 17:36:03,789][root][INFO] - policy shape is torch.Size([1, 1, 6])
[2023-10-21 17:36:03,791][root][INFO] - Action shape is torch.Size([1, 1, 6])
[2023-10-21 17:36:03,791][root][INFO] - Baseline shape is torch.Size([1, 1])
[2023-10-21 17:36:03,791][root][INFO] - policy shape is torch.Size([1, 1, 6])
[2023-10-21 17:36:03,792][root][INFO] - Action shape is torch.Size([1, 1, 6])
[2023-10-21 17:36:03,793][root][INFO] - Baseline shape is torch.Size([1, 1])
[2023-10-21 17:36:03,793][root][INFO] - policy shape is torch.Size([1, 1, 6])
[2023-10-21 17:36:03,794][root][INFO] - Action shape is torch.Size([1, 1, 6])
[2023-10-21 17:36:03,795][root][INFO] - Baseline shape is torch.Size([1, 1])
[2023-10-21 17:36:03,795][root][INFO] - policy shape is torch.Size([1, 1, 6])
[2023-10-21 17:36:03,796][root][INFO] - Action shape is torch.Size([1, 1, 6])
[2023-10-21 17:36:03,796][root][INFO] - Baseline shape is torch.Size([1, 1])
[2023-10-21 17:36:03,856][root][INFO] - policy shape is torch.Size([1, 1, 6])
[2023-10-21 17:36:03,866][root][INFO] - Action shape is torch.Size([1, 1, 6])
[2023-10-21 17:36:03,876][root][INFO] - Baseline shape is torch.Size([1, 1])
[2023-10-21 17:36:03,884][root][INFO] - policy shape is torch.Size([1, 1, 6])
[2023-10-21 17:36:03,886][root][INFO] - Action shape is torch.Size([1, 1, 6])
[2023-10-21 17:36:03,886][root][INFO] - Baseline shape is torch.Size([1, 1])
[2023-10-21 17:36:03,887][root][INFO] - policy shape is torch.Size([1, 1, 6])
[2023-10-21 17:36:03,889][root][INFO] - Action shape is torch.Size([1, 1, 6])
[2023-10-21 17:36:03,889][root][INFO] - Baseline shape is torch.Size([1, 1])
[2023-10-21 17:36:03,890][root][INFO] - policy shape is torch.Size([1, 1, 6])
[2023-10-21 17:36:03,901][root][INFO] - Action shape is torch.Size([1, 1, 6])
[2023-10-21 17:36:03,928][root][INFO] - Baseline shape is torch.Size([1, 1])
[2023-10-21 17:36:03,929][root][INFO] - policy shape is torch.Size([1, 1, 6])
[2023-10-21 17:36:03,930][root][INFO] - Action shape is torch.Size([1, 1, 6])
[2023-10-21 17:36:03,932][root][INFO] - Baseline shape is torch.Size([1, 1])
[2023-10-21 17:36:03,932][root][INFO] - policy shape is torch.Size([1, 1, 6])
[2023-10-21 17:36:03,934][root][INFO] - Action shape is torch.Size([1, 1, 6])
[2023-10-21 17:36:03,934][root][INFO] - Baseline shape is torch.Size([1, 1])
[2023-10-21 17:36:03,934][root][INFO] - policy shape is torch.Size([1, 1, 6])
[2023-10-21 17:36:03,936][root][INFO] - Action shape is torch.Size([1, 1, 6])
[2023-10-21 17:36:03,936][root][INFO] - Baseline shape is torch.Size([1, 1])
[2023-10-21 17:36:03,973][root][INFO] - policy shape is torch.Size([1, 1, 6])
[2023-10-21 17:36:03,975][root][INFO] - Action shape is torch.Size([1, 1, 6])
[2023-10-21 17:36:03,975][root][INFO] - Baseline shape is torch.Size([1, 1])
[2023-10-21 17:36:03,975][root][INFO] - policy shape is torch.Size([1, 1, 6])
[2023-10-21 17:36:03,984][root][INFO] - Action shape is torch.Size([1, 1, 6])
[2023-10-21 17:36:03,985][root][INFO] - Baseline shape is torch.Size([1, 1])
[2023-10-21 17:36:03,985][root][INFO] - policy shape is torch.Size([1, 1, 6])
[2023-10-21 17:36:03,987][root][INFO] - Action shape is torch.Size([1, 1, 6])
[2023-10-21 17:36:03,987][root][INFO] - Baseline shape is torch.Size([1, 1])
[2023-10-21 17:36:03,987][root][INFO] - policy shape is torch.Size([1, 1, 6])
[2023-10-21 17:36:03,989][root][INFO] - Action shape is torch.Size([1, 1, 6])
[2023-10-21 17:36:03,990][root][INFO] - Baseline shape is torch.Size([1, 1])
[2023-10-21 17:36:04,080][root][INFO] - policy shape is torch.Size([1, 1, 6])
[2023-10-21 17:36:04,082][root][INFO] - Action shape is torch.Size([1, 1, 6])
[2023-10-21 17:36:04,083][root][INFO] - Baseline shape is torch.Size([1, 1])
[2023-10-21 17:36:04,083][root][INFO] - policy shape is torch.Size([1, 1, 6])
[2023-10-21 17:36:04,085][root][INFO] - Action shape is torch.Size([1, 1, 6])
[2023-10-21 17:36:04,086][root][INFO] - Baseline shape is torch.Size([1, 1])
[2023-10-21 17:36:04,086][root][INFO] - policy shape is torch.Size([1, 1, 6])
[2023-10-21 17:36:04,104][root][INFO] - Action shape is torch.Size([1, 1, 6])
[2023-10-21 17:36:04,200][root][INFO] - Baseline shape is torch.Size([1, 1])
[2023-10-21 17:36:04,201][root][INFO] - policy shape is torch.Size([1, 1, 6])
[2023-10-21 17:36:04,202][root][INFO] - Action shape is torch.Size([1, 1, 6])
[2023-10-21 17:36:04,203][root][INFO] - Baseline shape is torch.Size([1, 1])
[2023-10-21 17:36:04,203][root][INFO] - policy shape is torch.Size([1, 1, 6])
[2023-10-21 17:36:04,204][root][INFO] - Action shape is torch.Size([1, 1, 6])
[2023-10-21 17:36:04,205][root][INFO] - Baseline shape is torch.Size([1, 1])
[2023-10-21 17:36:04,205][root][INFO] - policy shape is torch.Size([1, 1, 6])
[2023-10-21 17:36:04,206][root][INFO] - Action shape is torch.Size([1, 1, 6])
[2023-10-21 17:36:04,207][root][INFO] - Baseline shape is torch.Size([1, 1])
[2023-10-21 17:36:04,245][root][INFO] - policy shape is torch.Size([1, 1, 6])
[2023-10-21 17:36:04,247][root][INFO] - Action shape is torch.Size([1, 1, 6])
[2023-10-21 17:36:04,247][root][INFO] - Baseline shape is torch.Size([1, 1])
[2023-10-21 17:36:04,248][root][INFO] - policy shape is torch.Size([1, 1, 6])
[2023-10-21 17:36:04,249][root][INFO] - Action shape is torch.Size([1, 1, 6])
[2023-10-21 17:36:04,250][root][INFO] - Baseline shape is torch.Size([1, 1])
[2023-10-21 17:36:04,250][root][INFO] - policy shape is torch.Size([1, 1, 6])
[2023-10-21 17:36:04,251][root][INFO] - Action shape is torch.Size([1, 1, 6])
[2023-10-21 17:36:04,252][root][INFO] - Baseline shape is torch.Size([1, 1])
[2023-10-21 17:36:04,252][root][INFO] - policy shape is torch.Size([1, 1, 6])
[2023-10-21 17:36:04,256][root][INFO] - Action shape is torch.Size([1, 1, 6])
[2023-10-21 17:36:04,257][root][INFO] - Baseline shape is torch.Size([1, 1])
[2023-10-21 17:36:04,257][root][INFO] - policy shape is torch.Size([1, 1, 6])
[2023-10-21 17:36:04,269][root][INFO] - Action shape is torch.Size([1, 1, 6])
[2023-10-21 17:36:04,359][root][INFO] - Baseline shape is torch.Size([1, 1])
[2023-10-21 17:36:04,360][root][INFO] - policy shape is torch.Size([1, 1, 6])
[2023-10-21 17:36:04,377][root][INFO] - Action shape is torch.Size([1, 1, 6])
[2023-10-21 17:36:04,377][root][INFO] - Baseline shape is torch.Size([1, 1])
[2023-10-21 17:36:04,378][root][INFO] - policy shape is torch.Size([1, 1, 6])
[2023-10-21 17:36:04,379][root][INFO] - Action shape is torch.Size([1, 1, 6])
[2023-10-21 17:36:04,380][root][INFO] - Baseline shape is torch.Size([1, 1])
[2023-10-21 17:36:04,380][root][INFO] - policy shape is torch.Size([1, 1, 6])
[2023-10-21 17:36:04,382][root][INFO] - Action shape is torch.Size([1, 1, 6])
[2023-10-21 17:36:04,382][root][INFO] - Baseline shape is torch.Size([1, 1])
[2023-10-21 17:36:04,383][root][INFO] - policy shape is torch.Size([1, 1, 6])
[2023-10-21 17:36:04,385][root][INFO] - Action shape is torch.Size([1, 1, 6])
[2023-10-21 17:36:04,456][root][INFO] - Baseline shape is torch.Size([1, 1])
[2023-10-21 17:36:04,457][root][INFO] - policy shape is torch.Size([1, 1, 6])
[2023-10-21 17:36:04,458][root][INFO] - Action shape is torch.Size([1, 1, 6])
[2023-10-21 17:36:04,459][root][INFO] - Baseline shape is torch.Size([1, 1])
[2023-10-21 17:36:04,459][root][INFO] - policy shape is torch.Size([1, 1, 6])
[2023-10-21 17:36:04,460][root][INFO] - Action shape is torch.Size([1, 1, 6])
[2023-10-21 17:36:04,461][root][INFO] - Baseline shape is torch.Size([1, 1])
[2023-10-21 17:36:04,461][root][INFO] - policy shape is torch.Size([1, 1, 6])
[2023-10-21 17:36:04,462][root][INFO] - Action shape is torch.Size([1, 1, 6])
[2023-10-21 17:36:04,468][root][INFO] - Baseline shape is torch.Size([1, 1])
[2023-10-21 17:36:04,480][root][INFO] - policy shape is torch.Size([1, 1, 6])
[2023-10-21 17:36:04,482][root][INFO] - Action shape is torch.Size([1, 1, 6])
[2023-10-21 17:36:04,482][root][INFO] - Baseline shape is torch.Size([1, 1])
[2023-10-21 17:36:04,482][root][INFO] - policy shape is torch.Size([1, 1, 6])
[2023-10-21 17:36:04,484][root][INFO] - Action shape is torch.Size([1, 1, 6])
[2023-10-21 17:36:04,484][root][INFO] - Baseline shape is torch.Size([1, 1])
[2023-10-21 17:36:04,485][root][INFO] - policy shape is torch.Size([1, 1, 6])
[2023-10-21 17:36:04,486][root][INFO] - Action shape is torch.Size([1, 1, 6])
[2023-10-21 17:36:04,486][root][INFO] - Baseline shape is torch.Size([1, 1])
[2023-10-21 17:36:04,528][root][INFO] - policy shape is torch.Size([1, 1, 6])
[2023-10-21 17:36:04,530][root][INFO] - Action shape is torch.Size([1, 1, 6])
[2023-10-21 17:36:04,530][root][INFO] - Baseline shape is torch.Size([1, 1])
[2023-10-21 17:36:04,530][root][INFO] - policy shape is torch.Size([1, 1, 6])
[2023-10-21 17:36:04,532][root][INFO] - Action shape is torch.Size([1, 1, 6])
[2023-10-21 17:36:04,532][root][INFO] - Baseline shape is torch.Size([1, 1])
[2023-10-21 17:36:04,533][root][INFO] - policy shape is torch.Size([1, 1, 6])
[2023-10-21 17:36:04,534][root][INFO] - Action shape is torch.Size([1, 1, 6])
[2023-10-21 17:36:04,534][root][INFO] - Baseline shape is torch.Size([1, 1])
[2023-10-21 17:36:04,534][root][INFO] - policy shape is torch.Size([1, 1, 6])
[2023-10-21 17:36:04,535][root][INFO] - Action shape is torch.Size([1, 1, 6])
[2023-10-21 17:36:04,548][root][INFO] - Baseline shape is torch.Size([1, 1])
[2023-10-21 17:36:04,620][root][INFO] - policy shape is torch.Size([1, 1, 6])
[2023-10-21 17:36:04,645][root][INFO] - Action shape is torch.Size([1, 1, 6])
[2023-10-21 17:36:04,645][root][INFO] - Baseline shape is torch.Size([1, 1])
[2023-10-21 17:36:04,646][root][INFO] - policy shape is torch.Size([1, 1, 6])
[2023-10-21 17:36:04,647][root][INFO] - Action shape is torch.Size([1, 1, 6])
[2023-10-21 17:36:04,724][root][INFO] - Baseline shape is torch.Size([1, 1])
[2023-10-21 17:36:04,725][root][INFO] - policy shape is torch.Size([1, 1, 6])
[2023-10-21 17:36:04,729][root][INFO] - Action shape is torch.Size([1, 1, 6])
[2023-10-21 17:36:04,729][root][INFO] - Baseline shape is torch.Size([1, 1])
[2023-10-21 17:36:04,730][root][INFO] - policy shape is torch.Size([1, 1, 6])
[2023-10-21 17:36:04,737][root][INFO] - Action shape is torch.Size([1, 1, 6])
[2023-10-21 17:36:04,745][root][INFO] - Baseline shape is torch.Size([1, 1])
[2023-10-21 17:36:04,745][root][INFO] - policy shape is torch.Size([1, 1, 6])
[2023-10-21 17:36:04,747][root][INFO] - Action shape is torch.Size([1, 1, 6])
[2023-10-21 17:36:04,747][root][INFO] - Baseline shape is torch.Size([1, 1])
[2023-10-21 17:36:04,748][root][INFO] - policy shape is torch.Size([1, 1, 6])
[2023-10-21 17:36:04,749][root][INFO] - Action shape is torch.Size([1, 1, 6])
[2023-10-21 17:36:04,750][root][INFO] - Baseline shape is torch.Size([1, 1])
[2023-10-21 17:36:04,750][root][INFO] - policy shape is torch.Size([1, 1, 6])
[2023-10-21 17:36:04,758][root][INFO] - Action shape is torch.Size([1, 1, 6])
[2023-10-21 17:36:04,759][root][INFO] - Baseline shape is torch.Size([1, 1])
[2023-10-21 17:36:04,759][root][INFO] - policy shape is torch.Size([1, 1, 6])
[2023-10-21 17:36:04,760][root][INFO] - Action shape is torch.Size([1, 1, 6])
[2023-10-21 17:36:04,761][root][INFO] - Baseline shape is torch.Size([1, 1])
[2023-10-21 17:36:04,761][root][INFO] - policy shape is torch.Size([1, 1, 6])
[2023-10-21 17:36:04,762][root][INFO] - Action shape is torch.Size([1, 1, 6])
[2023-10-21 17:36:04,763][root][INFO] - Baseline shape is torch.Size([1, 1])
[2023-10-21 17:36:04,763][root][INFO] - policy shape is torch.Size([1, 1, 6])
[2023-10-21 17:36:04,764][root][INFO] - Action shape is torch.Size([1, 1, 6])
[2023-10-21 17:36:04,765][root][INFO] - Baseline shape is torch.Size([1, 1])
[2023-10-21 17:36:04,765][root][INFO] - policy shape is torch.Size([1, 1, 6])
[2023-10-21 17:36:04,766][root][INFO] - Action shape is torch.Size([1, 1, 6])
[2023-10-21 17:36:04,768][root][INFO] - Baseline shape is torch.Size([1, 1])
[2023-10-21 17:36:04,768][root][INFO] - policy shape is torch.Size([1, 1, 6])
[2023-10-21 17:36:04,770][root][INFO] - Action shape is torch.Size([1, 1, 6])
[2023-10-21 17:36:04,772][root][INFO] - Baseline shape is torch.Size([1, 1])
[2023-10-21 17:36:04,772][root][INFO] - policy shape is torch.Size([1, 1, 6])
[2023-10-21 17:36:04,780][root][INFO] - Action shape is torch.Size([1, 1, 6])
[2023-10-21 17:36:04,781][root][INFO] - Baseline shape is torch.Size([1, 1])
[2023-10-21 17:36:04,781][root][INFO] - policy shape is torch.Size([1, 1, 6])
[2023-10-21 17:36:04,782][root][INFO] - Action shape is torch.Size([1, 1, 6])
[2023-10-21 17:36:04,783][root][INFO] - Baseline shape is torch.Size([1, 1])
[2023-10-21 17:36:04,783][root][INFO] - policy shape is torch.Size([1, 1, 6])
[2023-10-21 17:36:04,785][root][INFO] - Action shape is torch.Size([1, 1, 6])
[2023-10-21 17:36:04,787][root][INFO] - Baseline shape is torch.Size([1, 1])
[2023-10-21 17:36:04,800][root][INFO] - policy shape is torch.Size([1, 1, 6])
[2023-10-21 17:36:04,808][root][INFO] - Action shape is torch.Size([1, 1, 6])
[2023-10-21 17:36:04,809][root][INFO] - Baseline shape is torch.Size([1, 1])
[2023-10-21 17:36:04,809][root][INFO] - policy shape is torch.Size([1, 1, 6])
[2023-10-21 17:36:04,811][root][INFO] - Action shape is torch.Size([1, 1, 6])
[2023-10-21 17:36:04,811][root][INFO] - Baseline shape is torch.Size([1, 1])
[2023-10-21 17:36:04,811][root][INFO] - policy shape is torch.Size([1, 1, 6])
[2023-10-21 17:36:04,813][root][INFO] - Action shape is torch.Size([1, 1, 6])
[2023-10-21 17:36:04,813][root][INFO] - Baseline shape is torch.Size([1, 1])
[2023-10-21 17:36:04,813][root][INFO] - policy shape is torch.Size([1, 1, 6])
[2023-10-21 17:36:04,814][root][INFO] - Action shape is torch.Size([1, 1, 6])
[2023-10-21 17:36:04,815][root][INFO] - Baseline shape is torch.Size([1, 1])
[2023-10-21 17:36:04,844][root][INFO] - policy shape is torch.Size([1, 1, 6])
[2023-10-21 17:36:04,846][root][INFO] - Action shape is torch.Size([1, 1, 6])
[2023-10-21 17:36:04,846][root][INFO] - Baseline shape is torch.Size([1, 1])
[2023-10-21 17:36:04,847][root][INFO] - policy shape is torch.Size([1, 1, 6])
[2023-10-21 17:36:04,848][root][INFO] - Action shape is torch.Size([1, 1, 6])
[2023-10-21 17:36:04,849][root][INFO] - Baseline shape is torch.Size([1, 1])
[2023-10-21 17:36:04,849][root][INFO] - policy shape is torch.Size([1, 1, 6])
[2023-10-21 17:36:04,850][root][INFO] - Action shape is torch.Size([1, 1, 6])
[2023-10-21 17:36:04,851][root][INFO] - Baseline shape is torch.Size([1, 1])
[2023-10-21 17:36:04,924][root][INFO] - policy shape is torch.Size([1, 1, 6])
[2023-10-21 17:36:04,926][root][INFO] - Action shape is torch.Size([1, 1, 6])
[2023-10-21 17:36:04,926][root][INFO] - Baseline shape is torch.Size([1, 1])
[2023-10-21 17:36:04,926][root][INFO] - policy shape is torch.Size([1, 1, 6])
[2023-10-21 17:36:04,928][root][INFO] - Action shape is torch.Size([1, 1, 6])
[2023-10-21 17:36:04,929][root][INFO] - Baseline shape is torch.Size([1, 1])
[2023-10-21 17:36:04,929][root][INFO] - policy shape is torch.Size([1, 1, 6])
[2023-10-21 17:36:04,930][root][INFO] - Action shape is torch.Size([1, 1, 6])
[2023-10-21 17:36:04,984][root][INFO] - Baseline shape is torch.Size([1, 1])
[2023-10-21 17:36:04,985][root][INFO] - policy shape is torch.Size([1, 1, 6])
[2023-10-21 17:36:04,986][root][INFO] - Action shape is torch.Size([1, 1, 6])
[2023-10-21 17:36:04,986][root][INFO] - Baseline shape is torch.Size([1, 1])
[2023-10-21 17:36:04,987][root][INFO] - policy shape is torch.Size([1, 1, 6])
[2023-10-21 17:36:04,988][root][INFO] - Action shape is torch.Size([1, 1, 6])
[2023-10-21 17:36:04,989][root][INFO] - Baseline shape is torch.Size([1, 1])
[2023-10-21 17:36:04,989][root][INFO] - policy shape is torch.Size([1, 1, 6])
[2023-10-21 17:36:04,990][root][INFO] - Action shape is torch.Size([1, 1, 6])
[2023-10-21 17:36:04,991][root][INFO] - Baseline shape is torch.Size([1, 1])
[2023-10-21 17:36:05,048][root][INFO] - policy shape is torch.Size([1, 1, 6])
[2023-10-21 17:36:05,050][root][INFO] - Action shape is torch.Size([1, 1, 6])
[2023-10-21 17:36:05,050][root][INFO] - Baseline shape is torch.Size([1, 1])
[2023-10-21 17:36:05,051][root][INFO] - policy shape is torch.Size([1, 1, 6])
[2023-10-21 17:36:05,052][root][INFO] - Action shape is torch.Size([1, 1, 6])
[2023-10-21 17:36:05,052][root][INFO] - Baseline shape is torch.Size([1, 1])
[2023-10-21 17:36:05,053][root][INFO] - policy shape is torch.Size([1, 1, 6])
[2023-10-21 17:36:05,054][root][INFO] - Action shape is torch.Size([1, 1, 6])
[2023-10-21 17:36:05,088][root][INFO] - Baseline shape is torch.Size([1, 1])
[2023-10-21 17:36:05,089][root][INFO] - policy shape is torch.Size([1, 1, 6])
[2023-10-21 17:36:05,091][root][INFO] - Action shape is torch.Size([1, 1, 6])
[2023-10-21 17:36:05,092][root][INFO] - Baseline shape is torch.Size([1, 1])
[2023-10-21 17:36:05,092][root][INFO] - policy shape is torch.Size([1, 1, 6])
[2023-10-21 17:36:05,094][root][INFO] - Action shape is torch.Size([1, 1, 6])
[2023-10-21 17:36:05,100][root][INFO] - Baseline shape is torch.Size([1, 1])
[2023-10-21 17:36:05,168][root][INFO] - policy shape is torch.Size([1, 1, 6])
[2023-10-21 17:36:05,170][root][INFO] - Action shape is torch.Size([1, 1, 6])
[2023-10-21 17:36:05,170][root][INFO] - Baseline shape is torch.Size([1, 1])
[2023-10-21 17:36:05,171][root][INFO] - policy shape is torch.Size([1, 1, 6])
[2023-10-21 17:36:05,172][root][INFO] - Action shape is torch.Size([1, 1, 6])
[2023-10-21 17:36:05,173][root][INFO] - Baseline shape is torch.Size([1, 1])
[2023-10-21 17:36:05,173][root][INFO] - policy shape is torch.Size([1, 1, 6])
[2023-10-21 17:36:05,174][root][INFO] - Action shape is torch.Size([1, 1, 6])
[2023-10-21 17:36:05,224][root][INFO] - Baseline shape is torch.Size([1, 1])
[2023-10-21 17:36:05,225][root][INFO] - policy shape is torch.Size([1, 1, 6])
[2023-10-21 17:36:05,226][root][INFO] - Action shape is torch.Size([1, 1, 6])
[2023-10-21 17:36:05,227][root][INFO] - Baseline shape is torch.Size([1, 1])
[2023-10-21 17:36:05,227][root][INFO] - policy shape is torch.Size([1, 1, 6])
[2023-10-21 17:36:05,228][root][INFO] - Action shape is torch.Size([1, 1, 6])
[2023-10-21 17:36:05,229][root][INFO] - Baseline shape is torch.Size([1, 1])
[2023-10-21 17:36:05,229][root][INFO] - policy shape is torch.Size([1, 1, 6])
[2023-10-21 17:36:05,230][root][INFO] - Action shape is torch.Size([1, 1, 6])
[2023-10-21 17:36:05,231][root][INFO] - Baseline shape is torch.Size([1, 1])
[2023-10-21 17:36:05,231][root][INFO] - policy shape is torch.Size([1, 1, 6])
[2023-10-21 17:36:05,232][root][INFO] - Action shape is torch.Size([1, 1, 6])
[2023-10-21 17:36:05,233][root][INFO] - Baseline shape is torch.Size([1, 1])
[2023-10-21 17:36:05,233][root][INFO] - policy shape is torch.Size([1, 1, 6])
[2023-10-21 17:36:05,234][root][INFO] - Action shape is torch.Size([1, 1, 6])
[2023-10-21 17:36:05,235][root][INFO] - Baseline shape is torch.Size([1, 1])
[2023-10-21 17:36:05,235][root][INFO] - policy shape is torch.Size([1, 1, 6])
[2023-10-21 17:36:05,237][root][INFO] - Action shape is torch.Size([1, 1, 6])
[2023-10-21 17:36:05,238][root][INFO] - Baseline shape is torch.Size([1, 1])
[2023-10-21 17:36:05,238][root][INFO] - policy shape is torch.Size([1, 1, 6])
[2023-10-21 17:36:05,239][root][INFO] - Action shape is torch.Size([1, 1, 6])
[2023-10-21 17:36:05,240][root][INFO] - Baseline shape is torch.Size([1, 1])
[2023-10-21 17:36:05,240][root][INFO] - policy shape is torch.Size([1, 1, 6])
[2023-10-21 17:36:05,242][root][INFO] - Action shape is torch.Size([1, 1, 6])
[2023-10-21 17:36:05,243][root][INFO] - Baseline shape is torch.Size([1, 1])
[2023-10-21 17:36:05,243][root][INFO] - policy shape is torch.Size([1, 1, 6])
[2023-10-21 17:36:05,245][root][INFO] - Action shape is torch.Size([1, 1, 6])
[2023-10-21 17:36:05,245][root][INFO] - Baseline shape is torch.Size([1, 1])
[2023-10-21 17:36:05,245][root][INFO] - policy shape is torch.Size([1, 1, 6])
[2023-10-21 17:36:05,247][root][INFO] - Action shape is torch.Size([1, 1, 6])
[2023-10-21 17:36:05,247][root][INFO] - Baseline shape is torch.Size([1, 1])
[2023-10-21 17:36:05,247][root][INFO] - policy shape is torch.Size([1, 1, 6])
[2023-10-21 17:36:05,249][root][INFO] - Action shape is torch.Size([1, 1, 6])
[2023-10-21 17:36:05,249][root][INFO] - Baseline shape is torch.Size([1, 1])
[2023-10-21 17:36:05,249][root][INFO] - policy shape is torch.Size([1, 1, 6])
[2023-10-21 17:36:05,250][root][INFO] - Action shape is torch.Size([1, 1, 6])
[2023-10-21 17:36:05,251][root][INFO] - Baseline shape is torch.Size([1, 1])
[2023-10-21 17:36:05,251][root][INFO] - policy shape is torch.Size([1, 1, 6])
[2023-10-21 17:36:05,252][root][INFO] - Action shape is torch.Size([1, 1, 6])
[2023-10-21 17:36:05,253][root][INFO] - Baseline shape is torch.Size([1, 1])
[2023-10-21 17:36:05,253][root][INFO] - policy shape is torch.Size([1, 1, 6])
[2023-10-21 17:36:05,254][root][INFO] - Action shape is torch.Size([1, 1, 6])
[2023-10-21 17:36:05,255][root][INFO] - Baseline shape is torch.Size([1, 1])
[2023-10-21 17:36:05,255][root][INFO] - policy shape is torch.Size([1, 1, 6])
[2023-10-21 17:36:05,256][root][INFO] - Action shape is torch.Size([1, 1, 6])
[2023-10-21 17:36:05,257][root][INFO] - Baseline shape is torch.Size([1, 1])
[2023-10-21 17:36:05,257][root][INFO] - policy shape is torch.Size([1, 1, 6])
[2023-10-21 17:36:05,258][root][INFO] - Action shape is torch.Size([1, 1, 6])
[2023-10-21 17:36:05,259][root][INFO] - Baseline shape is torch.Size([1, 1])
[2023-10-21 17:36:05,259][root][INFO] - policy shape is torch.Size([1, 1, 6])
[2023-10-21 17:36:05,262][root][INFO] - Action shape is torch.Size([1, 1, 6])
[2023-10-21 17:36:05,263][root][INFO] - Baseline shape is torch.Size([1, 1])
[2023-10-21 17:36:05,263][root][INFO] - policy shape is torch.Size([1, 1, 6])
[2023-10-21 17:36:05,264][root][INFO] - Action shape is torch.Size([1, 1, 6])
[2023-10-21 17:36:05,272][root][INFO] - Baseline shape is torch.Size([1, 1])
[2023-10-21 17:36:05,296][root][INFO] - policy shape is torch.Size([1, 1, 6])
[2023-10-21 17:36:05,298][root][INFO] - Action shape is torch.Size([1, 1, 6])
[2023-10-21 17:36:05,298][root][INFO] - Baseline shape is torch.Size([1, 1])
[2023-10-21 17:36:05,298][root][INFO] - policy shape is torch.Size([1, 1, 6])
[2023-10-21 17:36:05,300][root][INFO] - Action shape is torch.Size([1, 1, 6])
[2023-10-21 17:36:05,300][root][INFO] - Baseline shape is torch.Size([1, 1])
[2023-10-21 17:36:05,300][root][INFO] - policy shape is torch.Size([1, 1, 6])
[2023-10-21 17:36:05,302][root][INFO] - Action shape is torch.Size([1, 1, 6])
[2023-10-21 17:36:05,302][root][INFO] - Baseline shape is torch.Size([1, 1])
[2023-10-21 17:36:05,302][root][INFO] - policy shape is torch.Size([1, 1, 6])
[2023-10-21 17:36:05,304][root][INFO] - Action shape is torch.Size([1, 1, 6])
[2023-10-21 17:36:05,304][root][INFO] - Baseline shape is torch.Size([1, 1])
[2023-10-21 17:36:05,304][root][INFO] - policy shape is torch.Size([1, 1, 6])
[2023-10-21 17:36:05,325][root][INFO] - Action shape is torch.Size([1, 1, 6])
[2023-10-21 17:36:05,326][root][INFO] - Baseline shape is torch.Size([1, 1])
[2023-10-21 17:36:05,326][root][INFO] - policy shape is torch.Size([1, 1, 6])
[2023-10-21 17:36:05,328][root][INFO] - Action shape is torch.Size([1, 1, 6])
[2023-10-21 17:36:05,328][root][INFO] - Baseline shape is torch.Size([1, 1])
[2023-10-21 17:36:05,329][root][INFO] - policy shape is torch.Size([1, 1, 6])
[2023-10-21 17:36:05,330][root][INFO] - Action shape is torch.Size([1, 1, 6])
[2023-10-21 17:36:05,330][root][INFO] - Baseline shape is torch.Size([1, 1])
[2023-10-21 17:36:05,331][root][INFO] - policy shape is torch.Size([1, 1, 6])
[2023-10-21 17:36:05,332][root][INFO] - Action shape is torch.Size([1, 1, 6])
[2023-10-21 17:36:05,408][root][INFO] - Baseline shape is torch.Size([1, 1])
[2023-10-21 17:36:05,409][root][INFO] - policy shape is torch.Size([1, 1, 6])
[2023-10-21 17:36:05,410][root][INFO] - Action shape is torch.Size([1, 1, 6])
[2023-10-21 17:36:05,411][root][INFO] - Baseline shape is torch.Size([1, 1])
[2023-10-21 17:36:05,411][root][INFO] - policy shape is torch.Size([1, 1, 6])
[2023-10-21 17:36:05,413][root][INFO] - Action shape is torch.Size([1, 1, 6])
[2023-10-21 17:36:05,414][root][INFO] - Baseline shape is torch.Size([1, 1])
[2023-10-21 17:36:05,476][root][INFO] - policy shape is torch.Size([1, 1, 6])
[2023-10-21 17:36:05,478][root][INFO] - Action shape is torch.Size([1, 1, 6])
[2023-10-21 17:36:05,478][root][INFO] - Baseline shape is torch.Size([1, 1])
[2023-10-21 17:36:05,479][root][INFO] - policy shape is torch.Size([1, 1, 6])
[2023-10-21 17:36:05,480][root][INFO] - Action shape is torch.Size([1, 1, 6])
[2023-10-21 17:36:05,480][root][INFO] - Baseline shape is torch.Size([1, 1])
[2023-10-21 17:36:05,481][root][INFO] - policy shape is torch.Size([1, 1, 6])
[2023-10-21 17:36:05,482][root][INFO] - Action shape is torch.Size([1, 1, 6])
[2023-10-21 17:36:05,482][root][INFO] - Baseline shape is torch.Size([1, 1])
[2023-10-21 17:36:05,483][root][INFO] - policy shape is torch.Size([1, 1, 6])
[2023-10-21 17:36:05,484][root][INFO] - Action shape is torch.Size([1, 1, 6])
[2023-10-21 17:36:05,512][root][INFO] - Baseline shape is torch.Size([1, 1])
[2023-10-21 17:36:05,528][root][INFO] - policy shape is torch.Size([1, 1, 6])
[2023-10-21 17:36:05,536][root][INFO] - Action shape is torch.Size([1, 1, 6])
[2023-10-21 17:36:05,537][root][INFO] - Baseline shape is torch.Size([1, 1])
[2023-10-21 17:36:05,537][root][INFO] - policy shape is torch.Size([1, 1, 6])
[2023-10-21 17:36:05,539][root][INFO] - Action shape is torch.Size([1, 1, 6])
[2023-10-21 17:36:05,539][root][INFO] - Baseline shape is torch.Size([1, 1])
[2023-10-21 17:36:05,540][root][INFO] - policy shape is torch.Size([1, 1, 6])
[2023-10-21 17:36:05,541][root][INFO] - Action shape is torch.Size([1, 1, 6])
[2023-10-21 17:36:05,542][root][INFO] - Baseline shape is torch.Size([1, 1])
[2023-10-21 17:36:05,542][root][INFO] - policy shape is torch.Size([1, 1, 6])
[2023-10-21 17:36:05,547][root][INFO] - Action shape is torch.Size([1, 1, 6])
[2023-10-21 17:36:05,548][root][INFO] - Baseline shape is torch.Size([1, 1])
[2023-10-21 17:36:05,548][root][INFO] - policy shape is torch.Size([1, 1, 6])
[2023-10-21 17:36:05,552][root][INFO] - Action shape is torch.Size([1, 1, 6])
[2023-10-21 17:36:05,553][root][INFO] - Baseline shape is torch.Size([1, 1])
[2023-10-21 17:36:05,553][root][INFO] - policy shape is torch.Size([1, 1, 6])
[2023-10-21 17:36:05,564][root][INFO] - Action shape is torch.Size([1, 1, 6])
[2023-10-21 17:36:05,565][root][INFO] - Baseline shape is torch.Size([1, 1])
[2023-10-21 17:36:05,565][root][INFO] - policy shape is torch.Size([1, 1, 6])
[2023-10-21 17:36:05,576][root][INFO] - Action shape is torch.Size([1, 1, 6])
[2023-10-21 17:36:05,577][root][INFO] - Baseline shape is torch.Size([1, 1])
[2023-10-21 17:36:05,577][root][INFO] - policy shape is torch.Size([1, 1, 6])
[2023-10-21 17:36:05,585][root][INFO] - Action shape is torch.Size([1, 1, 6])
[2023-10-21 17:36:05,585][root][INFO] - Baseline shape is torch.Size([1, 1])
[2023-10-21 17:36:05,585][root][INFO] - policy shape is torch.Size([1, 1, 6])
[2023-10-21 17:36:05,600][root][INFO] - Action shape is torch.Size([1, 1, 6])
[2023-10-21 17:36:05,601][root][INFO] - Baseline shape is torch.Size([1, 1])
[2023-10-21 17:36:05,601][root][INFO] - policy shape is torch.Size([1, 1, 6])
[2023-10-21 17:36:05,616][root][INFO] - Action shape is torch.Size([1, 1, 6])
[2023-10-21 17:36:05,617][root][INFO] - Baseline shape is torch.Size([1, 1])
[2023-10-21 17:36:05,617][root][INFO] - policy shape is torch.Size([1, 1, 6])
[2023-10-21 17:36:05,629][root][INFO] - Action shape is torch.Size([1, 1, 6])
[2023-10-21 17:36:05,629][root][INFO] - Baseline shape is torch.Size([1, 1])
[2023-10-21 17:36:05,630][root][INFO] - policy shape is torch.Size([1, 1, 6])
[2023-10-21 17:36:05,637][root][INFO] - Action shape is torch.Size([1, 1, 6])
[2023-10-21 17:36:05,637][root][INFO] - Baseline shape is torch.Size([1, 1])
[2023-10-21 17:36:05,637][root][INFO] - policy shape is torch.Size([1, 1, 6])
[2023-10-21 17:36:05,639][root][INFO] - Action shape is torch.Size([1, 1, 6])
[2023-10-21 17:36:05,639][root][INFO] - Baseline shape is torch.Size([1, 1])
[2023-10-21 17:36:05,640][root][INFO] - policy shape is torch.Size([1, 1, 6])
[2023-10-21 17:36:05,641][root][INFO] - Action shape is torch.Size([1, 1, 6])
[2023-10-21 17:36:05,642][root][INFO] - Baseline shape is torch.Size([1, 1])
[2023-10-21 17:36:05,642][root][INFO] - policy shape is torch.Size([1, 1, 6])
[2023-10-21 17:36:05,678][root][INFO] - Action shape is torch.Size([1, 1, 6])
[2023-10-21 17:36:05,678][root][INFO] - Baseline shape is torch.Size([1, 1])
[2023-10-21 17:36:05,679][root][INFO] - policy shape is torch.Size([1, 1, 6])
[2023-10-21 17:36:05,680][root][INFO] - Action shape is torch.Size([1, 1, 6])
[2023-10-21 17:36:05,680][root][INFO] - Baseline shape is torch.Size([1, 1])
[2023-10-21 17:36:05,681][root][INFO] - policy shape is torch.Size([1, 1, 6])
[2023-10-21 17:36:05,682][root][INFO] - Action shape is torch.Size([1, 1, 6])
[2023-10-21 17:36:05,682][root][INFO] - Baseline shape is torch.Size([1, 1])
[2023-10-21 17:36:05,683][root][INFO] - policy shape is torch.Size([1, 1, 6])
[2023-10-21 17:36:05,733][root][INFO] - Action shape is torch.Size([1, 1, 6])
[2023-10-21 17:36:05,734][root][INFO] - Baseline shape is torch.Size([1, 1])
[2023-10-21 17:36:05,734][root][INFO] - policy shape is torch.Size([1, 1, 6])
[2023-10-21 17:36:05,736][root][INFO] - Action shape is torch.Size([1, 1, 6])
[2023-10-21 17:36:05,736][root][INFO] - Baseline shape is torch.Size([1, 1])
[2023-10-21 17:36:05,737][root][INFO] - policy shape is torch.Size([1, 1, 6])
[2023-10-21 17:36:05,804][root][INFO] - Action shape is torch.Size([1, 1, 6])
[2023-10-21 17:36:05,805][root][INFO] - Baseline shape is torch.Size([1, 1])
[2023-10-21 17:36:05,805][root][INFO] - policy shape is torch.Size([1, 1, 6])
[2023-10-21 17:36:05,806][root][INFO] - Action shape is torch.Size([1, 1, 6])
[2023-10-21 17:36:05,807][root][INFO] - Baseline shape is torch.Size([1, 1])
[2023-10-21 17:36:05,807][root][INFO] - policy shape is torch.Size([1, 1, 6])
[2023-10-21 17:36:05,808][root][INFO] - Action shape is torch.Size([1, 1, 6])
[2023-10-21 17:36:05,809][root][INFO] - Baseline shape is torch.Size([1, 1])
[2023-10-21 17:36:05,809][root][INFO] - policy shape is torch.Size([1, 1, 6])
[2023-10-21 17:36:05,810][root][INFO] - Action shape is torch.Size([1, 1, 6])
[2023-10-21 17:36:05,864][root][INFO] - Baseline shape is torch.Size([1, 1])
[2023-10-21 17:36:05,864][root][INFO] - policy shape is torch.Size([1, 1, 6])
[2023-10-21 17:36:05,896][root][INFO] - Action shape is torch.Size([1, 1, 6])
[2023-10-21 17:36:05,897][root][INFO] - Baseline shape is torch.Size([1, 1])
[2023-10-21 17:36:05,897][root][INFO] - policy shape is torch.Size([1, 1, 6])
[2023-10-21 17:36:05,905][root][INFO] - Action shape is torch.Size([1, 1, 6])
[2023-10-21 17:36:05,906][root][INFO] - Baseline shape is torch.Size([1, 1])
[2023-10-21 17:36:05,906][root][INFO] - policy shape is torch.Size([1, 1, 6])
[2023-10-21 17:36:05,917][root][INFO] - Action shape is torch.Size([1, 1, 6])
[2023-10-21 17:36:05,917][root][INFO] - Baseline shape is torch.Size([1, 1])
[2023-10-21 17:36:05,918][root][INFO] - policy shape is torch.Size([1, 1, 6])
[2023-10-21 17:36:05,928][root][INFO] - Action shape is torch.Size([1, 1, 6])
[2023-10-21 17:36:05,930][root][INFO] - Baseline shape is torch.Size([1, 1])
[2023-10-21 17:36:05,930][root][INFO] - policy shape is torch.Size([1, 1, 6])
[2023-10-21 17:36:05,932][root][INFO] - Action shape is torch.Size([1, 1, 6])
[2023-10-21 17:36:05,933][root][INFO] - Baseline shape is torch.Size([1, 1])
[2023-10-21 17:36:05,933][root][INFO] - policy shape is torch.Size([1, 1, 6])
[2023-10-21 17:36:05,934][root][INFO] - Action shape is torch.Size([1, 1, 6])
[2023-10-21 17:36:05,935][root][INFO] - Baseline shape is torch.Size([1, 1])
[2023-10-21 17:36:05,935][root][INFO] - policy shape is torch.Size([1, 1, 6])
[2023-10-21 17:36:05,937][root][INFO] - Action shape is torch.Size([1, 1, 6])
[2023-10-21 17:36:05,996][root][INFO] - Baseline shape is torch.Size([1, 1])
[2023-10-21 17:36:05,996][root][INFO] - policy shape is torch.Size([1, 1, 6])
[2023-10-21 17:36:05,998][root][INFO] - Action shape is torch.Size([1, 1, 6])
[2023-10-21 17:36:05,998][root][INFO] - Baseline shape is torch.Size([1, 1])
[2023-10-21 17:36:05,999][root][INFO] - policy shape is torch.Size([1, 1, 6])
[2023-10-21 17:36:06,000][root][INFO] - Action shape is torch.Size([1, 1, 6])
[2023-10-21 17:36:06,000][root][INFO] - Baseline shape is torch.Size([1, 1])
[2023-10-21 17:36:06,000][root][INFO] - policy shape is torch.Size([1, 1, 6])
[2023-10-21 17:36:06,002][root][INFO] - Action shape is torch.Size([1, 1, 6])
[2023-10-21 17:36:06,008][root][INFO] - Baseline shape is torch.Size([1, 1])
[2023-10-21 17:36:06,092][root][INFO] - policy shape is torch.Size([1, 1, 6])
[2023-10-21 17:36:06,094][root][INFO] - Action shape is torch.Size([1, 1, 6])
[2023-10-21 17:36:06,095][root][INFO] - Baseline shape is torch.Size([1, 1])
[2023-10-21 17:36:06,095][root][INFO] - policy shape is torch.Size([1, 1, 6])
[2023-10-21 17:36:06,096][root][INFO] - Action shape is torch.Size([1, 1, 6])
[2023-10-21 17:36:06,097][root][INFO] - Baseline shape is torch.Size([1, 1])
[2023-10-21 17:36:06,180][root][INFO] - policy shape is torch.Size([1, 1, 6])
[2023-10-21 17:36:06,182][root][INFO] - Action shape is torch.Size([1, 2, 6])
[2023-10-21 17:36:06,183][root][INFO] - Baseline shape is torch.Size([2, 1])
[2023-10-21 17:36:06,183][root][INFO] - policy shape is torch.Size([1, 1, 6])
[2023-10-21 17:36:07,284][root][INFO] - Step 0 @ 0.0 SPS. Inference batcher size: 0. Learner queue size: 1. Other stats: (train_seconds = 5.0)
