[2023-10-23 16:42:01,571][root][INFO] - name: null
wandb: false
project: skillhack
entity: your_entity_name
group: default
state_dict_path: none
foc_options_path: none
foc_options_config_path: none
teacher_path: none
teacher_config_path: none
ks_max_lambda: 10
ks_max_time: 20000000.0
ks_min_lambda_prop: 0.1
train_with_all_skills: false
penalty_per_step: 0.01
hks_max_uniform_weight: 1000
hks_min_uniform_prop: 0.05
hks_max_uniform_time: 20000000.0
tasks_json: tasks
mock: false
single_ttyrec: true
num_seeds: 0
write_profiler_trace: false
relative_reward: false
fn_penalty_step: constant
penalty_time: 0.0
penalty_step: -0.001
reward_lose: 0
reward_win: 1
character: null
save_tty: false
mode: train
env: mini_skill_fight
obs_keys: glyphs,chars,colors,specials,blstats,message
num_actors: 256
total_steps: 10000000.0
batch_size: 32
unroll_length: 80
num_learner_threads: 1
num_inference_threads: 1
disable_cuda: false
learner_device: cuda:0
actor_device: cuda:0
max_learner_queue_size: null
model: baseline
use_lstm: false
hidden_dim: 256
embedding_dim: 64
glyph_type: all_cat
equalize_input_dim: false
equalize_factor: 2
layers: 5
crop_model: cnn
crop_dim: 9
use_index_select: true
entropy_cost: 0.001
baseline_cost: 0.5
discounting: 0.999
reward_clipping: none
normalize_reward: true
learning_rate: 0.0002
grad_norm_clipping: 40
alpha: 0.99
momentum: 0
epsilon: 1.0e-06
state_counter: none
no_extrinsic: false
int:
  twoheaded: true
  input: full
  intrinsic_weight: 0.1
  discounting: 0.99
  baseline_cost: 0.5
  episodic: true
  reward_clipping: none
  normalize_reward: true
ride:
  count_norm: true
  forward_cost: 1
  inverse_cost: 0.1
  hidden_dim: 128
rnd:
  forward_cost: 0.01
msg:
  model: none
  hidden_dim: 64
  embedding_dim: 32

[2023-10-23 16:42:01,585][root][INFO] - Symlinked log directory: /opt/project/latest
[2023-10-23 16:42:01,586][root][INFO] - Creating archive directory: /opt/project/outputs/2023-10-23/16-42-01/archives
[2023-10-23 16:42:01,590][root][INFO] - Logging results to /opt/project/outputs/2023-10-23/16-42-01
[2023-10-23 16:42:01,620][palaas/out][INFO] - Found log directory: /opt/project/outputs/2023-10-23/16-42-01
[2023-10-23 16:42:01,620][palaas/out][INFO] - Saving arguments to /opt/project/outputs/2023-10-23/16-42-01/meta.json
[2023-10-23 16:42:01,620][palaas/out][INFO] - Saving messages to /opt/project/outputs/2023-10-23/16-42-01/out.log
[2023-10-23 16:42:01,621][palaas/out][INFO] - Saving logs data to /opt/project/outputs/2023-10-23/16-42-01/logs.csv
[2023-10-23 16:42:01,621][palaas/out][INFO] - Saving logs' fields to /opt/project/outputs/2023-10-23/16-42-01/fields.csv
[2023-10-23 16:42:01,621][root][INFO] - Not using CUDA.
[2023-10-23 16:42:01,627][root][INFO] - Using model baseline
[2023-10-23 16:42:02,317][root][INFO] - Number of model parameters: 3717182
[2023-10-23 16:42:02,343][root][INFO] - ()
[2023-10-23 16:42:02,343][root][INFO] - After actor pool
[2023-10-23 16:42:02,708][root][INFO] - <All keys matched successfully>
[2023-10-23 16:42:02,708][root][INFO] - The model states is ()
[2023-10-23 16:42:02,716][nle.env.base][INFO] - Not saving any NLE data.
[2023-10-23 16:42:02,716][nle.env.base][INFO] - Not saving any NLE data.
[2023-10-23 16:42:02,716][nle.env.base][INFO] - Not saving any NLE data.
[2023-10-23 16:42:02,717][nle.env.base][INFO] - Not saving any NLE data.
[2023-10-23 16:42:02,718][nle.env.base][INFO] - Not saving any NLE data.
[2023-10-23 16:42:02,716][nle.env.base][INFO] - Not saving any NLE data.
[2023-10-23 16:42:02,716][nle.env.base][INFO] - Not saving any NLE data.
[2023-10-23 16:42:02,719][nle.env.base][INFO] - Not saving any NLE data.
[2023-10-23 16:42:02,718][nle.env.base][INFO] - Not saving any NLE data.
[2023-10-23 16:42:02,725][nle.env.base][INFO] - Not saving any NLE data.
[2023-10-23 16:42:02,724][nle.env.base][INFO] - Not saving any NLE data.
[2023-10-23 16:42:02,724][nle.env.base][INFO] - Not saving any NLE data.
[2023-10-23 16:42:02,731][nle.env.base][INFO] - Not saving any NLE data.
[2023-10-23 16:42:02,731][nle.env.base][INFO] - Not saving any NLE data.
[2023-10-23 16:42:02,731][nle.env.base][INFO] - Not saving any NLE data.
[2023-10-23 16:42:02,731][nle.env.base][INFO] - Not saving any NLE data.
[2023-10-23 16:42:02,731][nle.env.base][INFO] - Not saving any NLE data.
[2023-10-23 16:42:02,731][nle.env.base][INFO] - Not saving any NLE data.
[2023-10-23 16:42:02,731][nle.env.base][INFO] - Not saving any NLE data.
[2023-10-23 16:42:02,732][nle.env.base][INFO] - Not saving any NLE data.
[2023-10-23 16:42:02,733][nle.env.base][INFO] - Not saving any NLE data.
[2023-10-23 16:42:02,734][nle.env.base][INFO] - Not saving any NLE data.
[2023-10-23 16:42:02,735][nle.env.base][INFO] - Not saving any NLE data.
[2023-10-23 16:42:02,731][nle.env.base][INFO] - Not saving any NLE data.
[2023-10-23 16:42:02,738][nle.env.base][INFO] - Not saving any NLE data.
[2023-10-23 16:42:02,738][nle.env.base][INFO] - Not saving any NLE data.
[2023-10-23 16:42:02,738][nle.env.base][INFO] - Not saving any NLE data.
[2023-10-23 16:42:02,738][nle.env.base][INFO] - Not saving any NLE data.
[2023-10-23 16:42:02,738][nle.env.base][INFO] - Not saving any NLE data.
[2023-10-23 16:42:02,739][nle.env.base][INFO] - Not saving any NLE data.
[2023-10-23 16:42:02,741][nle.env.base][INFO] - Not saving any NLE data.
[2023-10-23 16:42:02,742][nle.env.base][INFO] - Not saving any NLE data.
[2023-10-23 16:42:02,742][nle.env.base][INFO] - Not saving any NLE data.
[2023-10-23 16:42:02,742][nle.env.base][INFO] - Not saving any NLE data.
[2023-10-23 16:42:02,742][nle.env.base][INFO] - Not saving any NLE data.
[2023-10-23 16:42:02,742][nle.env.base][INFO] - Not saving any NLE data.
[2023-10-23 16:42:02,744][nle.env.base][INFO] - Not saving any NLE data.
[2023-10-23 16:42:02,746][nle.env.base][INFO] - Not saving any NLE data.
[2023-10-23 16:42:02,746][nle.env.base][INFO] - Not saving any NLE data.
[2023-10-23 16:42:02,746][nle.env.base][INFO] - Not saving any NLE data.
[2023-10-23 16:42:02,746][nle.env.base][INFO] - Not saving any NLE data.
[2023-10-23 16:42:02,746][nle.env.base][INFO] - Not saving any NLE data.
[2023-10-23 16:42:02,746][nle.env.base][INFO] - Not saving any NLE data.
[2023-10-23 16:42:02,750][nle.env.base][INFO] - Not saving any NLE data.
[2023-10-23 16:42:02,750][nle.env.base][INFO] - Not saving any NLE data.
[2023-10-23 16:42:02,750][nle.env.base][INFO] - Not saving any NLE data.
[2023-10-23 16:42:02,750][nle.env.base][INFO] - Not saving any NLE data.
[2023-10-23 16:42:02,751][nle.env.base][INFO] - Not saving any NLE data.
[2023-10-23 16:42:02,753][nle.env.base][INFO] - Not saving any NLE data.
[2023-10-23 16:42:02,753][nle.env.base][INFO] - Not saving any NLE data.
[2023-10-23 16:42:02,755][nle.env.base][INFO] - Not saving any NLE data.
[2023-10-23 16:42:02,737][nle.env.base][INFO] - Not saving any NLE data.
[2023-10-23 16:42:02,750][nle.env.base][INFO] - Not saving any NLE data.
[2023-10-23 16:42:02,758][nle.env.base][INFO] - Not saving any NLE data.
[2023-10-23 16:42:02,742][nle.env.base][INFO] - Not saving any NLE data.
[2023-10-23 16:42:02,739][nle.env.base][INFO] - Not saving any NLE data.
[2023-10-23 16:42:02,762][nle.env.base][INFO] - Not saving any NLE data.
[2023-10-23 16:42:02,827][nle.env.base][INFO] - Not saving any NLE data.
[2023-10-23 16:42:02,830][nle.env.base][INFO] - Not saving any NLE data.
[2023-10-23 16:42:02,834][nle.env.base][INFO] - Not saving any NLE data.
[2023-10-23 16:42:02,834][nle.env.base][INFO] - Not saving any NLE data.
[2023-10-23 16:42:02,834][nle.env.base][INFO] - Not saving any NLE data.
[2023-10-23 16:42:02,834][nle.env.base][INFO] - Not saving any NLE data.
[2023-10-23 16:42:02,834][nle.env.base][INFO] - Not saving any NLE data.
[2023-10-23 16:42:02,838][nle.env.base][INFO] - Not saving any NLE data.
[2023-10-23 16:42:02,838][nle.env.base][INFO] - Not saving any NLE data.
[2023-10-23 16:42:02,838][nle.env.base][INFO] - Not saving any NLE data.
[2023-10-23 16:42:02,838][nle.env.base][INFO] - Not saving any NLE data.
[2023-10-23 16:42:02,840][nle.env.base][INFO] - Not saving any NLE data.
[2023-10-23 16:42:02,842][nle.env.base][INFO] - Not saving any NLE data.
[2023-10-23 16:42:02,842][nle.env.base][INFO] - Not saving any NLE data.
[2023-10-23 16:42:02,843][nle.env.base][INFO] - Not saving any NLE data.
[2023-10-23 16:42:02,846][nle.env.base][INFO] - Not saving any NLE data.
[2023-10-23 16:42:02,846][nle.env.base][INFO] - Not saving any NLE data.
[2023-10-23 16:42:02,846][nle.env.base][INFO] - Not saving any NLE data.
[2023-10-23 16:42:02,851][nle.env.base][INFO] - Not saving any NLE data.
[2023-10-23 16:42:02,859][nle.env.base][INFO] - Not saving any NLE data.
[2023-10-23 16:42:02,895][nle.env.base][INFO] - Not saving any NLE data.
[2023-10-23 16:42:02,895][nle.env.base][INFO] - Not saving any NLE data.
[2023-10-23 16:42:02,894][nle.env.base][INFO] - Not saving any NLE data.
[2023-10-23 16:42:02,894][nle.env.base][INFO] - Not saving any NLE data.
[2023-10-23 16:42:02,894][nle.env.base][INFO] - Not saving any NLE data.
[2023-10-23 16:42:02,895][nle.env.base][INFO] - Not saving any NLE data.
[2023-10-23 16:42:02,894][nle.env.base][INFO] - Not saving any NLE data.
[2023-10-23 16:42:02,897][nle.env.base][INFO] - Not saving any NLE data.
[2023-10-23 16:42:02,897][nle.env.base][INFO] - Not saving any NLE data.
[2023-10-23 16:42:02,897][nle.env.base][INFO] - Not saving any NLE data.
[2023-10-23 16:42:02,897][nle.env.base][INFO] - Not saving any NLE data.
[2023-10-23 16:42:02,897][nle.env.base][INFO] - Not saving any NLE data.
[2023-10-23 16:42:02,899][nle.env.base][INFO] - Not saving any NLE data.
[2023-10-23 16:42:02,902][nle.env.base][INFO] - Not saving any NLE data.
[2023-10-23 16:42:02,902][nle.env.base][INFO] - Not saving any NLE data.
[2023-10-23 16:42:02,903][nle.env.base][INFO] - Not saving any NLE data.
[2023-10-23 16:42:02,903][nle.env.base][INFO] - Not saving any NLE data.
[2023-10-23 16:42:02,904][nle.env.base][INFO] - Not saving any NLE data.
[2023-10-23 16:42:02,910][nle.env.base][INFO] - Not saving any NLE data.
[2023-10-23 16:42:02,910][nle.env.base][INFO] - Not saving any NLE data.
[2023-10-23 16:42:02,910][nle.env.base][INFO] - Not saving any NLE data.
[2023-10-23 16:42:02,914][nle.env.base][INFO] - Not saving any NLE data.
[2023-10-23 16:42:02,914][nle.env.base][INFO] - Not saving any NLE data.
[2023-10-23 16:42:02,914][nle.env.base][INFO] - Not saving any NLE data.
[2023-10-23 16:42:02,918][nle.env.base][INFO] - Not saving any NLE data.
[2023-10-23 16:42:02,918][nle.env.base][INFO] - Not saving any NLE data.
[2023-10-23 16:42:02,922][nle.env.base][INFO] - Not saving any NLE data.
[2023-10-23 16:42:02,922][nle.env.base][INFO] - Not saving any NLE data.
[2023-10-23 16:42:02,922][nle.env.base][INFO] - Not saving any NLE data.
[2023-10-23 16:42:02,922][nle.env.base][INFO] - Not saving any NLE data.
[2023-10-23 16:42:02,925][nle.env.base][INFO] - Not saving any NLE data.
[2023-10-23 16:42:02,926][nle.env.base][INFO] - Not saving any NLE data.
[2023-10-23 16:42:02,928][nle.env.base][INFO] - Not saving any NLE data.
[2023-10-23 16:42:02,931][nle.env.base][INFO] - Not saving any NLE data.
[2023-10-23 16:42:02,922][nle.env.base][INFO] - Not saving any NLE data.
[2023-10-23 16:42:02,934][nle.env.base][INFO] - Not saving any NLE data.
[2023-10-23 16:42:02,934][nle.env.base][INFO] - Not saving any NLE data.
[2023-10-23 16:42:02,937][nle.env.base][INFO] - Not saving any NLE data.
[2023-10-23 16:42:02,937][nle.env.base][INFO] - Not saving any NLE data.
[2023-10-23 16:42:02,930][nle.env.base][INFO] - Not saving any NLE data.
[2023-10-23 16:42:02,954][nle.env.base][INFO] - Not saving any NLE data.
[2023-10-23 16:42:02,954][nle.env.base][INFO] - Not saving any NLE data.
[2023-10-23 16:42:02,957][nle.env.base][INFO] - Not saving any NLE data.
[2023-10-23 16:42:02,973][nle.env.base][INFO] - Not saving any NLE data.
[2023-10-23 16:42:02,993][nle.env.base][INFO] - Not saving any NLE data.
[2023-10-23 16:42:03,004][nle.env.base][INFO] - Not saving any NLE data.
[2023-10-23 16:42:03,018][nle.env.base][INFO] - Not saving any NLE data.
[2023-10-23 16:42:03,037][nle.env.base][INFO] - Not saving any NLE data.
[2023-10-23 16:42:03,019][nle.env.base][INFO] - Not saving any NLE data.
[2023-10-23 16:42:03,041][nle.env.base][INFO] - Not saving any NLE data.
[2023-10-23 16:42:03,047][nle.env.base][INFO] - Not saving any NLE data.
[2023-10-23 16:42:03,051][nle.env.base][INFO] - Not saving any NLE data.
[2023-10-23 16:42:03,082][nle.env.base][INFO] - Not saving any NLE data.
[2023-10-23 16:42:03,082][nle.env.base][INFO] - Not saving any NLE data.
[2023-10-23 16:42:03,082][nle.env.base][INFO] - Not saving any NLE data.
[2023-10-23 16:42:03,086][nle.env.base][INFO] - Not saving any NLE data.
[2023-10-23 16:42:03,090][nle.env.base][INFO] - Not saving any NLE data.
[2023-10-23 16:42:03,092][nle.env.base][INFO] - Not saving any NLE data.
[2023-10-23 16:42:03,094][nle.env.base][INFO] - Not saving any NLE data.
[2023-10-23 16:42:03,094][nle.env.base][INFO] - Not saving any NLE data.
[2023-10-23 16:42:03,098][nle.env.base][INFO] - Not saving any NLE data.
[2023-10-23 16:42:03,102][nle.env.base][INFO] - Not saving any NLE data.
[2023-10-23 16:42:03,106][nle.env.base][INFO] - Not saving any NLE data.
[2023-10-23 16:42:03,110][nle.env.base][INFO] - Not saving any NLE data.
[2023-10-23 16:42:03,115][nle.env.base][INFO] - Not saving any NLE data.
[2023-10-23 16:42:03,118][nle.env.base][INFO] - Not saving any NLE data.
[2023-10-23 16:42:03,122][nle.env.base][INFO] - Not saving any NLE data.
[2023-10-23 16:42:03,123][nle.env.base][INFO] - Not saving any NLE data.
[2023-10-23 16:42:03,130][nle.env.base][INFO] - Not saving any NLE data.
[2023-10-23 16:42:03,134][nle.env.base][INFO] - Not saving any NLE data.
[2023-10-23 16:42:03,139][nle.env.base][INFO] - Not saving any NLE data.
[2023-10-23 16:42:03,142][nle.env.base][INFO] - Not saving any NLE data.
[2023-10-23 16:42:03,147][nle.env.base][INFO] - Not saving any NLE data.
[2023-10-23 16:42:03,154][nle.env.base][INFO] - Not saving any NLE data.
[2023-10-23 16:42:03,158][nle.env.base][INFO] - Not saving any NLE data.
[2023-10-23 16:42:03,162][nle.env.base][INFO] - Not saving any NLE data.
[2023-10-23 16:42:03,166][nle.env.base][INFO] - Not saving any NLE data.
[2023-10-23 16:42:03,170][nle.env.base][INFO] - Not saving any NLE data.
[2023-10-23 16:42:03,178][nle.env.base][INFO] - Not saving any NLE data.
[2023-10-23 16:42:03,183][nle.env.base][INFO] - Not saving any NLE data.
[2023-10-23 16:42:03,183][nle.env.base][INFO] - Not saving any NLE data.
[2023-10-23 16:42:03,186][nle.env.base][INFO] - Not saving any NLE data.
[2023-10-23 16:42:03,186][nle.env.base][INFO] - Not saving any NLE data.
[2023-10-23 16:42:03,190][nle.env.base][INFO] - Not saving any NLE data.
[2023-10-23 16:42:03,192][nle.env.base][INFO] - Not saving any NLE data.
[2023-10-23 16:42:03,193][nle.env.base][INFO] - Not saving any NLE data.
[2023-10-23 16:42:03,202][nle.env.base][INFO] - Not saving any NLE data.
[2023-10-23 16:42:03,206][nle.env.base][INFO] - Not saving any NLE data.
[2023-10-23 16:42:03,206][nle.env.base][INFO] - Not saving any NLE data.
[2023-10-23 16:42:03,208][nle.env.base][INFO] - Not saving any NLE data.
[2023-10-23 16:42:03,210][nle.env.base][INFO] - Not saving any NLE data.
[2023-10-23 16:42:03,215][nle.env.base][INFO] - Not saving any NLE data.
[2023-10-23 16:42:03,218][nle.env.base][INFO] - Not saving any NLE data.
[2023-10-23 16:42:03,218][nle.env.base][INFO] - Not saving any NLE data.
[2023-10-23 16:42:03,221][nle.env.base][INFO] - Not saving any NLE data.
[2023-10-23 16:42:03,221][nle.env.base][INFO] - Not saving any NLE data.
[2023-10-23 16:42:03,226][nle.env.base][INFO] - Not saving any NLE data.
[2023-10-23 16:42:03,226][nle.env.base][INFO] - Not saving any NLE data.
[2023-10-23 16:42:03,230][nle.env.base][INFO] - Not saving any NLE data.
[2023-10-23 16:42:03,230][nle.env.base][INFO] - Not saving any NLE data.
[2023-10-23 16:42:03,230][nle.env.base][INFO] - Not saving any NLE data.
[2023-10-23 16:42:03,239][nle.env.base][INFO] - Not saving any NLE data.
[2023-10-23 16:42:03,242][nle.env.base][INFO] - Not saving any NLE data.
[2023-10-23 16:42:03,245][nle.env.base][INFO] - Not saving any NLE data.
[2023-10-23 16:42:03,251][nle.env.base][INFO] - Not saving any NLE data.
[2023-10-23 16:42:03,258][nle.env.base][INFO] - Not saving any NLE data.
[2023-10-23 16:42:03,258][nle.env.base][INFO] - Not saving any NLE data.
[2023-10-23 16:42:03,262][nle.env.base][INFO] - Not saving any NLE data.
[2023-10-23 16:42:03,262][nle.env.base][INFO] - Not saving any NLE data.
[2023-10-23 16:42:03,243][nle.env.base][INFO] - Not saving any NLE data.
[2023-10-23 16:42:03,267][nle.env.base][INFO] - Not saving any NLE data.
[2023-10-23 16:42:03,268][nle.env.base][INFO] - Not saving any NLE data.
[2023-10-23 16:42:03,269][nle.env.base][INFO] - Not saving any NLE data.
[2023-10-23 16:42:03,270][nle.env.base][INFO] - Not saving any NLE data.
[2023-10-23 16:42:03,270][nle.env.base][INFO] - Not saving any NLE data.
[2023-10-23 16:42:03,236][nle.env.base][INFO] - Not saving any NLE data.
[2023-10-23 16:42:03,274][nle.env.base][INFO] - Not saving any NLE data.
[2023-10-23 16:42:03,279][nle.env.base][INFO] - Not saving any NLE data.
[2023-10-23 16:42:03,280][nle.env.base][INFO] - Not saving any NLE data.
[2023-10-23 16:42:03,634][root][INFO] - Baseline shape is torch.Size([1, 1])
[2023-10-23 16:42:03,635][root][INFO] - Action shape is torch.Size([1, 1])
[2023-10-23 16:42:03,635][root][INFO] - policy shape is torch.Size([1, 1, 5])
[2023-10-23 16:42:03,831][root][INFO] - Baseline shape is torch.Size([1, 194])
[2023-10-23 16:42:03,831][root][INFO] - Action shape is torch.Size([1, 194])
[2023-10-23 16:42:03,832][root][INFO] - policy shape is torch.Size([1, 194, 5])
[2023-10-23 16:42:03,871][nle.env.base][INFO] - Not saving any NLE data.
[2023-10-23 16:42:03,871][nle.env.base][INFO] - Not saving any NLE data.
[2023-10-23 16:42:03,874][nle.env.base][INFO] - Not saving any NLE data.
[2023-10-23 16:42:03,874][nle.env.base][INFO] - Not saving any NLE data.
[2023-10-23 16:42:03,876][nle.env.base][INFO] - Not saving any NLE data.
[2023-10-23 16:42:03,876][nle.env.base][INFO] - Not saving any NLE data.
[2023-10-23 16:42:03,881][nle.env.base][INFO] - Not saving any NLE data.
[2023-10-23 16:42:03,884][nle.env.base][INFO] - Not saving any NLE data.
[2023-10-23 16:42:03,885][nle.env.base][INFO] - Not saving any NLE data.
[2023-10-23 16:42:03,888][nle.env.base][INFO] - Not saving any NLE data.
[2023-10-23 16:42:03,893][nle.env.base][INFO] - Not saving any NLE data.
[2023-10-23 16:42:03,893][nle.env.base][INFO] - Not saving any NLE data.
[2023-10-23 16:42:03,903][nle.env.base][INFO] - Not saving any NLE data.
[2023-10-23 16:42:03,911][nle.env.base][INFO] - Not saving any NLE data.
[2023-10-23 16:42:03,911][nle.env.base][INFO] - Not saving any NLE data.
[2023-10-23 16:42:03,919][nle.env.base][INFO] - Not saving any NLE data.
[2023-10-23 16:42:03,922][nle.env.base][INFO] - Not saving any NLE data.
[2023-10-23 16:42:03,934][nle.env.base][INFO] - Not saving any NLE data.
[2023-10-23 16:42:03,943][nle.env.base][INFO] - Not saving any NLE data.
[2023-10-23 16:42:03,943][nle.env.base][INFO] - Not saving any NLE data.
[2023-10-23 16:42:03,943][nle.env.base][INFO] - Not saving any NLE data.
[2023-10-23 16:42:03,946][nle.env.base][INFO] - Not saving any NLE data.
[2023-10-23 16:42:03,950][nle.env.base][INFO] - Not saving any NLE data.
[2023-10-23 16:42:03,950][nle.env.base][INFO] - Not saving any NLE data.
[2023-10-23 16:42:03,954][nle.env.base][INFO] - Not saving any NLE data.
[2023-10-23 16:42:03,956][nle.env.base][INFO] - Not saving any NLE data.
[2023-10-23 16:42:03,966][nle.env.base][INFO] - Not saving any NLE data.
[2023-10-23 16:42:04,003][nle.env.base][INFO] - Not saving any NLE data.
[2023-10-23 16:42:04,003][nle.env.base][INFO] - Not saving any NLE data.
[2023-10-23 16:42:04,007][nle.env.base][INFO] - Not saving any NLE data.
[2023-10-23 16:42:04,017][nle.env.base][INFO] - Not saving any NLE data.
[2023-10-23 16:42:04,018][nle.env.base][INFO] - Not saving any NLE data.
[2023-10-23 16:42:04,019][nle.env.base][INFO] - Not saving any NLE data.
[2023-10-23 16:42:04,016][nle.env.base][INFO] - Not saving any NLE data.
[2023-10-23 16:42:04,031][nle.env.base][INFO] - Not saving any NLE data.
[2023-10-23 16:42:04,030][nle.env.base][INFO] - Not saving any NLE data.
[2023-10-23 16:42:04,039][nle.env.base][INFO] - Not saving any NLE data.
[2023-10-23 16:42:04,039][nle.env.base][INFO] - Not saving any NLE data.
[2023-10-23 16:42:04,043][nle.env.base][INFO] - Not saving any NLE data.
[2023-10-23 16:42:04,028][nle.env.base][INFO] - Not saving any NLE data.
[2023-10-23 16:42:04,049][nle.env.base][INFO] - Not saving any NLE data.
[2023-10-23 16:42:04,049][nle.env.base][INFO] - Not saving any NLE data.
[2023-10-23 16:42:04,049][nle.env.base][INFO] - Not saving any NLE data.
[2023-10-23 16:42:04,050][nle.env.base][INFO] - Not saving any NLE data.
[2023-10-23 16:42:04,052][nle.env.base][INFO] - Not saving any NLE data.
[2023-10-23 16:42:04,053][nle.env.base][INFO] - Not saving any NLE data.
[2023-10-23 16:42:04,065][nle.env.base][INFO] - Not saving any NLE data.
[2023-10-23 16:42:04,302][root][INFO] - Baseline shape is torch.Size([1, 195])
[2023-10-23 16:42:04,302][root][INFO] - Action shape is torch.Size([1, 195])
[2023-10-23 16:42:04,302][root][INFO] - policy shape is torch.Size([1, 195, 5])
[2023-10-23 16:42:04,379][root][INFO] - Baseline shape is torch.Size([1, 49])
[2023-10-23 16:42:04,379][root][INFO] - Action shape is torch.Size([1, 49])
[2023-10-23 16:42:04,379][root][INFO] - policy shape is torch.Size([1, 49, 5])
[2023-10-23 16:42:04,557][root][INFO] - Baseline shape is torch.Size([1, 220])
[2023-10-23 16:42:04,557][root][INFO] - Action shape is torch.Size([1, 220])
[2023-10-23 16:42:04,557][root][INFO] - policy shape is torch.Size([1, 220, 5])
[2023-10-23 16:42:04,642][root][INFO] - Baseline shape is torch.Size([1, 56])
[2023-10-23 16:42:04,642][root][INFO] - Action shape is torch.Size([1, 56])
[2023-10-23 16:42:04,642][root][INFO] - policy shape is torch.Size([1, 56, 5])
[2023-10-23 16:42:04,847][root][INFO] - Baseline shape is torch.Size([1, 229])
[2023-10-23 16:42:04,847][root][INFO] - Action shape is torch.Size([1, 229])
[2023-10-23 16:42:04,847][root][INFO] - policy shape is torch.Size([1, 229, 5])
[2023-10-23 16:42:04,951][root][INFO] - Baseline shape is torch.Size([1, 105])
[2023-10-23 16:42:04,951][root][INFO] - Action shape is torch.Size([1, 105])
[2023-10-23 16:42:04,951][root][INFO] - policy shape is torch.Size([1, 105, 5])
[2023-10-23 16:42:05,095][root][INFO] - Baseline shape is torch.Size([1, 168])
[2023-10-23 16:42:05,095][root][INFO] - Action shape is torch.Size([1, 168])
[2023-10-23 16:42:05,095][root][INFO] - policy shape is torch.Size([1, 168, 5])
[2023-10-23 16:42:05,215][root][INFO] - Baseline shape is torch.Size([1, 119])
[2023-10-23 16:42:05,216][root][INFO] - Action shape is torch.Size([1, 119])
[2023-10-23 16:42:05,216][root][INFO] - policy shape is torch.Size([1, 119, 5])
[2023-10-23 16:42:05,247][nle.env.base][INFO] - Not saving any NLE data.
[2023-10-23 16:42:05,306][nle.env.base][INFO] - Not saving any NLE data.
[2023-10-23 16:42:05,315][nle.env.base][INFO] - Not saving any NLE data.
[2023-10-23 16:42:05,339][nle.env.base][INFO] - Not saving any NLE data.
[2023-10-23 16:42:05,346][root][INFO] - Baseline shape is torch.Size([1, 153])
[2023-10-23 16:42:05,347][root][INFO] - Action shape is torch.Size([1, 153])
[2023-10-23 16:42:05,347][root][INFO] - policy shape is torch.Size([1, 153, 5])
[2023-10-23 16:42:05,384][nle.env.base][INFO] - Not saving any NLE data.
[2023-10-23 16:42:05,406][nle.env.base][INFO] - Not saving any NLE data.
[2023-10-23 16:42:05,487][root][INFO] - Baseline shape is torch.Size([1, 115])
[2023-10-23 16:42:05,487][root][INFO] - Action shape is torch.Size([1, 115])
[2023-10-23 16:42:05,487][root][INFO] - policy shape is torch.Size([1, 115, 5])
[2023-10-23 16:42:05,506][nle.env.base][INFO] - Not saving any NLE data.
[2023-10-23 16:42:05,517][nle.env.base][INFO] - Not saving any NLE data.
[2023-10-23 16:42:05,576][nle.env.base][INFO] - Not saving any NLE data.
[2023-10-23 16:42:05,623][nle.env.base][INFO] - Not saving any NLE data.
[2023-10-23 16:42:05,653][root][INFO] - Baseline shape is torch.Size([1, 152])
[2023-10-23 16:42:05,653][root][INFO] - Action shape is torch.Size([1, 152])
[2023-10-23 16:42:05,653][root][INFO] - policy shape is torch.Size([1, 152, 5])
[2023-10-23 16:42:05,719][nle.env.base][INFO] - Not saving any NLE data.
[2023-10-23 16:42:05,736][nle.env.base][INFO] - Not saving any NLE data.
[2023-10-23 16:42:05,801][root][INFO] - Baseline shape is torch.Size([1, 125])
[2023-10-23 16:42:05,802][root][INFO] - Action shape is torch.Size([1, 125])
[2023-10-23 16:42:05,802][root][INFO] - policy shape is torch.Size([1, 125, 5])
[2023-10-23 16:42:05,805][nle.env.base][INFO] - Not saving any NLE data.
[2023-10-23 16:42:05,944][root][INFO] - Baseline shape is torch.Size([1, 155])
[2023-10-23 16:42:05,945][root][INFO] - Action shape is torch.Size([1, 155])
[2023-10-23 16:42:05,945][root][INFO] - policy shape is torch.Size([1, 155, 5])
[2023-10-23 16:42:06,075][root][INFO] - Baseline shape is torch.Size([1, 130])
[2023-10-23 16:42:06,076][root][INFO] - Action shape is torch.Size([1, 130])
[2023-10-23 16:42:06,076][root][INFO] - policy shape is torch.Size([1, 130, 5])
[2023-10-23 16:42:06,178][root][INFO] - Baseline shape is torch.Size([1, 137])
[2023-10-23 16:42:06,178][root][INFO] - Action shape is torch.Size([1, 137])
[2023-10-23 16:42:06,178][root][INFO] - policy shape is torch.Size([1, 137, 5])
[2023-10-23 16:42:06,358][root][INFO] - Baseline shape is torch.Size([1, 196])
[2023-10-23 16:42:06,358][root][INFO] - Action shape is torch.Size([1, 196])
[2023-10-23 16:42:06,361][root][INFO] - policy shape is torch.Size([1, 196, 5])
[2023-10-23 16:42:06,486][root][INFO] - Baseline shape is torch.Size([1, 104])
[2023-10-23 16:42:06,486][root][INFO] - Action shape is torch.Size([1, 104])
[2023-10-23 16:42:06,487][root][INFO] - policy shape is torch.Size([1, 104, 5])
[2023-10-23 16:42:06,626][root][INFO] - Baseline shape is torch.Size([1, 176])
[2023-10-23 16:42:06,627][root][INFO] - Action shape is torch.Size([1, 176])
[2023-10-23 16:42:06,627][root][INFO] - policy shape is torch.Size([1, 176, 5])
[2023-10-23 16:42:06,716][root][INFO] - Baseline shape is torch.Size([1, 85])
[2023-10-23 16:42:06,716][root][INFO] - Action shape is torch.Size([1, 85])
[2023-10-23 16:42:06,716][root][INFO] - policy shape is torch.Size([1, 85, 5])
[2023-10-23 16:42:06,880][root][INFO] - Baseline shape is torch.Size([1, 178])
[2023-10-23 16:42:06,880][root][INFO] - Action shape is torch.Size([1, 178])
[2023-10-23 16:42:06,880][root][INFO] - policy shape is torch.Size([1, 178, 5])
[2023-10-23 16:42:06,972][root][INFO] - Baseline shape is torch.Size([1, 78])
[2023-10-23 16:42:06,972][root][INFO] - Action shape is torch.Size([1, 78])
[2023-10-23 16:42:06,972][root][INFO] - policy shape is torch.Size([1, 78, 5])
[2023-10-23 16:42:07,132][root][INFO] - Baseline shape is torch.Size([1, 178])
[2023-10-23 16:42:07,132][root][INFO] - Action shape is torch.Size([1, 178])
[2023-10-23 16:42:07,132][root][INFO] - policy shape is torch.Size([1, 178, 5])
[2023-10-23 16:42:07,224][root][INFO] - Baseline shape is torch.Size([1, 80])
[2023-10-23 16:42:07,224][root][INFO] - Action shape is torch.Size([1, 80])
[2023-10-23 16:42:07,224][root][INFO] - policy shape is torch.Size([1, 80, 5])
[2023-10-23 16:42:07,391][root][INFO] - Baseline shape is torch.Size([1, 176])
[2023-10-23 16:42:07,392][root][INFO] - Action shape is torch.Size([1, 176])
[2023-10-23 16:42:07,392][root][INFO] - policy shape is torch.Size([1, 176, 5])
[2023-10-23 16:42:07,529][root][INFO] - Baseline shape is torch.Size([1, 142])
[2023-10-23 16:42:07,530][root][INFO] - Action shape is torch.Size([1, 142])
[2023-10-23 16:42:07,530][root][INFO] - policy shape is torch.Size([1, 142, 5])
[2023-10-23 16:42:07,644][root][INFO] - Baseline shape is torch.Size([1, 120])
[2023-10-23 16:42:07,644][root][INFO] - Action shape is torch.Size([1, 120])
[2023-10-23 16:42:07,644][root][INFO] - policy shape is torch.Size([1, 120, 5])
[2023-10-23 16:42:07,713][root][INFO] - Step 0 @ 0.0 SPS. Inference batcher size: 118. Learner queue size: 0. Other stats: (train_seconds = 5.0)
[2023-10-23 16:42:07,766][root][INFO] - Baseline shape is torch.Size([1, 138])
[2023-10-23 16:42:07,767][root][INFO] - Action shape is torch.Size([1, 138])
[2023-10-23 16:42:07,767][root][INFO] - policy shape is torch.Size([1, 138, 5])
[2023-10-23 16:42:07,896][root][INFO] - Baseline shape is torch.Size([1, 124])
[2023-10-23 16:42:07,897][root][INFO] - Action shape is torch.Size([1, 124])
[2023-10-23 16:42:07,897][root][INFO] - policy shape is torch.Size([1, 124, 5])
[2023-10-23 16:42:08,023][root][INFO] - Baseline shape is torch.Size([1, 136])
[2023-10-23 16:42:08,023][root][INFO] - Action shape is torch.Size([1, 136])
[2023-10-23 16:42:08,024][root][INFO] - policy shape is torch.Size([1, 136, 5])
[2023-10-23 16:42:08,148][root][INFO] - Baseline shape is torch.Size([1, 132])
[2023-10-23 16:42:08,148][root][INFO] - Action shape is torch.Size([1, 132])
[2023-10-23 16:42:08,149][root][INFO] - policy shape is torch.Size([1, 132, 5])
[2023-10-23 16:42:08,259][root][INFO] - Baseline shape is torch.Size([1, 124])
[2023-10-23 16:42:08,259][root][INFO] - Action shape is torch.Size([1, 124])
[2023-10-23 16:42:08,259][root][INFO] - policy shape is torch.Size([1, 124, 5])
