[2023-10-21 18:29:54,124][root][INFO] - name: null
wandb: false
project: skillhack
entity: your_entity_name
group: default
state_dict_path: none
foc_options_path: none
foc_options_config_path: none
teacher_path: none
teacher_config_path: none
ks_max_lambda: 10
ks_max_time: 20000000.0
ks_min_lambda_prop: 0.1
train_with_all_skills: false
penalty_per_step: 0.01
hks_max_uniform_weight: 1000
hks_min_uniform_prop: 0.05
hks_max_uniform_time: 20000000.0
tasks_json: tasks
mock: false
single_ttyrec: true
num_seeds: 0
write_profiler_trace: false
relative_reward: false
fn_penalty_step: constant
penalty_time: 0.0
penalty_step: -0.001
reward_lose: 0
reward_win: 1
character: null
save_tty: false
mode: train
env: HalfCheetahv4
obs_keys: glyphs,chars,colors,specials,blstats,message
num_actors: 256
total_steps: 10000000.0
batch_size: 32
unroll_length: 80
num_learner_threads: 1
num_inference_threads: 1
disable_cuda: false
learner_device: cuda:0
actor_device: cuda:0
max_learner_queue_size: null
model: HalfCheetah
use_lstm: false
hidden_dim: 256
embedding_dim: 64
glyph_type: all_cat
equalize_input_dim: false
equalize_factor: 2
layers: 5
crop_model: cnn
crop_dim: 9
use_index_select: true
entropy_cost: 0.001
baseline_cost: 0.5
discounting: 0.999
reward_clipping: none
normalize_reward: true
learning_rate: 0.0002
grad_norm_clipping: 40
alpha: 0.99
momentum: 0
epsilon: 1.0e-06
state_counter: none
no_extrinsic: false
int:
  twoheaded: true
  input: full
  intrinsic_weight: 0.1
  discounting: 0.99
  baseline_cost: 0.5
  episodic: true
  reward_clipping: none
  normalize_reward: true
ride:
  count_norm: true
  forward_cost: 1
  inverse_cost: 0.1
  hidden_dim: 128
rnd:
  forward_cost: 0.01
msg:
  model: none
  hidden_dim: 64
  embedding_dim: 32

[2023-10-21 18:29:54,140][root][INFO] - Symlinked log directory: /opt/project/latest
[2023-10-21 18:29:54,141][root][INFO] - Creating archive directory: /opt/project/outputs/2023-10-21/18-29-54/archives
[2023-10-21 18:29:54,145][root][INFO] - Logging results to /opt/project/outputs/2023-10-21/18-29-54
[2023-10-21 18:29:54,184][palaas/out][INFO] - Found log directory: /opt/project/outputs/2023-10-21/18-29-54
[2023-10-21 18:29:54,184][palaas/out][INFO] - Saving arguments to /opt/project/outputs/2023-10-21/18-29-54/meta.json
[2023-10-21 18:29:54,185][palaas/out][INFO] - Saving messages to /opt/project/outputs/2023-10-21/18-29-54/out.log
[2023-10-21 18:29:54,185][palaas/out][INFO] - Saving logs data to /opt/project/outputs/2023-10-21/18-29-54/logs.csv
[2023-10-21 18:29:54,185][palaas/out][INFO] - Saving logs' fields to /opt/project/outputs/2023-10-21/18-29-54/fields.csv
[2023-10-21 18:29:54,185][root][INFO] - Not using CUDA.
[2023-10-21 18:29:54,191][root][INFO] - Using model HalfCheetah
[2023-10-21 18:29:54,674][root][INFO] - Number of model parameters: 11085
[2023-10-21 18:29:54,679][root][INFO] - ()
[2023-10-21 18:29:54,679][root][INFO] - After actor pool
[2023-10-21 18:29:54,954][root][INFO] - <All keys matched successfully>
[2023-10-21 18:29:54,955][root][INFO] - The model states is ()
[2023-10-21 18:29:59,960][root][INFO] - Step 0 @ 0.0 SPS. Inference batcher size: 0. Learner queue size: 0. Other stats: (train_seconds = 5.0)
[2023-10-21 18:30:00,080][root][INFO] - action mean shape is torch.Size([1, 1, 6])
[2023-10-21 18:30:00,081][root][INFO] - torch.Size([1, 1, 17])
[2023-10-21 18:30:00,082][root][INFO] - action mean shape is torch.Size([1, 1, 6])
[2023-10-21 18:30:00,082][root][INFO] - torch.Size([1, 1, 17])
[2023-10-21 18:30:00,093][root][INFO] - action mean shape is torch.Size([1, 1, 6])
[2023-10-21 18:30:00,093][root][INFO] - torch.Size([1, 1, 17])
[2023-10-21 18:30:00,095][root][INFO] - action mean shape is torch.Size([1, 1, 6])
[2023-10-21 18:30:00,095][root][INFO] - torch.Size([1, 1, 17])
[2023-10-21 18:30:00,097][root][INFO] - action mean shape is torch.Size([1, 1, 6])
[2023-10-21 18:30:00,097][root][INFO] - torch.Size([1, 1, 17])
[2023-10-21 18:30:00,099][root][INFO] - action mean shape is torch.Size([1, 1, 6])
[2023-10-21 18:30:00,099][root][INFO] - torch.Size([1, 1, 17])
[2023-10-21 18:30:00,100][root][INFO] - action mean shape is torch.Size([1, 1, 6])
[2023-10-21 18:30:00,101][root][INFO] - torch.Size([1, 1, 17])
[2023-10-21 18:30:00,102][root][INFO] - action mean shape is torch.Size([1, 1, 6])
[2023-10-21 18:30:00,102][root][INFO] - torch.Size([1, 1, 17])
[2023-10-21 18:30:00,104][root][INFO] - action mean shape is torch.Size([1, 1, 6])
[2023-10-21 18:30:00,104][root][INFO] - torch.Size([1, 1, 17])
[2023-10-21 18:30:00,105][root][INFO] - action mean shape is torch.Size([1, 1, 6])
[2023-10-21 18:30:00,106][root][INFO] - torch.Size([1, 1, 17])
[2023-10-21 18:30:00,107][root][INFO] - action mean shape is torch.Size([1, 1, 6])
[2023-10-21 18:30:00,107][root][INFO] - torch.Size([1, 1, 17])
[2023-10-21 18:30:00,109][root][INFO] - action mean shape is torch.Size([1, 1, 6])
[2023-10-21 18:30:00,109][root][INFO] - torch.Size([1, 1, 17])
[2023-10-21 18:30:00,110][root][INFO] - action mean shape is torch.Size([1, 1, 6])
[2023-10-21 18:30:00,111][root][INFO] - torch.Size([1, 1, 17])
[2023-10-21 18:30:00,112][root][INFO] - action mean shape is torch.Size([1, 1, 6])
[2023-10-21 18:30:00,113][root][INFO] - torch.Size([1, 1, 17])
[2023-10-21 18:30:00,114][root][INFO] - action mean shape is torch.Size([1, 1, 6])
[2023-10-21 18:30:00,114][root][INFO] - torch.Size([1, 1, 17])
[2023-10-21 18:30:00,115][root][INFO] - action mean shape is torch.Size([1, 1, 6])
[2023-10-21 18:30:00,116][root][INFO] - torch.Size([1, 1, 17])
[2023-10-21 18:30:00,118][root][INFO] - action mean shape is torch.Size([1, 1, 6])
[2023-10-21 18:30:00,119][root][INFO] - torch.Size([1, 1, 17])
[2023-10-21 18:30:00,121][root][INFO] - action mean shape is torch.Size([1, 1, 6])
[2023-10-21 18:30:00,136][root][INFO] - torch.Size([1, 1, 17])
[2023-10-21 18:30:00,138][root][INFO] - action mean shape is torch.Size([1, 1, 6])
[2023-10-21 18:30:00,139][root][INFO] - torch.Size([1, 1, 17])
[2023-10-21 18:30:00,141][root][INFO] - action mean shape is torch.Size([1, 1, 6])
[2023-10-21 18:30:00,141][root][INFO] - torch.Size([1, 1, 17])
[2023-10-21 18:30:00,142][root][INFO] - action mean shape is torch.Size([1, 1, 6])
[2023-10-21 18:30:00,143][root][INFO] - torch.Size([1, 1, 17])
[2023-10-21 18:30:00,144][root][INFO] - action mean shape is torch.Size([1, 1, 6])
[2023-10-21 18:30:00,144][root][INFO] - torch.Size([1, 1, 17])
[2023-10-21 18:30:00,146][root][INFO] - action mean shape is torch.Size([1, 1, 6])
[2023-10-21 18:30:00,146][root][INFO] - torch.Size([1, 1, 17])
[2023-10-21 18:30:00,147][root][INFO] - action mean shape is torch.Size([1, 1, 6])
[2023-10-21 18:30:00,148][root][INFO] - torch.Size([1, 1, 17])
[2023-10-21 18:30:00,149][root][INFO] - action mean shape is torch.Size([1, 1, 6])
[2023-10-21 18:30:00,150][root][INFO] - torch.Size([1, 1, 17])
[2023-10-21 18:30:00,151][root][INFO] - action mean shape is torch.Size([1, 1, 6])
[2023-10-21 18:30:00,151][root][INFO] - torch.Size([1, 1, 17])
[2023-10-21 18:30:00,152][root][INFO] - action mean shape is torch.Size([1, 1, 6])
[2023-10-21 18:30:00,153][root][INFO] - torch.Size([1, 1, 17])
[2023-10-21 18:30:00,154][root][INFO] - action mean shape is torch.Size([1, 1, 6])
[2023-10-21 18:30:00,154][root][INFO] - torch.Size([1, 1, 17])
[2023-10-21 18:30:00,155][root][INFO] - action mean shape is torch.Size([1, 1, 6])
[2023-10-21 18:30:00,156][root][INFO] - torch.Size([1, 1, 17])
[2023-10-21 18:30:00,157][root][INFO] - action mean shape is torch.Size([1, 1, 6])
[2023-10-21 18:30:00,157][root][INFO] - torch.Size([1, 1, 17])
[2023-10-21 18:30:00,158][root][INFO] - action mean shape is torch.Size([1, 1, 6])
[2023-10-21 18:30:00,164][root][INFO] - torch.Size([1, 1, 17])
[2023-10-21 18:30:00,166][root][INFO] - action mean shape is torch.Size([1, 1, 6])
[2023-10-21 18:30:00,167][root][INFO] - torch.Size([1, 1, 17])
[2023-10-21 18:30:00,169][root][INFO] - action mean shape is torch.Size([1, 1, 6])
[2023-10-21 18:30:00,169][root][INFO] - torch.Size([1, 1, 17])
[2023-10-21 18:30:00,171][root][INFO] - action mean shape is torch.Size([1, 1, 6])
[2023-10-21 18:30:00,171][root][INFO] - torch.Size([1, 1, 17])
[2023-10-21 18:30:00,176][root][INFO] - action mean shape is torch.Size([1, 1, 6])
[2023-10-21 18:30:00,177][root][INFO] - torch.Size([1, 1, 17])
[2023-10-21 18:30:00,178][root][INFO] - action mean shape is torch.Size([1, 1, 6])
[2023-10-21 18:30:00,179][root][INFO] - torch.Size([1, 1, 17])
[2023-10-21 18:30:00,180][root][INFO] - action mean shape is torch.Size([1, 1, 6])
[2023-10-21 18:30:00,181][root][INFO] - torch.Size([1, 1, 17])
[2023-10-21 18:30:00,185][root][INFO] - action mean shape is torch.Size([1, 1, 6])
[2023-10-21 18:30:00,186][root][INFO] - torch.Size([1, 1, 17])
[2023-10-21 18:30:00,187][root][INFO] - action mean shape is torch.Size([1, 1, 6])
[2023-10-21 18:30:00,188][root][INFO] - torch.Size([1, 1, 17])
[2023-10-21 18:30:00,208][root][INFO] - action mean shape is torch.Size([1, 1, 6])
[2023-10-21 18:30:00,209][root][INFO] - torch.Size([1, 1, 17])
[2023-10-21 18:30:00,211][root][INFO] - action mean shape is torch.Size([1, 1, 6])
[2023-10-21 18:30:00,211][root][INFO] - torch.Size([1, 1, 17])
[2023-10-21 18:30:00,213][root][INFO] - action mean shape is torch.Size([1, 1, 6])
[2023-10-21 18:30:00,213][root][INFO] - torch.Size([1, 1, 17])
[2023-10-21 18:30:00,214][root][INFO] - action mean shape is torch.Size([1, 1, 6])
[2023-10-21 18:30:00,215][root][INFO] - torch.Size([1, 1, 17])
[2023-10-21 18:30:00,241][root][INFO] - action mean shape is torch.Size([1, 1, 6])
[2023-10-21 18:30:00,242][root][INFO] - torch.Size([1, 1, 17])
[2023-10-21 18:30:00,243][root][INFO] - action mean shape is torch.Size([1, 1, 6])
[2023-10-21 18:30:00,244][root][INFO] - torch.Size([1, 1, 17])
[2023-10-21 18:30:00,245][root][INFO] - action mean shape is torch.Size([1, 1, 6])
[2023-10-21 18:30:00,246][root][INFO] - torch.Size([1, 1, 17])
[2023-10-21 18:30:00,247][root][INFO] - action mean shape is torch.Size([1, 1, 6])
[2023-10-21 18:30:00,264][root][INFO] - torch.Size([1, 1, 17])
[2023-10-21 18:30:00,276][root][INFO] - action mean shape is torch.Size([1, 1, 6])
[2023-10-21 18:30:00,277][root][INFO] - torch.Size([1, 1, 17])
[2023-10-21 18:30:00,284][root][INFO] - action mean shape is torch.Size([1, 1, 6])
[2023-10-21 18:30:00,285][root][INFO] - torch.Size([1, 1, 17])
[2023-10-21 18:30:00,292][root][INFO] - action mean shape is torch.Size([1, 1, 6])
[2023-10-21 18:30:00,296][root][INFO] - torch.Size([1, 1, 17])
[2023-10-21 18:30:00,298][root][INFO] - action mean shape is torch.Size([1, 1, 6])
[2023-10-21 18:30:00,299][root][INFO] - torch.Size([1, 1, 17])
[2023-10-21 18:30:00,312][root][INFO] - action mean shape is torch.Size([1, 1, 6])
[2023-10-21 18:30:00,313][root][INFO] - torch.Size([1, 1, 17])
[2023-10-21 18:30:00,320][root][INFO] - action mean shape is torch.Size([1, 1, 6])
[2023-10-21 18:30:00,321][root][INFO] - torch.Size([1, 1, 17])
[2023-10-21 18:30:00,337][root][INFO] - action mean shape is torch.Size([1, 1, 6])
[2023-10-21 18:30:00,344][root][INFO] - torch.Size([1, 1, 17])
[2023-10-21 18:30:00,346][root][INFO] - action mean shape is torch.Size([1, 1, 6])
[2023-10-21 18:30:00,346][root][INFO] - torch.Size([1, 1, 17])
[2023-10-21 18:30:00,348][root][INFO] - action mean shape is torch.Size([1, 1, 6])
[2023-10-21 18:30:00,348][root][INFO] - torch.Size([1, 1, 17])
[2023-10-21 18:30:00,350][root][INFO] - action mean shape is torch.Size([1, 1, 6])
[2023-10-21 18:30:00,350][root][INFO] - torch.Size([1, 1, 17])
[2023-10-21 18:30:00,351][root][INFO] - action mean shape is torch.Size([1, 1, 6])
[2023-10-21 18:30:00,356][root][INFO] - torch.Size([1, 1, 17])
[2023-10-21 18:30:00,361][root][INFO] - action mean shape is torch.Size([1, 1, 6])
[2023-10-21 18:30:00,368][root][INFO] - torch.Size([1, 1, 17])
[2023-10-21 18:30:00,370][root][INFO] - action mean shape is torch.Size([1, 1, 6])
[2023-10-21 18:30:00,372][root][INFO] - torch.Size([1, 1, 17])
[2023-10-21 18:30:00,389][root][INFO] - action mean shape is torch.Size([1, 1, 6])
[2023-10-21 18:30:00,390][root][INFO] - torch.Size([1, 1, 17])
[2023-10-21 18:30:00,408][root][INFO] - action mean shape is torch.Size([1, 1, 6])
[2023-10-21 18:30:00,409][root][INFO] - torch.Size([1, 1, 17])
[2023-10-21 18:30:00,410][root][INFO] - action mean shape is torch.Size([1, 1, 6])
[2023-10-21 18:30:00,411][root][INFO] - torch.Size([1, 1, 17])
[2023-10-21 18:30:00,412][root][INFO] - action mean shape is torch.Size([1, 1, 6])
[2023-10-21 18:30:00,413][root][INFO] - torch.Size([1, 1, 17])
[2023-10-21 18:30:00,414][root][INFO] - action mean shape is torch.Size([1, 1, 6])
[2023-10-21 18:30:00,414][root][INFO] - torch.Size([1, 1, 17])
[2023-10-21 18:30:00,416][root][INFO] - action mean shape is torch.Size([1, 1, 6])
[2023-10-21 18:30:00,468][root][INFO] - torch.Size([1, 1, 17])
[2023-10-21 18:30:00,470][root][INFO] - action mean shape is torch.Size([1, 1, 6])
[2023-10-21 18:30:00,471][root][INFO] - torch.Size([1, 1, 17])
[2023-10-21 18:30:00,472][root][INFO] - action mean shape is torch.Size([1, 1, 6])
[2023-10-21 18:30:00,473][root][INFO] - torch.Size([1, 1, 17])
[2023-10-21 18:30:00,474][root][INFO] - action mean shape is torch.Size([1, 1, 6])
[2023-10-21 18:30:00,474][root][INFO] - torch.Size([1, 1, 17])
[2023-10-21 18:30:00,476][root][INFO] - action mean shape is torch.Size([1, 1, 6])
[2023-10-21 18:30:00,508][root][INFO] - torch.Size([1, 1, 17])
[2023-10-21 18:30:00,510][root][INFO] - action mean shape is torch.Size([1, 1, 6])
[2023-10-21 18:30:00,511][root][INFO] - torch.Size([1, 1, 17])
[2023-10-21 18:30:00,512][root][INFO] - action mean shape is torch.Size([1, 1, 6])
[2023-10-21 18:30:00,513][root][INFO] - torch.Size([1, 1, 17])
[2023-10-21 18:30:00,515][root][INFO] - action mean shape is torch.Size([1, 1, 6])
[2023-10-21 18:30:00,548][root][INFO] - torch.Size([1, 1, 17])
[2023-10-21 18:30:00,550][root][INFO] - action mean shape is torch.Size([1, 1, 6])
[2023-10-21 18:30:00,551][root][INFO] - torch.Size([1, 1, 17])
[2023-10-21 18:30:00,552][root][INFO] - action mean shape is torch.Size([1, 1, 6])
[2023-10-21 18:30:00,553][root][INFO] - torch.Size([1, 1, 17])
[2023-10-21 18:30:00,554][root][INFO] - action mean shape is torch.Size([1, 1, 6])
[2023-10-21 18:30:00,554][root][INFO] - torch.Size([1, 1, 17])
[2023-10-21 18:30:00,560][root][INFO] - action mean shape is torch.Size([1, 1, 6])
[2023-10-21 18:30:00,604][root][INFO] - torch.Size([1, 1, 17])
[2023-10-21 18:30:00,606][root][INFO] - action mean shape is torch.Size([1, 1, 6])
[2023-10-21 18:30:00,606][root][INFO] - torch.Size([1, 1, 17])
[2023-10-21 18:30:00,608][root][INFO] - action mean shape is torch.Size([1, 1, 6])
[2023-10-21 18:30:00,609][root][INFO] - torch.Size([1, 1, 17])
[2023-10-21 18:30:00,610][root][INFO] - action mean shape is torch.Size([1, 1, 6])
[2023-10-21 18:30:00,610][root][INFO] - torch.Size([1, 1, 17])
[2023-10-21 18:30:00,657][root][INFO] - action mean shape is torch.Size([1, 1, 6])
[2023-10-21 18:30:00,658][root][INFO] - torch.Size([1, 1, 17])
[2023-10-21 18:30:00,661][root][INFO] - action mean shape is torch.Size([1, 1, 6])
[2023-10-21 18:30:00,661][root][INFO] - torch.Size([1, 1, 17])
[2023-10-21 18:30:00,663][root][INFO] - action mean shape is torch.Size([1, 1, 6])
[2023-10-21 18:30:00,663][root][INFO] - torch.Size([1, 1, 17])
[2023-10-21 18:30:00,708][root][INFO] - action mean shape is torch.Size([1, 1, 6])
[2023-10-21 18:30:00,709][root][INFO] - torch.Size([1, 1, 17])
[2023-10-21 18:30:00,711][root][INFO] - action mean shape is torch.Size([1, 1, 6])
[2023-10-21 18:30:00,712][root][INFO] - torch.Size([1, 1, 17])
[2023-10-21 18:30:00,713][root][INFO] - action mean shape is torch.Size([1, 1, 6])
[2023-10-21 18:30:00,748][root][INFO] - torch.Size([1, 1, 17])
[2023-10-21 18:30:00,750][root][INFO] - action mean shape is torch.Size([1, 1, 6])
[2023-10-21 18:30:00,750][root][INFO] - torch.Size([1, 1, 17])
[2023-10-21 18:30:00,752][root][INFO] - action mean shape is torch.Size([1, 1, 6])
[2023-10-21 18:30:00,753][root][INFO] - torch.Size([1, 1, 17])
[2023-10-21 18:30:00,754][root][INFO] - action mean shape is torch.Size([1, 1, 6])
[2023-10-21 18:30:00,754][root][INFO] - torch.Size([1, 1, 17])
[2023-10-21 18:30:00,840][root][INFO] - action mean shape is torch.Size([1, 1, 6])
[2023-10-21 18:30:00,841][root][INFO] - torch.Size([1, 1, 17])
[2023-10-21 18:30:00,842][root][INFO] - action mean shape is torch.Size([1, 1, 6])
[2023-10-21 18:30:00,843][root][INFO] - torch.Size([1, 1, 17])
[2023-10-21 18:30:00,844][root][INFO] - action mean shape is torch.Size([1, 1, 6])
[2023-10-21 18:30:00,845][root][INFO] - torch.Size([1, 1, 17])
[2023-10-21 18:30:00,846][root][INFO] - action mean shape is torch.Size([1, 1, 6])
[2023-10-21 18:30:00,847][root][INFO] - torch.Size([1, 1, 17])
[2023-10-21 18:30:00,901][root][INFO] - action mean shape is torch.Size([1, 1, 6])
[2023-10-21 18:30:00,902][root][INFO] - torch.Size([1, 1, 17])
[2023-10-21 18:30:00,903][root][INFO] - action mean shape is torch.Size([1, 1, 6])
[2023-10-21 18:30:00,904][root][INFO] - torch.Size([1, 1, 17])
[2023-10-21 18:30:00,905][root][INFO] - action mean shape is torch.Size([1, 1, 6])
[2023-10-21 18:30:00,906][root][INFO] - torch.Size([1, 1, 17])
[2023-10-21 18:30:00,976][root][INFO] - action mean shape is torch.Size([1, 1, 6])
[2023-10-21 18:30:00,977][root][INFO] - torch.Size([1, 1, 17])
[2023-10-21 18:30:00,978][root][INFO] - action mean shape is torch.Size([1, 1, 6])
[2023-10-21 18:30:00,978][root][INFO] - torch.Size([1, 1, 17])
[2023-10-21 18:30:00,980][root][INFO] - action mean shape is torch.Size([1, 1, 6])
[2023-10-21 18:30:00,980][root][INFO] - torch.Size([1, 1, 17])
[2023-10-21 18:30:00,981][root][INFO] - action mean shape is torch.Size([1, 1, 6])
[2023-10-21 18:30:00,981][root][INFO] - torch.Size([1, 1, 17])
[2023-10-21 18:30:00,992][root][INFO] - action mean shape is torch.Size([1, 1, 6])
[2023-10-21 18:30:00,993][root][INFO] - torch.Size([1, 1, 17])
[2023-10-21 18:30:01,012][root][INFO] - action mean shape is torch.Size([1, 1, 6])
[2023-10-21 18:30:01,084][root][INFO] - torch.Size([1, 1, 17])
[2023-10-21 18:30:01,086][root][INFO] - action mean shape is torch.Size([1, 1, 6])
[2023-10-21 18:30:01,086][root][INFO] - torch.Size([1, 1, 17])
[2023-10-21 18:30:01,088][root][INFO] - action mean shape is torch.Size([1, 1, 6])
[2023-10-21 18:30:01,088][root][INFO] - torch.Size([1, 1, 17])
[2023-10-21 18:30:01,090][root][INFO] - action mean shape is torch.Size([1, 1, 6])
[2023-10-21 18:30:01,148][root][INFO] - torch.Size([1, 1, 17])
[2023-10-21 18:30:01,150][root][INFO] - action mean shape is torch.Size([1, 1, 6])
[2023-10-21 18:30:01,150][root][INFO] - torch.Size([1, 1, 17])
[2023-10-21 18:30:01,152][root][INFO] - action mean shape is torch.Size([1, 1, 6])
[2023-10-21 18:30:01,152][root][INFO] - torch.Size([1, 1, 17])
[2023-10-21 18:30:01,153][root][INFO] - action mean shape is torch.Size([1, 1, 6])
[2023-10-21 18:30:01,154][root][INFO] - torch.Size([1, 1, 17])
[2023-10-21 18:30:01,160][root][INFO] - action mean shape is torch.Size([1, 1, 6])
[2023-10-21 18:30:01,161][root][INFO] - torch.Size([1, 1, 17])
[2023-10-21 18:30:01,172][root][INFO] - action mean shape is torch.Size([1, 1, 6])
[2023-10-21 18:30:01,244][root][INFO] - torch.Size([1, 1, 17])
[2023-10-21 18:30:01,246][root][INFO] - action mean shape is torch.Size([1, 1, 6])
[2023-10-21 18:30:01,247][root][INFO] - torch.Size([1, 1, 17])
[2023-10-21 18:30:01,248][root][INFO] - action mean shape is torch.Size([1, 1, 6])
[2023-10-21 18:30:01,248][root][INFO] - torch.Size([1, 1, 17])
[2023-10-21 18:30:01,250][root][INFO] - action mean shape is torch.Size([1, 1, 6])
[2023-10-21 18:30:01,250][root][INFO] - torch.Size([1, 1, 17])
[2023-10-21 18:30:01,309][root][INFO] - action mean shape is torch.Size([1, 1, 6])
[2023-10-21 18:30:01,310][root][INFO] - torch.Size([1, 1, 17])
[2023-10-21 18:30:01,312][root][INFO] - action mean shape is torch.Size([1, 1, 6])
[2023-10-21 18:30:01,312][root][INFO] - torch.Size([1, 1, 17])
[2023-10-21 18:30:01,314][root][INFO] - action mean shape is torch.Size([1, 1, 6])
[2023-10-21 18:30:01,314][root][INFO] - torch.Size([1, 1, 17])
[2023-10-21 18:30:01,365][root][INFO] - action mean shape is torch.Size([1, 1, 6])
[2023-10-21 18:30:01,366][root][INFO] - torch.Size([1, 1, 17])
[2023-10-21 18:30:01,367][root][INFO] - action mean shape is torch.Size([1, 1, 6])
[2023-10-21 18:30:01,368][root][INFO] - torch.Size([1, 1, 17])
[2023-10-21 18:30:01,369][root][INFO] - action mean shape is torch.Size([1, 1, 6])
[2023-10-21 18:30:01,369][root][INFO] - torch.Size([1, 1, 17])
[2023-10-21 18:30:01,370][root][INFO] - action mean shape is torch.Size([1, 1, 6])
[2023-10-21 18:30:01,371][root][INFO] - torch.Size([1, 1, 17])
[2023-10-21 18:30:01,437][root][INFO] - action mean shape is torch.Size([1, 1, 6])
[2023-10-21 18:30:01,438][root][INFO] - torch.Size([1, 1, 17])
[2023-10-21 18:30:01,439][root][INFO] - action mean shape is torch.Size([1, 1, 6])
[2023-10-21 18:30:01,440][root][INFO] - torch.Size([1, 1, 17])
[2023-10-21 18:30:01,441][root][INFO] - action mean shape is torch.Size([1, 1, 6])
[2023-10-21 18:30:01,442][root][INFO] - torch.Size([1, 1, 17])
[2023-10-21 18:30:01,443][root][INFO] - action mean shape is torch.Size([1, 1, 6])
[2023-10-21 18:30:01,500][root][INFO] - torch.Size([1, 1, 17])
[2023-10-21 18:30:01,502][root][INFO] - action mean shape is torch.Size([1, 1, 6])
[2023-10-21 18:30:01,502][root][INFO] - torch.Size([1, 1, 17])
[2023-10-21 18:30:01,504][root][INFO] - action mean shape is torch.Size([1, 1, 6])
[2023-10-21 18:30:01,504][root][INFO] - torch.Size([1, 1, 17])
[2023-10-21 18:30:01,506][root][INFO] - action mean shape is torch.Size([1, 1, 6])
[2023-10-21 18:30:01,506][root][INFO] - torch.Size([1, 1, 17])
[2023-10-21 18:30:01,569][root][INFO] - action mean shape is torch.Size([1, 1, 6])
[2023-10-21 18:30:01,570][root][INFO] - torch.Size([1, 1, 17])
[2023-10-21 18:30:01,571][root][INFO] - action mean shape is torch.Size([1, 1, 6])
[2023-10-21 18:30:01,572][root][INFO] - torch.Size([1, 1, 17])
[2023-10-21 18:30:01,573][root][INFO] - action mean shape is torch.Size([1, 1, 6])
[2023-10-21 18:30:01,574][root][INFO] - torch.Size([1, 1, 17])
[2023-10-21 18:30:01,580][root][INFO] - action mean shape is torch.Size([1, 1, 6])
[2023-10-21 18:30:01,644][root][INFO] - torch.Size([1, 1, 17])
[2023-10-21 18:30:01,646][root][INFO] - action mean shape is torch.Size([1, 1, 6])
[2023-10-21 18:30:01,647][root][INFO] - torch.Size([1, 1, 17])
[2023-10-21 18:30:01,648][root][INFO] - action mean shape is torch.Size([1, 1, 6])
[2023-10-21 18:30:01,649][root][INFO] - torch.Size([1, 1, 17])
[2023-10-21 18:30:01,650][root][INFO] - action mean shape is torch.Size([1, 1, 6])
[2023-10-21 18:30:01,650][root][INFO] - torch.Size([1, 1, 17])
[2023-10-21 18:30:01,672][root][INFO] - action mean shape is torch.Size([1, 1, 6])
[2023-10-21 18:30:01,736][root][INFO] - torch.Size([1, 1, 17])
[2023-10-21 18:30:01,738][root][INFO] - action mean shape is torch.Size([1, 1, 6])
[2023-10-21 18:30:01,739][root][INFO] - torch.Size([1, 1, 17])
[2023-10-21 18:30:01,740][root][INFO] - action mean shape is torch.Size([1, 2, 6])
[2023-10-21 18:30:01,741][root][INFO] - torch.Size([1, 2, 17])
[2023-10-21 18:30:01,742][root][INFO] - action mean shape is torch.Size([1, 2, 6])
[2023-10-21 18:30:01,804][root][INFO] - torch.Size([1, 2, 17])
[2023-10-21 18:30:01,806][root][INFO] - action mean shape is torch.Size([1, 2, 6])
[2023-10-21 18:30:01,807][root][INFO] - torch.Size([1, 2, 17])
[2023-10-21 18:30:01,809][root][INFO] - action mean shape is torch.Size([1, 1, 6])
[2023-10-21 18:30:01,810][root][INFO] - torch.Size([1, 1, 17])
[2023-10-21 18:30:01,824][root][INFO] - action mean shape is torch.Size([1, 2, 6])
[2023-10-21 18:30:01,892][root][INFO] - torch.Size([1, 2, 17])
[2023-10-21 18:30:01,894][root][INFO] - action mean shape is torch.Size([1, 2, 6])
[2023-10-21 18:30:01,895][root][INFO] - torch.Size([1, 2, 17])
[2023-10-21 18:30:01,897][root][INFO] - action mean shape is torch.Size([1, 1, 6])
[2023-10-21 18:30:01,897][root][INFO] - torch.Size([1, 1, 17])
[2023-10-21 18:30:01,968][root][INFO] - action mean shape is torch.Size([1, 2, 6])
[2023-10-21 18:30:01,969][root][INFO] - torch.Size([1, 2, 17])
[2023-10-21 18:30:02,000][root][INFO] - action mean shape is torch.Size([1, 2, 6])
[2023-10-21 18:30:02,001][root][INFO] - torch.Size([1, 2, 17])
[2023-10-21 18:30:02,028][root][INFO] - action mean shape is torch.Size([1, 2, 6])
[2023-10-21 18:30:02,029][root][INFO] - torch.Size([1, 2, 17])
[2023-10-21 18:30:02,060][root][INFO] - action mean shape is torch.Size([1, 2, 6])
[2023-10-21 18:30:02,061][root][INFO] - torch.Size([1, 2, 17])
[2023-10-21 18:30:02,084][root][INFO] - action mean shape is torch.Size([1, 2, 6])
[2023-10-21 18:30:02,085][root][INFO] - torch.Size([1, 2, 17])
[2023-10-21 18:30:02,124][root][INFO] - action mean shape is torch.Size([1, 2, 6])
[2023-10-21 18:30:02,125][root][INFO] - torch.Size([1, 2, 17])
[2023-10-21 18:30:02,127][root][INFO] - action mean shape is torch.Size([1, 1, 6])
[2023-10-21 18:30:02,127][root][INFO] - torch.Size([1, 1, 17])
[2023-10-21 18:30:02,129][root][INFO] - action mean shape is torch.Size([1, 2, 6])
[2023-10-21 18:30:02,129][root][INFO] - torch.Size([1, 2, 17])
[2023-10-21 18:30:02,181][root][INFO] - action mean shape is torch.Size([1, 1, 6])
[2023-10-21 18:30:02,182][root][INFO] - torch.Size([1, 1, 17])
[2023-10-21 18:30:02,183][root][INFO] - action mean shape is torch.Size([1, 2, 6])
[2023-10-21 18:30:02,184][root][INFO] - torch.Size([1, 2, 17])
[2023-10-21 18:30:02,185][root][INFO] - action mean shape is torch.Size([1, 2, 6])
[2023-10-21 18:30:02,186][root][INFO] - torch.Size([1, 2, 17])
[2023-10-21 18:30:02,193][root][INFO] - action mean shape is torch.Size([1, 1, 6])
[2023-10-21 18:30:02,200][root][INFO] - torch.Size([1, 1, 17])
[2023-10-21 18:30:02,277][root][INFO] - action mean shape is torch.Size([1, 2, 6])
[2023-10-21 18:30:02,278][root][INFO] - torch.Size([1, 2, 17])
[2023-10-21 18:30:02,280][root][INFO] - action mean shape is torch.Size([1, 2, 6])
[2023-10-21 18:30:02,280][root][INFO] - torch.Size([1, 2, 17])
[2023-10-21 18:30:02,282][root][INFO] - action mean shape is torch.Size([1, 2, 6])
[2023-10-21 18:30:02,282][root][INFO] - torch.Size([1, 2, 17])
[2023-10-21 18:30:02,346][root][INFO] - action mean shape is torch.Size([1, 1, 6])
[2023-10-21 18:30:02,346][root][INFO] - torch.Size([1, 1, 17])
[2023-10-21 18:30:02,348][root][INFO] - action mean shape is torch.Size([1, 2, 6])
[2023-10-21 18:30:02,349][root][INFO] - torch.Size([1, 2, 17])
[2023-10-21 18:30:02,350][root][INFO] - action mean shape is torch.Size([1, 2, 6])
[2023-10-21 18:30:02,351][root][INFO] - torch.Size([1, 2, 17])
[2023-10-21 18:30:02,434][root][INFO] - action mean shape is torch.Size([1, 1, 6])
[2023-10-21 18:30:02,435][root][INFO] - torch.Size([1, 1, 17])
[2023-10-21 18:30:02,436][root][INFO] - action mean shape is torch.Size([1, 2, 6])
[2023-10-21 18:30:02,437][root][INFO] - torch.Size([1, 2, 17])
[2023-10-21 18:30:02,438][root][INFO] - action mean shape is torch.Size([1, 2, 6])
[2023-10-21 18:30:02,439][root][INFO] - torch.Size([1, 2, 17])
[2023-10-21 18:30:02,489][root][INFO] - action mean shape is torch.Size([1, 1, 6])
[2023-10-21 18:30:02,490][root][INFO] - torch.Size([1, 1, 17])
[2023-10-21 18:30:02,491][root][INFO] - action mean shape is torch.Size([1, 2, 6])
[2023-10-21 18:30:02,492][root][INFO] - torch.Size([1, 2, 17])
[2023-10-21 18:30:02,493][root][INFO] - action mean shape is torch.Size([1, 1, 6])
[2023-10-21 18:30:02,494][root][INFO] - torch.Size([1, 1, 17])
[2023-10-21 18:30:02,495][root][INFO] - action mean shape is torch.Size([1, 2, 6])
[2023-10-21 18:30:02,495][root][INFO] - torch.Size([1, 2, 17])
[2023-10-21 18:30:02,553][root][INFO] - action mean shape is torch.Size([1, 2, 6])
[2023-10-21 18:30:02,554][root][INFO] - torch.Size([1, 2, 17])
[2023-10-21 18:30:02,555][root][INFO] - action mean shape is torch.Size([1, 1, 6])
[2023-10-21 18:30:02,556][root][INFO] - torch.Size([1, 1, 17])
[2023-10-21 18:30:02,557][root][INFO] - action mean shape is torch.Size([1, 2, 6])
[2023-10-21 18:30:02,558][root][INFO] - torch.Size([1, 2, 17])
[2023-10-21 18:30:02,559][root][INFO] - action mean shape is torch.Size([1, 2, 6])
[2023-10-21 18:30:02,632][root][INFO] - torch.Size([1, 2, 17])
[2023-10-21 18:30:02,634][root][INFO] - action mean shape is torch.Size([1, 1, 6])
[2023-10-21 18:30:02,635][root][INFO] - torch.Size([1, 1, 17])
[2023-10-21 18:30:02,636][root][INFO] - action mean shape is torch.Size([1, 2, 6])
[2023-10-21 18:30:02,637][root][INFO] - torch.Size([1, 2, 17])
[2023-10-21 18:30:02,638][root][INFO] - action mean shape is torch.Size([1, 2, 6])
[2023-10-21 18:30:02,638][root][INFO] - torch.Size([1, 2, 17])
[2023-10-21 18:30:02,693][root][INFO] - action mean shape is torch.Size([1, 1, 6])
[2023-10-21 18:30:02,694][root][INFO] - torch.Size([1, 1, 17])
[2023-10-21 18:30:02,695][root][INFO] - action mean shape is torch.Size([1, 2, 6])
[2023-10-21 18:30:02,696][root][INFO] - torch.Size([1, 2, 17])
[2023-10-21 18:30:02,698][root][INFO] - action mean shape is torch.Size([1, 2, 6])
[2023-10-21 18:30:02,698][root][INFO] - torch.Size([1, 2, 17])
[2023-10-21 18:30:02,754][root][INFO] - action mean shape is torch.Size([1, 2, 6])
[2023-10-21 18:30:02,754][root][INFO] - torch.Size([1, 2, 17])
[2023-10-21 18:30:02,756][root][INFO] - action mean shape is torch.Size([1, 2, 6])
[2023-10-21 18:30:02,757][root][INFO] - torch.Size([1, 2, 17])
[2023-10-21 18:30:02,759][root][INFO] - action mean shape is torch.Size([1, 2, 6])
[2023-10-21 18:30:02,759][root][INFO] - torch.Size([1, 2, 17])
[2023-10-21 18:30:02,814][root][INFO] - action mean shape is torch.Size([1, 2, 6])
[2023-10-21 18:30:02,814][root][INFO] - torch.Size([1, 2, 17])
[2023-10-21 18:30:02,816][root][INFO] - action mean shape is torch.Size([1, 2, 6])
[2023-10-21 18:30:02,817][root][INFO] - torch.Size([1, 2, 17])
[2023-10-21 18:30:02,819][root][INFO] - action mean shape is torch.Size([1, 2, 6])
[2023-10-21 18:30:02,819][root][INFO] - torch.Size([1, 2, 17])
[2023-10-21 18:30:02,874][root][INFO] - action mean shape is torch.Size([1, 2, 6])
[2023-10-21 18:30:02,875][root][INFO] - torch.Size([1, 2, 17])
[2023-10-21 18:30:02,876][root][INFO] - action mean shape is torch.Size([1, 2, 6])
[2023-10-21 18:30:02,877][root][INFO] - torch.Size([1, 2, 17])
[2023-10-21 18:30:02,878][root][INFO] - action mean shape is torch.Size([1, 2, 6])
[2023-10-21 18:30:02,879][root][INFO] - torch.Size([1, 2, 17])
[2023-10-21 18:30:02,934][root][INFO] - action mean shape is torch.Size([1, 2, 6])
[2023-10-21 18:30:02,935][root][INFO] - torch.Size([1, 2, 17])
[2023-10-21 18:30:02,936][root][INFO] - action mean shape is torch.Size([1, 2, 6])
[2023-10-21 18:30:02,937][root][INFO] - torch.Size([1, 2, 17])
[2023-10-21 18:30:02,939][root][INFO] - action mean shape is torch.Size([1, 2, 6])
[2023-10-21 18:30:02,939][root][INFO] - torch.Size([1, 2, 17])
[2023-10-21 18:30:02,993][root][INFO] - action mean shape is torch.Size([1, 2, 6])
[2023-10-21 18:30:02,994][root][INFO] - torch.Size([1, 2, 17])
[2023-10-21 18:30:03,009][root][INFO] - action mean shape is torch.Size([1, 2, 6])
[2023-10-21 18:30:03,010][root][INFO] - torch.Size([1, 2, 17])
[2023-10-21 18:30:03,011][root][INFO] - action mean shape is torch.Size([1, 2, 6])
[2023-10-21 18:30:03,012][root][INFO] - torch.Size([1, 2, 17])
[2023-10-21 18:30:03,078][root][INFO] - action mean shape is torch.Size([1, 2, 6])
[2023-10-21 18:30:03,078][root][INFO] - torch.Size([1, 2, 17])
[2023-10-21 18:30:03,080][root][INFO] - action mean shape is torch.Size([1, 2, 6])
[2023-10-21 18:30:03,081][root][INFO] - torch.Size([1, 2, 17])
[2023-10-21 18:30:03,082][root][INFO] - action mean shape is torch.Size([1, 2, 6])
[2023-10-21 18:30:03,083][root][INFO] - torch.Size([1, 2, 17])
[2023-10-21 18:30:03,146][root][INFO] - action mean shape is torch.Size([1, 2, 6])
[2023-10-21 18:30:03,146][root][INFO] - torch.Size([1, 2, 17])
[2023-10-21 18:30:03,149][root][INFO] - action mean shape is torch.Size([1, 2, 6])
[2023-10-21 18:30:03,149][root][INFO] - torch.Size([1, 2, 17])
[2023-10-21 18:30:03,152][root][INFO] - action mean shape is torch.Size([1, 2, 6])
[2023-10-21 18:30:03,204][root][INFO] - torch.Size([1, 2, 17])
[2023-10-21 18:30:03,206][root][INFO] - action mean shape is torch.Size([1, 2, 6])
[2023-10-21 18:30:03,207][root][INFO] - torch.Size([1, 2, 17])
[2023-10-21 18:30:03,209][root][INFO] - action mean shape is torch.Size([1, 2, 6])
[2023-10-21 18:30:03,209][root][INFO] - torch.Size([1, 2, 17])
[2023-10-21 18:30:03,211][root][INFO] - action mean shape is torch.Size([1, 2, 6])
[2023-10-21 18:30:03,264][root][INFO] - torch.Size([1, 2, 17])
[2023-10-21 18:30:03,266][root][INFO] - action mean shape is torch.Size([1, 2, 6])
[2023-10-21 18:30:03,267][root][INFO] - torch.Size([1, 2, 17])
[2023-10-21 18:30:03,269][root][INFO] - action mean shape is torch.Size([1, 2, 6])
[2023-10-21 18:30:03,269][root][INFO] - torch.Size([1, 2, 17])
[2023-10-21 18:30:03,271][root][INFO] - action mean shape is torch.Size([1, 2, 6])
[2023-10-21 18:30:03,332][root][INFO] - torch.Size([1, 2, 17])
[2023-10-21 18:30:03,334][root][INFO] - action mean shape is torch.Size([1, 3, 6])
[2023-10-21 18:30:03,335][root][INFO] - torch.Size([1, 3, 17])
[2023-10-21 18:30:03,337][root][INFO] - action mean shape is torch.Size([1, 3, 6])
[2023-10-21 18:30:03,338][root][INFO] - torch.Size([1, 3, 17])
[2023-10-21 18:30:03,339][root][INFO] - action mean shape is torch.Size([1, 3, 6])
[2023-10-21 18:30:03,392][root][INFO] - torch.Size([1, 3, 17])
[2023-10-21 18:30:03,394][root][INFO] - action mean shape is torch.Size([1, 2, 6])
[2023-10-21 18:30:03,395][root][INFO] - torch.Size([1, 2, 17])
[2023-10-21 18:30:03,397][root][INFO] - action mean shape is torch.Size([1, 3, 6])
[2023-10-21 18:30:03,397][root][INFO] - torch.Size([1, 3, 17])
[2023-10-21 18:30:03,398][root][INFO] - action mean shape is torch.Size([1, 1, 6])
[2023-10-21 18:30:03,399][root][INFO] - torch.Size([1, 1, 17])
[2023-10-21 18:30:03,400][root][INFO] - action mean shape is torch.Size([1, 3, 6])
[2023-10-21 18:30:03,460][root][INFO] - torch.Size([1, 3, 17])
[2023-10-21 18:30:03,462][root][INFO] - action mean shape is torch.Size([1, 1, 6])
[2023-10-21 18:30:03,463][root][INFO] - torch.Size([1, 1, 17])
[2023-10-21 18:30:03,464][root][INFO] - action mean shape is torch.Size([1, 3, 6])
[2023-10-21 18:30:03,465][root][INFO] - torch.Size([1, 3, 17])
[2023-10-21 18:30:03,466][root][INFO] - action mean shape is torch.Size([1, 2, 6])
[2023-10-21 18:30:03,467][root][INFO] - torch.Size([1, 2, 17])
[2023-10-21 18:30:03,529][root][INFO] - action mean shape is torch.Size([1, 2, 6])
[2023-10-21 18:30:03,530][root][INFO] - torch.Size([1, 2, 17])
[2023-10-21 18:30:03,531][root][INFO] - action mean shape is torch.Size([1, 2, 6])
[2023-10-21 18:30:03,532][root][INFO] - torch.Size([1, 2, 17])
[2023-10-21 18:30:03,533][root][INFO] - action mean shape is torch.Size([1, 3, 6])
[2023-10-21 18:30:03,534][root][INFO] - torch.Size([1, 3, 17])
[2023-10-21 18:30:03,541][root][INFO] - action mean shape is torch.Size([1, 2, 6])
[2023-10-21 18:30:03,604][root][INFO] - torch.Size([1, 2, 17])
[2023-10-21 18:30:03,606][root][INFO] - action mean shape is torch.Size([1, 2, 6])
[2023-10-21 18:30:03,607][root][INFO] - torch.Size([1, 2, 17])
[2023-10-21 18:30:03,608][root][INFO] - action mean shape is torch.Size([1, 1, 6])
[2023-10-21 18:30:03,609][root][INFO] - torch.Size([1, 1, 17])
[2023-10-21 18:30:03,610][root][INFO] - action mean shape is torch.Size([1, 3, 6])
[2023-10-21 18:30:03,660][root][INFO] - torch.Size([1, 3, 17])
[2023-10-21 18:30:03,662][root][INFO] - action mean shape is torch.Size([1, 1, 6])
[2023-10-21 18:30:03,662][root][INFO] - torch.Size([1, 1, 17])
[2023-10-21 18:30:03,664][root][INFO] - action mean shape is torch.Size([1, 3, 6])
[2023-10-21 18:30:03,665][root][INFO] - torch.Size([1, 3, 17])
[2023-10-21 18:30:03,666][root][INFO] - action mean shape is torch.Size([1, 1, 6])
[2023-10-21 18:30:03,712][root][INFO] - torch.Size([1, 1, 17])
[2023-10-21 18:30:03,714][root][INFO] - action mean shape is torch.Size([1, 3, 6])
[2023-10-21 18:30:03,714][root][INFO] - torch.Size([1, 3, 17])
[2023-10-21 18:30:03,716][root][INFO] - action mean shape is torch.Size([1, 1, 6])
[2023-10-21 18:30:03,717][root][INFO] - torch.Size([1, 1, 17])
[2023-10-21 18:30:03,718][root][INFO] - action mean shape is torch.Size([1, 3, 6])
[2023-10-21 18:30:03,796][root][INFO] - torch.Size([1, 3, 17])
[2023-10-21 18:30:03,799][root][INFO] - action mean shape is torch.Size([1, 2, 6])
[2023-10-21 18:30:03,799][root][INFO] - torch.Size([1, 2, 17])
[2023-10-21 18:30:03,801][root][INFO] - action mean shape is torch.Size([1, 3, 6])
[2023-10-21 18:30:03,802][root][INFO] - torch.Size([1, 3, 17])
[2023-10-21 18:30:03,803][root][INFO] - action mean shape is torch.Size([1, 1, 6])
[2023-10-21 18:30:03,876][root][INFO] - torch.Size([1, 1, 17])
[2023-10-21 18:30:03,878][root][INFO] - action mean shape is torch.Size([1, 3, 6])
[2023-10-21 18:30:03,879][root][INFO] - torch.Size([1, 3, 17])
[2023-10-21 18:30:03,881][root][INFO] - action mean shape is torch.Size([1, 3, 6])
[2023-10-21 18:30:03,881][root][INFO] - torch.Size([1, 3, 17])
[2023-10-21 18:30:03,883][root][INFO] - action mean shape is torch.Size([1, 3, 6])
[2023-10-21 18:30:03,940][root][INFO] - torch.Size([1, 3, 17])
[2023-10-21 18:30:03,942][root][INFO] - action mean shape is torch.Size([1, 2, 6])
[2023-10-21 18:30:03,943][root][INFO] - torch.Size([1, 2, 17])
[2023-10-21 18:30:03,945][root][INFO] - action mean shape is torch.Size([1, 3, 6])
[2023-10-21 18:30:03,946][root][INFO] - torch.Size([1, 3, 17])
[2023-10-21 18:30:03,957][root][INFO] - action mean shape is torch.Size([1, 3, 6])
[2023-10-21 18:30:04,036][root][INFO] - torch.Size([1, 3, 17])
[2023-10-21 18:30:04,039][root][INFO] - action mean shape is torch.Size([1, 2, 6])
[2023-10-21 18:30:04,040][root][INFO] - torch.Size([1, 2, 17])
[2023-10-21 18:30:04,041][root][INFO] - action mean shape is torch.Size([1, 3, 6])
[2023-10-21 18:30:04,042][root][INFO] - torch.Size([1, 3, 17])
[2023-10-21 18:30:04,097][root][INFO] - action mean shape is torch.Size([1, 3, 6])
[2023-10-21 18:30:04,098][root][INFO] - torch.Size([1, 3, 17])
[2023-10-21 18:30:04,099][root][INFO] - action mean shape is torch.Size([1, 3, 6])
[2023-10-21 18:30:04,100][root][INFO] - torch.Size([1, 3, 17])
[2023-10-21 18:30:04,103][root][INFO] - action mean shape is torch.Size([1, 3, 6])
[2023-10-21 18:30:04,104][root][INFO] - torch.Size([1, 3, 17])
[2023-10-21 18:30:04,158][root][INFO] - action mean shape is torch.Size([1, 3, 6])
[2023-10-21 18:30:04,158][root][INFO] - torch.Size([1, 3, 17])
[2023-10-21 18:30:04,201][root][INFO] - action mean shape is torch.Size([1, 3, 6])
[2023-10-21 18:30:04,202][root][INFO] - torch.Size([1, 3, 17])
[2023-10-21 18:30:04,204][root][INFO] - action mean shape is torch.Size([1, 3, 6])
[2023-10-21 18:30:04,205][root][INFO] - torch.Size([1, 3, 17])
[2023-10-21 18:30:04,206][root][INFO] - action mean shape is torch.Size([1, 2, 6])
[2023-10-21 18:30:04,207][root][INFO] - torch.Size([1, 2, 17])
[2023-10-21 18:30:04,209][root][INFO] - action mean shape is torch.Size([1, 3, 6])
[2023-10-21 18:30:04,259][root][INFO] - torch.Size([1, 3, 17])
[2023-10-21 18:30:04,261][root][INFO] - action mean shape is torch.Size([1, 3, 6])
[2023-10-21 18:30:04,262][root][INFO] - torch.Size([1, 3, 17])
[2023-10-21 18:30:04,264][root][INFO] - action mean shape is torch.Size([1, 3, 6])
[2023-10-21 18:30:04,265][root][INFO] - torch.Size([1, 3, 17])
[2023-10-21 18:30:04,360][root][INFO] - action mean shape is torch.Size([1, 3, 6])
[2023-10-21 18:30:04,361][root][INFO] - torch.Size([1, 3, 17])
[2023-10-21 18:30:04,363][root][INFO] - action mean shape is torch.Size([1, 3, 6])
[2023-10-21 18:30:04,364][root][INFO] - torch.Size([1, 3, 17])
[2023-10-21 18:30:04,366][root][INFO] - action mean shape is torch.Size([1, 3, 6])
[2023-10-21 18:30:04,367][root][INFO] - torch.Size([1, 3, 17])
[2023-10-21 18:30:04,369][root][INFO] - action mean shape is torch.Size([1, 3, 6])
[2023-10-21 18:30:04,437][root][INFO] - torch.Size([1, 3, 17])
[2023-10-21 18:30:04,439][root][INFO] - action mean shape is torch.Size([1, 3, 6])
[2023-10-21 18:30:04,440][root][INFO] - torch.Size([1, 3, 17])
[2023-10-21 18:30:04,443][root][INFO] - action mean shape is torch.Size([1, 3, 6])
[2023-10-21 18:30:04,443][root][INFO] - torch.Size([1, 3, 17])
[2023-10-21 18:30:04,522][root][INFO] - action mean shape is torch.Size([1, 3, 6])
[2023-10-21 18:30:04,523][root][INFO] - torch.Size([1, 3, 17])
[2023-10-21 18:30:04,525][root][INFO] - action mean shape is torch.Size([1, 3, 6])
[2023-10-21 18:30:04,526][root][INFO] - torch.Size([1, 3, 17])
[2023-10-21 18:30:04,528][root][INFO] - action mean shape is torch.Size([1, 3, 6])
[2023-10-21 18:30:04,584][root][INFO] - torch.Size([1, 3, 17])
[2023-10-21 18:30:04,587][root][INFO] - action mean shape is torch.Size([1, 3, 6])
[2023-10-21 18:30:04,587][root][INFO] - torch.Size([1, 3, 17])
[2023-10-21 18:30:04,590][root][INFO] - action mean shape is torch.Size([1, 3, 6])
[2023-10-21 18:30:04,590][root][INFO] - torch.Size([1, 3, 17])
[2023-10-21 18:30:04,592][root][INFO] - action mean shape is torch.Size([1, 3, 6])
[2023-10-21 18:30:04,644][root][INFO] - torch.Size([1, 3, 17])
[2023-10-21 18:30:04,647][root][INFO] - action mean shape is torch.Size([1, 3, 6])
[2023-10-21 18:30:04,648][root][INFO] - torch.Size([1, 3, 17])
[2023-10-21 18:30:04,650][root][INFO] - action mean shape is torch.Size([1, 3, 6])
[2023-10-21 18:30:04,651][root][INFO] - torch.Size([1, 3, 17])
[2023-10-21 18:30:04,661][root][INFO] - action mean shape is torch.Size([1, 3, 6])
[2023-10-21 18:30:04,724][root][INFO] - torch.Size([1, 3, 17])
[2023-10-21 18:30:04,727][root][INFO] - action mean shape is torch.Size([1, 3, 6])
[2023-10-21 18:30:04,727][root][INFO] - torch.Size([1, 3, 17])
[2023-10-21 18:30:04,730][root][INFO] - action mean shape is torch.Size([1, 3, 6])
[2023-10-21 18:30:04,731][root][INFO] - torch.Size([1, 3, 17])
[2023-10-21 18:30:04,733][root][INFO] - action mean shape is torch.Size([1, 3, 6])
[2023-10-21 18:30:04,796][root][INFO] - torch.Size([1, 3, 17])
[2023-10-21 18:30:04,799][root][INFO] - action mean shape is torch.Size([1, 3, 6])
[2023-10-21 18:30:04,799][root][INFO] - torch.Size([1, 3, 17])
[2023-10-21 18:30:04,802][root][INFO] - action mean shape is torch.Size([1, 3, 6])
[2023-10-21 18:30:04,803][root][INFO] - torch.Size([1, 3, 17])
[2023-10-21 18:30:04,809][root][INFO] - action mean shape is torch.Size([1, 3, 6])
[2023-10-21 18:30:04,884][root][INFO] - torch.Size([1, 3, 17])
[2023-10-21 18:30:04,887][root][INFO] - action mean shape is torch.Size([1, 3, 6])
[2023-10-21 18:30:04,889][root][INFO] - torch.Size([1, 3, 17])
[2023-10-21 18:30:04,891][root][INFO] - action mean shape is torch.Size([1, 3, 6])
[2023-10-21 18:30:04,892][root][INFO] - torch.Size([1, 3, 17])
[2023-10-21 18:30:04,909][root][INFO] - action mean shape is torch.Size([1, 3, 6])
[2023-10-21 18:30:04,964][root][INFO] - Step 0 @ 0.0 SPS. Inference batcher size: 0. Learner queue size: 4. Other stats: (train_seconds = 10.0)
[2023-10-21 18:30:04,984][root][INFO] - torch.Size([1, 3, 17])
[2023-10-21 18:30:04,987][root][INFO] - action mean shape is torch.Size([1, 3, 6])
[2023-10-21 18:30:04,988][root][INFO] - torch.Size([1, 3, 17])
[2023-10-21 18:30:04,990][root][INFO] - action mean shape is torch.Size([1, 3, 6])
[2023-10-21 18:30:04,991][root][INFO] - torch.Size([1, 3, 17])
[2023-10-21 18:30:04,993][root][INFO] - action mean shape is torch.Size([1, 3, 6])
[2023-10-21 18:30:05,072][root][INFO] - torch.Size([1, 3, 17])
[2023-10-21 18:30:05,075][root][INFO] - action mean shape is torch.Size([1, 3, 6])
[2023-10-21 18:30:05,076][root][INFO] - torch.Size([1, 3, 17])
[2023-10-21 18:30:05,078][root][INFO] - action mean shape is torch.Size([1, 3, 6])
[2023-10-21 18:30:05,079][root][INFO] - torch.Size([1, 3, 17])
[2023-10-21 18:30:05,085][root][INFO] - action mean shape is torch.Size([1, 4, 6])
[2023-10-21 18:30:05,086][root][INFO] - torch.Size([1, 4, 17])
[2023-10-21 18:30:05,134][root][INFO] - action mean shape is torch.Size([1, 4, 6])
[2023-10-21 18:30:05,135][root][INFO] - torch.Size([1, 4, 17])
[2023-10-21 18:30:05,138][root][INFO] - action mean shape is torch.Size([1, 3, 6])
[2023-10-21 18:30:05,138][root][INFO] - torch.Size([1, 3, 17])
[2023-10-21 18:30:05,140][root][INFO] - action mean shape is torch.Size([1, 4, 6])
[2023-10-21 18:30:05,216][root][INFO] - torch.Size([1, 4, 17])
[2023-10-21 18:30:05,219][root][INFO] - action mean shape is torch.Size([1, 3, 6])
[2023-10-21 18:30:05,220][root][INFO] - torch.Size([1, 3, 17])
[2023-10-21 18:30:05,222][root][INFO] - action mean shape is torch.Size([1, 4, 6])
[2023-10-21 18:30:05,222][root][INFO] - torch.Size([1, 4, 17])
[2023-10-21 18:30:05,225][root][INFO] - action mean shape is torch.Size([1, 4, 6])
[2023-10-21 18:30:05,300][root][INFO] - torch.Size([1, 4, 17])
[2023-10-21 18:30:05,304][root][INFO] - action mean shape is torch.Size([1, 4, 6])
[2023-10-21 18:30:05,305][root][INFO] - torch.Size([1, 4, 17])
[2023-10-21 18:30:05,307][root][INFO] - action mean shape is torch.Size([1, 4, 6])
[2023-10-21 18:30:05,376][root][INFO] - torch.Size([1, 4, 17])
[2023-10-21 18:30:05,380][root][INFO] - action mean shape is torch.Size([1, 3, 6])
[2023-10-21 18:30:05,380][root][INFO] - torch.Size([1, 3, 17])
[2023-10-21 18:30:05,382][root][INFO] - action mean shape is torch.Size([1, 4, 6])
[2023-10-21 18:30:05,383][root][INFO] - torch.Size([1, 4, 17])
[2023-10-21 18:30:05,434][root][INFO] - action mean shape is torch.Size([1, 3, 6])
[2023-10-21 18:30:05,435][root][INFO] - torch.Size([1, 3, 17])
[2023-10-21 18:30:05,437][root][INFO] - action mean shape is torch.Size([1, 3, 6])
[2023-10-21 18:30:05,437][root][INFO] - torch.Size([1, 3, 17])
[2023-10-21 18:30:05,439][root][INFO] - action mean shape is torch.Size([1, 4, 6])
[2023-10-21 18:30:05,484][root][INFO] - torch.Size([1, 4, 17])
[2023-10-21 18:30:05,516][root][INFO] - action mean shape is torch.Size([1, 3, 6])
[2023-10-21 18:30:05,517][root][INFO] - torch.Size([1, 3, 17])
[2023-10-21 18:30:05,519][root][INFO] - action mean shape is torch.Size([1, 4, 6])
[2023-10-21 18:30:05,520][root][INFO] - torch.Size([1, 4, 17])
[2023-10-21 18:30:05,521][root][INFO] - action mean shape is torch.Size([1, 2, 6])
[2023-10-21 18:30:05,522][root][INFO] - torch.Size([1, 2, 17])
[2023-10-21 18:30:05,529][root][INFO] - action mean shape is torch.Size([1, 4, 6])
[2023-10-21 18:30:05,604][root][INFO] - torch.Size([1, 4, 17])
[2023-10-21 18:30:05,617][root][INFO] - action mean shape is torch.Size([1, 4, 6])
[2023-10-21 18:30:05,618][root][INFO] - torch.Size([1, 4, 17])
[2023-10-21 18:30:05,637][root][INFO] - action mean shape is torch.Size([1, 4, 6])
[2023-10-21 18:30:05,638][root][INFO] - torch.Size([1, 4, 17])
[2023-10-21 18:30:05,674][root][INFO] - action mean shape is torch.Size([1, 4, 6])
[2023-10-21 18:30:05,675][root][INFO] - torch.Size([1, 4, 17])
[2023-10-21 18:30:05,678][root][INFO] - action mean shape is torch.Size([1, 2, 6])
[2023-10-21 18:30:05,679][root][INFO] - torch.Size([1, 2, 17])
[2023-10-21 18:30:05,681][root][INFO] - action mean shape is torch.Size([1, 4, 6])
[2023-10-21 18:30:05,716][root][INFO] - torch.Size([1, 4, 17])
[2023-10-21 18:30:05,719][root][INFO] - action mean shape is torch.Size([1, 4, 6])
[2023-10-21 18:30:05,719][root][INFO] - torch.Size([1, 4, 17])
[2023-10-21 18:30:05,722][root][INFO] - action mean shape is torch.Size([1, 2, 6])
[2023-10-21 18:30:05,722][root][INFO] - torch.Size([1, 2, 17])
[2023-10-21 18:30:05,795][root][INFO] - action mean shape is torch.Size([1, 4, 6])
[2023-10-21 18:30:05,796][root][INFO] - torch.Size([1, 4, 17])
[2023-10-21 18:30:05,798][root][INFO] - action mean shape is torch.Size([1, 2, 6])
[2023-10-21 18:30:05,798][root][INFO] - torch.Size([1, 2, 17])
[2023-10-21 18:30:05,800][root][INFO] - action mean shape is torch.Size([1, 4, 6])
[2023-10-21 18:30:05,801][root][INFO] - torch.Size([1, 4, 17])
[2023-10-21 18:30:05,877][root][INFO] - action mean shape is torch.Size([1, 1, 6])
[2023-10-21 18:30:05,878][root][INFO] - torch.Size([1, 1, 17])
[2023-10-21 18:30:05,880][root][INFO] - action mean shape is torch.Size([1, 4, 6])
[2023-10-21 18:30:05,880][root][INFO] - torch.Size([1, 4, 17])
[2023-10-21 18:30:05,882][root][INFO] - action mean shape is torch.Size([1, 2, 6])
[2023-10-21 18:30:05,882][root][INFO] - torch.Size([1, 2, 17])
[2023-10-21 18:30:05,954][root][INFO] - action mean shape is torch.Size([1, 3, 6])
[2023-10-21 18:30:05,955][root][INFO] - torch.Size([1, 3, 17])
[2023-10-21 18:30:05,956][root][INFO] - action mean shape is torch.Size([1, 2, 6])
[2023-10-21 18:30:05,956][root][INFO] - torch.Size([1, 2, 17])
[2023-10-21 18:30:05,957][root][INFO] - action mean shape is torch.Size([1, 4, 6])
[2023-10-21 18:30:05,958][root][INFO] - torch.Size([1, 4, 17])
[2023-10-21 18:30:05,977][root][INFO] - action mean shape is torch.Size([1, 4, 6])
[2023-10-21 18:30:05,978][root][INFO] - torch.Size([1, 4, 17])
[2023-10-21 18:30:05,981][root][INFO] - action mean shape is torch.Size([1, 4, 6])
[2023-10-21 18:30:05,982][root][INFO] - torch.Size([1, 4, 17])
[2023-10-21 18:30:05,984][root][INFO] - action mean shape is torch.Size([1, 2, 6])
[2023-10-21 18:30:05,984][root][INFO] - torch.Size([1, 2, 17])
[2023-10-21 18:30:06,006][root][INFO] - action mean shape is torch.Size([1, 4, 6])
[2023-10-21 18:30:06,008][root][INFO] - torch.Size([1, 4, 17])
[2023-10-21 18:30:06,010][root][INFO] - action mean shape is torch.Size([1, 4, 6])
[2023-10-21 18:30:06,011][root][INFO] - torch.Size([1, 4, 17])
[2023-10-21 18:30:06,017][root][INFO] - action mean shape is torch.Size([1, 2, 6])
[2023-10-21 18:30:06,050][root][INFO] - torch.Size([1, 2, 17])
[2023-10-21 18:30:06,058][root][INFO] - action mean shape is torch.Size([1, 4, 6])
[2023-10-21 18:30:06,059][root][INFO] - torch.Size([1, 4, 17])
[2023-10-21 18:30:06,062][root][INFO] - action mean shape is torch.Size([1, 4, 6])
[2023-10-21 18:30:06,062][root][INFO] - torch.Size([1, 4, 17])
[2023-10-21 18:30:06,064][root][INFO] - action mean shape is torch.Size([1, 2, 6])
[2023-10-21 18:30:06,069][root][INFO] - torch.Size([1, 2, 17])
[2023-10-21 18:30:06,106][root][INFO] - action mean shape is torch.Size([1, 4, 6])
[2023-10-21 18:30:06,107][root][INFO] - torch.Size([1, 4, 17])
[2023-10-21 18:30:06,110][root][INFO] - action mean shape is torch.Size([1, 4, 6])
[2023-10-21 18:30:06,111][root][INFO] - torch.Size([1, 4, 17])
[2023-10-21 18:30:06,124][root][INFO] - action mean shape is torch.Size([1, 4, 6])
[2023-10-21 18:30:06,129][root][INFO] - torch.Size([1, 4, 17])
[2023-10-21 18:30:06,132][root][INFO] - action mean shape is torch.Size([1, 4, 6])
[2023-10-21 18:30:06,140][root][INFO] - torch.Size([1, 4, 17])
[2023-10-21 18:30:06,142][root][INFO] - action mean shape is torch.Size([1, 3, 6])
[2023-10-21 18:30:06,143][root][INFO] - torch.Size([1, 3, 17])
[2023-10-21 18:30:06,145][root][INFO] - action mean shape is torch.Size([1, 3, 6])
[2023-10-21 18:30:06,146][root][INFO] - torch.Size([1, 3, 17])
[2023-10-21 18:30:06,147][root][INFO] - action mean shape is torch.Size([1, 3, 6])
[2023-10-21 18:30:06,148][root][INFO] - torch.Size([1, 3, 17])
[2023-10-21 18:30:06,150][root][INFO] - action mean shape is torch.Size([1, 3, 6])
[2023-10-21 18:30:06,150][root][INFO] - torch.Size([1, 3, 17])
[2023-10-21 18:30:06,153][root][INFO] - action mean shape is torch.Size([1, 4, 6])
[2023-10-21 18:30:06,154][root][INFO] - torch.Size([1, 4, 17])
[2023-10-21 18:30:06,156][root][INFO] - action mean shape is torch.Size([1, 4, 6])
[2023-10-21 18:30:06,157][root][INFO] - torch.Size([1, 4, 17])
[2023-10-21 18:30:06,159][root][INFO] - action mean shape is torch.Size([1, 3, 6])
[2023-10-21 18:30:06,172][root][INFO] - torch.Size([1, 3, 17])
[2023-10-21 18:30:06,174][root][INFO] - action mean shape is torch.Size([1, 1, 6])
[2023-10-21 18:30:06,174][root][INFO] - torch.Size([1, 1, 17])
[2023-10-21 18:30:06,175][root][INFO] - action mean shape is torch.Size([1, 1, 6])
[2023-10-21 18:30:06,176][root][INFO] - torch.Size([1, 1, 17])
[2023-10-21 18:30:06,176][root][INFO] - action mean shape is torch.Size([1, 3, 6])
[2023-10-21 18:30:06,177][root][INFO] - torch.Size([1, 3, 17])
[2023-10-21 18:30:06,178][root][INFO] - action mean shape is torch.Size([1, 1, 6])
[2023-10-21 18:30:06,217][root][INFO] - torch.Size([1, 1, 17])
[2023-10-21 18:30:06,219][root][INFO] - action mean shape is torch.Size([1, 3, 6])
[2023-10-21 18:30:06,219][root][INFO] - torch.Size([1, 3, 17])
[2023-10-21 18:30:06,220][root][INFO] - action mean shape is torch.Size([1, 1, 6])
[2023-10-21 18:30:06,221][root][INFO] - torch.Size([1, 1, 17])
[2023-10-21 18:30:06,221][root][INFO] - action mean shape is torch.Size([1, 3, 6])
[2023-10-21 18:30:06,252][root][INFO] - torch.Size([1, 3, 17])
[2023-10-21 18:30:06,256][root][INFO] - action mean shape is torch.Size([1, 4, 6])
[2023-10-21 18:30:06,257][root][INFO] - torch.Size([1, 4, 17])
[2023-10-21 18:30:06,259][root][INFO] - action mean shape is torch.Size([1, 4, 6])
[2023-10-21 18:30:06,259][root][INFO] - torch.Size([1, 4, 17])
[2023-10-21 18:30:06,261][root][INFO] - action mean shape is torch.Size([1, 2, 6])
[2023-10-21 18:30:06,306][root][INFO] - torch.Size([1, 2, 17])
[2023-10-21 18:30:06,311][root][INFO] - action mean shape is torch.Size([1, 4, 6])
[2023-10-21 18:30:06,314][root][INFO] - torch.Size([1, 4, 17])
[2023-10-21 18:30:06,324][root][INFO] - action mean shape is torch.Size([1, 4, 6])
[2023-10-21 18:30:06,327][root][INFO] - torch.Size([1, 4, 17])
[2023-10-21 18:30:06,330][root][INFO] - action mean shape is torch.Size([1, 2, 6])
[2023-10-21 18:30:06,332][root][INFO] - torch.Size([1, 2, 17])
[2023-10-21 18:30:06,334][root][INFO] - action mean shape is torch.Size([1, 4, 6])
[2023-10-21 18:30:06,352][root][INFO] - torch.Size([1, 4, 17])
[2023-10-21 18:30:06,363][root][INFO] - action mean shape is torch.Size([1, 2, 6])
[2023-10-21 18:30:06,363][root][INFO] - torch.Size([1, 2, 17])
[2023-10-21 18:30:06,365][root][INFO] - action mean shape is torch.Size([1, 3, 6])
[2023-10-21 18:30:06,365][root][INFO] - torch.Size([1, 3, 17])
[2023-10-21 18:30:06,370][root][INFO] - action mean shape is torch.Size([1, 4, 6])
[2023-10-21 18:30:06,370][root][INFO] - torch.Size([1, 4, 17])
[2023-10-21 18:30:06,381][root][INFO] - action mean shape is torch.Size([1, 4, 6])
[2023-10-21 18:30:06,388][root][INFO] - torch.Size([1, 4, 17])
[2023-10-21 18:30:06,393][root][INFO] - action mean shape is torch.Size([1, 4, 6])
[2023-10-21 18:30:06,395][root][INFO] - torch.Size([1, 4, 17])
[2023-10-21 18:30:06,418][root][INFO] - action mean shape is torch.Size([1, 4, 6])
[2023-10-21 18:30:06,428][root][INFO] - torch.Size([1, 4, 17])
[2023-10-21 18:30:06,431][root][INFO] - action mean shape is torch.Size([1, 5, 6])
[2023-10-21 18:30:06,432][root][INFO] - torch.Size([1, 5, 17])
[2023-10-21 18:30:06,437][root][INFO] - action mean shape is torch.Size([1, 5, 6])
[2023-10-21 18:30:06,438][root][INFO] - torch.Size([1, 5, 17])
[2023-10-21 18:30:06,444][root][INFO] - action mean shape is torch.Size([1, 5, 6])
[2023-10-21 18:30:06,450][root][INFO] - torch.Size([1, 5, 17])
[2023-10-21 18:30:06,460][root][INFO] - action mean shape is torch.Size([1, 4, 6])
[2023-10-21 18:30:06,469][root][INFO] - torch.Size([1, 4, 17])
[2023-10-21 18:30:06,472][root][INFO] - action mean shape is torch.Size([1, 5, 6])
[2023-10-21 18:30:06,474][root][INFO] - torch.Size([1, 5, 17])
[2023-10-21 18:30:06,495][root][INFO] - action mean shape is torch.Size([1, 5, 6])
[2023-10-21 18:30:06,496][root][INFO] - torch.Size([1, 5, 17])
[2023-10-21 18:30:06,501][root][INFO] - action mean shape is torch.Size([1, 4, 6])
[2023-10-21 18:30:06,501][root][INFO] - torch.Size([1, 4, 17])
[2023-10-21 18:30:06,505][root][INFO] - action mean shape is torch.Size([1, 5, 6])
[2023-10-21 18:30:06,513][root][INFO] - torch.Size([1, 5, 17])
[2023-10-21 18:30:06,519][root][INFO] - action mean shape is torch.Size([1, 4, 6])
[2023-10-21 18:30:06,519][root][INFO] - torch.Size([1, 4, 17])
[2023-10-21 18:30:06,526][root][INFO] - action mean shape is torch.Size([1, 5, 6])
[2023-10-21 18:30:06,533][root][INFO] - torch.Size([1, 5, 17])
[2023-10-21 18:30:06,551][root][INFO] - action mean shape is torch.Size([1, 5, 6])
[2023-10-21 18:30:06,551][root][INFO] - torch.Size([1, 5, 17])
[2023-10-21 18:30:06,566][root][INFO] - action mean shape is torch.Size([1, 4, 6])
[2023-10-21 18:30:06,570][root][INFO] - torch.Size([1, 4, 17])
[2023-10-21 18:30:06,577][root][INFO] - action mean shape is torch.Size([1, 5, 6])
[2023-10-21 18:30:06,580][root][INFO] - torch.Size([1, 5, 17])
[2023-10-21 18:30:06,594][root][INFO] - action mean shape is torch.Size([1, 5, 6])
[2023-10-21 18:30:06,595][root][INFO] - torch.Size([1, 5, 17])
[2023-10-21 18:30:06,608][root][INFO] - action mean shape is torch.Size([1, 4, 6])
[2023-10-21 18:30:06,609][root][INFO] - torch.Size([1, 4, 17])
[2023-10-21 18:30:06,611][root][INFO] - action mean shape is torch.Size([1, 4, 6])
[2023-10-21 18:30:06,611][root][INFO] - torch.Size([1, 4, 17])
[2023-10-21 18:30:06,614][root][INFO] - action mean shape is torch.Size([1, 5, 6])
[2023-10-21 18:30:06,615][root][INFO] - torch.Size([1, 5, 17])
