[2023-10-22 11:36:36,764][root][INFO] - name: null
wandb: false
project: skillhack
entity: your_entity_name
group: default
state_dict_path: none
foc_options_path: none
foc_options_config_path: none
teacher_path: none
teacher_config_path: none
ks_max_lambda: 10
ks_max_time: 20000000.0
ks_min_lambda_prop: 0.1
train_with_all_skills: false
penalty_per_step: 0.01
hks_max_uniform_weight: 1000
hks_min_uniform_prop: 0.05
hks_max_uniform_time: 20000000.0
tasks_json: tasks
mock: false
single_ttyrec: true
num_seeds: 0
write_profiler_trace: false
relative_reward: false
fn_penalty_step: constant
penalty_time: 0.0
penalty_step: -0.001
reward_lose: 0
reward_win: 1
character: null
save_tty: false
mode: train
env: HalfCheetahv4
obs_keys: glyphs,chars,colors,specials,blstats,message
num_actors: 256
total_steps: 10000000.0
batch_size: 32
unroll_length: 80
num_learner_threads: 1
num_inference_threads: 1
disable_cuda: false
learner_device: cuda:0
actor_device: cuda:0
max_learner_queue_size: null
model: HalfCheetah
use_lstm: false
hidden_dim: 256
embedding_dim: 64
glyph_type: all_cat
equalize_input_dim: false
equalize_factor: 2
layers: 5
crop_model: cnn
crop_dim: 9
use_index_select: true
entropy_cost: 0.001
baseline_cost: 0.5
discounting: 0.999
reward_clipping: none
normalize_reward: true
learning_rate: 0.0002
grad_norm_clipping: 40
alpha: 0.99
momentum: 0
epsilon: 1.0e-06
state_counter: none
no_extrinsic: false
int:
  twoheaded: true
  input: full
  intrinsic_weight: 0.1
  discounting: 0.99
  baseline_cost: 0.5
  episodic: true
  reward_clipping: none
  normalize_reward: true
ride:
  count_norm: true
  forward_cost: 1
  inverse_cost: 0.1
  hidden_dim: 128
rnd:
  forward_cost: 0.01
msg:
  model: none
  hidden_dim: 64
  embedding_dim: 32

[2023-10-22 11:36:36,780][root][INFO] - Symlinked log directory: /opt/project/latest
[2023-10-22 11:36:36,781][root][INFO] - Creating archive directory: /opt/project/outputs/2023-10-22/11-36-36/archives
[2023-10-22 11:36:36,785][root][INFO] - Logging results to /opt/project/outputs/2023-10-22/11-36-36
[2023-10-22 11:36:36,823][palaas/out][INFO] - Found log directory: /opt/project/outputs/2023-10-22/11-36-36
[2023-10-22 11:36:36,824][palaas/out][INFO] - Saving arguments to /opt/project/outputs/2023-10-22/11-36-36/meta.json
[2023-10-22 11:36:36,824][palaas/out][INFO] - Saving messages to /opt/project/outputs/2023-10-22/11-36-36/out.log
[2023-10-22 11:36:36,824][palaas/out][INFO] - Saving logs data to /opt/project/outputs/2023-10-22/11-36-36/logs.csv
[2023-10-22 11:36:36,824][palaas/out][INFO] - Saving logs' fields to /opt/project/outputs/2023-10-22/11-36-36/fields.csv
[2023-10-22 11:36:36,825][root][INFO] - Not using CUDA.
[2023-10-22 11:36:36,831][root][INFO] - Using model HalfCheetah
[2023-10-22 11:36:37,310][root][INFO] - Number of model parameters: 11085
[2023-10-22 11:36:37,315][root][INFO] - ()
[2023-10-22 11:36:37,316][root][INFO] - After actor pool
[2023-10-22 11:36:37,580][root][INFO] - <All keys matched successfully>
[2023-10-22 11:36:37,581][root][INFO] - The model states is ()
[2023-10-22 11:36:42,584][root][INFO] - Step 0 @ 0.0 SPS. Inference batcher size: 0. Learner queue size: 0. Other stats: (train_seconds = 5.0)
[2023-10-22 11:36:47,588][root][INFO] - Step 0 @ 0.0 SPS. Inference batcher size: 1. Learner queue size: 6. Other stats: (train_seconds = 10.0)
[2023-10-22 11:36:50,250][root][INFO] - tensor([[[-2.9336e-02,  1.3023e-03, -4.6038e-02,  ...,  4.3423e-02,
          -1.2472e-01, -1.4030e-01],
         [ 2.1756e-01,  5.6344e-01, -5.2453e-01,  ..., -2.7243e+00,
           2.4249e+01,  1.2291e+01],
         [-3.2425e-02,  1.2123e+00,  4.0752e-03,  ...,  4.2718e+00,
          -4.6762e+00,  8.1246e+00],
         ...,
         [-5.2373e-01,  3.2471e+00, -4.6145e-01,  ..., -1.3495e+01,
           3.6181e+00,  4.2959e+00],
         [-5.1459e-01,  3.4670e+00, -2.0847e-01,  ..., -1.6004e+01,
          -1.5336e+00, -3.9101e+00],
         [-1.8008e-01,  5.9928e-01, -1.6674e-01,  ..., -1.1172e+01,
           1.6898e+01,  6.0804e+00]],

        [[-1.8219e-02,  3.4343e-02,  4.0857e-02,  ...,  3.5735e+00,
           4.8991e+00,  4.9275e+00],
         [ 1.4749e-01,  4.6958e-01,  1.0405e-01,  ...,  1.1388e+00,
          -9.2057e-01,  8.5004e+00],
         [-6.9892e-02,  1.1867e+00,  2.5387e-01,  ...,  6.8960e+00,
           5.8498e+00, -5.1658e+00],
         ...,
         [-5.7219e-01,  3.3001e+00, -7.2982e-02,  ...,  5.5485e+00,
          -9.3807e+00, -1.4550e+01],
         [-5.1648e-01,  3.2534e+00, -3.7774e-01,  ...,  4.1237e-01,
           7.9542e+00,  8.7323e+00],
         [-1.4042e-01,  6.7778e-01, -1.4767e-01,  ...,  1.0059e+00,
          -9.2421e+00,  7.2088e+00]],

        [[-5.1218e-02,  5.4782e-02, -8.9722e-02,  ...,  6.9402e+00,
          -2.0537e+00, -8.4788e-01],
         [ 6.9938e-02,  4.1196e-01,  8.2606e-01,  ..., -3.1601e+00,
          -6.0834e+00, -1.1579e+01],
         [-8.9766e-02,  1.0566e+00,  4.5023e-01,  ..., -2.8992e+00,
           5.9015e+00,  5.5115e+00],
         ...,
         [-5.6443e-01,  3.2858e+00, -2.3541e-01,  ...,  5.3617e+00,
           2.6307e+00,  7.7219e-01],
         [-4.9391e-01,  3.2337e+00, -2.6295e-01,  ..., -6.3459e+00,
           7.3943e+00, -7.1952e+00],
         [-1.3266e-01,  7.9799e-01, -4.6929e-01,  ...,  7.6803e+00,
          -1.1258e+01, -9.6404e+00]],

        ...,

        [[ 2.4450e-01,  4.4341e-01,  1.2451e-01,  ...,  6.3655e+00,
          -1.1729e+01, -1.4579e+01],
         [-7.0072e-03,  1.2927e+00, -4.7053e-01,  ..., -3.2022e+00,
          -1.9858e-01,  2.5485e+00],
         [-2.4128e-01,  2.7605e-01,  2.6657e-03,  ...,  1.6972e+01,
          -5.2901e+00, -3.9737e+00],
         ...,
         [-5.0597e-01,  3.4188e+00,  3.1605e-01,  ...,  5.6657e+00,
          -8.8236e+00, -7.0920e+00],
         [-5.6393e-01,  3.2990e+00, -5.7751e-02,  ..., -1.3973e+01,
           2.5013e+00, -2.8051e+00],
         [-1.2496e-01,  7.2146e-01,  1.1202e-01,  ...,  3.1359e+00,
          -1.2599e+00, -3.9967e+00]],

        [[ 2.5718e-01,  6.1159e-01, -5.0698e-01,  ...,  9.4373e+00,
          -1.3680e+00,  1.5363e+00],
         [-1.9787e-02,  1.2494e+00, -8.9717e-02,  ...,  1.8366e-01,
           1.0232e+01, -2.4469e+00],
         [-2.5331e-01,  1.6011e-01,  3.0849e-01,  ..., -1.3455e+00,
           8.5529e+00, -5.1608e+00],
         ...,
         [-5.1400e-01,  3.4249e+00,  3.6679e-01,  ..., -1.6350e+01,
           1.2011e+01, -1.9193e+00],
         [-5.4554e-01,  3.2999e+00, -5.4861e-01,  ..., -1.2897e+01,
           1.3137e+01,  2.7108e+00],
         [-1.2425e-01,  6.7588e-01,  7.7561e-02,  ..., -3.6444e+00,
           5.6532e+00,  3.4431e+00]],

        [[ 2.1756e-01,  5.6344e-01, -5.2453e-01,  ..., -2.7243e+00,
           2.4249e+01,  1.2291e+01],
         [-3.2425e-02,  1.2123e+00,  4.0752e-03,  ...,  4.2718e+00,
          -4.6762e+00,  8.1246e+00],
         [-2.4100e-01, -3.0147e-02,  4.9874e-02,  ..., -5.8168e+00,
           8.6324e+00,  7.3339e-01],
         ...,
         [-4.9898e-01,  3.4560e+00, -6.2309e-02,  ..., -2.4124e+00,
          -5.3575e+00,  1.1582e+01],
         [-5.1682e-01,  3.3303e+00, -5.3929e-01,  ...,  3.3088e-01,
          -8.7857e+00, -1.1571e+00],
         [-8.9581e-02,  6.5402e-01, -2.1103e-01,  ..., -5.3787e+00,
           4.0997e+00,  6.2898e+00]]])
[2023-10-22 11:36:50,441][root][INFO] - torch.Size([0, 32, 6])
[2023-10-22 11:36:50,441][root][INFO] - torch.Size([80, 32, 6])
[2023-10-22 11:36:52,593][root][INFO] - Step 0 @ 0.0 SPS. Inference batcher size: 0. Learner queue size: 32. Other stats: (train_seconds = 15.0)
[2023-10-22 11:36:57,600][root][INFO] - Step 0 @ 0.0 SPS. Inference batcher size: 1. Learner queue size: 32. Other stats: (train_seconds = 20.0)
[2023-10-22 11:37:02,604][root][INFO] - Step 0 @ 0.0 SPS. Inference batcher size: 0. Learner queue size: 32. Other stats: (train_seconds = 25.0)
[2023-10-22 11:37:07,608][root][INFO] - Step 0 @ 0.0 SPS. Inference batcher size: 0. Learner queue size: 32. Other stats: (train_seconds = 30.0)
[2023-10-22 11:37:12,612][root][INFO] - Step 0 @ 0.0 SPS. Inference batcher size: 0. Learner queue size: 32. Other stats: (train_seconds = 35.0)
[2023-10-22 11:37:17,616][root][INFO] - Step 0 @ 0.0 SPS. Inference batcher size: 0. Learner queue size: 32. Other stats: (train_seconds = 40.0)
[2023-10-22 11:37:22,621][root][INFO] - Step 0 @ 0.0 SPS. Inference batcher size: 0. Learner queue size: 32. Other stats: (train_seconds = 45.0)
[2023-10-22 11:37:27,624][root][INFO] - Step 0 @ 0.0 SPS. Inference batcher size: 0. Learner queue size: 32. Other stats: (train_seconds = 50.0)
[2023-10-22 11:37:32,628][root][INFO] - Step 0 @ 0.0 SPS. Inference batcher size: 0. Learner queue size: 32. Other stats: (train_seconds = 55.0)
[2023-10-22 11:37:37,632][root][INFO] - Step 0 @ 0.0 SPS. Inference batcher size: 0. Learner queue size: 32. Other stats: (train_seconds = 60.1)
