[2023-10-22 11:40:19,009][root][INFO] - name: null
wandb: false
project: skillhack
entity: your_entity_name
group: default
state_dict_path: none
foc_options_path: none
foc_options_config_path: none
teacher_path: none
teacher_config_path: none
ks_max_lambda: 10
ks_max_time: 20000000.0
ks_min_lambda_prop: 0.1
train_with_all_skills: false
penalty_per_step: 0.01
hks_max_uniform_weight: 1000
hks_min_uniform_prop: 0.05
hks_max_uniform_time: 20000000.0
tasks_json: tasks
mock: false
single_ttyrec: true
num_seeds: 0
write_profiler_trace: false
relative_reward: false
fn_penalty_step: constant
penalty_time: 0.0
penalty_step: -0.001
reward_lose: 0
reward_win: 1
character: null
save_tty: false
mode: train
env: HalfCheetahv4
obs_keys: glyphs,chars,colors,specials,blstats,message
num_actors: 256
total_steps: 10000000.0
batch_size: 32
unroll_length: 80
num_learner_threads: 1
num_inference_threads: 1
disable_cuda: false
learner_device: cuda:0
actor_device: cuda:0
max_learner_queue_size: null
model: HalfCheetah
use_lstm: false
hidden_dim: 256
embedding_dim: 64
glyph_type: all_cat
equalize_input_dim: false
equalize_factor: 2
layers: 5
crop_model: cnn
crop_dim: 9
use_index_select: true
entropy_cost: 0.001
baseline_cost: 0.5
discounting: 0.999
reward_clipping: none
normalize_reward: true
learning_rate: 0.0002
grad_norm_clipping: 40
alpha: 0.99
momentum: 0
epsilon: 1.0e-06
state_counter: none
no_extrinsic: false
int:
  twoheaded: true
  input: full
  intrinsic_weight: 0.1
  discounting: 0.99
  baseline_cost: 0.5
  episodic: true
  reward_clipping: none
  normalize_reward: true
ride:
  count_norm: true
  forward_cost: 1
  inverse_cost: 0.1
  hidden_dim: 128
rnd:
  forward_cost: 0.01
msg:
  model: none
  hidden_dim: 64
  embedding_dim: 32

[2023-10-22 11:40:19,042][root][INFO] - Symlinked log directory: /opt/project/latest
[2023-10-22 11:40:19,046][root][INFO] - Creating archive directory: /opt/project/outputs/2023-10-22/11-40-18/archives
[2023-10-22 11:40:19,050][root][INFO] - Logging results to /opt/project/outputs/2023-10-22/11-40-18
[2023-10-22 11:40:19,144][palaas/out][INFO] - Found log directory: /opt/project/outputs/2023-10-22/11-40-18
[2023-10-22 11:40:19,145][palaas/out][INFO] - Saving arguments to /opt/project/outputs/2023-10-22/11-40-18/meta.json
[2023-10-22 11:40:19,146][palaas/out][INFO] - Saving messages to /opt/project/outputs/2023-10-22/11-40-18/out.log
[2023-10-22 11:40:19,146][palaas/out][INFO] - Saving logs data to /opt/project/outputs/2023-10-22/11-40-18/logs.csv
[2023-10-22 11:40:19,146][palaas/out][INFO] - Saving logs' fields to /opt/project/outputs/2023-10-22/11-40-18/fields.csv
[2023-10-22 11:40:19,147][root][INFO] - Not using CUDA.
[2023-10-22 11:40:19,157][root][INFO] - Using model HalfCheetah
[2023-10-22 11:40:19,724][root][INFO] - Number of model parameters: 11085
[2023-10-22 11:40:19,729][root][INFO] - ()
[2023-10-22 11:40:19,730][root][INFO] - After actor pool
[2023-10-22 11:40:19,992][root][INFO] - <All keys matched successfully>
[2023-10-22 11:40:19,993][root][INFO] - The model states is ()
[2023-10-22 11:40:24,996][root][INFO] - Step 0 @ 0.0 SPS. Inference batcher size: 0. Learner queue size: 0. Other stats: (train_seconds = 5.0)
[2023-10-22 11:40:30,000][root][INFO] - Step 0 @ 0.0 SPS. Inference batcher size: 2. Learner queue size: 2. Other stats: (train_seconds = 10.0)
[2023-10-22 11:40:32,357][root][INFO] - tensor([[[-5.7027e-02,  9.4851e-02,  6.3554e-02,  ...,  1.1398e-01,
          -5.1801e-03, -1.8079e-01],
         [-1.7276e-01, -3.1133e-02,  8.5746e-02,  ..., -1.0065e+01,
          -3.5141e-01, -4.2355e+00],
         [ 5.3911e-02,  1.1053e+00, -2.3462e-01,  ..., -3.7785e-04,
           8.9600e-01,  3.8624e+00],
         ...,
         [-1.4851e-01, -2.4442e-02,  7.0502e-01,  ..., -3.9686e+00,
           3.7040e+00,  3.1395e+00],
         [ 1.5982e-01, -1.2806e-01, -1.7244e-02,  ..., -1.4534e+01,
          -6.8302e+00,  9.7008e-01],
         [-2.1934e-02,  9.5462e-02,  4.8708e-02,  ...,  3.1874e-02,
          -1.2478e-01, -8.3743e-02]],

        [[-5.5796e-02,  5.2174e-02,  8.3305e-02,  ..., -7.4784e+00,
           6.5589e-01,  6.6699e+00],
         [-2.1458e-01,  6.8046e-02, -9.6893e-02,  ..., -5.6763e+00,
           1.7516e+00,  5.1567e+00],
         [ 1.4338e-02,  1.0510e+00,  5.3599e-01,  ...,  7.5105e+00,
          -1.0447e+01, -2.3782e+00],
         ...,
         [-7.8154e-02,  2.5365e-02,  4.3504e-01,  ..., -5.0355e+00,
          -1.9161e+00,  8.2576e+00],
         [ 1.3433e-01, -1.7055e-01, -2.0203e-01,  ..., -1.5153e+00,
           9.8675e+00, -1.1803e+00],
         [-4.6845e-02,  7.9807e-02,  3.1021e-02,  ...,  6.7997e+00,
          -6.4615e+00,  4.9599e+00]],

        [[-7.4865e-02,  3.9401e-02,  2.9545e-01,  ...,  7.1603e+00,
          -9.8653e+00, -1.1341e+00],
         [-2.4649e-01,  1.8844e-01, -3.0996e-01,  ...,  2.5933e+00,
           7.1817e-01,  2.4440e+00],
         [ 3.2464e-02,  1.1090e+00,  3.8823e-01,  ..., -2.7002e+00,
          -6.9383e-01, -6.7417e+00],
         ...,
         [-1.9929e-02,  1.3821e-01,  3.1004e-01,  ...,  1.9334e+00,
          -1.4360e+01, -3.0012e-01],
         [ 1.1782e-01, -2.3698e-01,  4.1282e-02,  ...,  2.9807e+00,
           4.7204e+00,  1.5591e+01],
         [-9.2211e-02,  4.7684e-02, -2.6113e-01,  ..., -1.8479e-01,
           1.0361e+01,  2.0110e+00]],

        ...,

        [[-5.5473e-02,  6.1890e-02,  4.4792e-01,  ...,  1.7719e+00,
          -6.7313e+00,  4.5308e+00],
         [-3.0110e-02,  1.2524e+00, -8.0464e-02,  ...,  6.3119e+00,
          -1.6647e+01,  5.9835e+00],
         [-5.1652e-01,  3.2943e+00,  4.1301e-01,  ...,  3.4340e+00,
          -4.0681e+00,  1.3609e+00],
         ...,
         [-2.6761e-01, -4.9690e-02, -1.9407e-01,  ..., -7.2276e-01,
          -1.3667e+01,  8.6329e+00],
         [-1.8584e-01, -1.9609e-02, -4.0817e-02,  ...,  8.2964e+00,
           3.7939e+00,  4.7240e-01],
         [ 6.4081e-02,  2.1140e+00, -3.8723e-02,  ..., -7.1604e+00,
          -8.7185e-01, -5.2108e+00]],

        [[-1.0954e-01, -1.9581e-02,  3.9222e-01,  ...,  1.8496e+00,
          -7.0540e+00, -3.7582e+00],
         [ 3.5955e-02,  1.1990e+00, -3.0618e-01,  ..., -2.4953e+00,
           5.8655e+00, -4.3829e+00],
         [-5.1781e-01,  3.4253e+00,  1.4416e-01,  ...,  5.7521e+00,
          -9.8170e+00,  1.0702e+01],
         ...,
         [-2.4773e-01,  4.6744e-02,  1.0469e-01,  ..., -1.1224e+01,
           7.1613e+00, -4.7222e+00],
         [-1.2777e-01,  5.9085e-03,  1.7079e-01,  ..., -9.5852e-01,
          -4.5521e+00,  1.8149e+00],
         [ 6.4906e-02,  2.1970e+00,  5.3602e-01,  ..., -1.2903e+01,
           7.0065e+00, -7.9078e-01]],

        [[-1.7276e-01, -3.1133e-02,  8.5746e-02,  ..., -1.0065e+01,
          -3.5141e-01, -4.2355e+00],
         [ 5.3911e-02,  1.1053e+00, -2.3462e-01,  ..., -3.7785e-04,
           8.9600e-01,  3.8624e+00],
         [-5.1366e-01,  3.3519e+00, -9.9799e-02,  ..., -1.7562e+01,
           4.5488e+00,  8.8018e+00],
         ...,
         [-2.0603e-01,  1.2365e-01,  1.9356e-01,  ...,  8.2672e+00,
          -1.0068e+01,  2.1442e-01],
         [-8.4046e-02,  4.5234e-02,  1.8506e-01,  ...,  1.1636e+00,
           4.4528e+00,  6.1585e+00],
         [ 8.4071e-02,  2.2929e+00,  2.0992e-01,  ...,  5.1463e+00,
          -1.1699e+01,  4.0287e+00]]])
[2023-10-22 11:40:32,378][root][INFO] - torch.Size([0, 32, 6])
[2023-10-22 11:40:32,378][root][INFO] - torch.Size([80, 32, 6])
[2023-10-22 11:40:35,007][root][INFO] - Step 0 @ 0.0 SPS. Inference batcher size: 0. Learner queue size: 32. Other stats: (train_seconds = 15.0)
