[2023-10-21 17:39:48,712][root][INFO] - name: null
wandb: false
project: skillhack
entity: your_entity_name
group: default
state_dict_path: none
foc_options_path: none
foc_options_config_path: none
teacher_path: none
teacher_config_path: none
ks_max_lambda: 10
ks_max_time: 20000000.0
ks_min_lambda_prop: 0.1
train_with_all_skills: false
penalty_per_step: 0.01
hks_max_uniform_weight: 1000
hks_min_uniform_prop: 0.05
hks_max_uniform_time: 20000000.0
tasks_json: tasks
mock: false
single_ttyrec: true
num_seeds: 0
write_profiler_trace: false
relative_reward: false
fn_penalty_step: constant
penalty_time: 0.0
penalty_step: -0.001
reward_lose: 0
reward_win: 1
character: null
save_tty: false
mode: train
env: HalfCheetahv4
obs_keys: glyphs,chars,colors,specials,blstats,message
num_actors: 256
total_steps: 10000000.0
batch_size: 32
unroll_length: 80
num_learner_threads: 1
num_inference_threads: 1
disable_cuda: false
learner_device: cuda:0
actor_device: cuda:0
max_learner_queue_size: null
model: HalfCheetah
use_lstm: false
hidden_dim: 256
embedding_dim: 64
glyph_type: all_cat
equalize_input_dim: false
equalize_factor: 2
layers: 5
crop_model: cnn
crop_dim: 9
use_index_select: true
entropy_cost: 0.001
baseline_cost: 0.5
discounting: 0.999
reward_clipping: none
normalize_reward: true
learning_rate: 0.0002
grad_norm_clipping: 40
alpha: 0.99
momentum: 0
epsilon: 1.0e-06
state_counter: none
no_extrinsic: false
int:
  twoheaded: true
  input: full
  intrinsic_weight: 0.1
  discounting: 0.99
  baseline_cost: 0.5
  episodic: true
  reward_clipping: none
  normalize_reward: true
ride:
  count_norm: true
  forward_cost: 1
  inverse_cost: 0.1
  hidden_dim: 128
rnd:
  forward_cost: 0.01
msg:
  model: none
  hidden_dim: 64
  embedding_dim: 32

[2023-10-21 17:39:48,728][root][INFO] - Symlinked log directory: /opt/project/latest
[2023-10-21 17:39:48,729][root][INFO] - Creating archive directory: /opt/project/outputs/2023-10-21/17-39-48/archives
[2023-10-21 17:39:48,733][root][INFO] - Logging results to /opt/project/outputs/2023-10-21/17-39-48
[2023-10-21 17:39:48,769][palaas/out][INFO] - Found log directory: /opt/project/outputs/2023-10-21/17-39-48
[2023-10-21 17:39:48,770][palaas/out][INFO] - Saving arguments to /opt/project/outputs/2023-10-21/17-39-48/meta.json
[2023-10-21 17:39:48,770][palaas/out][INFO] - Saving messages to /opt/project/outputs/2023-10-21/17-39-48/out.log
[2023-10-21 17:39:48,770][palaas/out][INFO] - Saving logs data to /opt/project/outputs/2023-10-21/17-39-48/logs.csv
[2023-10-21 17:39:48,770][palaas/out][INFO] - Saving logs' fields to /opt/project/outputs/2023-10-21/17-39-48/fields.csv
[2023-10-21 17:39:48,771][root][INFO] - Not using CUDA.
[2023-10-21 17:39:48,777][root][INFO] - Using model HalfCheetah
[2023-10-21 17:39:49,244][root][INFO] - Number of model parameters: 11085
[2023-10-21 17:39:49,249][root][INFO] - ()
[2023-10-21 17:39:49,250][root][INFO] - After actor pool
[2023-10-21 17:39:49,508][root][INFO] - <All keys matched successfully>
[2023-10-21 17:39:49,509][root][INFO] - The model states is ()
[2023-10-21 17:39:54,115][root][INFO] - Baseline shape is torch.Size([1, 1])
[2023-10-21 17:39:54,115][root][INFO] - policy shape is torch.Size([1, 1, 6])
[2023-10-21 17:39:54,115][root][INFO] - Action shape is torch.Size([1, 1, 6])
[2023-10-21 17:39:54,116][root][INFO] - Baseline shape is torch.Size([1, 1])
[2023-10-21 17:39:54,117][root][INFO] - policy shape is torch.Size([1, 1, 6])
[2023-10-21 17:39:54,117][root][INFO] - Action shape is torch.Size([1, 1, 6])
[2023-10-21 17:39:54,133][root][INFO] - Baseline shape is torch.Size([1, 1])
[2023-10-21 17:39:54,133][root][INFO] - policy shape is torch.Size([1, 1, 6])
[2023-10-21 17:39:54,134][root][INFO] - Action shape is torch.Size([1, 1, 6])
[2023-10-21 17:39:54,135][root][INFO] - Baseline shape is torch.Size([1, 1])
[2023-10-21 17:39:54,135][root][INFO] - policy shape is torch.Size([1, 1, 6])
[2023-10-21 17:39:54,135][root][INFO] - Action shape is torch.Size([1, 1, 6])
[2023-10-21 17:39:54,136][root][INFO] - Baseline shape is torch.Size([1, 1])
[2023-10-21 17:39:54,137][root][INFO] - policy shape is torch.Size([1, 1, 6])
[2023-10-21 17:39:54,137][root][INFO] - Action shape is torch.Size([1, 1, 6])
[2023-10-21 17:39:54,138][root][INFO] - Baseline shape is torch.Size([1, 1])
[2023-10-21 17:39:54,138][root][INFO] - policy shape is torch.Size([1, 1, 6])
[2023-10-21 17:39:54,138][root][INFO] - Action shape is torch.Size([1, 1, 6])
[2023-10-21 17:39:54,140][root][INFO] - Baseline shape is torch.Size([1, 1])
[2023-10-21 17:39:54,140][root][INFO] - policy shape is torch.Size([1, 1, 6])
[2023-10-21 17:39:54,140][root][INFO] - Action shape is torch.Size([1, 1, 6])
[2023-10-21 17:39:54,141][root][INFO] - Baseline shape is torch.Size([1, 1])
[2023-10-21 17:39:54,142][root][INFO] - policy shape is torch.Size([1, 1, 6])
[2023-10-21 17:39:54,142][root][INFO] - Action shape is torch.Size([1, 1, 6])
[2023-10-21 17:39:54,143][root][INFO] - Baseline shape is torch.Size([1, 1])
[2023-10-21 17:39:54,143][root][INFO] - policy shape is torch.Size([1, 1, 6])
[2023-10-21 17:39:54,143][root][INFO] - Action shape is torch.Size([1, 1, 6])
[2023-10-21 17:39:54,144][root][INFO] - Baseline shape is torch.Size([1, 1])
[2023-10-21 17:39:54,145][root][INFO] - policy shape is torch.Size([1, 1, 6])
[2023-10-21 17:39:54,145][root][INFO] - Action shape is torch.Size([1, 1, 6])
[2023-10-21 17:39:54,146][root][INFO] - Baseline shape is torch.Size([1, 1])
[2023-10-21 17:39:54,146][root][INFO] - policy shape is torch.Size([1, 1, 6])
[2023-10-21 17:39:54,146][root][INFO] - Action shape is torch.Size([1, 1, 6])
[2023-10-21 17:39:54,147][root][INFO] - Baseline shape is torch.Size([1, 1])
[2023-10-21 17:39:54,148][root][INFO] - policy shape is torch.Size([1, 1, 6])
[2023-10-21 17:39:54,148][root][INFO] - Action shape is torch.Size([1, 1, 6])
[2023-10-21 17:39:54,149][root][INFO] - Baseline shape is torch.Size([1, 1])
[2023-10-21 17:39:54,149][root][INFO] - policy shape is torch.Size([1, 1, 6])
[2023-10-21 17:39:54,149][root][INFO] - Action shape is torch.Size([1, 1, 6])
[2023-10-21 17:39:54,150][root][INFO] - Baseline shape is torch.Size([1, 1])
[2023-10-21 17:39:54,151][root][INFO] - policy shape is torch.Size([1, 1, 6])
[2023-10-21 17:39:54,151][root][INFO] - Action shape is torch.Size([1, 1, 6])
[2023-10-21 17:39:54,152][root][INFO] - Baseline shape is torch.Size([1, 1])
[2023-10-21 17:39:54,152][root][INFO] - policy shape is torch.Size([1, 1, 6])
[2023-10-21 17:39:54,152][root][INFO] - Action shape is torch.Size([1, 1, 6])
[2023-10-21 17:39:54,153][root][INFO] - Baseline shape is torch.Size([1, 1])
[2023-10-21 17:39:54,153][root][INFO] - policy shape is torch.Size([1, 1, 6])
[2023-10-21 17:39:54,154][root][INFO] - Action shape is torch.Size([1, 1, 6])
[2023-10-21 17:39:54,155][root][INFO] - Baseline shape is torch.Size([1, 1])
[2023-10-21 17:39:54,155][root][INFO] - policy shape is torch.Size([1, 1, 6])
[2023-10-21 17:39:54,155][root][INFO] - Action shape is torch.Size([1, 1, 6])
[2023-10-21 17:39:54,156][root][INFO] - Baseline shape is torch.Size([1, 1])
[2023-10-21 17:39:54,156][root][INFO] - policy shape is torch.Size([1, 1, 6])
[2023-10-21 17:39:54,156][root][INFO] - Action shape is torch.Size([1, 1, 6])
[2023-10-21 17:39:54,158][root][INFO] - Baseline shape is torch.Size([1, 1])
[2023-10-21 17:39:54,158][root][INFO] - policy shape is torch.Size([1, 1, 6])
[2023-10-21 17:39:54,158][root][INFO] - Action shape is torch.Size([1, 1, 6])
[2023-10-21 17:39:54,159][root][INFO] - Baseline shape is torch.Size([1, 1])
[2023-10-21 17:39:54,159][root][INFO] - policy shape is torch.Size([1, 1, 6])
[2023-10-21 17:39:54,160][root][INFO] - Action shape is torch.Size([1, 1, 6])
[2023-10-21 17:39:54,161][root][INFO] - Baseline shape is torch.Size([1, 1])
[2023-10-21 17:39:54,161][root][INFO] - policy shape is torch.Size([1, 1, 6])
[2023-10-21 17:39:54,161][root][INFO] - Action shape is torch.Size([1, 1, 6])
[2023-10-21 17:39:54,162][root][INFO] - Baseline shape is torch.Size([1, 1])
[2023-10-21 17:39:54,162][root][INFO] - policy shape is torch.Size([1, 1, 6])
[2023-10-21 17:39:54,162][root][INFO] - Action shape is torch.Size([1, 1, 6])
[2023-10-21 17:39:54,164][root][INFO] - Baseline shape is torch.Size([1, 1])
[2023-10-21 17:39:54,164][root][INFO] - policy shape is torch.Size([1, 1, 6])
[2023-10-21 17:39:54,164][root][INFO] - Action shape is torch.Size([1, 1, 6])
[2023-10-21 17:39:54,165][root][INFO] - Baseline shape is torch.Size([1, 1])
[2023-10-21 17:39:54,178][root][INFO] - policy shape is torch.Size([1, 1, 6])
[2023-10-21 17:39:54,178][root][INFO] - Action shape is torch.Size([1, 1, 6])
[2023-10-21 17:39:54,180][root][INFO] - Baseline shape is torch.Size([1, 1])
[2023-10-21 17:39:54,180][root][INFO] - policy shape is torch.Size([1, 1, 6])
[2023-10-21 17:39:54,180][root][INFO] - Action shape is torch.Size([1, 1, 6])
[2023-10-21 17:39:54,182][root][INFO] - Baseline shape is torch.Size([1, 1])
[2023-10-21 17:39:54,182][root][INFO] - policy shape is torch.Size([1, 1, 6])
[2023-10-21 17:39:54,182][root][INFO] - Action shape is torch.Size([1, 1, 6])
[2023-10-21 17:39:54,184][root][INFO] - Baseline shape is torch.Size([1, 1])
[2023-10-21 17:39:54,184][root][INFO] - policy shape is torch.Size([1, 1, 6])
[2023-10-21 17:39:54,184][root][INFO] - Action shape is torch.Size([1, 1, 6])
[2023-10-21 17:39:54,185][root][INFO] - Baseline shape is torch.Size([1, 1])
[2023-10-21 17:39:54,185][root][INFO] - policy shape is torch.Size([1, 1, 6])
[2023-10-21 17:39:54,186][root][INFO] - Action shape is torch.Size([1, 1, 6])
[2023-10-21 17:39:54,187][root][INFO] - Baseline shape is torch.Size([1, 1])
[2023-10-21 17:39:54,187][root][INFO] - policy shape is torch.Size([1, 1, 6])
[2023-10-21 17:39:54,187][root][INFO] - Action shape is torch.Size([1, 1, 6])
[2023-10-21 17:39:54,188][root][INFO] - Baseline shape is torch.Size([1, 1])
[2023-10-21 17:39:54,188][root][INFO] - policy shape is torch.Size([1, 1, 6])
[2023-10-21 17:39:54,189][root][INFO] - Action shape is torch.Size([1, 1, 6])
[2023-10-21 17:39:54,190][root][INFO] - Baseline shape is torch.Size([1, 1])
[2023-10-21 17:39:54,190][root][INFO] - policy shape is torch.Size([1, 1, 6])
[2023-10-21 17:39:54,190][root][INFO] - Action shape is torch.Size([1, 1, 6])
[2023-10-21 17:39:54,193][root][INFO] - Baseline shape is torch.Size([1, 1])
[2023-10-21 17:39:54,193][root][INFO] - policy shape is torch.Size([1, 1, 6])
[2023-10-21 17:39:54,193][root][INFO] - Action shape is torch.Size([1, 1, 6])
[2023-10-21 17:39:54,195][root][INFO] - Baseline shape is torch.Size([1, 1])
[2023-10-21 17:39:54,195][root][INFO] - policy shape is torch.Size([1, 1, 6])
[2023-10-21 17:39:54,195][root][INFO] - Action shape is torch.Size([1, 1, 6])
[2023-10-21 17:39:54,197][root][INFO] - Baseline shape is torch.Size([1, 1])
[2023-10-21 17:39:54,197][root][INFO] - policy shape is torch.Size([1, 1, 6])
[2023-10-21 17:39:54,197][root][INFO] - Action shape is torch.Size([1, 1, 6])
[2023-10-21 17:39:54,203][root][INFO] - Baseline shape is torch.Size([1, 1])
[2023-10-21 17:39:54,204][root][INFO] - policy shape is torch.Size([1, 1, 6])
[2023-10-21 17:39:54,204][root][INFO] - Action shape is torch.Size([1, 1, 6])
[2023-10-21 17:39:54,205][root][INFO] - Baseline shape is torch.Size([1, 1])
[2023-10-21 17:39:54,206][root][INFO] - policy shape is torch.Size([1, 1, 6])
[2023-10-21 17:39:54,206][root][INFO] - Action shape is torch.Size([1, 1, 6])
[2023-10-21 17:39:54,208][root][INFO] - Baseline shape is torch.Size([1, 1])
[2023-10-21 17:39:54,208][root][INFO] - policy shape is torch.Size([1, 1, 6])
[2023-10-21 17:39:54,208][root][INFO] - Action shape is torch.Size([1, 1, 6])
[2023-10-21 17:39:54,210][root][INFO] - Baseline shape is torch.Size([1, 1])
[2023-10-21 17:39:54,210][root][INFO] - policy shape is torch.Size([1, 1, 6])
[2023-10-21 17:39:54,210][root][INFO] - Action shape is torch.Size([1, 1, 6])
[2023-10-21 17:39:54,212][root][INFO] - Baseline shape is torch.Size([1, 1])
[2023-10-21 17:39:54,212][root][INFO] - policy shape is torch.Size([1, 1, 6])
[2023-10-21 17:39:54,212][root][INFO] - Action shape is torch.Size([1, 1, 6])
[2023-10-21 17:39:54,213][root][INFO] - Baseline shape is torch.Size([1, 1])
[2023-10-21 17:39:54,214][root][INFO] - policy shape is torch.Size([1, 1, 6])
[2023-10-21 17:39:54,214][root][INFO] - Action shape is torch.Size([1, 1, 6])
[2023-10-21 17:39:54,215][root][INFO] - Baseline shape is torch.Size([1, 1])
[2023-10-21 17:39:54,215][root][INFO] - policy shape is torch.Size([1, 1, 6])
[2023-10-21 17:39:54,216][root][INFO] - Action shape is torch.Size([1, 1, 6])
[2023-10-21 17:39:54,217][root][INFO] - Baseline shape is torch.Size([1, 1])
[2023-10-21 17:39:54,217][root][INFO] - policy shape is torch.Size([1, 1, 6])
[2023-10-21 17:39:54,218][root][INFO] - Action shape is torch.Size([1, 1, 6])
[2023-10-21 17:39:54,219][root][INFO] - Baseline shape is torch.Size([1, 1])
[2023-10-21 17:39:54,219][root][INFO] - policy shape is torch.Size([1, 1, 6])
[2023-10-21 17:39:54,219][root][INFO] - Action shape is torch.Size([1, 1, 6])
[2023-10-21 17:39:54,221][root][INFO] - Baseline shape is torch.Size([1, 1])
[2023-10-21 17:39:54,221][root][INFO] - policy shape is torch.Size([1, 1, 6])
[2023-10-21 17:39:54,221][root][INFO] - Action shape is torch.Size([1, 1, 6])
[2023-10-21 17:39:54,222][root][INFO] - Baseline shape is torch.Size([1, 1])
[2023-10-21 17:39:54,222][root][INFO] - policy shape is torch.Size([1, 1, 6])
[2023-10-21 17:39:54,223][root][INFO] - Action shape is torch.Size([1, 1, 6])
[2023-10-21 17:39:54,224][root][INFO] - Baseline shape is torch.Size([1, 1])
[2023-10-21 17:39:54,224][root][INFO] - policy shape is torch.Size([1, 1, 6])
[2023-10-21 17:39:54,224][root][INFO] - Action shape is torch.Size([1, 1, 6])
[2023-10-21 17:39:54,226][root][INFO] - Baseline shape is torch.Size([1, 1])
[2023-10-21 17:39:54,226][root][INFO] - policy shape is torch.Size([1, 1, 6])
[2023-10-21 17:39:54,226][root][INFO] - Action shape is torch.Size([1, 1, 6])
[2023-10-21 17:39:54,227][root][INFO] - Baseline shape is torch.Size([1, 1])
[2023-10-21 17:39:54,228][root][INFO] - policy shape is torch.Size([1, 1, 6])
[2023-10-21 17:39:54,228][root][INFO] - Action shape is torch.Size([1, 1, 6])
[2023-10-21 17:39:54,229][root][INFO] - Baseline shape is torch.Size([1, 1])
[2023-10-21 17:39:54,229][root][INFO] - policy shape is torch.Size([1, 1, 6])
[2023-10-21 17:39:54,229][root][INFO] - Action shape is torch.Size([1, 1, 6])
[2023-10-21 17:39:54,230][root][INFO] - Baseline shape is torch.Size([1, 1])
[2023-10-21 17:39:54,231][root][INFO] - policy shape is torch.Size([1, 1, 6])
[2023-10-21 17:39:54,231][root][INFO] - Action shape is torch.Size([1, 1, 6])
[2023-10-21 17:39:54,232][root][INFO] - Baseline shape is torch.Size([1, 1])
[2023-10-21 17:39:54,232][root][INFO] - policy shape is torch.Size([1, 1, 6])
[2023-10-21 17:39:54,233][root][INFO] - Action shape is torch.Size([1, 1, 6])
[2023-10-21 17:39:54,234][root][INFO] - Baseline shape is torch.Size([1, 1])
[2023-10-21 17:39:54,234][root][INFO] - policy shape is torch.Size([1, 1, 6])
[2023-10-21 17:39:54,234][root][INFO] - Action shape is torch.Size([1, 1, 6])
[2023-10-21 17:39:54,235][root][INFO] - Baseline shape is torch.Size([1, 1])
[2023-10-21 17:39:54,236][root][INFO] - policy shape is torch.Size([1, 1, 6])
[2023-10-21 17:39:54,236][root][INFO] - Action shape is torch.Size([1, 1, 6])
[2023-10-21 17:39:54,237][root][INFO] - Baseline shape is torch.Size([1, 1])
[2023-10-21 17:39:54,237][root][INFO] - policy shape is torch.Size([1, 1, 6])
[2023-10-21 17:39:54,238][root][INFO] - Action shape is torch.Size([1, 1, 6])
[2023-10-21 17:39:54,239][root][INFO] - Baseline shape is torch.Size([1, 1])
[2023-10-21 17:39:54,239][root][INFO] - policy shape is torch.Size([1, 1, 6])
[2023-10-21 17:39:54,239][root][INFO] - Action shape is torch.Size([1, 1, 6])
[2023-10-21 17:39:54,249][root][INFO] - Baseline shape is torch.Size([1, 1])
[2023-10-21 17:39:54,249][root][INFO] - policy shape is torch.Size([1, 1, 6])
[2023-10-21 17:39:54,249][root][INFO] - Action shape is torch.Size([1, 1, 6])
[2023-10-21 17:39:54,251][root][INFO] - Baseline shape is torch.Size([1, 1])
[2023-10-21 17:39:54,251][root][INFO] - policy shape is torch.Size([1, 1, 6])
[2023-10-21 17:39:54,252][root][INFO] - Action shape is torch.Size([1, 1, 6])
[2023-10-21 17:39:54,253][root][INFO] - Baseline shape is torch.Size([1, 1])
[2023-10-21 17:39:54,253][root][INFO] - policy shape is torch.Size([1, 1, 6])
[2023-10-21 17:39:54,253][root][INFO] - Action shape is torch.Size([1, 1, 6])
[2023-10-21 17:39:54,254][root][INFO] - Baseline shape is torch.Size([1, 1])
[2023-10-21 17:39:54,255][root][INFO] - policy shape is torch.Size([1, 1, 6])
[2023-10-21 17:39:54,255][root][INFO] - Action shape is torch.Size([1, 1, 6])
[2023-10-21 17:39:54,256][root][INFO] - Baseline shape is torch.Size([1, 1])
[2023-10-21 17:39:54,256][root][INFO] - policy shape is torch.Size([1, 1, 6])
[2023-10-21 17:39:54,257][root][INFO] - Action shape is torch.Size([1, 1, 6])
[2023-10-21 17:39:54,258][root][INFO] - Baseline shape is torch.Size([1, 1])
[2023-10-21 17:39:54,258][root][INFO] - policy shape is torch.Size([1, 1, 6])
[2023-10-21 17:39:54,258][root][INFO] - Action shape is torch.Size([1, 1, 6])
[2023-10-21 17:39:54,259][root][INFO] - Baseline shape is torch.Size([1, 1])
[2023-10-21 17:39:54,260][root][INFO] - policy shape is torch.Size([1, 1, 6])
[2023-10-21 17:39:54,264][root][INFO] - Action shape is torch.Size([1, 1, 6])
[2023-10-21 17:39:54,266][root][INFO] - Baseline shape is torch.Size([1, 1])
[2023-10-21 17:39:54,266][root][INFO] - policy shape is torch.Size([1, 1, 6])
[2023-10-21 17:39:54,266][root][INFO] - Action shape is torch.Size([1, 1, 6])
[2023-10-21 17:39:54,268][root][INFO] - Baseline shape is torch.Size([1, 1])
[2023-10-21 17:39:54,272][root][INFO] - policy shape is torch.Size([1, 1, 6])
[2023-10-21 17:39:54,272][root][INFO] - Action shape is torch.Size([1, 1, 6])
[2023-10-21 17:39:54,274][root][INFO] - Baseline shape is torch.Size([1, 1])
[2023-10-21 17:39:54,274][root][INFO] - policy shape is torch.Size([1, 1, 6])
[2023-10-21 17:39:54,275][root][INFO] - Action shape is torch.Size([1, 1, 6])
[2023-10-21 17:39:54,276][root][INFO] - Baseline shape is torch.Size([1, 1])
[2023-10-21 17:39:54,280][root][INFO] - policy shape is torch.Size([1, 1, 6])
[2023-10-21 17:39:54,285][root][INFO] - Action shape is torch.Size([1, 1, 6])
[2023-10-21 17:39:54,287][root][INFO] - Baseline shape is torch.Size([1, 1])
[2023-10-21 17:39:54,288][root][INFO] - policy shape is torch.Size([1, 1, 6])
[2023-10-21 17:39:54,296][root][INFO] - Action shape is torch.Size([1, 1, 6])
[2023-10-21 17:39:54,301][root][INFO] - Baseline shape is torch.Size([1, 1])
[2023-10-21 17:39:54,302][root][INFO] - policy shape is torch.Size([1, 1, 6])
[2023-10-21 17:39:54,302][root][INFO] - Action shape is torch.Size([1, 1, 6])
[2023-10-21 17:39:54,309][root][INFO] - Baseline shape is torch.Size([1, 1])
[2023-10-21 17:39:54,312][root][INFO] - policy shape is torch.Size([1, 1, 6])
[2023-10-21 17:39:54,316][root][INFO] - Action shape is torch.Size([1, 1, 6])
[2023-10-21 17:39:54,321][root][INFO] - Baseline shape is torch.Size([1, 1])
[2023-10-21 17:39:54,324][root][INFO] - policy shape is torch.Size([1, 1, 6])
[2023-10-21 17:39:54,324][root][INFO] - Action shape is torch.Size([1, 1, 6])
[2023-10-21 17:39:54,326][root][INFO] - Baseline shape is torch.Size([1, 1])
[2023-10-21 17:39:54,332][root][INFO] - policy shape is torch.Size([1, 1, 6])
[2023-10-21 17:39:54,344][root][INFO] - Action shape is torch.Size([1, 1, 6])
[2023-10-21 17:39:54,349][root][INFO] - Baseline shape is torch.Size([1, 1])
[2023-10-21 17:39:54,350][root][INFO] - policy shape is torch.Size([1, 1, 6])
[2023-10-21 17:39:54,350][root][INFO] - Action shape is torch.Size([1, 1, 6])
[2023-10-21 17:39:54,352][root][INFO] - Baseline shape is torch.Size([1, 1])
[2023-10-21 17:39:54,352][root][INFO] - policy shape is torch.Size([1, 1, 6])
[2023-10-21 17:39:54,352][root][INFO] - Action shape is torch.Size([1, 1, 6])
[2023-10-21 17:39:54,354][root][INFO] - Baseline shape is torch.Size([1, 1])
[2023-10-21 17:39:54,360][root][INFO] - policy shape is torch.Size([1, 1, 6])
[2023-10-21 17:39:54,360][root][INFO] - Action shape is torch.Size([1, 1, 6])
[2023-10-21 17:39:54,362][root][INFO] - Baseline shape is torch.Size([1, 1])
[2023-10-21 17:39:54,362][root][INFO] - policy shape is torch.Size([1, 1, 6])
[2023-10-21 17:39:54,362][root][INFO] - Action shape is torch.Size([1, 1, 6])
[2023-10-21 17:39:54,364][root][INFO] - Baseline shape is torch.Size([1, 1])
[2023-10-21 17:39:54,364][root][INFO] - policy shape is torch.Size([1, 1, 6])
[2023-10-21 17:39:54,365][root][INFO] - Action shape is torch.Size([1, 1, 6])
[2023-10-21 17:39:54,366][root][INFO] - Baseline shape is torch.Size([1, 1])
[2023-10-21 17:39:54,368][root][INFO] - policy shape is torch.Size([1, 1, 6])
[2023-10-21 17:39:54,368][root][INFO] - Action shape is torch.Size([1, 1, 6])
[2023-10-21 17:39:54,370][root][INFO] - Baseline shape is torch.Size([1, 1])
[2023-10-21 17:39:54,404][root][INFO] - policy shape is torch.Size([1, 1, 6])
[2023-10-21 17:39:54,404][root][INFO] - Action shape is torch.Size([1, 1, 6])
[2023-10-21 17:39:54,406][root][INFO] - Baseline shape is torch.Size([1, 1])
[2023-10-21 17:39:54,412][root][INFO] - policy shape is torch.Size([1, 1, 6])
[2023-10-21 17:39:54,412][root][INFO] - Action shape is torch.Size([1, 1, 6])
[2023-10-21 17:39:54,414][root][INFO] - Baseline shape is torch.Size([1, 1])
[2023-10-21 17:39:54,414][root][INFO] - policy shape is torch.Size([1, 1, 6])
[2023-10-21 17:39:54,414][root][INFO] - Action shape is torch.Size([1, 1, 6])
[2023-10-21 17:39:54,416][root][INFO] - Baseline shape is torch.Size([1, 1])
[2023-10-21 17:39:54,416][root][INFO] - policy shape is torch.Size([1, 1, 6])
[2023-10-21 17:39:54,417][root][INFO] - Action shape is torch.Size([1, 1, 6])
[2023-10-21 17:39:54,419][root][INFO] - Baseline shape is torch.Size([1, 1])
[2023-10-21 17:39:54,420][root][INFO] - policy shape is torch.Size([1, 1, 6])
[2023-10-21 17:39:54,424][root][INFO] - Action shape is torch.Size([1, 1, 6])
[2023-10-21 17:39:54,429][root][INFO] - Baseline shape is torch.Size([1, 1])
[2023-10-21 17:39:54,440][root][INFO] - policy shape is torch.Size([1, 1, 6])
[2023-10-21 17:39:54,440][root][INFO] - Action shape is torch.Size([1, 1, 6])
[2023-10-21 17:39:54,442][root][INFO] - Baseline shape is torch.Size([1, 1])
[2023-10-21 17:39:54,451][root][INFO] - policy shape is torch.Size([1, 1, 6])
[2023-10-21 17:39:54,452][root][INFO] - Action shape is torch.Size([1, 1, 6])
[2023-10-21 17:39:54,454][root][INFO] - Baseline shape is torch.Size([1, 1])
[2023-10-21 17:39:54,454][root][INFO] - policy shape is torch.Size([1, 1, 6])
[2023-10-21 17:39:54,454][root][INFO] - Action shape is torch.Size([1, 1, 6])
[2023-10-21 17:39:54,455][root][INFO] - Baseline shape is torch.Size([1, 1])
[2023-10-21 17:39:54,456][root][INFO] - policy shape is torch.Size([1, 1, 6])
[2023-10-21 17:39:54,456][root][INFO] - Action shape is torch.Size([1, 1, 6])
[2023-10-21 17:39:54,457][root][INFO] - Baseline shape is torch.Size([1, 1])
[2023-10-21 17:39:54,457][root][INFO] - policy shape is torch.Size([1, 1, 6])
[2023-10-21 17:39:54,457][root][INFO] - Action shape is torch.Size([1, 1, 6])
[2023-10-21 17:39:54,459][root][INFO] - Baseline shape is torch.Size([1, 1])
[2023-10-21 17:39:54,480][root][INFO] - policy shape is torch.Size([1, 1, 6])
[2023-10-21 17:39:54,480][root][INFO] - Action shape is torch.Size([1, 1, 6])
[2023-10-21 17:39:54,482][root][INFO] - Baseline shape is torch.Size([1, 1])
[2023-10-21 17:39:54,482][root][INFO] - policy shape is torch.Size([1, 1, 6])
[2023-10-21 17:39:54,483][root][INFO] - Action shape is torch.Size([1, 1, 6])
[2023-10-21 17:39:54,484][root][INFO] - Baseline shape is torch.Size([1, 1])
[2023-10-21 17:39:54,484][root][INFO] - policy shape is torch.Size([1, 1, 6])
[2023-10-21 17:39:54,485][root][INFO] - Action shape is torch.Size([1, 1, 6])
[2023-10-21 17:39:54,486][root][INFO] - Baseline shape is torch.Size([1, 1])
[2023-10-21 17:39:54,512][root][INFO] - policy shape is torch.Size([1, 1, 6])
[2023-10-21 17:39:54,512][root][INFO] - Action shape is torch.Size([1, 1, 6])
[2023-10-21 17:39:54,512][root][INFO] - Step 0 @ 0.0 SPS. Inference batcher size: 0. Learner queue size: 1. Other stats: (train_seconds = 5.0)
[2023-10-21 17:39:54,529][root][INFO] - Baseline shape is torch.Size([1, 1])
[2023-10-21 17:39:54,530][root][INFO] - policy shape is torch.Size([1, 1, 6])
[2023-10-21 17:39:54,530][root][INFO] - Action shape is torch.Size([1, 1, 6])
[2023-10-21 17:39:54,532][root][INFO] - Baseline shape is torch.Size([1, 1])
[2023-10-21 17:39:54,533][root][INFO] - policy shape is torch.Size([1, 1, 6])
[2023-10-21 17:39:54,533][root][INFO] - Action shape is torch.Size([1, 1, 6])
[2023-10-21 17:39:54,534][root][INFO] - Baseline shape is torch.Size([1, 1])
[2023-10-21 17:39:54,535][root][INFO] - policy shape is torch.Size([1, 1, 6])
[2023-10-21 17:39:54,535][root][INFO] - Action shape is torch.Size([1, 1, 6])
[2023-10-21 17:39:54,536][root][INFO] - Baseline shape is torch.Size([1, 1])
[2023-10-21 17:39:54,560][root][INFO] - policy shape is torch.Size([1, 1, 6])
[2023-10-21 17:39:54,560][root][INFO] - Action shape is torch.Size([1, 1, 6])
[2023-10-21 17:39:54,562][root][INFO] - Baseline shape is torch.Size([1, 1])
[2023-10-21 17:39:54,562][root][INFO] - policy shape is torch.Size([1, 1, 6])
[2023-10-21 17:39:54,563][root][INFO] - Action shape is torch.Size([1, 1, 6])
[2023-10-21 17:39:54,564][root][INFO] - Baseline shape is torch.Size([1, 1])
[2023-10-21 17:39:54,565][root][INFO] - policy shape is torch.Size([1, 1, 6])
[2023-10-21 17:39:54,565][root][INFO] - Action shape is torch.Size([1, 1, 6])
[2023-10-21 17:39:54,567][root][INFO] - Baseline shape is torch.Size([1, 1])
[2023-10-21 17:39:54,600][root][INFO] - policy shape is torch.Size([1, 1, 6])
[2023-10-21 17:39:54,600][root][INFO] - Action shape is torch.Size([1, 1, 6])
[2023-10-21 17:39:54,602][root][INFO] - Baseline shape is torch.Size([1, 1])
[2023-10-21 17:39:54,602][root][INFO] - policy shape is torch.Size([1, 1, 6])
[2023-10-21 17:39:54,602][root][INFO] - Action shape is torch.Size([1, 1, 6])
[2023-10-21 17:39:54,632][root][INFO] - Baseline shape is torch.Size([1, 1])
[2023-10-21 17:39:54,633][root][INFO] - policy shape is torch.Size([1, 1, 6])
[2023-10-21 17:39:54,633][root][INFO] - Action shape is torch.Size([1, 1, 6])
[2023-10-21 17:39:54,635][root][INFO] - Baseline shape is torch.Size([1, 1])
[2023-10-21 17:39:54,636][root][INFO] - policy shape is torch.Size([1, 1, 6])
[2023-10-21 17:39:54,636][root][INFO] - Action shape is torch.Size([1, 1, 6])
[2023-10-21 17:39:54,638][root][INFO] - Baseline shape is torch.Size([1, 1])
[2023-10-21 17:39:54,638][root][INFO] - policy shape is torch.Size([1, 1, 6])
[2023-10-21 17:39:54,638][root][INFO] - Action shape is torch.Size([1, 1, 6])
[2023-10-21 17:39:54,656][root][INFO] - Baseline shape is torch.Size([1, 1])
[2023-10-21 17:39:54,657][root][INFO] - policy shape is torch.Size([1, 1, 6])
[2023-10-21 17:39:54,657][root][INFO] - Action shape is torch.Size([1, 1, 6])
[2023-10-21 17:39:54,659][root][INFO] - Baseline shape is torch.Size([1, 1])
[2023-10-21 17:39:54,659][root][INFO] - policy shape is torch.Size([1, 1, 6])
[2023-10-21 17:39:54,659][root][INFO] - Action shape is torch.Size([1, 1, 6])
[2023-10-21 17:39:54,660][root][INFO] - Baseline shape is torch.Size([1, 1])
[2023-10-21 17:39:54,660][root][INFO] - policy shape is torch.Size([1, 1, 6])
[2023-10-21 17:39:54,661][root][INFO] - Action shape is torch.Size([1, 1, 6])
[2023-10-21 17:39:54,662][root][INFO] - Baseline shape is torch.Size([1, 1])
[2023-10-21 17:39:54,662][root][INFO] - policy shape is torch.Size([1, 1, 6])
[2023-10-21 17:39:54,692][root][INFO] - Action shape is torch.Size([1, 1, 6])
[2023-10-21 17:39:54,694][root][INFO] - Baseline shape is torch.Size([1, 1])
[2023-10-21 17:39:54,694][root][INFO] - policy shape is torch.Size([1, 1, 6])
[2023-10-21 17:39:54,695][root][INFO] - Action shape is torch.Size([1, 1, 6])
[2023-10-21 17:39:54,696][root][INFO] - Baseline shape is torch.Size([1, 1])
[2023-10-21 17:39:54,697][root][INFO] - policy shape is torch.Size([1, 1, 6])
[2023-10-21 17:39:54,697][root][INFO] - Action shape is torch.Size([1, 1, 6])
[2023-10-21 17:39:54,698][root][INFO] - Baseline shape is torch.Size([1, 1])
[2023-10-21 17:39:54,698][root][INFO] - policy shape is torch.Size([1, 1, 6])
[2023-10-21 17:39:54,699][root][INFO] - Action shape is torch.Size([1, 1, 6])
[2023-10-21 17:39:54,732][root][INFO] - Baseline shape is torch.Size([1, 1])
[2023-10-21 17:39:54,733][root][INFO] - policy shape is torch.Size([1, 1, 6])
[2023-10-21 17:39:54,733][root][INFO] - Action shape is torch.Size([1, 1, 6])
[2023-10-21 17:39:54,735][root][INFO] - Baseline shape is torch.Size([1, 1])
[2023-10-21 17:39:54,735][root][INFO] - policy shape is torch.Size([1, 1, 6])
[2023-10-21 17:39:54,735][root][INFO] - Action shape is torch.Size([1, 1, 6])
[2023-10-21 17:39:54,753][root][INFO] - Baseline shape is torch.Size([1, 1])
[2023-10-21 17:39:54,753][root][INFO] - policy shape is torch.Size([1, 1, 6])
[2023-10-21 17:39:54,753][root][INFO] - Action shape is torch.Size([1, 1, 6])
[2023-10-21 17:39:54,755][root][INFO] - Baseline shape is torch.Size([1, 1])
[2023-10-21 17:39:54,755][root][INFO] - policy shape is torch.Size([1, 1, 6])
[2023-10-21 17:39:54,756][root][INFO] - Action shape is torch.Size([1, 1, 6])
[2023-10-21 17:39:54,757][root][INFO] - Baseline shape is torch.Size([1, 1])
[2023-10-21 17:39:54,757][root][INFO] - policy shape is torch.Size([1, 1, 6])
[2023-10-21 17:39:54,758][root][INFO] - Action shape is torch.Size([1, 1, 6])
[2023-10-21 17:39:54,793][root][INFO] - Baseline shape is torch.Size([1, 1])
[2023-10-21 17:39:54,794][root][INFO] - policy shape is torch.Size([1, 1, 6])
[2023-10-21 17:39:54,794][root][INFO] - Action shape is torch.Size([1, 1, 6])
[2023-10-21 17:39:54,795][root][INFO] - Baseline shape is torch.Size([1, 1])
[2023-10-21 17:39:54,796][root][INFO] - policy shape is torch.Size([1, 1, 6])
[2023-10-21 17:39:54,796][root][INFO] - Action shape is torch.Size([1, 1, 6])
[2023-10-21 17:39:54,797][root][INFO] - Baseline shape is torch.Size([1, 1])
[2023-10-21 17:39:54,798][root][INFO] - policy shape is torch.Size([1, 1, 6])
[2023-10-21 17:39:54,798][root][INFO] - Action shape is torch.Size([1, 1, 6])
[2023-10-21 17:39:54,799][root][INFO] - Baseline shape is torch.Size([1, 1])
[2023-10-21 17:39:54,847][root][INFO] - policy shape is torch.Size([1, 1, 6])
[2023-10-21 17:39:54,847][root][INFO] - Action shape is torch.Size([1, 1, 6])
[2023-10-21 17:39:54,849][root][INFO] - Baseline shape is torch.Size([1, 1])
[2023-10-21 17:39:54,849][root][INFO] - policy shape is torch.Size([1, 1, 6])
[2023-10-21 17:39:54,850][root][INFO] - Action shape is torch.Size([1, 1, 6])
[2023-10-21 17:39:54,851][root][INFO] - Baseline shape is torch.Size([1, 1])
[2023-10-21 17:39:54,851][root][INFO] - policy shape is torch.Size([1, 1, 6])
[2023-10-21 17:39:54,851][root][INFO] - Action shape is torch.Size([1, 1, 6])
[2023-10-21 17:39:54,865][root][INFO] - Baseline shape is torch.Size([1, 1])
[2023-10-21 17:39:54,866][root][INFO] - policy shape is torch.Size([1, 1, 6])
[2023-10-21 17:39:54,866][root][INFO] - Action shape is torch.Size([1, 1, 6])
[2023-10-21 17:39:54,893][root][INFO] - Baseline shape is torch.Size([1, 1])
[2023-10-21 17:39:54,894][root][INFO] - policy shape is torch.Size([1, 1, 6])
[2023-10-21 17:39:54,894][root][INFO] - Action shape is torch.Size([1, 1, 6])
[2023-10-21 17:39:54,896][root][INFO] - Baseline shape is torch.Size([1, 1])
[2023-10-21 17:39:54,897][root][INFO] - policy shape is torch.Size([1, 1, 6])
[2023-10-21 17:39:54,897][root][INFO] - Action shape is torch.Size([1, 1, 6])
[2023-10-21 17:39:54,899][root][INFO] - Baseline shape is torch.Size([1, 1])
[2023-10-21 17:39:54,964][root][INFO] - policy shape is torch.Size([1, 1, 6])
[2023-10-21 17:39:54,964][root][INFO] - Action shape is torch.Size([1, 1, 6])
[2023-10-21 17:39:54,966][root][INFO] - Baseline shape is torch.Size([1, 1])
[2023-10-21 17:39:54,966][root][INFO] - policy shape is torch.Size([1, 1, 6])
[2023-10-21 17:39:54,967][root][INFO] - Action shape is torch.Size([1, 1, 6])
[2023-10-21 17:39:54,968][root][INFO] - Baseline shape is torch.Size([1, 1])
[2023-10-21 17:39:54,969][root][INFO] - policy shape is torch.Size([1, 1, 6])
[2023-10-21 17:39:54,969][root][INFO] - Action shape is torch.Size([1, 1, 6])
[2023-10-21 17:39:54,970][root][INFO] - Baseline shape is torch.Size([1, 1])
[2023-10-21 17:39:54,970][root][INFO] - policy shape is torch.Size([1, 1, 6])
[2023-10-21 17:39:55,026][root][INFO] - Action shape is torch.Size([1, 1, 6])
[2023-10-21 17:39:55,028][root][INFO] - Baseline shape is torch.Size([1, 1])
[2023-10-21 17:39:55,028][root][INFO] - policy shape is torch.Size([1, 1, 6])
[2023-10-21 17:39:55,029][root][INFO] - Action shape is torch.Size([1, 1, 6])
[2023-10-21 17:39:55,030][root][INFO] - Baseline shape is torch.Size([1, 1])
[2023-10-21 17:39:55,030][root][INFO] - policy shape is torch.Size([1, 1, 6])
[2023-10-21 17:39:55,030][root][INFO] - Action shape is torch.Size([1, 1, 6])
[2023-10-21 17:39:55,032][root][INFO] - Baseline shape is torch.Size([1, 1])
[2023-10-21 17:39:55,032][root][INFO] - policy shape is torch.Size([1, 1, 6])
[2023-10-21 17:39:55,032][root][INFO] - Action shape is torch.Size([1, 1, 6])
[2023-10-21 17:39:55,109][root][INFO] - Baseline shape is torch.Size([1, 1])
[2023-10-21 17:39:55,110][root][INFO] - policy shape is torch.Size([1, 1, 6])
[2023-10-21 17:39:55,110][root][INFO] - Action shape is torch.Size([1, 1, 6])
[2023-10-21 17:39:55,111][root][INFO] - Baseline shape is torch.Size([1, 1])
[2023-10-21 17:39:55,112][root][INFO] - policy shape is torch.Size([1, 1, 6])
[2023-10-21 17:39:55,112][root][INFO] - Action shape is torch.Size([1, 1, 6])
[2023-10-21 17:39:55,113][root][INFO] - Baseline shape is torch.Size([1, 1])
[2023-10-21 17:39:55,114][root][INFO] - policy shape is torch.Size([1, 1, 6])
[2023-10-21 17:39:55,114][root][INFO] - Action shape is torch.Size([1, 1, 6])
[2023-10-21 17:39:55,115][root][INFO] - Baseline shape is torch.Size([1, 1])
[2023-10-21 17:39:55,199][root][INFO] - policy shape is torch.Size([1, 1, 6])
[2023-10-21 17:39:55,200][root][INFO] - Action shape is torch.Size([1, 1, 6])
[2023-10-21 17:39:55,202][root][INFO] - Baseline shape is torch.Size([1, 1])
[2023-10-21 17:39:55,202][root][INFO] - policy shape is torch.Size([1, 1, 6])
[2023-10-21 17:39:55,202][root][INFO] - Action shape is torch.Size([1, 1, 6])
[2023-10-21 17:39:55,203][root][INFO] - Baseline shape is torch.Size([1, 1])
[2023-10-21 17:39:55,204][root][INFO] - policy shape is torch.Size([1, 1, 6])
[2023-10-21 17:39:55,204][root][INFO] - Action shape is torch.Size([1, 1, 6])
[2023-10-21 17:39:55,205][root][INFO] - Baseline shape is torch.Size([1, 1])
[2023-10-21 17:39:55,205][root][INFO] - policy shape is torch.Size([1, 1, 6])
[2023-10-21 17:39:55,205][root][INFO] - Action shape is torch.Size([1, 1, 6])
[2023-10-21 17:39:55,207][root][INFO] - Baseline shape is torch.Size([1, 1])
[2023-10-21 17:39:55,296][root][INFO] - policy shape is torch.Size([1, 1, 6])
[2023-10-21 17:39:55,296][root][INFO] - Action shape is torch.Size([1, 1, 6])
[2023-10-21 17:39:55,298][root][INFO] - Baseline shape is torch.Size([1, 1])
[2023-10-21 17:39:55,298][root][INFO] - policy shape is torch.Size([1, 1, 6])
[2023-10-21 17:39:55,299][root][INFO] - Action shape is torch.Size([1, 1, 6])
[2023-10-21 17:39:55,300][root][INFO] - Baseline shape is torch.Size([1, 1])
[2023-10-21 17:39:55,300][root][INFO] - policy shape is torch.Size([1, 1, 6])
[2023-10-21 17:39:55,301][root][INFO] - Action shape is torch.Size([1, 1, 6])
[2023-10-21 17:39:55,302][root][INFO] - Baseline shape is torch.Size([1, 1])
[2023-10-21 17:39:55,302][root][INFO] - policy shape is torch.Size([1, 1, 6])
[2023-10-21 17:39:55,302][root][INFO] - Action shape is torch.Size([1, 1, 6])
[2023-10-21 17:39:55,304][root][INFO] - Baseline shape is torch.Size([1, 1])
[2023-10-21 17:39:55,304][root][INFO] - policy shape is torch.Size([1, 1, 6])
[2023-10-21 17:39:55,304][root][INFO] - Action shape is torch.Size([1, 1, 6])
[2023-10-21 17:39:55,306][root][INFO] - Baseline shape is torch.Size([1, 1])
[2023-10-21 17:39:55,392][root][INFO] - policy shape is torch.Size([1, 1, 6])
[2023-10-21 17:39:55,392][root][INFO] - Action shape is torch.Size([1, 1, 6])
