[2023-10-24 18:52:25,342][root][INFO] - name: null
wandb: false
project: skillhack
entity: your_entity_name
group: default
state_dict_path: none
foc_options_path: none
foc_options_config_path: none
teacher_path: none
teacher_config_path: none
ks_max_lambda: 10
ks_max_time: 20000000.0
ks_min_lambda_prop: 0.1
train_with_all_skills: false
penalty_per_step: 0.01
hks_max_uniform_weight: 1000
hks_min_uniform_prop: 0.05
hks_max_uniform_time: 20000000.0
tasks_json: tasks
mock: false
single_ttyrec: true
num_seeds: 0
write_profiler_trace: false
relative_reward: false
fn_penalty_step: constant
penalty_time: 0.0
penalty_step: -0.001
reward_lose: 0
reward_win: 1
character: null
save_tty: false
mode: train
env: HalfCheetahv4
obs_keys: glyphs,chars,colors,specials,blstats,message
num_actors: 256
total_steps: 10000000.0
batch_size: 32
unroll_length: 80
num_learner_threads: 1
num_inference_threads: 1
disable_cuda: false
learner_device: cuda:0
actor_device: cuda:0
max_learner_queue_size: null
model: HalfCheetah
use_lstm: false
hidden_dim: 256
embedding_dim: 64
glyph_type: all_cat
equalize_input_dim: false
equalize_factor: 2
layers: 5
crop_model: cnn
crop_dim: 9
use_index_select: true
entropy_cost: 0.001
baseline_cost: 0.5
discounting: 0.999
reward_clipping: none
normalize_reward: true
learning_rate: 0.0002
grad_norm_clipping: 40
alpha: 0.99
momentum: 0
epsilon: 1.0e-06
state_counter: none
no_extrinsic: false
int:
  twoheaded: true
  input: full
  intrinsic_weight: 0.1
  discounting: 0.99
  baseline_cost: 0.5
  episodic: true
  reward_clipping: none
  normalize_reward: true
ride:
  count_norm: true
  forward_cost: 1
  inverse_cost: 0.1
  hidden_dim: 128
rnd:
  forward_cost: 0.01
msg:
  model: none
  hidden_dim: 64
  embedding_dim: 32

[2023-10-24 18:52:25,358][root][INFO] - Symlinked log directory: /opt/project/latest
[2023-10-24 18:52:25,359][root][INFO] - Creating archive directory: /opt/project/outputs/2023-10-24/18-52-25/archives
[2023-10-24 18:52:25,363][root][INFO] - Logging results to /opt/project/outputs/2023-10-24/18-52-25
[2023-10-24 18:52:25,420][palaas/out][INFO] - Found log directory: /opt/project/outputs/2023-10-24/18-52-25
[2023-10-24 18:52:25,420][palaas/out][INFO] - Saving arguments to /opt/project/outputs/2023-10-24/18-52-25/meta.json
[2023-10-24 18:52:25,421][palaas/out][INFO] - Saving messages to /opt/project/outputs/2023-10-24/18-52-25/out.log
[2023-10-24 18:52:25,421][palaas/out][INFO] - Saving logs data to /opt/project/outputs/2023-10-24/18-52-25/logs.csv
[2023-10-24 18:52:25,421][palaas/out][INFO] - Saving logs' fields to /opt/project/outputs/2023-10-24/18-52-25/fields.csv
[2023-10-24 18:52:25,422][root][INFO] - Not using CUDA.
[2023-10-24 18:52:25,427][root][INFO] - Using model HalfCheetah
[2023-10-24 18:52:26,035][root][INFO] - Number of model parameters: 11085
[2023-10-24 18:52:26,042][root][INFO] - ()
[2023-10-24 18:52:26,042][root][INFO] - After actor pool
[2023-10-24 18:52:26,337][root][INFO] - <All keys matched successfully>
[2023-10-24 18:52:26,337][root][INFO] - The model states is ()
[2023-10-24 18:52:31,341][root][INFO] - Step 0 @ 0.0 SPS. Inference batcher size: 0. Learner queue size: 0. Other stats: (train_seconds = 5.0)
[2023-10-24 18:52:36,345][root][INFO] - Step 0 @ 0.0 SPS. Inference batcher size: 1. Learner queue size: 6. Other stats: (train_seconds = 10.0)
[2023-10-24 18:52:38,695][root][INFO] - torch.Size([2592, 17])
[2023-10-24 18:52:39,025][root][INFO] - learner outputs:torch.Size([80, 32, 6])
[2023-10-24 18:52:39,025][root][INFO] - actor outputs:torch.Size([80, 32, 6])
[2023-10-24 18:52:39,025][root][INFO] - pg_advantage outputs torch.Size([80, 32])
[2023-10-24 18:52:39,232][root][INFO] - torch.Size([2592, 17])
[2023-10-24 18:52:39,243][root][INFO] - learner outputs:torch.Size([80, 32, 6])
[2023-10-24 18:52:39,243][root][INFO] - actor outputs:torch.Size([80, 32, 6])
[2023-10-24 18:52:39,243][root][INFO] - pg_advantage outputs torch.Size([80, 32])
[2023-10-24 18:52:39,474][root][INFO] - torch.Size([2592, 17])
[2023-10-24 18:52:39,479][root][INFO] - learner outputs:torch.Size([80, 32, 6])
[2023-10-24 18:52:39,479][root][INFO] - actor outputs:torch.Size([80, 32, 6])
[2023-10-24 18:52:39,480][root][INFO] - pg_advantage outputs torch.Size([80, 32])
[2023-10-24 18:52:39,633][root][INFO] - torch.Size([2592, 17])
[2023-10-24 18:52:39,638][root][INFO] - learner outputs:torch.Size([80, 32, 6])
[2023-10-24 18:52:39,639][root][INFO] - actor outputs:torch.Size([80, 32, 6])
[2023-10-24 18:52:39,639][root][INFO] - pg_advantage outputs torch.Size([80, 32])
[2023-10-24 18:52:39,818][root][INFO] - torch.Size([2592, 17])
[2023-10-24 18:52:39,824][root][INFO] - learner outputs:torch.Size([80, 32, 6])
[2023-10-24 18:52:39,825][root][INFO] - actor outputs:torch.Size([80, 32, 6])
[2023-10-24 18:52:39,825][root][INFO] - pg_advantage outputs torch.Size([80, 32])
[2023-10-24 18:52:39,946][root][INFO] - torch.Size([2592, 17])
[2023-10-24 18:52:39,953][root][INFO] - learner outputs:torch.Size([80, 32, 6])
[2023-10-24 18:52:39,954][root][INFO] - actor outputs:torch.Size([80, 32, 6])
[2023-10-24 18:52:39,954][root][INFO] - pg_advantage outputs torch.Size([80, 32])
[2023-10-24 18:52:40,116][root][INFO] - torch.Size([2592, 17])
[2023-10-24 18:52:40,121][root][INFO] - learner outputs:torch.Size([80, 32, 6])
[2023-10-24 18:52:40,122][root][INFO] - actor outputs:torch.Size([80, 32, 6])
[2023-10-24 18:52:40,122][root][INFO] - pg_advantage outputs torch.Size([80, 32])
[2023-10-24 18:52:40,252][root][INFO] - torch.Size([2592, 17])
[2023-10-24 18:52:40,257][root][INFO] - learner outputs:torch.Size([80, 32, 6])
[2023-10-24 18:52:40,257][root][INFO] - actor outputs:torch.Size([80, 32, 6])
[2023-10-24 18:52:40,257][root][INFO] - pg_advantage outputs torch.Size([80, 32])
[2023-10-24 18:52:40,411][root][INFO] - torch.Size([2592, 17])
[2023-10-24 18:52:40,417][root][INFO] - learner outputs:torch.Size([80, 32, 6])
[2023-10-24 18:52:40,417][root][INFO] - actor outputs:torch.Size([80, 32, 6])
[2023-10-24 18:52:40,417][root][INFO] - pg_advantage outputs torch.Size([80, 32])
[2023-10-24 18:52:40,564][root][INFO] - torch.Size([2592, 17])
[2023-10-24 18:52:40,569][root][INFO] - learner outputs:torch.Size([80, 32, 6])
[2023-10-24 18:52:40,569][root][INFO] - actor outputs:torch.Size([80, 32, 6])
[2023-10-24 18:52:40,569][root][INFO] - pg_advantage outputs torch.Size([80, 32])
[2023-10-24 18:52:40,747][root][INFO] - torch.Size([2592, 17])
[2023-10-24 18:52:40,751][root][INFO] - learner outputs:torch.Size([80, 32, 6])
[2023-10-24 18:52:40,751][root][INFO] - actor outputs:torch.Size([80, 32, 6])
[2023-10-24 18:52:40,752][root][INFO] - pg_advantage outputs torch.Size([80, 32])
[2023-10-24 18:52:40,903][root][INFO] - torch.Size([2592, 17])
[2023-10-24 18:52:40,907][root][INFO] - learner outputs:torch.Size([80, 32, 6])
[2023-10-24 18:52:40,907][root][INFO] - actor outputs:torch.Size([80, 32, 6])
[2023-10-24 18:52:40,908][root][INFO] - pg_advantage outputs torch.Size([80, 32])
[2023-10-24 18:52:41,243][root][INFO] - torch.Size([2592, 17])
[2023-10-24 18:52:41,353][root][INFO] - Saving checkpoint to /opt/project/outputs/2023-10-24/18-52-25/HalfCheetahv4_0.tar
[2023-10-24 18:52:41,358][root][INFO] - Step 30720 @ 6134.9 SPS. Inference batcher size: 20. Learner queue size: 11. Other stats: (train_seconds = 15.0, success_rate = 0.0, step = 30720, mean_episode_return = -652.9, mean_episode_step = 502.38, total_loss = -864.89, entropy_loss = -4.3523, pg_loss = -904.01, baseline_loss = 43.471, learner_queue_size = 1)
[2023-10-24 18:52:41,416][root][INFO] - learner outputs:torch.Size([80, 32, 6])
[2023-10-24 18:52:41,416][root][INFO] - actor outputs:torch.Size([80, 32, 6])
[2023-10-24 18:52:41,417][root][INFO] - pg_advantage outputs torch.Size([80, 32])
[2023-10-24 18:52:42,094][root][INFO] - torch.Size([2592, 17])
[2023-10-24 18:52:42,944][root][INFO] - learner outputs:torch.Size([80, 32, 6])
[2023-10-24 18:52:42,961][root][INFO] - actor outputs:torch.Size([80, 32, 6])
[2023-10-24 18:52:42,962][root][INFO] - pg_advantage outputs torch.Size([80, 32])
[2023-10-24 18:52:44,357][root][INFO] - torch.Size([2592, 17])
[2023-10-24 18:52:45,182][root][INFO] - learner outputs:torch.Size([80, 32, 6])
[2023-10-24 18:52:45,182][root][INFO] - actor outputs:torch.Size([80, 32, 6])
[2023-10-24 18:52:45,182][root][INFO] - pg_advantage outputs torch.Size([80, 32])
[2023-10-24 18:52:46,129][root][INFO] - torch.Size([2592, 17])
[2023-10-24 18:52:46,151][root][INFO] - learner outputs:torch.Size([80, 32, 6])
[2023-10-24 18:52:46,152][root][INFO] - actor outputs:torch.Size([80, 32, 6])
[2023-10-24 18:52:46,152][root][INFO] - pg_advantage outputs torch.Size([80, 32])
[2023-10-24 18:52:46,210][root][INFO] - torch.Size([2592, 17])
[2023-10-24 18:52:46,222][root][INFO] - learner outputs:torch.Size([80, 32, 6])
[2023-10-24 18:52:46,222][root][INFO] - actor outputs:torch.Size([80, 32, 6])
[2023-10-24 18:52:46,222][root][INFO] - pg_advantage outputs torch.Size([80, 32])
[2023-10-24 18:52:46,327][root][INFO] - torch.Size([2592, 17])
[2023-10-24 18:52:46,335][root][INFO] - learner outputs:torch.Size([80, 32, 6])
[2023-10-24 18:52:46,336][root][INFO] - actor outputs:torch.Size([80, 32, 6])
[2023-10-24 18:52:46,336][root][INFO] - pg_advantage outputs torch.Size([80, 32])
[2023-10-24 18:52:46,361][root][INFO] - Step 46080 @ 3066.8 SPS. Inference batcher size: 15. Learner queue size: 1. Other stats: (train_seconds = 20.0, success_rate = 1.0, step = 46080, mean_episode_return = -658.72, mean_episode_step = 408.62, total_loss = -2694.1, entropy_loss = -4.3401, pg_loss = -2720.6, baseline_loss = 30.85, learner_queue_size = 1)
[2023-10-24 18:52:46,489][root][INFO] - torch.Size([2592, 17])
[2023-10-24 18:52:46,498][root][INFO] - learner outputs:torch.Size([80, 32, 6])
[2023-10-24 18:52:46,498][root][INFO] - actor outputs:torch.Size([80, 32, 6])
[2023-10-24 18:52:46,499][root][INFO] - pg_advantage outputs torch.Size([80, 32])
[2023-10-24 18:52:46,661][root][INFO] - torch.Size([2592, 17])
[2023-10-24 18:52:46,668][root][INFO] - learner outputs:torch.Size([80, 32, 6])
[2023-10-24 18:52:46,668][root][INFO] - actor outputs:torch.Size([80, 32, 6])
[2023-10-24 18:52:46,668][root][INFO] - pg_advantage outputs torch.Size([80, 32])
[2023-10-24 18:52:46,780][root][INFO] - torch.Size([2592, 17])
[2023-10-24 18:52:46,787][root][INFO] - learner outputs:torch.Size([80, 32, 6])
[2023-10-24 18:52:46,788][root][INFO] - actor outputs:torch.Size([80, 32, 6])
[2023-10-24 18:52:46,788][root][INFO] - pg_advantage outputs torch.Size([80, 32])
[2023-10-24 18:52:46,917][root][INFO] - torch.Size([2592, 17])
[2023-10-24 18:52:46,932][root][INFO] - learner outputs:torch.Size([80, 32, 6])
[2023-10-24 18:52:46,933][root][INFO] - actor outputs:torch.Size([80, 32, 6])
[2023-10-24 18:52:46,933][root][INFO] - pg_advantage outputs torch.Size([80, 32])
[2023-10-24 18:52:47,091][root][INFO] - torch.Size([2592, 17])
[2023-10-24 18:52:47,103][root][INFO] - learner outputs:torch.Size([80, 32, 6])
[2023-10-24 18:52:47,104][root][INFO] - actor outputs:torch.Size([80, 32, 6])
[2023-10-24 18:52:47,104][root][INFO] - pg_advantage outputs torch.Size([80, 32])
[2023-10-24 18:52:47,263][root][INFO] - torch.Size([2592, 17])
[2023-10-24 18:52:47,275][root][INFO] - learner outputs:torch.Size([80, 32, 6])
[2023-10-24 18:52:47,275][root][INFO] - actor outputs:torch.Size([80, 32, 6])
[2023-10-24 18:52:47,276][root][INFO] - pg_advantage outputs torch.Size([80, 32])
[2023-10-24 18:52:47,395][root][INFO] - torch.Size([2592, 17])
[2023-10-24 18:52:47,404][root][INFO] - learner outputs:torch.Size([80, 32, 6])
[2023-10-24 18:52:47,404][root][INFO] - actor outputs:torch.Size([80, 32, 6])
[2023-10-24 18:52:47,405][root][INFO] - pg_advantage outputs torch.Size([80, 32])
[2023-10-24 18:52:47,466][root][INFO] - torch.Size([2592, 17])
[2023-10-24 18:52:47,475][root][INFO] - learner outputs:torch.Size([80, 32, 6])
[2023-10-24 18:52:47,475][root][INFO] - actor outputs:torch.Size([80, 32, 6])
[2023-10-24 18:52:47,475][root][INFO] - pg_advantage outputs torch.Size([80, 32])
[2023-10-24 18:52:47,617][root][INFO] - torch.Size([2592, 17])
[2023-10-24 18:52:47,626][root][INFO] - learner outputs:torch.Size([80, 32, 6])
[2023-10-24 18:52:47,627][root][INFO] - actor outputs:torch.Size([80, 32, 6])
[2023-10-24 18:52:47,627][root][INFO] - pg_advantage outputs torch.Size([80, 32])
[2023-10-24 18:52:47,774][root][INFO] - torch.Size([2592, 17])
[2023-10-24 18:52:47,784][root][INFO] - learner outputs:torch.Size([80, 32, 6])
[2023-10-24 18:52:47,785][root][INFO] - actor outputs:torch.Size([80, 32, 6])
[2023-10-24 18:52:47,785][root][INFO] - pg_advantage outputs torch.Size([80, 32])
[2023-10-24 18:52:47,909][root][INFO] - torch.Size([2592, 17])
[2023-10-24 18:52:47,923][root][INFO] - learner outputs:torch.Size([80, 32, 6])
[2023-10-24 18:52:47,923][root][INFO] - actor outputs:torch.Size([80, 32, 6])
[2023-10-24 18:52:47,923][root][INFO] - pg_advantage outputs torch.Size([80, 32])
[2023-10-24 18:52:48,079][root][INFO] - torch.Size([2592, 17])
[2023-10-24 18:52:48,086][root][INFO] - learner outputs:torch.Size([80, 32, 6])
[2023-10-24 18:52:48,086][root][INFO] - actor outputs:torch.Size([80, 32, 6])
[2023-10-24 18:52:48,087][root][INFO] - pg_advantage outputs torch.Size([80, 32])
[2023-10-24 18:52:48,173][root][INFO] - torch.Size([2592, 17])
[2023-10-24 18:52:48,182][root][INFO] - learner outputs:torch.Size([80, 32, 6])
[2023-10-24 18:52:48,183][root][INFO] - actor outputs:torch.Size([80, 32, 6])
[2023-10-24 18:52:48,183][root][INFO] - pg_advantage outputs torch.Size([80, 32])
[2023-10-24 18:52:48,293][root][INFO] - torch.Size([2592, 17])
[2023-10-24 18:52:48,304][root][INFO] - learner outputs:torch.Size([80, 32, 6])
[2023-10-24 18:52:48,304][root][INFO] - actor outputs:torch.Size([80, 32, 6])
[2023-10-24 18:52:48,304][root][INFO] - pg_advantage outputs torch.Size([80, 32])
[2023-10-24 18:52:48,459][root][INFO] - torch.Size([2592, 17])
[2023-10-24 18:52:48,468][root][INFO] - learner outputs:torch.Size([80, 32, 6])
[2023-10-24 18:52:48,468][root][INFO] - actor outputs:torch.Size([80, 32, 6])
[2023-10-24 18:52:48,468][root][INFO] - pg_advantage outputs torch.Size([80, 32])
[2023-10-24 18:52:48,625][root][INFO] - torch.Size([2592, 17])
[2023-10-24 18:52:48,634][root][INFO] - learner outputs:torch.Size([80, 32, 6])
[2023-10-24 18:52:48,635][root][INFO] - actor outputs:torch.Size([80, 32, 6])
[2023-10-24 18:52:48,635][root][INFO] - pg_advantage outputs torch.Size([80, 32])
[2023-10-24 18:52:48,728][root][INFO] - torch.Size([2592, 17])
[2023-10-24 18:52:48,736][root][INFO] - learner outputs:torch.Size([80, 32, 6])
[2023-10-24 18:52:48,736][root][INFO] - actor outputs:torch.Size([80, 32, 6])
[2023-10-24 18:52:48,736][root][INFO] - pg_advantage outputs torch.Size([80, 32])
[2023-10-24 18:52:48,860][root][INFO] - torch.Size([2592, 17])
[2023-10-24 18:52:48,870][root][INFO] - learner outputs:torch.Size([80, 32, 6])
[2023-10-24 18:52:48,870][root][INFO] - actor outputs:torch.Size([80, 32, 6])
[2023-10-24 18:52:48,870][root][INFO] - pg_advantage outputs torch.Size([80, 32])
[2023-10-24 18:52:49,032][root][INFO] - torch.Size([2592, 17])
[2023-10-24 18:52:49,041][root][INFO] - learner outputs:torch.Size([80, 32, 6])
[2023-10-24 18:52:49,042][root][INFO] - actor outputs:torch.Size([80, 32, 6])
[2023-10-24 18:52:49,042][root][INFO] - pg_advantage outputs torch.Size([80, 32])
[2023-10-24 18:52:49,179][root][INFO] - torch.Size([2592, 17])
[2023-10-24 18:52:49,192][root][INFO] - learner outputs:torch.Size([80, 32, 6])
[2023-10-24 18:52:49,192][root][INFO] - actor outputs:torch.Size([80, 32, 6])
[2023-10-24 18:52:49,192][root][INFO] - pg_advantage outputs torch.Size([80, 32])
[2023-10-24 18:52:49,304][root][INFO] - torch.Size([2592, 17])
[2023-10-24 18:52:49,314][root][INFO] - learner outputs:torch.Size([80, 32, 6])
[2023-10-24 18:52:49,314][root][INFO] - actor outputs:torch.Size([80, 32, 6])
[2023-10-24 18:52:49,314][root][INFO] - pg_advantage outputs torch.Size([80, 32])
[2023-10-24 18:52:49,451][root][INFO] - torch.Size([2592, 17])
[2023-10-24 18:52:49,462][root][INFO] - learner outputs:torch.Size([80, 32, 6])
[2023-10-24 18:52:49,462][root][INFO] - actor outputs:torch.Size([80, 32, 6])
[2023-10-24 18:52:49,462][root][INFO] - pg_advantage outputs torch.Size([80, 32])
[2023-10-24 18:52:49,587][root][INFO] - torch.Size([2592, 17])
[2023-10-24 18:52:49,596][root][INFO] - learner outputs:torch.Size([80, 32, 6])
[2023-10-24 18:52:49,596][root][INFO] - actor outputs:torch.Size([80, 32, 6])
[2023-10-24 18:52:49,597][root][INFO] - pg_advantage outputs torch.Size([80, 32])
[2023-10-24 18:52:49,714][root][INFO] - torch.Size([2592, 17])
[2023-10-24 18:52:49,722][root][INFO] - learner outputs:torch.Size([80, 32, 6])
[2023-10-24 18:52:49,722][root][INFO] - actor outputs:torch.Size([80, 32, 6])
[2023-10-24 18:52:49,722][root][INFO] - pg_advantage outputs torch.Size([80, 32])
[2023-10-24 18:52:49,844][root][INFO] - torch.Size([2592, 17])
[2023-10-24 18:52:49,859][root][INFO] - learner outputs:torch.Size([80, 32, 6])
[2023-10-24 18:52:49,859][root][INFO] - actor outputs:torch.Size([80, 32, 6])
[2023-10-24 18:52:49,860][root][INFO] - pg_advantage outputs torch.Size([80, 32])
[2023-10-24 18:52:49,976][root][INFO] - torch.Size([2592, 17])
[2023-10-24 18:52:49,985][root][INFO] - learner outputs:torch.Size([80, 32, 6])
[2023-10-24 18:52:49,985][root][INFO] - actor outputs:torch.Size([80, 32, 6])
[2023-10-24 18:52:49,985][root][INFO] - pg_advantage outputs torch.Size([80, 32])
[2023-10-24 18:52:50,122][root][INFO] - torch.Size([2592, 17])
[2023-10-24 18:52:50,132][root][INFO] - learner outputs:torch.Size([80, 32, 6])
[2023-10-24 18:52:50,133][root][INFO] - actor outputs:torch.Size([80, 32, 6])
[2023-10-24 18:52:50,133][root][INFO] - pg_advantage outputs torch.Size([80, 32])
[2023-10-24 18:52:50,282][root][INFO] - torch.Size([2592, 17])
[2023-10-24 18:52:50,290][root][INFO] - learner outputs:torch.Size([80, 32, 6])
[2023-10-24 18:52:50,291][root][INFO] - actor outputs:torch.Size([80, 32, 6])
[2023-10-24 18:52:50,291][root][INFO] - pg_advantage outputs torch.Size([80, 32])
[2023-10-24 18:52:50,396][root][INFO] - torch.Size([2592, 17])
[2023-10-24 18:52:50,408][root][INFO] - learner outputs:torch.Size([80, 32, 6])
[2023-10-24 18:52:50,408][root][INFO] - actor outputs:torch.Size([80, 32, 6])
[2023-10-24 18:52:50,408][root][INFO] - pg_advantage outputs torch.Size([80, 32])
[2023-10-24 18:52:50,557][root][INFO] - torch.Size([2592, 17])
[2023-10-24 18:52:50,567][root][INFO] - learner outputs:torch.Size([80, 32, 6])
[2023-10-24 18:52:50,567][root][INFO] - actor outputs:torch.Size([80, 32, 6])
[2023-10-24 18:52:50,567][root][INFO] - pg_advantage outputs torch.Size([80, 32])
[2023-10-24 18:52:50,701][root][INFO] - torch.Size([2592, 17])
[2023-10-24 18:52:50,712][root][INFO] - learner outputs:torch.Size([80, 32, 6])
[2023-10-24 18:52:50,712][root][INFO] - actor outputs:torch.Size([80, 32, 6])
[2023-10-24 18:52:50,712][root][INFO] - pg_advantage outputs torch.Size([80, 32])
[2023-10-24 18:52:50,818][root][INFO] - torch.Size([2592, 17])
[2023-10-24 18:52:50,826][root][INFO] - learner outputs:torch.Size([80, 32, 6])
[2023-10-24 18:52:50,827][root][INFO] - actor outputs:torch.Size([80, 32, 6])
[2023-10-24 18:52:50,827][root][INFO] - pg_advantage outputs torch.Size([80, 32])
[2023-10-24 18:52:50,973][root][INFO] - torch.Size([2592, 17])
[2023-10-24 18:52:50,983][root][INFO] - learner outputs:torch.Size([80, 32, 6])
[2023-10-24 18:52:50,984][root][INFO] - actor outputs:torch.Size([80, 32, 6])
[2023-10-24 18:52:50,985][root][INFO] - pg_advantage outputs torch.Size([80, 32])
[2023-10-24 18:52:51,107][root][INFO] - torch.Size([2592, 17])
[2023-10-24 18:52:51,123][root][INFO] - learner outputs:torch.Size([80, 32, 6])
[2023-10-24 18:52:51,123][root][INFO] - actor outputs:torch.Size([80, 32, 6])
[2023-10-24 18:52:51,123][root][INFO] - pg_advantage outputs torch.Size([80, 32])
[2023-10-24 18:52:51,265][root][INFO] - torch.Size([2592, 17])
[2023-10-24 18:52:51,275][root][INFO] - learner outputs:torch.Size([80, 32, 6])
[2023-10-24 18:52:51,275][root][INFO] - actor outputs:torch.Size([80, 32, 6])
[2023-10-24 18:52:51,275][root][INFO] - pg_advantage outputs torch.Size([80, 32])
[2023-10-24 18:52:51,366][root][INFO] - Step 135680 @ 17902.6 SPS. Inference batcher size: 3. Learner queue size: 26. Other stats: (train_seconds = 25.0, success_rate = 0.0, step = 135680, mean_episode_return = -675.44, mean_episode_step = 411.75, total_loss = -4958.1, entropy_loss = -4.3504, pg_loss = -4973.3, baseline_loss = 19.549, learner_queue_size = 4)
[2023-10-24 18:52:51,402][root][INFO] - torch.Size([2592, 17])
[2023-10-24 18:52:51,408][root][INFO] - learner outputs:torch.Size([80, 32, 6])
[2023-10-24 18:52:51,408][root][INFO] - actor outputs:torch.Size([80, 32, 6])
[2023-10-24 18:52:51,408][root][INFO] - pg_advantage outputs torch.Size([80, 32])
[2023-10-24 18:52:51,524][root][INFO] - torch.Size([2592, 17])
[2023-10-24 18:52:51,536][root][INFO] - learner outputs:torch.Size([80, 32, 6])
[2023-10-24 18:52:51,537][root][INFO] - actor outputs:torch.Size([80, 32, 6])
[2023-10-24 18:52:51,537][root][INFO] - pg_advantage outputs torch.Size([80, 32])
[2023-10-24 18:52:51,677][root][INFO] - torch.Size([2592, 17])
[2023-10-24 18:52:51,686][root][INFO] - learner outputs:torch.Size([80, 32, 6])
[2023-10-24 18:52:51,687][root][INFO] - actor outputs:torch.Size([80, 32, 6])
[2023-10-24 18:52:51,687][root][INFO] - pg_advantage outputs torch.Size([80, 32])
[2023-10-24 18:52:51,809][root][INFO] - torch.Size([2592, 17])
[2023-10-24 18:52:51,824][root][INFO] - learner outputs:torch.Size([80, 32, 6])
[2023-10-24 18:52:51,825][root][INFO] - actor outputs:torch.Size([80, 32, 6])
[2023-10-24 18:52:51,825][root][INFO] - pg_advantage outputs torch.Size([80, 32])
[2023-10-24 18:52:51,947][root][INFO] - torch.Size([2592, 17])
[2023-10-24 18:52:51,955][root][INFO] - learner outputs:torch.Size([80, 32, 6])
[2023-10-24 18:52:51,955][root][INFO] - actor outputs:torch.Size([80, 32, 6])
[2023-10-24 18:52:51,955][root][INFO] - pg_advantage outputs torch.Size([80, 32])
[2023-10-24 18:52:52,099][root][INFO] - torch.Size([2592, 17])
[2023-10-24 18:52:52,108][root][INFO] - learner outputs:torch.Size([80, 32, 6])
[2023-10-24 18:52:52,109][root][INFO] - actor outputs:torch.Size([80, 32, 6])
[2023-10-24 18:52:52,109][root][INFO] - pg_advantage outputs torch.Size([80, 32])
[2023-10-24 18:52:52,256][root][INFO] - torch.Size([2592, 17])
[2023-10-24 18:52:52,263][root][INFO] - learner outputs:torch.Size([80, 32, 6])
[2023-10-24 18:52:52,263][root][INFO] - actor outputs:torch.Size([80, 32, 6])
[2023-10-24 18:52:52,263][root][INFO] - pg_advantage outputs torch.Size([80, 32])
[2023-10-24 18:52:52,387][root][INFO] - torch.Size([2592, 17])
[2023-10-24 18:52:52,400][root][INFO] - learner outputs:torch.Size([80, 32, 6])
[2023-10-24 18:52:52,400][root][INFO] - actor outputs:torch.Size([80, 32, 6])
[2023-10-24 18:52:52,400][root][INFO] - pg_advantage outputs torch.Size([80, 32])
[2023-10-24 18:52:52,547][root][INFO] - torch.Size([2592, 17])
[2023-10-24 18:52:52,556][root][INFO] - learner outputs:torch.Size([80, 32, 6])
[2023-10-24 18:52:52,557][root][INFO] - actor outputs:torch.Size([80, 32, 6])
[2023-10-24 18:52:52,557][root][INFO] - pg_advantage outputs torch.Size([80, 32])
[2023-10-24 18:52:52,685][root][INFO] - torch.Size([2592, 17])
[2023-10-24 18:52:52,701][root][INFO] - learner outputs:torch.Size([80, 32, 6])
[2023-10-24 18:52:52,702][root][INFO] - actor outputs:torch.Size([80, 32, 6])
[2023-10-24 18:52:52,702][root][INFO] - pg_advantage outputs torch.Size([80, 32])
[2023-10-24 18:52:52,831][root][INFO] - torch.Size([2592, 17])
[2023-10-24 18:52:52,839][root][INFO] - learner outputs:torch.Size([80, 32, 6])
[2023-10-24 18:52:52,840][root][INFO] - actor outputs:torch.Size([80, 32, 6])
[2023-10-24 18:52:52,840][root][INFO] - pg_advantage outputs torch.Size([80, 32])
[2023-10-24 18:52:52,988][root][INFO] - torch.Size([2592, 17])
[2023-10-24 18:52:52,999][root][INFO] - learner outputs:torch.Size([80, 32, 6])
[2023-10-24 18:52:52,999][root][INFO] - actor outputs:torch.Size([80, 32, 6])
[2023-10-24 18:52:53,003][root][INFO] - pg_advantage outputs torch.Size([80, 32])
[2023-10-24 18:52:53,147][root][INFO] - torch.Size([2592, 17])
[2023-10-24 18:52:53,160][root][INFO] - learner outputs:torch.Size([80, 32, 6])
[2023-10-24 18:52:53,162][root][INFO] - actor outputs:torch.Size([80, 32, 6])
[2023-10-24 18:52:53,162][root][INFO] - pg_advantage outputs torch.Size([80, 32])
[2023-10-24 18:52:53,287][root][INFO] - torch.Size([2592, 17])
[2023-10-24 18:52:53,302][root][INFO] - learner outputs:torch.Size([80, 32, 6])
[2023-10-24 18:52:53,302][root][INFO] - actor outputs:torch.Size([80, 32, 6])
[2023-10-24 18:52:53,302][root][INFO] - pg_advantage outputs torch.Size([80, 32])
[2023-10-24 18:52:53,433][root][INFO] - torch.Size([2592, 17])
[2023-10-24 18:52:53,445][root][INFO] - learner outputs:torch.Size([80, 32, 6])
[2023-10-24 18:52:53,445][root][INFO] - actor outputs:torch.Size([80, 32, 6])
[2023-10-24 18:52:53,445][root][INFO] - pg_advantage outputs torch.Size([80, 32])
[2023-10-24 18:52:53,551][root][INFO] - torch.Size([2592, 17])
[2023-10-24 18:52:53,568][root][INFO] - learner outputs:torch.Size([80, 32, 6])
[2023-10-24 18:52:53,569][root][INFO] - actor outputs:torch.Size([80, 32, 6])
[2023-10-24 18:52:53,569][root][INFO] - pg_advantage outputs torch.Size([80, 32])
[2023-10-24 18:52:53,729][root][INFO] - torch.Size([2592, 17])
[2023-10-24 18:52:53,739][root][INFO] - learner outputs:torch.Size([80, 32, 6])
[2023-10-24 18:52:53,740][root][INFO] - actor outputs:torch.Size([80, 32, 6])
[2023-10-24 18:52:53,740][root][INFO] - pg_advantage outputs torch.Size([80, 32])
[2023-10-24 18:52:53,857][root][INFO] - torch.Size([2592, 17])
[2023-10-24 18:52:53,868][root][INFO] - learner outputs:torch.Size([80, 32, 6])
[2023-10-24 18:52:53,868][root][INFO] - actor outputs:torch.Size([80, 32, 6])
[2023-10-24 18:52:53,868][root][INFO] - pg_advantage outputs torch.Size([80, 32])
[2023-10-24 18:52:53,997][root][INFO] - torch.Size([2592, 17])
[2023-10-24 18:52:54,005][root][INFO] - learner outputs:torch.Size([80, 32, 6])
[2023-10-24 18:52:54,005][root][INFO] - actor outputs:torch.Size([80, 32, 6])
[2023-10-24 18:52:54,005][root][INFO] - pg_advantage outputs torch.Size([80, 32])
[2023-10-24 18:52:54,111][root][INFO] - torch.Size([2592, 17])
[2023-10-24 18:52:54,120][root][INFO] - learner outputs:torch.Size([80, 32, 6])
[2023-10-24 18:52:54,121][root][INFO] - actor outputs:torch.Size([80, 32, 6])
[2023-10-24 18:52:54,121][root][INFO] - pg_advantage outputs torch.Size([80, 32])
[2023-10-24 18:52:54,269][root][INFO] - torch.Size([2592, 17])
[2023-10-24 18:52:54,277][root][INFO] - learner outputs:torch.Size([80, 32, 6])
[2023-10-24 18:52:54,277][root][INFO] - actor outputs:torch.Size([80, 32, 6])
[2023-10-24 18:52:54,277][root][INFO] - pg_advantage outputs torch.Size([80, 32])
[2023-10-24 18:52:54,406][root][INFO] - torch.Size([2592, 17])
[2023-10-24 18:52:54,417][root][INFO] - learner outputs:torch.Size([80, 32, 6])
[2023-10-24 18:52:54,417][root][INFO] - actor outputs:torch.Size([80, 32, 6])
[2023-10-24 18:52:54,418][root][INFO] - pg_advantage outputs torch.Size([80, 32])
[2023-10-24 18:52:54,549][root][INFO] - torch.Size([2592, 17])
[2023-10-24 18:52:54,559][root][INFO] - learner outputs:torch.Size([80, 32, 6])
[2023-10-24 18:52:54,560][root][INFO] - actor outputs:torch.Size([80, 32, 6])
[2023-10-24 18:52:54,560][root][INFO] - pg_advantage outputs torch.Size([80, 32])
[2023-10-24 18:52:54,679][root][INFO] - torch.Size([2592, 17])
[2023-10-24 18:52:54,694][root][INFO] - learner outputs:torch.Size([80, 32, 6])
[2023-10-24 18:52:54,695][root][INFO] - actor outputs:torch.Size([80, 32, 6])
[2023-10-24 18:52:54,695][root][INFO] - pg_advantage outputs torch.Size([80, 32])
[2023-10-24 18:52:54,816][root][INFO] - torch.Size([2592, 17])
[2023-10-24 18:52:54,825][root][INFO] - learner outputs:torch.Size([80, 32, 6])
[2023-10-24 18:52:54,825][root][INFO] - actor outputs:torch.Size([80, 32, 6])
[2023-10-24 18:52:54,825][root][INFO] - pg_advantage outputs torch.Size([80, 32])
[2023-10-24 18:52:54,963][root][INFO] - torch.Size([2592, 17])
[2023-10-24 18:52:54,979][root][INFO] - learner outputs:torch.Size([80, 32, 6])
[2023-10-24 18:52:54,979][root][INFO] - actor outputs:torch.Size([80, 32, 6])
[2023-10-24 18:52:54,979][root][INFO] - pg_advantage outputs torch.Size([80, 32])
[2023-10-24 18:52:55,084][root][INFO] - torch.Size([2592, 17])
[2023-10-24 18:52:55,092][root][INFO] - learner outputs:torch.Size([80, 32, 6])
[2023-10-24 18:52:55,092][root][INFO] - actor outputs:torch.Size([80, 32, 6])
[2023-10-24 18:52:55,092][root][INFO] - pg_advantage outputs torch.Size([80, 32])
[2023-10-24 18:52:55,236][root][INFO] - torch.Size([2592, 17])
[2023-10-24 18:52:55,249][root][INFO] - learner outputs:torch.Size([80, 32, 6])
[2023-10-24 18:52:55,249][root][INFO] - actor outputs:torch.Size([80, 32, 6])
[2023-10-24 18:52:55,250][root][INFO] - pg_advantage outputs torch.Size([80, 32])
[2023-10-24 18:52:55,354][root][INFO] - torch.Size([2592, 17])
[2023-10-24 18:52:55,367][root][INFO] - learner outputs:torch.Size([80, 32, 6])
[2023-10-24 18:52:55,368][root][INFO] - actor outputs:torch.Size([80, 32, 6])
[2023-10-24 18:52:55,368][root][INFO] - pg_advantage outputs torch.Size([80, 32])
[2023-10-24 18:52:55,523][root][INFO] - torch.Size([2592, 17])
[2023-10-24 18:52:55,537][root][INFO] - learner outputs:torch.Size([80, 32, 6])
[2023-10-24 18:52:55,537][root][INFO] - actor outputs:torch.Size([80, 32, 6])
[2023-10-24 18:52:55,537][root][INFO] - pg_advantage outputs torch.Size([80, 32])
[2023-10-24 18:52:55,636][root][INFO] - torch.Size([2592, 17])
[2023-10-24 18:52:55,647][root][INFO] - learner outputs:torch.Size([80, 32, 6])
[2023-10-24 18:52:55,648][root][INFO] - actor outputs:torch.Size([80, 32, 6])
[2023-10-24 18:52:55,648][root][INFO] - pg_advantage outputs torch.Size([80, 32])
[2023-10-24 18:52:55,768][root][INFO] - torch.Size([2592, 17])
[2023-10-24 18:52:55,783][root][INFO] - learner outputs:torch.Size([80, 32, 6])
[2023-10-24 18:52:55,783][root][INFO] - actor outputs:torch.Size([80, 32, 6])
[2023-10-24 18:52:55,783][root][INFO] - pg_advantage outputs torch.Size([80, 32])
[2023-10-24 18:52:55,932][root][INFO] - torch.Size([2592, 17])
[2023-10-24 18:52:55,942][root][INFO] - learner outputs:torch.Size([80, 32, 6])
[2023-10-24 18:52:55,942][root][INFO] - actor outputs:torch.Size([80, 32, 6])
[2023-10-24 18:52:55,942][root][INFO] - pg_advantage outputs torch.Size([80, 32])
[2023-10-24 18:52:56,051][root][INFO] - torch.Size([2592, 17])
[2023-10-24 18:52:56,068][root][INFO] - learner outputs:torch.Size([80, 32, 6])
[2023-10-24 18:52:56,068][root][INFO] - actor outputs:torch.Size([80, 32, 6])
[2023-10-24 18:52:56,069][root][INFO] - pg_advantage outputs torch.Size([80, 32])
[2023-10-24 18:52:56,233][root][INFO] - torch.Size([2592, 17])
[2023-10-24 18:52:56,249][root][INFO] - learner outputs:torch.Size([80, 32, 6])
[2023-10-24 18:52:56,249][root][INFO] - actor outputs:torch.Size([80, 32, 6])
[2023-10-24 18:52:56,249][root][INFO] - pg_advantage outputs torch.Size([80, 32])
[2023-10-24 18:52:56,349][root][INFO] - torch.Size([2592, 17])
[2023-10-24 18:52:56,361][root][INFO] - learner outputs:torch.Size([80, 32, 6])
[2023-10-24 18:52:56,362][root][INFO] - actor outputs:torch.Size([80, 32, 6])
[2023-10-24 18:52:56,362][root][INFO] - pg_advantage outputs torch.Size([80, 32])
[2023-10-24 18:52:56,371][root][INFO] - Step 225280 @ 17900.9 SPS. Inference batcher size: 47. Learner queue size: 3. Other stats: (train_seconds = 30.0, success_rate = 0.0, step = 225280, mean_episode_return = -543.85, mean_episode_step = 534.25, total_loss = -85.823, entropy_loss = -4.3519, pg_loss = -95.577, baseline_loss = 14.106, learner_queue_size = 7)
[2023-10-24 18:52:56,542][root][INFO] - torch.Size([2592, 17])
[2023-10-24 18:52:56,555][root][INFO] - learner outputs:torch.Size([80, 32, 6])
[2023-10-24 18:52:56,555][root][INFO] - actor outputs:torch.Size([80, 32, 6])
[2023-10-24 18:52:56,555][root][INFO] - pg_advantage outputs torch.Size([80, 32])
[2023-10-24 18:52:56,722][root][INFO] - torch.Size([2592, 17])
[2023-10-24 18:52:56,735][root][INFO] - learner outputs:torch.Size([80, 32, 6])
[2023-10-24 18:52:56,735][root][INFO] - actor outputs:torch.Size([80, 32, 6])
[2023-10-24 18:52:56,735][root][INFO] - pg_advantage outputs torch.Size([80, 32])
[2023-10-24 18:52:56,876][root][INFO] - torch.Size([2592, 17])
[2023-10-24 18:52:56,891][root][INFO] - learner outputs:torch.Size([80, 32, 6])
[2023-10-24 18:52:56,891][root][INFO] - actor outputs:torch.Size([80, 32, 6])
[2023-10-24 18:52:56,891][root][INFO] - pg_advantage outputs torch.Size([80, 32])
[2023-10-24 18:52:57,071][root][INFO] - torch.Size([2592, 17])
[2023-10-24 18:52:57,080][root][INFO] - learner outputs:torch.Size([80, 32, 6])
[2023-10-24 18:52:57,080][root][INFO] - actor outputs:torch.Size([80, 32, 6])
[2023-10-24 18:52:57,081][root][INFO] - pg_advantage outputs torch.Size([80, 32])
[2023-10-24 18:52:57,211][root][INFO] - torch.Size([2592, 17])
[2023-10-24 18:52:57,230][root][INFO] - learner outputs:torch.Size([80, 32, 6])
[2023-10-24 18:52:57,231][root][INFO] - actor outputs:torch.Size([80, 32, 6])
[2023-10-24 18:52:57,233][root][INFO] - pg_advantage outputs torch.Size([80, 32])
[2023-10-24 18:52:57,411][root][INFO] - torch.Size([2592, 17])
[2023-10-24 18:52:57,424][root][INFO] - learner outputs:torch.Size([80, 32, 6])
[2023-10-24 18:52:57,424][root][INFO] - actor outputs:torch.Size([80, 32, 6])
[2023-10-24 18:52:57,425][root][INFO] - pg_advantage outputs torch.Size([80, 32])
[2023-10-24 18:52:57,564][root][INFO] - torch.Size([2592, 17])
[2023-10-24 18:52:57,575][root][INFO] - learner outputs:torch.Size([80, 32, 6])
[2023-10-24 18:52:57,576][root][INFO] - actor outputs:torch.Size([80, 32, 6])
[2023-10-24 18:52:57,577][root][INFO] - pg_advantage outputs torch.Size([80, 32])
[2023-10-24 18:52:57,673][root][INFO] - torch.Size([2592, 17])
[2023-10-24 18:52:57,688][root][INFO] - learner outputs:torch.Size([80, 32, 6])
[2023-10-24 18:52:57,690][root][INFO] - actor outputs:torch.Size([80, 32, 6])
[2023-10-24 18:52:57,690][root][INFO] - pg_advantage outputs torch.Size([80, 32])
[2023-10-24 18:52:57,833][root][INFO] - torch.Size([2592, 17])
[2023-10-24 18:52:57,846][root][INFO] - learner outputs:torch.Size([80, 32, 6])
[2023-10-24 18:52:57,846][root][INFO] - actor outputs:torch.Size([80, 32, 6])
[2023-10-24 18:52:57,846][root][INFO] - pg_advantage outputs torch.Size([80, 32])
[2023-10-24 18:52:57,932][root][INFO] - torch.Size([2592, 17])
[2023-10-24 18:52:57,953][root][INFO] - learner outputs:torch.Size([80, 32, 6])
[2023-10-24 18:52:57,953][root][INFO] - actor outputs:torch.Size([80, 32, 6])
[2023-10-24 18:52:57,953][root][INFO] - pg_advantage outputs torch.Size([80, 32])
[2023-10-24 18:52:58,078][root][INFO] - torch.Size([2592, 17])
[2023-10-24 18:52:58,091][root][INFO] - learner outputs:torch.Size([80, 32, 6])
[2023-10-24 18:52:58,092][root][INFO] - actor outputs:torch.Size([80, 32, 6])
[2023-10-24 18:52:58,092][root][INFO] - pg_advantage outputs torch.Size([80, 32])
[2023-10-24 18:52:58,239][root][INFO] - torch.Size([2592, 17])
[2023-10-24 18:52:58,254][root][INFO] - learner outputs:torch.Size([80, 32, 6])
[2023-10-24 18:52:58,256][root][INFO] - actor outputs:torch.Size([80, 32, 6])
[2023-10-24 18:52:58,256][root][INFO] - pg_advantage outputs torch.Size([80, 32])
[2023-10-24 18:52:58,384][root][INFO] - torch.Size([2592, 17])
[2023-10-24 18:52:58,399][root][INFO] - learner outputs:torch.Size([80, 32, 6])
[2023-10-24 18:52:58,399][root][INFO] - actor outputs:torch.Size([80, 32, 6])
[2023-10-24 18:52:58,399][root][INFO] - pg_advantage outputs torch.Size([80, 32])
[2023-10-24 18:52:58,559][root][INFO] - torch.Size([2592, 17])
[2023-10-24 18:52:58,579][root][INFO] - learner outputs:torch.Size([80, 32, 6])
[2023-10-24 18:52:58,579][root][INFO] - actor outputs:torch.Size([80, 32, 6])
[2023-10-24 18:52:58,579][root][INFO] - pg_advantage outputs torch.Size([80, 32])
[2023-10-24 18:52:58,721][root][INFO] - torch.Size([2592, 17])
[2023-10-24 18:52:58,740][root][INFO] - learner outputs:torch.Size([80, 32, 6])
[2023-10-24 18:52:58,740][root][INFO] - actor outputs:torch.Size([80, 32, 6])
[2023-10-24 18:52:58,740][root][INFO] - pg_advantage outputs torch.Size([80, 32])
[2023-10-24 18:52:58,853][root][INFO] - torch.Size([2592, 17])
[2023-10-24 18:52:58,871][root][INFO] - learner outputs:torch.Size([80, 32, 6])
[2023-10-24 18:52:58,871][root][INFO] - actor outputs:torch.Size([80, 32, 6])
[2023-10-24 18:52:58,872][root][INFO] - pg_advantage outputs torch.Size([80, 32])
[2023-10-24 18:52:58,996][root][INFO] - torch.Size([2592, 17])
[2023-10-24 18:52:59,007][root][INFO] - learner outputs:torch.Size([80, 32, 6])
[2023-10-24 18:52:59,008][root][INFO] - actor outputs:torch.Size([80, 32, 6])
[2023-10-24 18:52:59,009][root][INFO] - pg_advantage outputs torch.Size([80, 32])
[2023-10-24 18:52:59,152][root][INFO] - torch.Size([2592, 17])
[2023-10-24 18:52:59,169][root][INFO] - learner outputs:torch.Size([80, 32, 6])
[2023-10-24 18:52:59,170][root][INFO] - actor outputs:torch.Size([80, 32, 6])
[2023-10-24 18:52:59,170][root][INFO] - pg_advantage outputs torch.Size([80, 32])
[2023-10-24 18:52:59,290][root][INFO] - torch.Size([2592, 17])
[2023-10-24 18:52:59,304][root][INFO] - learner outputs:torch.Size([80, 32, 6])
[2023-10-24 18:52:59,304][root][INFO] - actor outputs:torch.Size([80, 32, 6])
[2023-10-24 18:52:59,304][root][INFO] - pg_advantage outputs torch.Size([80, 32])
[2023-10-24 18:52:59,466][root][INFO] - torch.Size([2592, 17])
[2023-10-24 18:52:59,477][root][INFO] - learner outputs:torch.Size([80, 32, 6])
[2023-10-24 18:52:59,477][root][INFO] - actor outputs:torch.Size([80, 32, 6])
[2023-10-24 18:52:59,478][root][INFO] - pg_advantage outputs torch.Size([80, 32])
[2023-10-24 18:52:59,598][root][INFO] - torch.Size([2592, 17])
[2023-10-24 18:52:59,612][root][INFO] - learner outputs:torch.Size([80, 32, 6])
[2023-10-24 18:52:59,612][root][INFO] - actor outputs:torch.Size([80, 32, 6])
[2023-10-24 18:52:59,612][root][INFO] - pg_advantage outputs torch.Size([80, 32])
[2023-10-24 18:52:59,708][root][INFO] - torch.Size([2592, 17])
[2023-10-24 18:52:59,724][root][INFO] - learner outputs:torch.Size([80, 32, 6])
[2023-10-24 18:52:59,725][root][INFO] - actor outputs:torch.Size([80, 32, 6])
[2023-10-24 18:52:59,725][root][INFO] - pg_advantage outputs torch.Size([80, 32])
[2023-10-24 18:52:59,879][root][INFO] - torch.Size([2592, 17])
[2023-10-24 18:52:59,891][root][INFO] - learner outputs:torch.Size([80, 32, 6])
[2023-10-24 18:52:59,891][root][INFO] - actor outputs:torch.Size([80, 32, 6])
[2023-10-24 18:52:59,891][root][INFO] - pg_advantage outputs torch.Size([80, 32])
[2023-10-24 18:53:00,016][root][INFO] - torch.Size([2592, 17])
[2023-10-24 18:53:00,031][root][INFO] - learner outputs:torch.Size([80, 32, 6])
[2023-10-24 18:53:00,032][root][INFO] - actor outputs:torch.Size([80, 32, 6])
[2023-10-24 18:53:00,032][root][INFO] - pg_advantage outputs torch.Size([80, 32])
[2023-10-24 18:53:00,142][root][INFO] - torch.Size([2592, 17])
[2023-10-24 18:53:00,153][root][INFO] - learner outputs:torch.Size([80, 32, 6])
[2023-10-24 18:53:00,154][root][INFO] - actor outputs:torch.Size([80, 32, 6])
[2023-10-24 18:53:00,155][root][INFO] - pg_advantage outputs torch.Size([80, 32])
[2023-10-24 18:53:00,279][root][INFO] - torch.Size([2592, 17])
[2023-10-24 18:53:00,296][root][INFO] - learner outputs:torch.Size([80, 32, 6])
[2023-10-24 18:53:00,296][root][INFO] - actor outputs:torch.Size([80, 32, 6])
[2023-10-24 18:53:00,297][root][INFO] - pg_advantage outputs torch.Size([80, 32])
[2023-10-24 18:53:00,406][root][INFO] - torch.Size([2592, 17])
[2023-10-24 18:53:00,418][root][INFO] - learner outputs:torch.Size([80, 32, 6])
[2023-10-24 18:53:00,418][root][INFO] - actor outputs:torch.Size([80, 32, 6])
[2023-10-24 18:53:00,418][root][INFO] - pg_advantage outputs torch.Size([80, 32])
[2023-10-24 18:53:00,521][root][INFO] - torch.Size([2592, 17])
[2023-10-24 18:53:00,534][root][INFO] - learner outputs:torch.Size([80, 32, 6])
[2023-10-24 18:53:00,534][root][INFO] - actor outputs:torch.Size([80, 32, 6])
[2023-10-24 18:53:00,534][root][INFO] - pg_advantage outputs torch.Size([80, 32])
[2023-10-24 18:53:00,685][root][INFO] - torch.Size([2592, 17])
[2023-10-24 18:53:00,697][root][INFO] - learner outputs:torch.Size([80, 32, 6])
[2023-10-24 18:53:00,697][root][INFO] - actor outputs:torch.Size([80, 32, 6])
[2023-10-24 18:53:00,697][root][INFO] - pg_advantage outputs torch.Size([80, 32])
[2023-10-24 18:53:00,794][root][INFO] - torch.Size([2592, 17])
[2023-10-24 18:53:00,806][root][INFO] - learner outputs:torch.Size([80, 32, 6])
[2023-10-24 18:53:00,806][root][INFO] - actor outputs:torch.Size([80, 32, 6])
[2023-10-24 18:53:00,806][root][INFO] - pg_advantage outputs torch.Size([80, 32])
[2023-10-24 18:53:00,943][root][INFO] - torch.Size([2592, 17])
[2023-10-24 18:53:00,953][root][INFO] - learner outputs:torch.Size([80, 32, 6])
[2023-10-24 18:53:00,953][root][INFO] - actor outputs:torch.Size([80, 32, 6])
[2023-10-24 18:53:00,953][root][INFO] - pg_advantage outputs torch.Size([80, 32])
[2023-10-24 18:53:01,077][root][INFO] - torch.Size([2592, 17])
[2023-10-24 18:53:01,090][root][INFO] - learner outputs:torch.Size([80, 32, 6])
[2023-10-24 18:53:01,091][root][INFO] - actor outputs:torch.Size([80, 32, 6])
[2023-10-24 18:53:01,091][root][INFO] - pg_advantage outputs torch.Size([80, 32])
[2023-10-24 18:53:01,204][root][INFO] - torch.Size([2592, 17])
[2023-10-24 18:53:01,216][root][INFO] - learner outputs:torch.Size([80, 32, 6])
[2023-10-24 18:53:01,217][root][INFO] - actor outputs:torch.Size([80, 32, 6])
[2023-10-24 18:53:01,217][root][INFO] - pg_advantage outputs torch.Size([80, 32])
[2023-10-24 18:53:01,345][root][INFO] - torch.Size([2592, 17])
[2023-10-24 18:53:01,361][root][INFO] - learner outputs:torch.Size([80, 32, 6])
[2023-10-24 18:53:01,364][root][INFO] - actor outputs:torch.Size([80, 32, 6])
[2023-10-24 18:53:01,364][root][INFO] - pg_advantage outputs torch.Size([80, 32])
[2023-10-24 18:53:01,377][root][INFO] - Step 312320 @ 17388.6 SPS. Inference batcher size: 33. Learner queue size: 8. Other stats: (train_seconds = 35.0, success_rate = 0.0, step = 312320, mean_episode_return = -620.23, mean_episode_step = 516.75, total_loss = -3418.1, entropy_loss = -4.3528, pg_loss = -3424.7, baseline_loss = 10.978, learner_queue_size = 3)
[2023-10-24 18:53:01,476][root][INFO] - torch.Size([2592, 17])
[2023-10-24 18:53:01,488][root][INFO] - learner outputs:torch.Size([80, 32, 6])
[2023-10-24 18:53:01,489][root][INFO] - actor outputs:torch.Size([80, 32, 6])
[2023-10-24 18:53:01,489][root][INFO] - pg_advantage outputs torch.Size([80, 32])
[2023-10-24 18:53:01,596][root][INFO] - torch.Size([2592, 17])
[2023-10-24 18:53:01,606][root][INFO] - learner outputs:torch.Size([80, 32, 6])
[2023-10-24 18:53:01,606][root][INFO] - actor outputs:torch.Size([80, 32, 6])
[2023-10-24 18:53:01,606][root][INFO] - pg_advantage outputs torch.Size([80, 32])
[2023-10-24 18:53:01,736][root][INFO] - torch.Size([2592, 17])
[2023-10-24 18:53:01,750][root][INFO] - learner outputs:torch.Size([80, 32, 6])
[2023-10-24 18:53:01,750][root][INFO] - actor outputs:torch.Size([80, 32, 6])
[2023-10-24 18:53:01,751][root][INFO] - pg_advantage outputs torch.Size([80, 32])
[2023-10-24 18:53:01,861][root][INFO] - torch.Size([2592, 17])
[2023-10-24 18:53:01,878][root][INFO] - learner outputs:torch.Size([80, 32, 6])
[2023-10-24 18:53:01,879][root][INFO] - actor outputs:torch.Size([80, 32, 6])
[2023-10-24 18:53:01,879][root][INFO] - pg_advantage outputs torch.Size([80, 32])
[2023-10-24 18:53:02,009][root][INFO] - torch.Size([2592, 17])
[2023-10-24 18:53:02,023][root][INFO] - learner outputs:torch.Size([80, 32, 6])
[2023-10-24 18:53:02,023][root][INFO] - actor outputs:torch.Size([80, 32, 6])
[2023-10-24 18:53:02,024][root][INFO] - pg_advantage outputs torch.Size([80, 32])
[2023-10-24 18:53:02,145][root][INFO] - torch.Size([2592, 17])
[2023-10-24 18:53:02,159][root][INFO] - learner outputs:torch.Size([80, 32, 6])
[2023-10-24 18:53:02,159][root][INFO] - actor outputs:torch.Size([80, 32, 6])
[2023-10-24 18:53:02,159][root][INFO] - pg_advantage outputs torch.Size([80, 32])
[2023-10-24 18:53:02,276][root][INFO] - torch.Size([2592, 17])
[2023-10-24 18:53:02,286][root][INFO] - learner outputs:torch.Size([80, 32, 6])
[2023-10-24 18:53:02,287][root][INFO] - actor outputs:torch.Size([80, 32, 6])
[2023-10-24 18:53:02,287][root][INFO] - pg_advantage outputs torch.Size([80, 32])
[2023-10-24 18:53:02,431][root][INFO] - torch.Size([2592, 17])
[2023-10-24 18:53:02,455][root][INFO] - learner outputs:torch.Size([80, 32, 6])
[2023-10-24 18:53:02,455][root][INFO] - actor outputs:torch.Size([80, 32, 6])
[2023-10-24 18:53:02,456][root][INFO] - pg_advantage outputs torch.Size([80, 32])
[2023-10-24 18:53:02,660][root][INFO] - torch.Size([2592, 17])
[2023-10-24 18:53:02,677][root][INFO] - learner outputs:torch.Size([80, 32, 6])
[2023-10-24 18:53:02,677][root][INFO] - actor outputs:torch.Size([80, 32, 6])
[2023-10-24 18:53:02,678][root][INFO] - pg_advantage outputs torch.Size([80, 32])
[2023-10-24 18:53:02,828][root][INFO] - torch.Size([2592, 17])
[2023-10-24 18:53:02,842][root][INFO] - learner outputs:torch.Size([80, 32, 6])
[2023-10-24 18:53:02,842][root][INFO] - actor outputs:torch.Size([80, 32, 6])
[2023-10-24 18:53:02,842][root][INFO] - pg_advantage outputs torch.Size([80, 32])
[2023-10-24 18:53:02,966][root][INFO] - torch.Size([2592, 17])
[2023-10-24 18:53:02,984][root][INFO] - learner outputs:torch.Size([80, 32, 6])
[2023-10-24 18:53:02,986][root][INFO] - actor outputs:torch.Size([80, 32, 6])
[2023-10-24 18:53:02,987][root][INFO] - pg_advantage outputs torch.Size([80, 32])
[2023-10-24 18:53:03,156][root][INFO] - torch.Size([2592, 17])
[2023-10-24 18:53:03,173][root][INFO] - learner outputs:torch.Size([80, 32, 6])
[2023-10-24 18:53:03,175][root][INFO] - actor outputs:torch.Size([80, 32, 6])
[2023-10-24 18:53:03,175][root][INFO] - pg_advantage outputs torch.Size([80, 32])
[2023-10-24 18:53:03,363][root][INFO] - torch.Size([2592, 17])
[2023-10-24 18:53:03,376][root][INFO] - learner outputs:torch.Size([80, 32, 6])
[2023-10-24 18:53:03,377][root][INFO] - actor outputs:torch.Size([80, 32, 6])
[2023-10-24 18:53:03,377][root][INFO] - pg_advantage outputs torch.Size([80, 32])
[2023-10-24 18:53:03,531][root][INFO] - torch.Size([2592, 17])
[2023-10-24 18:53:03,569][root][INFO] - learner outputs:torch.Size([80, 32, 6])
[2023-10-24 18:53:03,570][root][INFO] - actor outputs:torch.Size([80, 32, 6])
[2023-10-24 18:53:03,570][root][INFO] - pg_advantage outputs torch.Size([80, 32])
[2023-10-24 18:53:03,808][root][INFO] - torch.Size([2592, 17])
[2023-10-24 18:53:03,817][root][INFO] - learner outputs:torch.Size([80, 32, 6])
[2023-10-24 18:53:03,819][root][INFO] - actor outputs:torch.Size([80, 32, 6])
[2023-10-24 18:53:03,819][root][INFO] - pg_advantage outputs torch.Size([80, 32])
[2023-10-24 18:53:03,993][root][INFO] - torch.Size([2592, 17])
[2023-10-24 18:53:04,021][root][INFO] - learner outputs:torch.Size([80, 32, 6])
[2023-10-24 18:53:04,021][root][INFO] - actor outputs:torch.Size([80, 32, 6])
[2023-10-24 18:53:04,022][root][INFO] - pg_advantage outputs torch.Size([80, 32])
[2023-10-24 18:53:04,168][root][INFO] - torch.Size([2592, 17])
[2023-10-24 18:53:04,180][root][INFO] - learner outputs:torch.Size([80, 32, 6])
[2023-10-24 18:53:04,180][root][INFO] - actor outputs:torch.Size([80, 32, 6])
[2023-10-24 18:53:04,180][root][INFO] - pg_advantage outputs torch.Size([80, 32])
[2023-10-24 18:53:04,321][root][INFO] - torch.Size([2592, 17])
[2023-10-24 18:53:04,334][root][INFO] - learner outputs:torch.Size([80, 32, 6])
[2023-10-24 18:53:04,336][root][INFO] - actor outputs:torch.Size([80, 32, 6])
[2023-10-24 18:53:04,336][root][INFO] - pg_advantage outputs torch.Size([80, 32])
[2023-10-24 18:53:04,499][root][INFO] - torch.Size([2592, 17])
[2023-10-24 18:53:04,515][root][INFO] - learner outputs:torch.Size([80, 32, 6])
[2023-10-24 18:53:04,516][root][INFO] - actor outputs:torch.Size([80, 32, 6])
[2023-10-24 18:53:04,516][root][INFO] - pg_advantage outputs torch.Size([80, 32])
[2023-10-24 18:53:04,658][root][INFO] - torch.Size([2592, 17])
[2023-10-24 18:53:04,677][root][INFO] - learner outputs:torch.Size([80, 32, 6])
[2023-10-24 18:53:04,679][root][INFO] - actor outputs:torch.Size([80, 32, 6])
[2023-10-24 18:53:04,679][root][INFO] - pg_advantage outputs torch.Size([80, 32])
[2023-10-24 18:53:04,794][root][INFO] - torch.Size([2592, 17])
[2023-10-24 18:53:04,816][root][INFO] - learner outputs:torch.Size([80, 32, 6])
[2023-10-24 18:53:04,816][root][INFO] - actor outputs:torch.Size([80, 32, 6])
[2023-10-24 18:53:04,816][root][INFO] - pg_advantage outputs torch.Size([80, 32])
[2023-10-24 18:53:05,037][root][INFO] - torch.Size([2592, 17])
[2023-10-24 18:53:05,059][root][INFO] - learner outputs:torch.Size([80, 32, 6])
[2023-10-24 18:53:05,060][root][INFO] - actor outputs:torch.Size([80, 32, 6])
[2023-10-24 18:53:05,060][root][INFO] - pg_advantage outputs torch.Size([80, 32])
[2023-10-24 18:53:05,170][root][INFO] - torch.Size([2592, 17])
[2023-10-24 18:53:05,180][root][INFO] - learner outputs:torch.Size([80, 32, 6])
[2023-10-24 18:53:05,180][root][INFO] - actor outputs:torch.Size([80, 32, 6])
[2023-10-24 18:53:05,180][root][INFO] - pg_advantage outputs torch.Size([80, 32])
[2023-10-24 18:53:05,340][root][INFO] - torch.Size([2592, 17])
[2023-10-24 18:53:05,354][root][INFO] - learner outputs:torch.Size([80, 32, 6])
[2023-10-24 18:53:05,354][root][INFO] - actor outputs:torch.Size([80, 32, 6])
[2023-10-24 18:53:05,355][root][INFO] - pg_advantage outputs torch.Size([80, 32])
[2023-10-24 18:53:05,584][root][INFO] - torch.Size([2592, 17])
[2023-10-24 18:53:05,595][root][INFO] - learner outputs:torch.Size([80, 32, 6])
[2023-10-24 18:53:05,596][root][INFO] - actor outputs:torch.Size([80, 32, 6])
[2023-10-24 18:53:05,596][root][INFO] - pg_advantage outputs torch.Size([80, 32])
[2023-10-24 18:53:05,810][root][INFO] - torch.Size([2592, 17])
[2023-10-24 18:53:05,825][root][INFO] - learner outputs:torch.Size([80, 32, 6])
[2023-10-24 18:53:05,826][root][INFO] - actor outputs:torch.Size([80, 32, 6])
[2023-10-24 18:53:05,826][root][INFO] - pg_advantage outputs torch.Size([80, 32])
[2023-10-24 18:53:06,014][root][INFO] - torch.Size([2592, 17])
[2023-10-24 18:53:06,036][root][INFO] - learner outputs:torch.Size([80, 32, 6])
[2023-10-24 18:53:06,036][root][INFO] - actor outputs:torch.Size([80, 32, 6])
[2023-10-24 18:53:06,036][root][INFO] - pg_advantage outputs torch.Size([80, 32])
[2023-10-24 18:53:06,167][root][INFO] - torch.Size([2592, 17])
[2023-10-24 18:53:06,182][root][INFO] - learner outputs:torch.Size([80, 32, 6])
[2023-10-24 18:53:06,182][root][INFO] - actor outputs:torch.Size([80, 32, 6])
[2023-10-24 18:53:06,183][root][INFO] - pg_advantage outputs torch.Size([80, 32])
[2023-10-24 18:53:06,378][root][INFO] - torch.Size([2592, 17])
[2023-10-24 18:53:06,383][root][INFO] - Step 386560 @ 14831.5 SPS. Inference batcher size: 14. Learner queue size: 2. Other stats: (train_seconds = 40.0, success_rate = 0.0, step = 386560, mean_episode_return = -581.97, mean_episode_step = 458.0, total_loss = -2113.9, entropy_loss = -4.3545, pg_loss = -2119.7, baseline_loss = 10.167, learner_queue_size = 12)
[2023-10-24 18:53:06,394][root][INFO] - learner outputs:torch.Size([80, 32, 6])
[2023-10-24 18:53:06,394][root][INFO] - actor outputs:torch.Size([80, 32, 6])
[2023-10-24 18:53:06,394][root][INFO] - pg_advantage outputs torch.Size([80, 32])
[2023-10-24 18:53:06,529][root][INFO] - torch.Size([2592, 17])
[2023-10-24 18:53:06,545][root][INFO] - learner outputs:torch.Size([80, 32, 6])
[2023-10-24 18:53:06,547][root][INFO] - actor outputs:torch.Size([80, 32, 6])
[2023-10-24 18:53:06,547][root][INFO] - pg_advantage outputs torch.Size([80, 32])
[2023-10-24 18:53:06,659][root][INFO] - torch.Size([2592, 17])
[2023-10-24 18:53:06,678][root][INFO] - learner outputs:torch.Size([80, 32, 6])
[2023-10-24 18:53:06,679][root][INFO] - actor outputs:torch.Size([80, 32, 6])
[2023-10-24 18:53:06,679][root][INFO] - pg_advantage outputs torch.Size([80, 32])
[2023-10-24 18:53:06,783][root][INFO] - torch.Size([2592, 17])
[2023-10-24 18:53:06,800][root][INFO] - learner outputs:torch.Size([80, 32, 6])
[2023-10-24 18:53:06,801][root][INFO] - actor outputs:torch.Size([80, 32, 6])
[2023-10-24 18:53:06,801][root][INFO] - pg_advantage outputs torch.Size([80, 32])
[2023-10-24 18:53:06,961][root][INFO] - torch.Size([2592, 17])
[2023-10-24 18:53:06,971][root][INFO] - learner outputs:torch.Size([80, 32, 6])
[2023-10-24 18:53:06,972][root][INFO] - actor outputs:torch.Size([80, 32, 6])
[2023-10-24 18:53:06,972][root][INFO] - pg_advantage outputs torch.Size([80, 32])
[2023-10-24 18:53:07,119][root][INFO] - torch.Size([2592, 17])
[2023-10-24 18:53:07,137][root][INFO] - learner outputs:torch.Size([80, 32, 6])
[2023-10-24 18:53:07,137][root][INFO] - actor outputs:torch.Size([80, 32, 6])
[2023-10-24 18:53:07,138][root][INFO] - pg_advantage outputs torch.Size([80, 32])
[2023-10-24 18:53:07,239][root][INFO] - torch.Size([2592, 17])
[2023-10-24 18:53:07,252][root][INFO] - learner outputs:torch.Size([80, 32, 6])
[2023-10-24 18:53:07,253][root][INFO] - actor outputs:torch.Size([80, 32, 6])
[2023-10-24 18:53:07,253][root][INFO] - pg_advantage outputs torch.Size([80, 32])
[2023-10-24 18:53:07,380][root][INFO] - torch.Size([2592, 17])
[2023-10-24 18:53:07,395][root][INFO] - learner outputs:torch.Size([80, 32, 6])
[2023-10-24 18:53:07,396][root][INFO] - actor outputs:torch.Size([80, 32, 6])
[2023-10-24 18:53:07,396][root][INFO] - pg_advantage outputs torch.Size([80, 32])
[2023-10-24 18:53:07,516][root][INFO] - torch.Size([2592, 17])
[2023-10-24 18:53:07,529][root][INFO] - learner outputs:torch.Size([80, 32, 6])
[2023-10-24 18:53:07,530][root][INFO] - actor outputs:torch.Size([80, 32, 6])
[2023-10-24 18:53:07,530][root][INFO] - pg_advantage outputs torch.Size([80, 32])
[2023-10-24 18:53:07,672][root][INFO] - torch.Size([2592, 17])
[2023-10-24 18:53:07,685][root][INFO] - learner outputs:torch.Size([80, 32, 6])
[2023-10-24 18:53:07,685][root][INFO] - actor outputs:torch.Size([80, 32, 6])
[2023-10-24 18:53:07,686][root][INFO] - pg_advantage outputs torch.Size([80, 32])
[2023-10-24 18:53:07,809][root][INFO] - torch.Size([2592, 17])
[2023-10-24 18:53:07,824][root][INFO] - learner outputs:torch.Size([80, 32, 6])
[2023-10-24 18:53:07,827][root][INFO] - actor outputs:torch.Size([80, 32, 6])
[2023-10-24 18:53:07,827][root][INFO] - pg_advantage outputs torch.Size([80, 32])
[2023-10-24 18:53:07,980][root][INFO] - torch.Size([2592, 17])
[2023-10-24 18:53:07,995][root][INFO] - learner outputs:torch.Size([80, 32, 6])
[2023-10-24 18:53:07,996][root][INFO] - actor outputs:torch.Size([80, 32, 6])
[2023-10-24 18:53:07,996][root][INFO] - pg_advantage outputs torch.Size([80, 32])
