[2023-10-14 18:42:00,162][root][INFO] - name: null
wandb: false
project: skillhack
entity: your_entity_name
group: default
state_dict_path: none
foc_options_path: none
foc_options_config_path: none
teacher_path: none
teacher_config_path: none
ks_max_lambda: 10
ks_max_time: 20000000.0
ks_min_lambda_prop: 0.1
train_with_all_skills: false
penalty_per_step: 0.01
hks_max_uniform_weight: 1000
hks_min_uniform_prop: 0.05
hks_max_uniform_time: 20000000.0
tasks_json: tasks
mock: false
single_ttyrec: true
num_seeds: 0
write_profiler_trace: false
relative_reward: false
fn_penalty_step: constant
penalty_time: 0.0
penalty_step: -0.001
reward_lose: 0
reward_win: 1
character: null
save_tty: false
mode: train
env: mini_skill_fight
obs_keys: glyphs,chars,colors,specials,blstats,message
num_actors: 256
total_steps: 10000000.0
batch_size: 32
unroll_length: 80
num_learner_threads: 1
num_inference_threads: 1
disable_cuda: false
learner_device: cuda:0
actor_device: cuda:0
max_learner_queue_size: null
model: HalfCheetah
use_lstm: false
hidden_dim: 256
embedding_dim: 64
glyph_type: all_cat
equalize_input_dim: false
equalize_factor: 2
layers: 5
crop_model: cnn
crop_dim: 9
use_index_select: true
entropy_cost: 0.001
baseline_cost: 0.5
discounting: 0.999
reward_clipping: none
normalize_reward: true
learning_rate: 0.0002
grad_norm_clipping: 40
alpha: 0.99
momentum: 0
epsilon: 1.0e-06
state_counter: none
no_extrinsic: false
int:
  twoheaded: true
  input: full
  intrinsic_weight: 0.1
  discounting: 0.99
  baseline_cost: 0.5
  episodic: true
  reward_clipping: none
  normalize_reward: true
ride:
  count_norm: true
  forward_cost: 1
  inverse_cost: 0.1
  hidden_dim: 128
rnd:
  forward_cost: 0.01
msg:
  model: none
  hidden_dim: 64
  embedding_dim: 32

[2023-10-14 18:42:00,177][root][INFO] - Symlinked log directory: /opt/project/latest
[2023-10-14 18:42:00,178][root][INFO] - Creating archive directory: /opt/project/outputs/2023-10-14/18-42-00/archives
[2023-10-14 18:42:00,182][root][INFO] - Logging results to /opt/project/outputs/2023-10-14/18-42-00
[2023-10-14 18:42:00,221][palaas/out][INFO] - Found log directory: /opt/project/outputs/2023-10-14/18-42-00
[2023-10-14 18:42:00,221][palaas/out][INFO] - Saving arguments to /opt/project/outputs/2023-10-14/18-42-00/meta.json
[2023-10-14 18:42:00,222][palaas/out][INFO] - Saving messages to /opt/project/outputs/2023-10-14/18-42-00/out.log
[2023-10-14 18:42:00,222][palaas/out][INFO] - Saving logs data to /opt/project/outputs/2023-10-14/18-42-00/logs.csv
[2023-10-14 18:42:00,222][palaas/out][INFO] - Saving logs' fields to /opt/project/outputs/2023-10-14/18-42-00/fields.csv
[2023-10-14 18:42:00,222][root][INFO] - Not using CUDA.
[2023-10-14 18:42:00,228][root][INFO] - Using model HalfCheetah
[2023-10-14 18:42:00,305][root][INFO] - Number of model parameters: 11085
[2023-10-14 18:42:00,311][root][INFO] - ()
[2023-10-14 18:42:00,311][root][INFO] - After actor pool
[2023-10-14 18:42:00,600][root][INFO] - <All keys matched successfully>
[2023-10-14 18:42:00,600][root][INFO] - The model states is ()
[2023-10-14 18:42:00,606][nle.env.base][INFO] - Not saving any NLE data.
[2023-10-14 18:42:00,606][nle.env.base][INFO] - Not saving any NLE data.
[2023-10-14 18:42:00,606][nle.env.base][INFO] - Not saving any NLE data.
[2023-10-14 18:42:00,608][nle.env.base][INFO] - Not saving any NLE data.
[2023-10-14 18:42:00,609][nle.env.base][INFO] - Not saving any NLE data.
[2023-10-14 18:42:00,610][nle.env.base][INFO] - Not saving any NLE data.
[2023-10-14 18:42:00,615][nle.env.base][INFO] - Not saving any NLE data.
[2023-10-14 18:42:00,615][nle.env.base][INFO] - Not saving any NLE data.
[2023-10-14 18:42:00,617][nle.env.base][INFO] - Not saving any NLE data.
[2023-10-14 18:42:00,617][nle.env.base][INFO] - Not saving any NLE data.
[2023-10-14 18:42:00,617][nle.env.base][INFO] - Not saving any NLE data.
[2023-10-14 18:42:00,617][nle.env.base][INFO] - Not saving any NLE data.
[2023-10-14 18:42:00,618][nle.env.base][INFO] - Not saving any NLE data.
[2023-10-14 18:42:00,618][nle.env.base][INFO] - Not saving any NLE data.
[2023-10-14 18:42:00,618][nle.env.base][INFO] - Not saving any NLE data.
[2023-10-14 18:42:00,619][nle.env.base][INFO] - Not saving any NLE data.
[2023-10-14 18:42:00,619][nle.env.base][INFO] - Not saving any NLE data.
[2023-10-14 18:42:00,619][nle.env.base][INFO] - Not saving any NLE data.
[2023-10-14 18:42:00,620][nle.env.base][INFO] - Not saving any NLE data.
[2023-10-14 18:42:00,620][nle.env.base][INFO] - Not saving any NLE data.
[2023-10-14 18:42:00,620][nle.env.base][INFO] - Not saving any NLE data.
[2023-10-14 18:42:00,621][nle.env.base][INFO] - Not saving any NLE data.
[2023-10-14 18:42:00,622][nle.env.base][INFO] - Not saving any NLE data.
[2023-10-14 18:42:00,623][nle.env.base][INFO] - Not saving any NLE data.
[2023-10-14 18:42:00,623][nle.env.base][INFO] - Not saving any NLE data.
[2023-10-14 18:42:00,623][nle.env.base][INFO] - Not saving any NLE data.
[2023-10-14 18:42:00,623][nle.env.base][INFO] - Not saving any NLE data.
[2023-10-14 18:42:00,623][nle.env.base][INFO] - Not saving any NLE data.
[2023-10-14 18:42:00,623][nle.env.base][INFO] - Not saving any NLE data.
[2023-10-14 18:42:00,623][nle.env.base][INFO] - Not saving any NLE data.
[2023-10-14 18:42:00,623][nle.env.base][INFO] - Not saving any NLE data.
[2023-10-14 18:42:00,625][nle.env.base][INFO] - Not saving any NLE data.
[2023-10-14 18:42:00,625][nle.env.base][INFO] - Not saving any NLE data.
[2023-10-14 18:42:00,625][nle.env.base][INFO] - Not saving any NLE data.
[2023-10-14 18:42:00,626][nle.env.base][INFO] - Not saving any NLE data.
[2023-10-14 18:42:00,626][nle.env.base][INFO] - Not saving any NLE data.
[2023-10-14 18:42:00,626][nle.env.base][INFO] - Not saving any NLE data.
[2023-10-14 18:42:00,626][nle.env.base][INFO] - Not saving any NLE data.
[2023-10-14 18:42:00,621][nle.env.base][INFO] - Not saving any NLE data.
[2023-10-14 18:42:00,626][nle.env.base][INFO] - Not saving any NLE data.
[2023-10-14 18:42:00,626][nle.env.base][INFO] - Not saving any NLE data.
[2023-10-14 18:42:00,627][nle.env.base][INFO] - Not saving any NLE data.
[2023-10-14 18:42:00,628][nle.env.base][INFO] - Not saving any NLE data.
[2023-10-14 18:42:00,628][nle.env.base][INFO] - Not saving any NLE data.
[2023-10-14 18:42:00,628][nle.env.base][INFO] - Not saving any NLE data.
[2023-10-14 18:42:00,628][nle.env.base][INFO] - Not saving any NLE data.
[2023-10-14 18:42:00,629][nle.env.base][INFO] - Not saving any NLE data.
[2023-10-14 18:42:00,629][nle.env.base][INFO] - Not saving any NLE data.
[2023-10-14 18:42:00,623][nle.env.base][INFO] - Not saving any NLE data.
[2023-10-14 18:42:00,629][nle.env.base][INFO] - Not saving any NLE data.
[2023-10-14 18:42:00,622][nle.env.base][INFO] - Not saving any NLE data.
[2023-10-14 18:42:00,631][nle.env.base][INFO] - Not saving any NLE data.
[2023-10-14 18:42:00,632][nle.env.base][INFO] - Not saving any NLE data.
[2023-10-14 18:42:00,632][nle.env.base][INFO] - Not saving any NLE data.
[2023-10-14 18:42:00,634][nle.env.base][INFO] - Not saving any NLE data.
[2023-10-14 18:42:00,631][nle.env.base][INFO] - Not saving any NLE data.
[2023-10-14 18:42:00,640][nle.env.base][INFO] - Not saving any NLE data.
[2023-10-14 18:42:00,646][nle.env.base][INFO] - Not saving any NLE data.
[2023-10-14 18:42:00,650][nle.env.base][INFO] - Not saving any NLE data.
[2023-10-14 18:42:00,650][nle.env.base][INFO] - Not saving any NLE data.
[2023-10-14 18:42:00,654][nle.env.base][INFO] - Not saving any NLE data.
[2023-10-14 18:42:00,666][nle.env.base][INFO] - Not saving any NLE data.
[2023-10-14 18:42:00,669][nle.env.base][INFO] - Not saving any NLE data.
[2023-10-14 18:42:00,715][root][INFO] - <MiniHackSkillFight instance>
[2023-10-14 18:42:00,729][root][INFO] - <MiniHackSkillFight instance>
[2023-10-14 18:42:00,745][root][INFO] - <MiniHackSkillFight instance>
[2023-10-14 18:42:00,749][nle.env.base][INFO] - Not saving any NLE data.
[2023-10-14 18:42:00,764][nle.env.base][INFO] - Not saving any NLE data.
[2023-10-14 18:42:00,764][nle.env.base][INFO] - Not saving any NLE data.
[2023-10-14 18:42:00,765][nle.env.base][INFO] - Not saving any NLE data.
[2023-10-14 18:42:00,769][root][INFO] - <MiniHackSkillFight instance>
[2023-10-14 18:42:00,770][root][INFO] - <MiniHackSkillFight instance>
[2023-10-14 18:42:00,769][root][INFO] - <MiniHackSkillFight instance>
[2023-10-14 18:42:00,770][root][INFO] - <MiniHackSkillFight instance>
[2023-10-14 18:42:00,773][nle.env.base][INFO] - Not saving any NLE data.
[2023-10-14 18:42:00,774][root][INFO] - <MiniHackSkillFight instance>
[2023-10-14 18:42:00,776][root][INFO] - <MiniHackSkillFight instance>
[2023-10-14 18:42:00,776][nle.env.base][INFO] - Not saving any NLE data.
[2023-10-14 18:42:00,789][root][INFO] - <MiniHackSkillFight instance>
[2023-10-14 18:42:00,794][root][INFO] - <MiniHackSkillFight instance>
[2023-10-14 18:42:00,751][root][CRITICAL] - {'blstats': tensor([[[39,  9, 17, 17, 14, 17,  9,  9,  9,  0, 16, 16,  1,  0,  2,  2,  8,
           0,  1,  0,  1,  1,  0,  0,  1,  0,  1]]]), 'chars': tensor([[[[32, 32, 32,  ..., 32, 32, 32],
          [32, 32, 32,  ..., 32, 32, 32],
          [32, 32, 32,  ..., 32, 32, 32],
          ...,
          [32, 32, 32,  ..., 32, 32, 32],
          [32, 32, 32,  ..., 32, 32, 32],
          [32, 32, 32,  ..., 32, 32, 32]]]], dtype=torch.uint8), 'colors': tensor([[[[0, 0, 0,  ..., 0, 0, 0],
          [0, 0, 0,  ..., 0, 0, 0],
          [0, 0, 0,  ..., 0, 0, 0],
          ...,
          [0, 0, 0,  ..., 0, 0, 0],
          [0, 0, 0,  ..., 0, 0, 0],
          [0, 0, 0,  ..., 0, 0, 0]]]], dtype=torch.uint8), 'done': tensor([[True]]), 'glyphs': tensor([[[[2359, 2359, 2359,  ..., 2359, 2359, 2359],
          [2359, 2359, 2359,  ..., 2359, 2359, 2359],
          [2359, 2359, 2359,  ..., 2359, 2359, 2359],
          ...,
          [2359, 2359, 2359,  ..., 2359, 2359, 2359],
          [2359, 2359, 2359,  ..., 2359, 2359, 2359],
          [2359, 2359, 2359,  ..., 2359, 2359, 2359]]]], dtype=torch.int16), 'message': tensor([[[ 66, 101,  32,  99,  97, 114, 101, 102, 117, 108,  33,  32,  32,  78,
          101, 119,  32, 109, 111, 111, 110,  32, 116, 111, 110, 105, 103, 104,
          116,  46,   0,   0,   0,   0,   0,   0,   0,   0,   0,   0,   0,   0,
            0,   0,   0,   0,   0,   0,   0,   0,   0,   0,   0,   0,   0,   0,
            0,   0,   0,   0,   0,   0,   0,   0,   0,   0,   0,   0,   0,   0,
            0,   0,   0,   0,   0,   0,   0,   0,   0,   0,   0,   0,   0,   0,
            0,   0,   0,   0,   0,   0,   0,   0,   0,   0,   0,   0,   0,   0,
            0,   0,   0,   0,   0,   0,   0,   0,   0,   0,   0,   0,   0,   0,
            0,   0,   0,   0,   0,   0,   0,   0,   0,   0,   0,   0,   0,   0,
            0,   0,   0,   0,   0,   0,   0,   0,   0,   0,   0,   0,   0,   0,
            0,   0,   0,   0,   0,   0,   0,   0,   0,   0,   0,   0,   0,   0,
            0,   0,   0,   0,   0,   0,   0,   0,   0,   0,   0,   0,   0,   0,
            0,   0,   0,   0,   0,   0,   0,   0,   0,   0,   0,   0,   0,   0,
            0,   0,   0,   0,   0,   0,   0,   0,   0,   0,   0,   0,   0,   0,
            0,   0,   0,   0,   0,   0,   0,   0,   0,   0,   0,   0,   0,   0,
            0,   0,   0,   0,   0,   0,   0,   0,   0,   0,   0,   0,   0,   0,
            0,   0,   0,   0,   0,   0,   0,   0,   0,   0,   0,   0,   0,   0,
            0,   0,   0,   0,   0,   0,   0,   0,   0,   0,   0,   0,   0,   0,
            0,   0,   0,   0]]], dtype=torch.uint8), 'specials': tensor([[[[0, 0, 0,  ..., 0, 0, 0],
          [0, 0, 0,  ..., 0, 0, 0],
          [0, 0, 0,  ..., 0, 0, 0],
          ...,
          [0, 0, 0,  ..., 0, 0, 0],
          [0, 0, 0,  ..., 0, 0, 0],
          [0, 0, 0,  ..., 0, 0, 0]]]], dtype=torch.uint8)}
[2023-10-14 18:42:00,805][root][INFO] - <MiniHackSkillFight instance>
[2023-10-14 18:42:00,807][root][INFO] - <MiniHackSkillFight instance>
[2023-10-14 18:42:00,812][root][INFO] - <MiniHackSkillFight instance>
[2023-10-14 18:42:00,821][root][INFO] - <MiniHackSkillFight instance>
[2023-10-14 18:42:00,823][root][INFO] - <MiniHackSkillFight instance>
[2023-10-14 18:42:00,824][root][INFO] - <MiniHackSkillFight instance>
[2023-10-14 18:42:00,824][root][INFO] - <MiniHackSkillFight instance>
[2023-10-14 18:42:00,829][root][INFO] - <MiniHackSkillFight instance>
[2023-10-14 18:42:00,832][root][INFO] - <MiniHackSkillFight instance>
[2023-10-14 18:42:00,843][root][INFO] - <MiniHackSkillFight instance>
[2023-10-14 18:42:00,863][root][INFO] - <MiniHackSkillFight instance>
[2023-10-14 18:42:00,864][root][INFO] - <MiniHackSkillFight instance>
[2023-10-14 18:42:00,866][root][INFO] - <MiniHackSkillFight instance>
[2023-10-14 18:42:00,875][root][INFO] - <MiniHackSkillFight instance>
[2023-10-14 18:42:00,877][root][INFO] - <MiniHackSkillFight instance>
[2023-10-14 18:42:00,882][root][INFO] - <MiniHackSkillFight instance>
[2023-10-14 18:42:00,888][root][INFO] - <MiniHackSkillFight instance>
[2023-10-14 18:42:00,888][root][INFO] - <MiniHackSkillFight instance>
[2023-10-14 18:42:00,889][root][INFO] - <MiniHackSkillFight instance>
[2023-10-14 18:42:00,889][root][INFO] - <MiniHackSkillFight instance>
[2023-10-14 18:42:00,893][root][INFO] - <MiniHackSkillFight instance>
[2023-10-14 18:42:00,895][root][INFO] - <MiniHackSkillFight instance>
[2023-10-14 18:42:00,897][root][INFO] - <MiniHackSkillFight instance>
[2023-10-14 18:42:00,897][root][INFO] - <MiniHackSkillFight instance>
[2023-10-14 18:42:00,904][root][INFO] - <MiniHackSkillFight instance>
[2023-10-14 18:42:00,904][root][INFO] - <MiniHackSkillFight instance>
[2023-10-14 18:42:00,905][root][INFO] - <MiniHackSkillFight instance>
[2023-10-14 18:42:00,906][root][INFO] - <MiniHackSkillFight instance>
[2023-10-14 18:42:00,908][root][INFO] - <MiniHackSkillFight instance>
[2023-10-14 18:42:00,908][root][INFO] - <MiniHackSkillFight instance>
[2023-10-14 18:42:00,909][root][INFO] - <MiniHackSkillFight instance>
[2023-10-14 18:42:00,911][root][INFO] - <MiniHackSkillFight instance>
[2023-10-14 18:42:00,911][root][INFO] - <MiniHackSkillFight instance>
[2023-10-14 18:42:00,913][root][INFO] - <MiniHackSkillFight instance>
[2023-10-14 18:42:00,918][root][INFO] - <MiniHackSkillFight instance>
[2023-10-14 18:42:00,918][root][INFO] - <MiniHackSkillFight instance>
[2023-10-14 18:42:00,918][root][INFO] - <MiniHackSkillFight instance>
[2023-10-14 18:42:00,918][root][INFO] - <MiniHackSkillFight instance>
[2023-10-14 18:42:00,918][root][INFO] - <MiniHackSkillFight instance>
[2023-10-14 18:42:00,919][root][INFO] - <MiniHackSkillFight instance>
[2023-10-14 18:42:00,919][root][INFO] - <MiniHackSkillFight instance>
[2023-10-14 18:42:00,919][root][INFO] - <MiniHackSkillFight instance>
[2023-10-14 18:42:00,920][root][INFO] - <MiniHackSkillFight instance>
[2023-10-14 18:42:00,920][root][INFO] - <MiniHackSkillFight instance>
[2023-10-14 18:42:00,920][root][INFO] - <MiniHackSkillFight instance>
[2023-10-14 18:42:00,921][root][INFO] - <MiniHackSkillFight instance>
[2023-10-14 18:42:00,924][root][INFO] - <MiniHackSkillFight instance>
[2023-10-14 18:42:00,924][root][INFO] - <MiniHackSkillFight instance>
[2023-10-14 18:42:00,925][root][INFO] - <MiniHackSkillFight instance>
[2023-10-14 18:42:00,925][root][INFO] - <MiniHackSkillFight instance>
[2023-10-14 18:42:00,926][root][INFO] - <MiniHackSkillFight instance>
[2023-10-14 18:42:00,928][root][INFO] - <MiniHackSkillFight instance>
[2023-10-14 18:42:00,928][root][INFO] - <MiniHackSkillFight instance>
[2023-10-14 18:42:00,929][root][INFO] - <MiniHackSkillFight instance>
[2023-10-14 18:42:00,929][root][INFO] - <MiniHackSkillFight instance>
[2023-10-14 18:42:00,929][root][INFO] - <MiniHackSkillFight instance>
[2023-10-14 18:42:00,930][root][INFO] - <MiniHackSkillFight instance>
[2023-10-14 18:42:00,937][root][INFO] - <MiniHackSkillFight instance>
[2023-10-14 18:42:01,606][nle.env.base][INFO] - Not saving any NLE data.
[2023-10-14 18:42:01,606][nle.env.base][INFO] - Not saving any NLE data.
[2023-10-14 18:42:01,606][nle.env.base][INFO] - Not saving any NLE data.
[2023-10-14 18:42:01,606][nle.env.base][INFO] - Not saving any NLE data.
[2023-10-14 18:42:01,606][nle.env.base][INFO] - Not saving any NLE data.
[2023-10-14 18:42:01,606][nle.env.base][INFO] - Not saving any NLE data.
[2023-10-14 18:42:01,606][nle.env.base][INFO] - Not saving any NLE data.
[2023-10-14 18:42:01,609][nle.env.base][INFO] - Not saving any NLE data.
[2023-10-14 18:42:01,609][nle.env.base][INFO] - Not saving any NLE data.
[2023-10-14 18:42:01,609][nle.env.base][INFO] - Not saving any NLE data.
[2023-10-14 18:42:01,610][nle.env.base][INFO] - Not saving any NLE data.
[2023-10-14 18:42:01,610][nle.env.base][INFO] - Not saving any NLE data.
[2023-10-14 18:42:01,610][nle.env.base][INFO] - Not saving any NLE data.
[2023-10-14 18:42:01,609][nle.env.base][INFO] - Not saving any NLE data.
[2023-10-14 18:42:01,610][nle.env.base][INFO] - Not saving any NLE data.
[2023-10-14 18:42:01,610][nle.env.base][INFO] - Not saving any NLE data.
[2023-10-14 18:42:01,611][nle.env.base][INFO] - Not saving any NLE data.
[2023-10-14 18:42:01,613][nle.env.base][INFO] - Not saving any NLE data.
[2023-10-14 18:42:01,614][nle.env.base][INFO] - Not saving any NLE data.
[2023-10-14 18:42:01,613][nle.env.base][INFO] - Not saving any NLE data.
[2023-10-14 18:42:01,615][nle.env.base][INFO] - Not saving any NLE data.
[2023-10-14 18:42:01,622][nle.env.base][INFO] - Not saving any NLE data.
[2023-10-14 18:42:01,622][nle.env.base][INFO] - Not saving any NLE data.
[2023-10-14 18:42:01,641][nle.env.base][INFO] - Not saving any NLE data.
[2023-10-14 18:42:01,666][nle.env.base][INFO] - Not saving any NLE data.
[2023-10-14 18:42:01,674][nle.env.base][INFO] - Not saving any NLE data.
[2023-10-14 18:42:01,683][nle.env.base][INFO] - Not saving any NLE data.
[2023-10-14 18:42:01,683][nle.env.base][INFO] - Not saving any NLE data.
[2023-10-14 18:42:01,683][nle.env.base][INFO] - Not saving any NLE data.
[2023-10-14 18:42:01,683][nle.env.base][INFO] - Not saving any NLE data.
[2023-10-14 18:42:01,683][nle.env.base][INFO] - Not saving any NLE data.
[2023-10-14 18:42:01,686][nle.env.base][INFO] - Not saving any NLE data.
[2023-10-14 18:42:01,689][nle.env.base][INFO] - Not saving any NLE data.
[2023-10-14 18:42:01,695][nle.env.base][INFO] - Not saving any NLE data.
[2023-10-14 18:42:01,695][nle.env.base][INFO] - Not saving any NLE data.
[2023-10-14 18:42:01,695][nle.env.base][INFO] - Not saving any NLE data.
[2023-10-14 18:42:01,696][nle.env.base][INFO] - Not saving any NLE data.
[2023-10-14 18:42:01,696][nle.env.base][INFO] - Not saving any NLE data.
[2023-10-14 18:42:01,702][nle.env.base][INFO] - Not saving any NLE data.
[2023-10-14 18:42:01,702][nle.env.base][INFO] - Not saving any NLE data.
[2023-10-14 18:42:01,716][root][INFO] - <MiniHackSkillFight instance>
[2023-10-14 18:42:01,719][nle.env.base][INFO] - Not saving any NLE data.
[2023-10-14 18:42:01,719][nle.env.base][INFO] - Not saving any NLE data.
[2023-10-14 18:42:01,719][nle.env.base][INFO] - Not saving any NLE data.
[2023-10-14 18:42:01,719][nle.env.base][INFO] - Not saving any NLE data.
[2023-10-14 18:42:01,719][nle.env.base][INFO] - Not saving any NLE data.
[2023-10-14 18:42:01,719][nle.env.base][INFO] - Not saving any NLE data.
[2023-10-14 18:42:01,719][nle.env.base][INFO] - Not saving any NLE data.
[2023-10-14 18:42:01,719][nle.env.base][INFO] - Not saving any NLE data.
[2023-10-14 18:42:01,719][nle.env.base][INFO] - Not saving any NLE data.
[2023-10-14 18:42:01,719][nle.env.base][INFO] - Not saving any NLE data.
[2023-10-14 18:42:01,725][nle.env.base][INFO] - Not saving any NLE data.
[2023-10-14 18:42:01,725][nle.env.base][INFO] - Not saving any NLE data.
[2023-10-14 18:42:01,725][nle.env.base][INFO] - Not saving any NLE data.
[2023-10-14 18:42:01,729][nle.env.base][INFO] - Not saving any NLE data.
[2023-10-14 18:42:01,730][nle.env.base][INFO] - Not saving any NLE data.
[2023-10-14 18:42:01,729][nle.env.base][INFO] - Not saving any NLE data.
[2023-10-14 18:42:01,733][nle.env.base][INFO] - Not saving any NLE data.
[2023-10-14 18:42:01,734][nle.env.base][INFO] - Not saving any NLE data.
[2023-10-14 18:42:01,738][nle.env.base][INFO] - Not saving any NLE data.
[2023-10-14 18:42:01,740][nle.env.base][INFO] - Not saving any NLE data.
[2023-10-14 18:42:01,725][nle.env.base][INFO] - Not saving any NLE data.
[2023-10-14 18:42:01,742][nle.env.base][INFO] - Not saving any NLE data.
[2023-10-14 18:42:01,742][nle.env.base][INFO] - Not saving any NLE data.
[2023-10-14 18:42:01,742][nle.env.base][INFO] - Not saving any NLE data.
[2023-10-14 18:42:01,742][nle.env.base][INFO] - Not saving any NLE data.
[2023-10-14 18:42:01,743][nle.env.base][INFO] - Not saving any NLE data.
[2023-10-14 18:42:01,745][nle.env.base][INFO] - Not saving any NLE data.
[2023-10-14 18:42:01,740][nle.env.base][INFO] - Not saving any NLE data.
[2023-10-14 18:42:01,749][nle.env.base][INFO] - Not saving any NLE data.
[2023-10-14 18:42:01,749][nle.env.base][INFO] - Not saving any NLE data.
[2023-10-14 18:42:01,753][nle.env.base][INFO] - Not saving any NLE data.
[2023-10-14 18:42:01,754][nle.env.base][INFO] - Not saving any NLE data.
[2023-10-14 18:42:01,763][nle.env.base][INFO] - Not saving any NLE data.
[2023-10-14 18:42:01,770][nle.env.base][INFO] - Not saving any NLE data.
[2023-10-14 18:42:01,772][nle.env.base][INFO] - Not saving any NLE data.
[2023-10-14 18:42:01,773][nle.env.base][INFO] - Not saving any NLE data.
[2023-10-14 18:42:01,782][nle.env.base][INFO] - Not saving any NLE data.
[2023-10-14 18:42:01,782][nle.env.base][INFO] - Not saving any NLE data.
[2023-10-14 18:42:01,782][nle.env.base][INFO] - Not saving any NLE data.
[2023-10-14 18:42:01,786][nle.env.base][INFO] - Not saving any NLE data.
[2023-10-14 18:42:01,788][nle.env.base][INFO] - Not saving any NLE data.
[2023-10-14 18:42:01,789][nle.env.base][INFO] - Not saving any NLE data.
[2023-10-14 18:42:01,792][nle.env.base][INFO] - Not saving any NLE data.
[2023-10-14 18:42:01,795][nle.env.base][INFO] - Not saving any NLE data.
[2023-10-14 18:42:01,797][nle.env.base][INFO] - Not saving any NLE data.
[2023-10-14 18:42:01,798][nle.env.base][INFO] - Not saving any NLE data.
[2023-10-14 18:42:01,800][nle.env.base][INFO] - Not saving any NLE data.
[2023-10-14 18:42:01,801][nle.env.base][INFO] - Not saving any NLE data.
[2023-10-14 18:42:01,802][nle.env.base][INFO] - Not saving any NLE data.
[2023-10-14 18:42:01,806][nle.env.base][INFO] - Not saving any NLE data.
[2023-10-14 18:42:01,806][nle.env.base][INFO] - Not saving any NLE data.
[2023-10-14 18:42:01,807][nle.env.base][INFO] - Not saving any NLE data.
[2023-10-14 18:42:01,809][nle.env.base][INFO] - Not saving any NLE data.
[2023-10-14 18:42:01,809][nle.env.base][INFO] - Not saving any NLE data.
[2023-10-14 18:42:01,809][nle.env.base][INFO] - Not saving any NLE data.
[2023-10-14 18:42:01,809][nle.env.base][INFO] - Not saving any NLE data.
[2023-10-14 18:42:01,812][nle.env.base][INFO] - Not saving any NLE data.
[2023-10-14 18:42:01,814][nle.env.base][INFO] - Not saving any NLE data.
[2023-10-14 18:42:01,818][nle.env.base][INFO] - Not saving any NLE data.
[2023-10-14 18:42:01,822][nle.env.base][INFO] - Not saving any NLE data.
[2023-10-14 18:42:01,822][nle.env.base][INFO] - Not saving any NLE data.
[2023-10-14 18:42:01,825][nle.env.base][INFO] - Not saving any NLE data.
[2023-10-14 18:42:01,825][nle.env.base][INFO] - Not saving any NLE data.
[2023-10-14 18:42:01,826][nle.env.base][INFO] - Not saving any NLE data.
[2023-10-14 18:42:01,826][nle.env.base][INFO] - Not saving any NLE data.
[2023-10-14 18:42:01,827][nle.env.base][INFO] - Not saving any NLE data.
[2023-10-14 18:42:01,827][nle.env.base][INFO] - Not saving any NLE data.
[2023-10-14 18:42:01,829][nle.env.base][INFO] - Not saving any NLE data.
[2023-10-14 18:42:01,834][nle.env.base][INFO] - Not saving any NLE data.
[2023-10-14 18:42:01,834][nle.env.base][INFO] - Not saving any NLE data.
[2023-10-14 18:42:01,838][nle.env.base][INFO] - Not saving any NLE data.
[2023-10-14 18:42:01,842][nle.env.base][INFO] - Not saving any NLE data.
[2023-10-14 18:42:01,838][nle.env.base][INFO] - Not saving any NLE data.
[2023-10-14 18:42:01,850][nle.env.base][INFO] - Not saving any NLE data.
[2023-10-14 18:42:01,858][root][INFO] - <MiniHackSkillFight instance>
[2023-10-14 18:42:01,868][root][INFO] - <MiniHackSkillFight instance>
[2023-10-14 18:42:01,879][root][INFO] - <MiniHackSkillFight instance>
[2023-10-14 18:42:01,882][root][INFO] - <MiniHackSkillFight instance>
[2023-10-14 18:42:01,884][root][INFO] - <MiniHackSkillFight instance>
[2023-10-14 18:42:01,888][root][INFO] - <MiniHackSkillFight instance>
[2023-10-14 18:42:01,890][root][INFO] - <MiniHackSkillFight instance>
[2023-10-14 18:42:01,890][root][INFO] - <MiniHackSkillFight instance>
[2023-10-14 18:42:01,905][nle.env.base][INFO] - Not saving any NLE data.
[2023-10-14 18:42:01,905][nle.env.base][INFO] - Not saving any NLE data.
[2023-10-14 18:42:01,905][nle.env.base][INFO] - Not saving any NLE data.
[2023-10-14 18:42:01,910][nle.env.base][INFO] - Not saving any NLE data.
[2023-10-14 18:42:01,913][nle.env.base][INFO] - Not saving any NLE data.
[2023-10-14 18:42:01,919][root][INFO] - <MiniHackSkillFight instance>
[2023-10-14 18:42:01,919][root][INFO] - <MiniHackSkillFight instance>
[2023-10-14 18:42:01,921][nle.env.base][INFO] - Not saving any NLE data.
[2023-10-14 18:42:01,921][nle.env.base][INFO] - Not saving any NLE data.
[2023-10-14 18:42:01,921][nle.env.base][INFO] - Not saving any NLE data.
[2023-10-14 18:42:01,929][nle.env.base][INFO] - Not saving any NLE data.
[2023-10-14 18:42:01,938][nle.env.base][INFO] - Not saving any NLE data.
[2023-10-14 18:42:01,938][nle.env.base][INFO] - Not saving any NLE data.
[2023-10-14 18:42:01,938][nle.env.base][INFO] - Not saving any NLE data.
[2023-10-14 18:42:01,942][root][INFO] - <MiniHackSkillFight instance>
[2023-10-14 18:42:01,944][root][INFO] - <MiniHackSkillFight instance>
[2023-10-14 18:42:01,950][nle.env.base][INFO] - Not saving any NLE data.
[2023-10-14 18:42:01,950][nle.env.base][INFO] - Not saving any NLE data.
[2023-10-14 18:42:01,953][root][INFO] - <MiniHackSkillFight instance>
[2023-10-14 18:42:01,954][nle.env.base][INFO] - Not saving any NLE data.
[2023-10-14 18:42:01,959][root][INFO] - <MiniHackSkillFight instance>
[2023-10-14 18:42:01,968][root][INFO] - <MiniHackSkillFight instance>
[2023-10-14 18:42:01,969][root][INFO] - <MiniHackSkillFight instance>
[2023-10-14 18:42:01,976][root][INFO] - <MiniHackSkillFight instance>
[2023-10-14 18:42:01,984][root][INFO] - <MiniHackSkillFight instance>
[2023-10-14 18:42:01,987][root][INFO] - <MiniHackSkillFight instance>
[2023-10-14 18:42:02,002][root][INFO] - <MiniHackSkillFight instance>
[2023-10-14 18:42:02,006][root][INFO] - <MiniHackSkillFight instance>
[2023-10-14 18:42:02,006][root][INFO] - <MiniHackSkillFight instance>
[2023-10-14 18:42:02,009][root][INFO] - <MiniHackSkillFight instance>
[2023-10-14 18:42:02,013][root][INFO] - <MiniHackSkillFight instance>
[2023-10-14 18:42:02,030][root][INFO] - <MiniHackSkillFight instance>
[2023-10-14 18:42:02,030][root][INFO] - <MiniHackSkillFight instance>
[2023-10-14 18:42:02,033][root][INFO] - <MiniHackSkillFight instance>
[2023-10-14 18:42:02,038][root][INFO] - <MiniHackSkillFight instance>
[2023-10-14 18:42:02,038][root][INFO] - <MiniHackSkillFight instance>
[2023-10-14 18:42:02,041][root][INFO] - <MiniHackSkillFight instance>
[2023-10-14 18:42:02,041][root][INFO] - <MiniHackSkillFight instance>
[2023-10-14 18:42:02,053][root][INFO] - <MiniHackSkillFight instance>
[2023-10-14 18:42:02,054][root][INFO] - <MiniHackSkillFight instance>
[2023-10-14 18:42:02,055][root][INFO] - <MiniHackSkillFight instance>
[2023-10-14 18:42:02,058][root][INFO] - <MiniHackSkillFight instance>
[2023-10-14 18:42:02,064][root][INFO] - <MiniHackSkillFight instance>
[2023-10-14 18:42:02,067][root][INFO] - <MiniHackSkillFight instance>
[2023-10-14 18:42:02,069][root][INFO] - <MiniHackSkillFight instance>
[2023-10-14 18:42:02,071][root][INFO] - <MiniHackSkillFight instance>
[2023-10-14 18:42:02,083][root][INFO] - <MiniHackSkillFight instance>
[2023-10-14 18:42:02,089][root][INFO] - <MiniHackSkillFight instance>
[2023-10-14 18:42:02,090][root][INFO] - <MiniHackSkillFight instance>
[2023-10-14 18:42:02,095][root][INFO] - <MiniHackSkillFight instance>
[2023-10-14 18:42:02,097][root][INFO] - <MiniHackSkillFight instance>
[2023-10-14 18:42:02,098][root][INFO] - <MiniHackSkillFight instance>
[2023-10-14 18:42:02,104][root][INFO] - <MiniHackSkillFight instance>
[2023-10-14 18:42:02,105][root][INFO] - <MiniHackSkillFight instance>
[2023-10-14 18:42:02,105][root][INFO] - <MiniHackSkillFight instance>
[2023-10-14 18:42:02,106][root][INFO] - <MiniHackSkillFight instance>
[2023-10-14 18:42:02,107][root][INFO] - <MiniHackSkillFight instance>
[2023-10-14 18:42:02,110][root][INFO] - <MiniHackSkillFight instance>
[2023-10-14 18:42:02,110][root][INFO] - <MiniHackSkillFight instance>
[2023-10-14 18:42:02,111][root][INFO] - <MiniHackSkillFight instance>
[2023-10-14 18:42:02,111][root][INFO] - <MiniHackSkillFight instance>
[2023-10-14 18:42:02,118][root][INFO] - <MiniHackSkillFight instance>
[2023-10-14 18:42:02,118][root][INFO] - <MiniHackSkillFight instance>
[2023-10-14 18:42:02,120][root][INFO] - <MiniHackSkillFight instance>
[2023-10-14 18:42:02,120][root][INFO] - <MiniHackSkillFight instance>
[2023-10-14 18:42:02,121][root][INFO] - <MiniHackSkillFight instance>
[2023-10-14 18:42:02,126][root][INFO] - <MiniHackSkillFight instance>
[2023-10-14 18:42:02,128][root][INFO] - <MiniHackSkillFight instance>
[2023-10-14 18:42:02,129][root][INFO] - <MiniHackSkillFight instance>
[2023-10-14 18:42:02,129][root][INFO] - <MiniHackSkillFight instance>
[2023-10-14 18:42:02,129][root][INFO] - <MiniHackSkillFight instance>
[2023-10-14 18:42:02,131][root][INFO] - <MiniHackSkillFight instance>
[2023-10-14 18:42:02,135][root][INFO] - <MiniHackSkillFight instance>
[2023-10-14 18:42:02,136][root][INFO] - <MiniHackSkillFight instance>
[2023-10-14 18:42:02,139][root][INFO] - <MiniHackSkillFight instance>
[2023-10-14 18:42:02,139][root][INFO] - <MiniHackSkillFight instance>
[2023-10-14 18:42:02,141][root][INFO] - <MiniHackSkillFight instance>
[2023-10-14 18:42:02,142][root][INFO] - <MiniHackSkillFight instance>
[2023-10-14 18:42:02,145][root][INFO] - <MiniHackSkillFight instance>
[2023-10-14 18:42:02,146][root][INFO] - <MiniHackSkillFight instance>
[2023-10-14 18:42:02,147][root][INFO] - <MiniHackSkillFight instance>
[2023-10-14 18:42:02,147][root][INFO] - <MiniHackSkillFight instance>
[2023-10-14 18:42:02,148][root][INFO] - <MiniHackSkillFight instance>
[2023-10-14 18:42:02,150][root][INFO] - <MiniHackSkillFight instance>
[2023-10-14 18:42:02,152][root][INFO] - <MiniHackSkillFight instance>
[2023-10-14 18:42:02,155][root][INFO] - <MiniHackSkillFight instance>
[2023-10-14 18:42:02,155][root][INFO] - <MiniHackSkillFight instance>
[2023-10-14 18:42:02,156][root][INFO] - <MiniHackSkillFight instance>
[2023-10-14 18:42:02,156][root][INFO] - <MiniHackSkillFight instance>
[2023-10-14 18:42:02,157][root][INFO] - <MiniHackSkillFight instance>
[2023-10-14 18:42:02,157][root][INFO] - <MiniHackSkillFight instance>
[2023-10-14 18:42:02,161][root][INFO] - <MiniHackSkillFight instance>
[2023-10-14 18:42:02,165][root][INFO] - <MiniHackSkillFight instance>
[2023-10-14 18:42:02,165][root][INFO] - <MiniHackSkillFight instance>
[2023-10-14 18:42:02,165][root][INFO] - <MiniHackSkillFight instance>
[2023-10-14 18:42:02,167][root][INFO] - <MiniHackSkillFight instance>
[2023-10-14 18:42:02,167][root][INFO] - <MiniHackSkillFight instance>
[2023-10-14 18:42:02,168][root][INFO] - <MiniHackSkillFight instance>
[2023-10-14 18:42:02,168][root][INFO] - <MiniHackSkillFight instance>
[2023-10-14 18:42:02,168][root][INFO] - <MiniHackSkillFight instance>
[2023-10-14 18:42:02,169][root][INFO] - <MiniHackSkillFight instance>
[2023-10-14 18:42:02,169][root][INFO] - <MiniHackSkillFight instance>
[2023-10-14 18:42:02,172][root][INFO] - <MiniHackSkillFight instance>
[2023-10-14 18:42:02,172][root][INFO] - <MiniHackSkillFight instance>
[2023-10-14 18:42:02,172][root][INFO] - <MiniHackSkillFight instance>
[2023-10-14 18:42:02,173][root][INFO] - <MiniHackSkillFight instance>
[2023-10-14 18:42:02,173][root][INFO] - <MiniHackSkillFight instance>
[2023-10-14 18:42:02,177][root][INFO] - <MiniHackSkillFight instance>
[2023-10-14 18:42:02,179][root][INFO] - <MiniHackSkillFight instance>
[2023-10-14 18:42:02,179][root][INFO] - <MiniHackSkillFight instance>
[2023-10-14 18:42:02,181][root][INFO] - <MiniHackSkillFight instance>
[2023-10-14 18:42:02,182][root][INFO] - <MiniHackSkillFight instance>
[2023-10-14 18:42:02,182][root][INFO] - <MiniHackSkillFight instance>
[2023-10-14 18:42:02,184][root][INFO] - <MiniHackSkillFight instance>
[2023-10-14 18:42:02,187][root][INFO] - <MiniHackSkillFight instance>
[2023-10-14 18:42:02,188][root][INFO] - <MiniHackSkillFight instance>
[2023-10-14 18:42:02,188][root][INFO] - <MiniHackSkillFight instance>
[2023-10-14 18:42:02,191][root][INFO] - <MiniHackSkillFight instance>
[2023-10-14 18:42:02,192][root][INFO] - <MiniHackSkillFight instance>
[2023-10-14 18:42:02,194][root][INFO] - <MiniHackSkillFight instance>
[2023-10-14 18:42:02,195][root][INFO] - <MiniHackSkillFight instance>
[2023-10-14 18:42:02,196][root][INFO] - <MiniHackSkillFight instance>
[2023-10-14 18:42:02,197][root][INFO] - <MiniHackSkillFight instance>
[2023-10-14 18:42:02,199][root][INFO] - <MiniHackSkillFight instance>
[2023-10-14 18:42:02,198][root][INFO] - <MiniHackSkillFight instance>
[2023-10-14 18:42:02,202][root][INFO] - <MiniHackSkillFight instance>
[2023-10-14 18:42:02,202][root][INFO] - <MiniHackSkillFight instance>
[2023-10-14 18:42:02,200][root][INFO] - <MiniHackSkillFight instance>
[2023-10-14 18:42:02,203][root][INFO] - <MiniHackSkillFight instance>
[2023-10-14 18:42:02,204][root][INFO] - <MiniHackSkillFight instance>
[2023-10-14 18:42:02,207][root][INFO] - <MiniHackSkillFight instance>
[2023-10-14 18:42:02,207][root][INFO] - <MiniHackSkillFight instance>
[2023-10-14 18:42:02,209][root][INFO] - <MiniHackSkillFight instance>
[2023-10-14 18:42:02,209][root][INFO] - <MiniHackSkillFight instance>
[2023-10-14 18:42:02,213][root][INFO] - <MiniHackSkillFight instance>
[2023-10-14 18:42:03,088][nle.env.base][INFO] - Not saving any NLE data.
[2023-10-14 18:42:03,102][nle.env.base][INFO] - Not saving any NLE data.
[2023-10-14 18:42:03,109][nle.env.base][INFO] - Not saving any NLE data.
[2023-10-14 18:42:03,111][nle.env.base][INFO] - Not saving any NLE data.
[2023-10-14 18:42:03,112][root][INFO] - <MiniHackSkillFight instance>
[2023-10-14 18:42:03,118][nle.env.base][INFO] - Not saving any NLE data.
[2023-10-14 18:42:03,121][nle.env.base][INFO] - Not saving any NLE data.
[2023-10-14 18:42:03,128][root][INFO] - <MiniHackSkillFight instance>
[2023-10-14 18:42:03,132][nle.env.base][INFO] - Not saving any NLE data.
[2023-10-14 18:42:03,137][root][INFO] - <MiniHackSkillFight instance>
[2023-10-14 18:42:03,137][root][INFO] - <MiniHackSkillFight instance>
[2023-10-14 18:42:03,147][root][INFO] - <MiniHackSkillFight instance>
[2023-10-14 18:42:03,149][nle.env.base][INFO] - Not saving any NLE data.
[2023-10-14 18:42:03,159][root][INFO] - <MiniHackSkillFight instance>
[2023-10-14 18:42:03,161][nle.env.base][INFO] - Not saving any NLE data.
[2023-10-14 18:42:03,168][nle.env.base][INFO] - Not saving any NLE data.
[2023-10-14 18:42:03,175][root][INFO] - <MiniHackSkillFight instance>
[2023-10-14 18:42:03,175][nle.env.base][INFO] - Not saving any NLE data.
[2023-10-14 18:42:03,180][root][INFO] - <MiniHackSkillFight instance>
[2023-10-14 18:42:03,189][root][INFO] - <MiniHackSkillFight instance>
[2023-10-14 18:42:03,194][root][INFO] - <MiniHackSkillFight instance>
[2023-10-14 18:42:03,201][root][INFO] - <MiniHackSkillFight instance>
[2023-10-14 18:42:03,210][nle.env.base][INFO] - Not saving any NLE data.
[2023-10-14 18:42:03,212][nle.env.base][INFO] - Not saving any NLE data.
[2023-10-14 18:42:03,253][nle.env.base][INFO] - Not saving any NLE data.
[2023-10-14 18:42:03,253][nle.env.base][INFO] - Not saving any NLE data.
[2023-10-14 18:42:03,257][root][INFO] - <MiniHackSkillFight instance>
[2023-10-14 18:42:03,262][nle.env.base][INFO] - Not saving any NLE data.
[2023-10-14 18:42:03,269][root][INFO] - <MiniHackSkillFight instance>
[2023-10-14 18:42:03,282][nle.env.base][INFO] - Not saving any NLE data.
[2023-10-14 18:42:03,286][nle.env.base][INFO] - Not saving any NLE data.
[2023-10-14 18:42:03,293][nle.env.base][INFO] - Not saving any NLE data.
[2023-10-14 18:42:03,301][nle.env.base][INFO] - Not saving any NLE data.
[2023-10-14 18:42:03,322][nle.env.base][INFO] - Not saving any NLE data.
[2023-10-14 18:42:03,334][nle.env.base][INFO] - Not saving any NLE data.
[2023-10-14 18:42:03,344][root][INFO] - <MiniHackSkillFight instance>
[2023-10-14 18:42:03,345][root][INFO] - <MiniHackSkillFight instance>
[2023-10-14 18:42:03,365][nle.env.base][INFO] - Not saving any NLE data.
[2023-10-14 18:42:03,373][nle.env.base][INFO] - Not saving any NLE data.
[2023-10-14 18:42:03,377][nle.env.base][INFO] - Not saving any NLE data.
[2023-10-14 18:42:03,381][nle.env.base][INFO] - Not saving any NLE data.
[2023-10-14 18:42:03,399][root][INFO] - <MiniHackSkillFight instance>
[2023-10-14 18:42:03,401][root][INFO] - <MiniHackSkillFight instance>
[2023-10-14 18:42:03,401][nle.env.base][INFO] - Not saving any NLE data.
[2023-10-14 18:42:03,402][root][INFO] - <MiniHackSkillFight instance>
[2023-10-14 18:42:03,421][root][INFO] - <MiniHackSkillFight instance>
[2023-10-14 18:42:03,425][root][INFO] - <MiniHackSkillFight instance>
[2023-10-14 18:42:03,445][nle.env.base][INFO] - Not saving any NLE data.
[2023-10-14 18:42:03,446][root][INFO] - <MiniHackSkillFight instance>
[2023-10-14 18:42:03,447][nle.env.base][INFO] - Not saving any NLE data.
[2023-10-14 18:42:03,453][nle.env.base][INFO] - Not saving any NLE data.
[2023-10-14 18:42:03,473][nle.env.base][INFO] - Not saving any NLE data.
[2023-10-14 18:42:03,485][root][INFO] - <MiniHackSkillFight instance>
[2023-10-14 18:42:03,490][nle.env.base][INFO] - Not saving any NLE data.
[2023-10-14 18:42:03,502][nle.env.base][INFO] - Not saving any NLE data.
[2023-10-14 18:42:03,503][nle.env.base][INFO] - Not saving any NLE data.
[2023-10-14 18:42:03,505][root][INFO] - <MiniHackSkillFight instance>
[2023-10-14 18:42:03,505][root][INFO] - <MiniHackSkillFight instance>
[2023-10-14 18:42:03,510][root][INFO] - <MiniHackSkillFight instance>
[2023-10-14 18:42:03,525][nle.env.base][INFO] - Not saving any NLE data.
[2023-10-14 18:42:03,538][nle.env.base][INFO] - Not saving any NLE data.
[2023-10-14 18:42:03,539][root][INFO] - <MiniHackSkillFight instance>
[2023-10-14 18:42:03,545][nle.env.base][INFO] - Not saving any NLE data.
[2023-10-14 18:42:03,553][nle.env.base][INFO] - Not saving any NLE data.
[2023-10-14 18:42:03,554][root][INFO] - <MiniHackSkillFight instance>
[2023-10-14 18:42:03,554][root][INFO] - <MiniHackSkillFight instance>
[2023-10-14 18:42:03,565][nle.env.base][INFO] - Not saving any NLE data.
[2023-10-14 18:42:03,569][nle.env.base][INFO] - Not saving any NLE data.
[2023-10-14 18:42:03,582][nle.env.base][INFO] - Not saving any NLE data.
[2023-10-14 18:42:03,588][nle.env.base][INFO] - Not saving any NLE data.
[2023-10-14 18:42:03,605][nle.env.base][INFO] - Not saving any NLE data.
[2023-10-14 18:42:03,609][root][INFO] - <MiniHackSkillFight instance>
[2023-10-14 18:42:03,616][root][INFO] - <MiniHackSkillFight instance>
[2023-10-14 18:42:03,622][root][INFO] - <MiniHackSkillFight instance>
[2023-10-14 18:42:03,626][root][INFO] - <MiniHackSkillFight instance>
[2023-10-14 18:42:03,626][nle.env.base][INFO] - Not saving any NLE data.
[2023-10-14 18:42:03,629][nle.env.base][INFO] - Not saving any NLE data.
[2023-10-14 18:42:03,631][root][INFO] - <MiniHackSkillFight instance>
[2023-10-14 18:42:03,633][nle.env.base][INFO] - Not saving any NLE data.
[2023-10-14 18:42:03,645][nle.env.base][INFO] - Not saving any NLE data.
[2023-10-14 18:42:03,645][nle.env.base][INFO] - Not saving any NLE data.
[2023-10-14 18:42:03,650][root][INFO] - <MiniHackSkillFight instance>
[2023-10-14 18:42:03,654][nle.env.base][INFO] - Not saving any NLE data.
[2023-10-14 18:42:03,654][nle.env.base][INFO] - Not saving any NLE data.
[2023-10-14 18:42:03,655][root][INFO] - <MiniHackSkillFight instance>
[2023-10-14 18:42:03,661][nle.env.base][INFO] - Not saving any NLE data.
[2023-10-14 18:42:03,673][nle.env.base][INFO] - Not saving any NLE data.
[2023-10-14 18:42:03,677][nle.env.base][INFO] - Not saving any NLE data.
[2023-10-14 18:42:03,686][nle.env.base][INFO] - Not saving any NLE data.
[2023-10-14 18:42:03,705][nle.env.base][INFO] - Not saving any NLE data.
[2023-10-14 18:42:03,705][nle.env.base][INFO] - Not saving any NLE data.
[2023-10-14 18:42:03,708][root][INFO] - <MiniHackSkillFight instance>
[2023-10-14 18:42:03,719][root][INFO] - <MiniHackSkillFight instance>
[2023-10-14 18:42:03,721][root][INFO] - <MiniHackSkillFight instance>
[2023-10-14 18:42:03,740][root][INFO] - <MiniHackSkillFight instance>
[2023-10-14 18:42:03,754][root][INFO] - <MiniHackSkillFight instance>
[2023-10-14 18:42:03,755][root][INFO] - <MiniHackSkillFight instance>
[2023-10-14 18:42:03,765][nle.env.base][INFO] - Not saving any NLE data.
[2023-10-14 18:42:03,792][nle.env.base][INFO] - Not saving any NLE data.
[2023-10-14 18:42:03,793][root][INFO] - <MiniHackSkillFight instance>
[2023-10-14 18:42:03,797][root][INFO] - <MiniHackSkillFight instance>
[2023-10-14 18:42:03,797][root][INFO] - <MiniHackSkillFight instance>
[2023-10-14 18:42:03,797][root][INFO] - <MiniHackSkillFight instance>
[2023-10-14 18:42:03,796][root][INFO] - <MiniHackSkillFight instance>
[2023-10-14 18:42:03,800][root][INFO] - <MiniHackSkillFight instance>
[2023-10-14 18:42:03,802][root][INFO] - <MiniHackSkillFight instance>
[2023-10-14 18:42:03,818][root][INFO] - <MiniHackSkillFight instance>
[2023-10-14 18:42:03,819][root][INFO] - <MiniHackSkillFight instance>
[2023-10-14 18:42:03,825][root][INFO] - <MiniHackSkillFight instance>
[2023-10-14 18:42:03,825][root][INFO] - <MiniHackSkillFight instance>
[2023-10-14 18:42:03,825][root][INFO] - <MiniHackSkillFight instance>
[2023-10-14 18:42:03,831][root][INFO] - <MiniHackSkillFight instance>
[2023-10-14 18:42:03,838][root][INFO] - <MiniHackSkillFight instance>
[2023-10-14 18:42:03,860][root][INFO] - <MiniHackSkillFight instance>
[2023-10-14 18:42:03,875][root][INFO] - <MiniHackSkillFight instance>
[2023-10-14 18:42:03,878][root][INFO] - <MiniHackSkillFight instance>
[2023-10-14 18:42:05,604][root][INFO] - Step 0 @ 0.0 SPS. Inference batcher size: 255. Learner queue size: 0. Other stats: (train_seconds = 5.0)
[2023-10-14 18:42:10,608][root][INFO] - Step 0 @ 0.0 SPS. Inference batcher size: 255. Learner queue size: 0. Other stats: (train_seconds = 10.0)
[2023-10-14 18:42:15,612][root][INFO] - Step 0 @ 0.0 SPS. Inference batcher size: 255. Learner queue size: 0. Other stats: (train_seconds = 15.0)
[2023-10-14 18:42:20,616][root][INFO] - Step 0 @ 0.0 SPS. Inference batcher size: 255. Learner queue size: 0. Other stats: (train_seconds = 20.0)
[2023-10-14 18:42:25,620][root][INFO] - Step 0 @ 0.0 SPS. Inference batcher size: 255. Learner queue size: 0. Other stats: (train_seconds = 25.0)
[2023-10-14 18:42:30,625][root][INFO] - Step 0 @ 0.0 SPS. Inference batcher size: 255. Learner queue size: 0. Other stats: (train_seconds = 30.0)
[2023-10-14 18:42:35,628][root][INFO] - Step 0 @ 0.0 SPS. Inference batcher size: 255. Learner queue size: 0. Other stats: (train_seconds = 35.0)
[2023-10-14 18:42:40,632][root][INFO] - Step 0 @ 0.0 SPS. Inference batcher size: 255. Learner queue size: 0. Other stats: (train_seconds = 40.0)
[2023-10-14 18:42:45,637][root][INFO] - Step 0 @ 0.0 SPS. Inference batcher size: 255. Learner queue size: 0. Other stats: (train_seconds = 45.0)
[2023-10-14 18:42:50,643][root][INFO] - Step 0 @ 0.0 SPS. Inference batcher size: 255. Learner queue size: 0. Other stats: (train_seconds = 50.0)
[2023-10-14 18:42:55,648][root][INFO] - Step 0 @ 0.0 SPS. Inference batcher size: 255. Learner queue size: 0. Other stats: (train_seconds = 55.0)
[2023-10-14 18:43:00,652][root][INFO] - Step 0 @ 0.0 SPS. Inference batcher size: 255. Learner queue size: 0. Other stats: (train_seconds = 60.1)
[2023-10-14 18:43:05,657][root][INFO] - Step 0 @ 0.0 SPS. Inference batcher size: 255. Learner queue size: 0. Other stats: (train_seconds = 65.1)
[2023-10-14 18:43:10,660][root][INFO] - Step 0 @ 0.0 SPS. Inference batcher size: 255. Learner queue size: 0. Other stats: (train_seconds = 70.1)
[2023-10-14 18:43:15,665][root][INFO] - Step 0 @ 0.0 SPS. Inference batcher size: 255. Learner queue size: 0. Other stats: (train_seconds = 75.1)
[2023-10-14 18:43:20,668][root][INFO] - Step 0 @ 0.0 SPS. Inference batcher size: 255. Learner queue size: 0. Other stats: (train_seconds = 80.1)
[2023-10-14 18:43:25,672][root][INFO] - Step 0 @ 0.0 SPS. Inference batcher size: 255. Learner queue size: 0. Other stats: (train_seconds = 85.1)
