[2023-10-15 12:13:37,016][root][INFO] - name: null
wandb: false
project: skillhack
entity: your_entity_name
group: default
state_dict_path: none
foc_options_path: none
foc_options_config_path: none
teacher_path: none
teacher_config_path: none
ks_max_lambda: 10
ks_max_time: 20000000.0
ks_min_lambda_prop: 0.1
train_with_all_skills: false
penalty_per_step: 0.01
hks_max_uniform_weight: 1000
hks_min_uniform_prop: 0.05
hks_max_uniform_time: 20000000.0
tasks_json: tasks
mock: false
single_ttyrec: true
num_seeds: 0
write_profiler_trace: false
relative_reward: false
fn_penalty_step: constant
penalty_time: 0.0
penalty_step: -0.001
reward_lose: 0
reward_win: 1
character: null
save_tty: false
mode: train
env: HalfCheetahv4
obs_keys: glyphs,chars,colors,specials,blstats,message
num_actors: 256
total_steps: 10000000.0
batch_size: 32
unroll_length: 80
num_learner_threads: 1
num_inference_threads: 1
disable_cuda: false
learner_device: cuda:0
actor_device: cuda:0
max_learner_queue_size: null
model: HalfCheetah
use_lstm: false
hidden_dim: 256
embedding_dim: 64
glyph_type: all_cat
equalize_input_dim: false
equalize_factor: 2
layers: 5
crop_model: cnn
crop_dim: 9
use_index_select: true
entropy_cost: 0.001
baseline_cost: 0.5
discounting: 0.999
reward_clipping: none
normalize_reward: true
learning_rate: 0.0002
grad_norm_clipping: 40
alpha: 0.99
momentum: 0
epsilon: 1.0e-06
state_counter: none
no_extrinsic: false
int:
  twoheaded: true
  input: full
  intrinsic_weight: 0.1
  discounting: 0.99
  baseline_cost: 0.5
  episodic: true
  reward_clipping: none
  normalize_reward: true
ride:
  count_norm: true
  forward_cost: 1
  inverse_cost: 0.1
  hidden_dim: 128
rnd:
  forward_cost: 0.01
msg:
  model: none
  hidden_dim: 64
  embedding_dim: 32

[2023-10-15 12:13:37,032][root][INFO] - Symlinked log directory: /workspace/latest
[2023-10-15 12:13:37,033][root][INFO] - Creating archive directory: /workspace/outputs/2023-10-15/12-13-36/archives
[2023-10-15 12:13:37,037][root][INFO] - Logging results to /workspace/outputs/2023-10-15/12-13-36
[2023-10-15 12:13:37,075][palaas/out][INFO] - Found log directory: /workspace/outputs/2023-10-15/12-13-36
[2023-10-15 12:13:37,076][palaas/out][INFO] - Saving arguments to /workspace/outputs/2023-10-15/12-13-36/meta.json
[2023-10-15 12:13:37,076][palaas/out][INFO] - Saving messages to /workspace/outputs/2023-10-15/12-13-36/out.log
[2023-10-15 12:13:37,076][palaas/out][INFO] - Saving logs data to /workspace/outputs/2023-10-15/12-13-36/logs.csv
[2023-10-15 12:13:37,076][palaas/out][INFO] - Saving logs' fields to /workspace/outputs/2023-10-15/12-13-36/fields.csv
[2023-10-15 12:13:37,077][root][INFO] - Not using CUDA.
[2023-10-15 12:13:37,082][root][INFO] - Using model HalfCheetah
[2023-10-15 12:13:37,588][root][INFO] - Number of model parameters: 11085
[2023-10-15 12:13:37,593][root][INFO] - ()
[2023-10-15 12:13:37,593][root][INFO] - After actor pool
[2023-10-15 12:13:37,854][root][INFO] - <All keys matched successfully>
[2023-10-15 12:13:37,855][root][INFO] - The model states is ()
[2023-10-15 12:13:37,855][root][INFO] - The inference batchherr : hh
[2023-10-15 12:13:42,857][root][INFO] - Step 0 @ 0.0 SPS. Inference batcher size: 0. Learner queue size: 0. Other stats: (train_seconds = 5.0)
[2023-10-15 12:13:43,047][root][INFO] - The inference batchherr : (((tensor([[[-0.0273,  0.0868,  0.0285,  0.0432, -0.0614,  0.0861, -0.0968,
           0.0631,  0.1769, -0.0953,  0.0917, -0.0191, -0.0337, -0.1385,
           0.0199, -0.0440,  0.0607]]], dtype=torch.float64), tensor([[0.]]), tensor([[True]]), tensor([[0]], dtype=torch.int32), tensor([[0.]])), ()))
[2023-10-15 12:13:47,861][root][INFO] - Step 0 @ 0.0 SPS. Inference batcher size: 4. Learner queue size: 0. Other stats: (train_seconds = 10.0)
[2023-10-15 12:13:52,865][root][INFO] - Step 0 @ 0.0 SPS. Inference batcher size: 25. Learner queue size: 0. Other stats: (train_seconds = 15.0)
[2023-10-15 12:13:57,870][root][INFO] - Step 0 @ 0.0 SPS. Inference batcher size: 60. Learner queue size: 0. Other stats: (train_seconds = 20.0)
[2023-10-15 12:14:02,875][root][INFO] - Step 0 @ 0.0 SPS. Inference batcher size: 126. Learner queue size: 0. Other stats: (train_seconds = 25.0)
[2023-10-15 12:14:07,877][root][INFO] - Step 0 @ 0.0 SPS. Inference batcher size: 187. Learner queue size: 0. Other stats: (train_seconds = 30.0)
[2023-10-15 12:14:10,371][root][INFO] - Saving checkpoint to /workspace/outputs/2023-10-15/12-13-36/HalfCheetahv4.tar
[2023-10-15 12:14:10,719][root][ERROR] - Exception in actorpool thread!
