[2023-10-15 13:55:45,754][root][INFO] - name: null
wandb: false
project: skillhack
entity: your_entity_name
group: default
state_dict_path: none
foc_options_path: none
foc_options_config_path: none
teacher_path: none
teacher_config_path: none
ks_max_lambda: 10
ks_max_time: 20000000.0
ks_min_lambda_prop: 0.1
train_with_all_skills: false
penalty_per_step: 0.01
hks_max_uniform_weight: 1000
hks_min_uniform_prop: 0.05
hks_max_uniform_time: 20000000.0
tasks_json: tasks
mock: false
single_ttyrec: true
num_seeds: 0
write_profiler_trace: false
relative_reward: false
fn_penalty_step: constant
penalty_time: 0.0
penalty_step: -0.001
reward_lose: 0
reward_win: 1
character: null
save_tty: false
mode: train
env: HalfCheetahv4
obs_keys: glyphs,chars,colors,specials,blstats,message
num_actors: 256
total_steps: 10000000.0
batch_size: 32
unroll_length: 80
num_learner_threads: 1
num_inference_threads: 1
disable_cuda: false
learner_device: cuda:0
actor_device: cuda:0
max_learner_queue_size: null
model: HalfCheetah
use_lstm: false
hidden_dim: 256
embedding_dim: 64
glyph_type: all_cat
equalize_input_dim: false
equalize_factor: 2
layers: 5
crop_model: cnn
crop_dim: 9
use_index_select: true
entropy_cost: 0.001
baseline_cost: 0.5
discounting: 0.999
reward_clipping: none
normalize_reward: true
learning_rate: 0.0002
grad_norm_clipping: 40
alpha: 0.99
momentum: 0
epsilon: 1.0e-06
state_counter: none
no_extrinsic: false
int:
  twoheaded: true
  input: full
  intrinsic_weight: 0.1
  discounting: 0.99
  baseline_cost: 0.5
  episodic: true
  reward_clipping: none
  normalize_reward: true
ride:
  count_norm: true
  forward_cost: 1
  inverse_cost: 0.1
  hidden_dim: 128
rnd:
  forward_cost: 0.01
msg:
  model: none
  hidden_dim: 64
  embedding_dim: 32

[2023-10-15 13:55:45,771][root][INFO] - Symlinked log directory: /workspace/latest
[2023-10-15 13:55:45,771][root][INFO] - Creating archive directory: /workspace/outputs/2023-10-15/13-55-45/archives
[2023-10-15 13:55:45,776][root][INFO] - Logging results to /workspace/outputs/2023-10-15/13-55-45
[2023-10-15 13:55:45,819][palaas/out][INFO] - Found log directory: /workspace/outputs/2023-10-15/13-55-45
[2023-10-15 13:55:45,819][palaas/out][INFO] - Saving arguments to /workspace/outputs/2023-10-15/13-55-45/meta.json
[2023-10-15 13:55:45,820][palaas/out][INFO] - Saving messages to /workspace/outputs/2023-10-15/13-55-45/out.log
[2023-10-15 13:55:45,820][palaas/out][INFO] - Saving logs data to /workspace/outputs/2023-10-15/13-55-45/logs.csv
[2023-10-15 13:55:45,820][palaas/out][INFO] - Saving logs' fields to /workspace/outputs/2023-10-15/13-55-45/fields.csv
[2023-10-15 13:55:45,821][root][INFO] - Not using CUDA.
[2023-10-15 13:55:45,826][root][INFO] - Using model HalfCheetah
[2023-10-15 13:55:49,575][root][INFO] - running build_ext
[2023-10-15 13:55:49,576][root][INFO] - building 'mujoco_py.cymj' extension
[2023-10-15 13:55:49,576][root][INFO] - creating /opt/conda/lib/python3.8/site-packages/mujoco_py/generated/_pyxbld_2.1.2.14_38_linuxcpuextensionbuilder
[2023-10-15 13:55:49,576][root][INFO] - creating /opt/conda/lib/python3.8/site-packages/mujoco_py/generated/_pyxbld_2.1.2.14_38_linuxcpuextensionbuilder/temp.linux-x86_64-cpython-38
[2023-10-15 13:55:49,577][root][INFO] - creating /opt/conda/lib/python3.8/site-packages/mujoco_py/generated/_pyxbld_2.1.2.14_38_linuxcpuextensionbuilder/temp.linux-x86_64-cpython-38/opt
[2023-10-15 13:55:49,577][root][INFO] - creating /opt/conda/lib/python3.8/site-packages/mujoco_py/generated/_pyxbld_2.1.2.14_38_linuxcpuextensionbuilder/temp.linux-x86_64-cpython-38/opt/conda
[2023-10-15 13:55:49,577][root][INFO] - creating /opt/conda/lib/python3.8/site-packages/mujoco_py/generated/_pyxbld_2.1.2.14_38_linuxcpuextensionbuilder/temp.linux-x86_64-cpython-38/opt/conda/lib
[2023-10-15 13:55:49,577][root][INFO] - creating /opt/conda/lib/python3.8/site-packages/mujoco_py/generated/_pyxbld_2.1.2.14_38_linuxcpuextensionbuilder/temp.linux-x86_64-cpython-38/opt/conda/lib/python3.8
[2023-10-15 13:55:49,577][root][INFO] - creating /opt/conda/lib/python3.8/site-packages/mujoco_py/generated/_pyxbld_2.1.2.14_38_linuxcpuextensionbuilder/temp.linux-x86_64-cpython-38/opt/conda/lib/python3.8/site-packages
[2023-10-15 13:55:49,577][root][INFO] - creating /opt/conda/lib/python3.8/site-packages/mujoco_py/generated/_pyxbld_2.1.2.14_38_linuxcpuextensionbuilder/temp.linux-x86_64-cpython-38/opt/conda/lib/python3.8/site-packages/mujoco_py
[2023-10-15 13:55:49,577][root][INFO] - creating /opt/conda/lib/python3.8/site-packages/mujoco_py/generated/_pyxbld_2.1.2.14_38_linuxcpuextensionbuilder/temp.linux-x86_64-cpython-38/opt/conda/lib/python3.8/site-packages/mujoco_py/gl
[2023-10-15 13:55:49,577][root][INFO] - gcc -pthread -B /opt/conda/compiler_compat -Wl,--sysroot=/ -Wsign-compare -DNDEBUG -g -fwrapv -O3 -Wall -fPIC -I/opt/conda/lib/python3.8/site-packages/mujoco_py -I/root/.mujoco/mujoco210/include -I/opt/conda/lib/python3.8/site-packages/numpy/core/include -I/opt/conda/include/python3.8 -c /opt/conda/lib/python3.8/site-packages/mujoco_py/cymj.c -o /opt/conda/lib/python3.8/site-packages/mujoco_py/generated/_pyxbld_2.1.2.14_38_linuxcpuextensionbuilder/temp.linux-x86_64-cpython-38/opt/conda/lib/python3.8/site-packages/mujoco_py/cymj.o -fopenmp -w
[2023-10-15 13:56:36,343][root][INFO] - gcc -pthread -B /opt/conda/compiler_compat -Wl,--sysroot=/ -Wsign-compare -DNDEBUG -g -fwrapv -O3 -Wall -fPIC -I/opt/conda/lib/python3.8/site-packages/mujoco_py -I/root/.mujoco/mujoco210/include -I/opt/conda/lib/python3.8/site-packages/numpy/core/include -I/opt/conda/include/python3.8 -c /opt/conda/lib/python3.8/site-packages/mujoco_py/gl/osmesashim.c -o /opt/conda/lib/python3.8/site-packages/mujoco_py/generated/_pyxbld_2.1.2.14_38_linuxcpuextensionbuilder/temp.linux-x86_64-cpython-38/opt/conda/lib/python3.8/site-packages/mujoco_py/gl/osmesashim.o -fopenmp -w
[2023-10-15 13:56:36,415][root][INFO] - creating /opt/conda/lib/python3.8/site-packages/mujoco_py/generated/_pyxbld_2.1.2.14_38_linuxcpuextensionbuilder/lib.linux-x86_64-cpython-38
[2023-10-15 13:56:36,416][root][INFO] - creating /opt/conda/lib/python3.8/site-packages/mujoco_py/generated/_pyxbld_2.1.2.14_38_linuxcpuextensionbuilder/lib.linux-x86_64-cpython-38/mujoco_py
[2023-10-15 13:56:36,416][root][INFO] - gcc -pthread -shared -B /opt/conda/compiler_compat -L/opt/conda/lib -Wl,-rpath=/opt/conda/lib -Wl,--no-as-needed -Wl,--sysroot=/ /opt/conda/lib/python3.8/site-packages/mujoco_py/generated/_pyxbld_2.1.2.14_38_linuxcpuextensionbuilder/temp.linux-x86_64-cpython-38/opt/conda/lib/python3.8/site-packages/mujoco_py/cymj.o /opt/conda/lib/python3.8/site-packages/mujoco_py/generated/_pyxbld_2.1.2.14_38_linuxcpuextensionbuilder/temp.linux-x86_64-cpython-38/opt/conda/lib/python3.8/site-packages/mujoco_py/gl/osmesashim.o -L/root/.mujoco/mujoco210/bin -Wl,--enable-new-dtags,-R/root/.mujoco/mujoco210/bin -lmujoco210 -lglewosmesa -lOSMesa -lGL -o /opt/conda/lib/python3.8/site-packages/mujoco_py/generated/_pyxbld_2.1.2.14_38_linuxcpuextensionbuilder/lib.linux-x86_64-cpython-38/mujoco_py/cymj.cpython-38-x86_64-linux-gnu.so -fopenmp
[2023-10-15 13:56:37,031][root][INFO] - Number of model parameters: 11085
[2023-10-15 13:56:37,035][root][INFO] - ()
[2023-10-15 13:56:37,035][root][INFO] - After actor pool
[2023-10-15 13:56:37,193][root][INFO] - <All keys matched successfully>
[2023-10-15 13:56:37,193][root][INFO] - The model states is ()
[2023-10-15 13:56:37,194][root][INFO] - The inference batchherr : hh
[2023-10-15 13:56:41,835][root][INFO] - The inference batchherr : (((tensor([[[ 0.0358, -0.0702,  0.0077,  0.0916, -0.0252,  0.0906, -0.0706,
           0.0986, -0.0453, -0.1302, -0.0525,  0.1260,  0.0242, -0.0239,
           0.0293, -0.1538, -0.0864]]], dtype=torch.float64), tensor([[0.]]), tensor([[True]]), tensor([[0]], dtype=torch.int32), tensor([[0.]])), ()))
[2023-10-15 13:56:42,197][root][INFO] - Step 0 @ 0.0 SPS. Inference batcher size: 2. Learner queue size: 0. Other stats: (train_seconds = 5.0)
[2023-10-15 13:56:47,201][root][INFO] - Step 0 @ 0.0 SPS. Inference batcher size: 6. Learner queue size: 0. Other stats: (train_seconds = 10.0)
[2023-10-15 13:56:47,285][root][INFO] - Saving checkpoint to /workspace/outputs/2023-10-15/13-55-45/HalfCheetahv4.tar
[2023-10-15 13:56:47,599][root][ERROR] - Exception in actorpool thread!
