[2023-10-22 11:54:10,151][root][INFO] - name: null
wandb: false
project: skillhack
entity: your_entity_name
group: default
state_dict_path: none
foc_options_path: none
foc_options_config_path: none
teacher_path: none
teacher_config_path: none
ks_max_lambda: 10
ks_max_time: 20000000.0
ks_min_lambda_prop: 0.1
train_with_all_skills: false
penalty_per_step: 0.01
hks_max_uniform_weight: 1000
hks_min_uniform_prop: 0.05
hks_max_uniform_time: 20000000.0
tasks_json: tasks
mock: false
single_ttyrec: true
num_seeds: 0
write_profiler_trace: false
relative_reward: false
fn_penalty_step: constant
penalty_time: 0.0
penalty_step: -0.001
reward_lose: 0
reward_win: 1
character: null
save_tty: false
mode: train
env: HalfCheetahv4
obs_keys: glyphs,chars,colors,specials,blstats,message
num_actors: 256
total_steps: 10000000.0
batch_size: 32
unroll_length: 80
num_learner_threads: 1
num_inference_threads: 1
disable_cuda: false
learner_device: cuda:0
actor_device: cuda:0
max_learner_queue_size: null
model: HalfCheetah
use_lstm: false
hidden_dim: 256
embedding_dim: 64
glyph_type: all_cat
equalize_input_dim: false
equalize_factor: 2
layers: 5
crop_model: cnn
crop_dim: 9
use_index_select: true
entropy_cost: 0.001
baseline_cost: 0.5
discounting: 0.999
reward_clipping: none
normalize_reward: true
learning_rate: 0.0002
grad_norm_clipping: 40
alpha: 0.99
momentum: 0
epsilon: 1.0e-06
state_counter: none
no_extrinsic: false
int:
  twoheaded: true
  input: full
  intrinsic_weight: 0.1
  discounting: 0.99
  baseline_cost: 0.5
  episodic: true
  reward_clipping: none
  normalize_reward: true
ride:
  count_norm: true
  forward_cost: 1
  inverse_cost: 0.1
  hidden_dim: 128
rnd:
  forward_cost: 0.01
msg:
  model: none
  hidden_dim: 64
  embedding_dim: 32

[2023-10-22 11:54:10,167][root][INFO] - Symlinked log directory: /opt/project/latest
[2023-10-22 11:54:10,168][root][INFO] - Creating archive directory: /opt/project/outputs/2023-10-22/11-54-10/archives
[2023-10-22 11:54:10,171][root][INFO] - Logging results to /opt/project/outputs/2023-10-22/11-54-10
[2023-10-22 11:54:10,210][palaas/out][INFO] - Found log directory: /opt/project/outputs/2023-10-22/11-54-10
[2023-10-22 11:54:10,211][palaas/out][INFO] - Saving arguments to /opt/project/outputs/2023-10-22/11-54-10/meta.json
[2023-10-22 11:54:10,211][palaas/out][INFO] - Saving messages to /opt/project/outputs/2023-10-22/11-54-10/out.log
[2023-10-22 11:54:10,211][palaas/out][INFO] - Saving logs data to /opt/project/outputs/2023-10-22/11-54-10/logs.csv
[2023-10-22 11:54:10,211][palaas/out][INFO] - Saving logs' fields to /opt/project/outputs/2023-10-22/11-54-10/fields.csv
[2023-10-22 11:54:10,212][root][INFO] - Not using CUDA.
[2023-10-22 11:54:10,218][root][INFO] - Using model HalfCheetah
[2023-10-22 11:54:10,708][root][INFO] - Number of model parameters: 11085
[2023-10-22 11:54:10,713][root][INFO] - ()
[2023-10-22 11:54:10,713][root][INFO] - After actor pool
[2023-10-22 11:54:10,994][root][INFO] - <All keys matched successfully>
[2023-10-22 11:54:10,994][root][INFO] - The model states is ()
[2023-10-22 11:54:16,000][root][INFO] - Step 0 @ 0.0 SPS. Inference batcher size: 0. Learner queue size: 0. Other stats: (train_seconds = 5.0)
[2023-10-22 11:54:21,004][root][INFO] - Step 0 @ 0.0 SPS. Inference batcher size: 1. Learner queue size: 9. Other stats: (train_seconds = 10.0)
[2023-10-22 11:54:23,233][root][INFO] - torch.Size([81, 32, 17])
[2023-10-22 11:54:26,008][root][INFO] - Step 0 @ 0.0 SPS. Inference batcher size: 0. Learner queue size: 32. Other stats: (train_seconds = 15.0)
[2023-10-22 11:54:31,012][root][INFO] - Step 0 @ 0.0 SPS. Inference batcher size: 0. Learner queue size: 32. Other stats: (train_seconds = 20.0)
[2023-10-22 11:54:36,016][root][INFO] - Step 0 @ 0.0 SPS. Inference batcher size: 0. Learner queue size: 32. Other stats: (train_seconds = 25.0)
[2023-10-22 11:54:41,021][root][INFO] - Step 0 @ 0.0 SPS. Inference batcher size: 0. Learner queue size: 32. Other stats: (train_seconds = 30.0)
[2023-10-22 11:54:46,024][root][INFO] - Step 0 @ 0.0 SPS. Inference batcher size: 0. Learner queue size: 32. Other stats: (train_seconds = 35.0)
[2023-10-22 11:54:51,028][root][INFO] - Step 0 @ 0.0 SPS. Inference batcher size: 0. Learner queue size: 32. Other stats: (train_seconds = 40.0)
[2023-10-22 11:54:56,032][root][INFO] - Step 0 @ 0.0 SPS. Inference batcher size: 0. Learner queue size: 32. Other stats: (train_seconds = 45.0)
[2023-10-22 11:55:01,039][root][INFO] - Step 0 @ 0.0 SPS. Inference batcher size: 0. Learner queue size: 32. Other stats: (train_seconds = 50.0)
[2023-10-22 11:55:06,044][root][INFO] - Step 0 @ 0.0 SPS. Inference batcher size: 0. Learner queue size: 32. Other stats: (train_seconds = 55.0)
[2023-10-22 11:55:11,048][root][INFO] - Step 0 @ 0.0 SPS. Inference batcher size: 0. Learner queue size: 32. Other stats: (train_seconds = 60.1)
[2023-10-22 11:55:16,052][root][INFO] - Step 0 @ 0.0 SPS. Inference batcher size: 0. Learner queue size: 32. Other stats: (train_seconds = 65.1)
[2023-10-22 11:55:21,056][root][INFO] - Step 0 @ 0.0 SPS. Inference batcher size: 0. Learner queue size: 32. Other stats: (train_seconds = 70.1)
[2023-10-22 11:55:26,060][root][INFO] - Step 0 @ 0.0 SPS. Inference batcher size: 0. Learner queue size: 32. Other stats: (train_seconds = 75.1)
[2023-10-22 11:55:31,064][root][INFO] - Step 0 @ 0.0 SPS. Inference batcher size: 0. Learner queue size: 32. Other stats: (train_seconds = 80.1)
[2023-10-22 11:55:36,065][root][INFO] - Step 0 @ 0.0 SPS. Inference batcher size: 0. Learner queue size: 32. Other stats: (train_seconds = 85.1)
[2023-10-22 11:55:41,068][root][INFO] - Step 0 @ 0.0 SPS. Inference batcher size: 0. Learner queue size: 32. Other stats: (train_seconds = 90.1)
[2023-10-22 11:55:46,072][root][INFO] - Step 0 @ 0.0 SPS. Inference batcher size: 0. Learner queue size: 32. Other stats: (train_seconds = 95.1)
[2023-10-22 11:55:51,077][root][INFO] - Step 0 @ 0.0 SPS. Inference batcher size: 0. Learner queue size: 32. Other stats: (train_seconds = 100.1)
[2023-10-22 11:55:56,081][root][INFO] - Step 0 @ 0.0 SPS. Inference batcher size: 0. Learner queue size: 32. Other stats: (train_seconds = 105.1)
[2023-10-22 11:56:01,084][root][INFO] - Step 0 @ 0.0 SPS. Inference batcher size: 0. Learner queue size: 32. Other stats: (train_seconds = 110.1)
[2023-10-22 11:56:06,088][root][INFO] - Step 0 @ 0.0 SPS. Inference batcher size: 0. Learner queue size: 32. Other stats: (train_seconds = 115.1)
[2023-10-22 11:56:11,092][root][INFO] - Step 0 @ 0.0 SPS. Inference batcher size: 0. Learner queue size: 32. Other stats: (train_seconds = 120.1)
[2023-10-22 11:56:16,096][root][INFO] - Step 0 @ 0.0 SPS. Inference batcher size: 0. Learner queue size: 32. Other stats: (train_seconds = 125.1)
[2023-10-22 11:56:21,100][root][INFO] - Step 0 @ 0.0 SPS. Inference batcher size: 0. Learner queue size: 32. Other stats: (train_seconds = 130.1)
[2023-10-22 11:56:26,104][root][INFO] - Step 0 @ 0.0 SPS. Inference batcher size: 0. Learner queue size: 32. Other stats: (train_seconds = 135.1)
[2023-10-22 11:56:31,108][root][INFO] - Step 0 @ 0.0 SPS. Inference batcher size: 0. Learner queue size: 32. Other stats: (train_seconds = 140.1)
[2023-10-22 11:56:36,110][root][INFO] - Step 0 @ 0.0 SPS. Inference batcher size: 0. Learner queue size: 32. Other stats: (train_seconds = 145.1)
[2023-10-22 11:56:41,112][root][INFO] - Step 0 @ 0.0 SPS. Inference batcher size: 0. Learner queue size: 32. Other stats: (train_seconds = 150.1)
[2023-10-22 11:56:46,117][root][INFO] - Step 0 @ 0.0 SPS. Inference batcher size: 0. Learner queue size: 32. Other stats: (train_seconds = 155.1)
[2023-10-22 11:56:51,120][root][INFO] - Step 0 @ 0.0 SPS. Inference batcher size: 0. Learner queue size: 32. Other stats: (train_seconds = 160.1)
[2023-10-22 11:56:56,124][root][INFO] - Step 0 @ 0.0 SPS. Inference batcher size: 0. Learner queue size: 32. Other stats: (train_seconds = 165.1)
[2023-10-22 11:57:01,128][root][INFO] - Step 0 @ 0.0 SPS. Inference batcher size: 0. Learner queue size: 32. Other stats: (train_seconds = 170.1)
[2023-10-22 11:57:06,132][root][INFO] - Step 0 @ 0.0 SPS. Inference batcher size: 0. Learner queue size: 32. Other stats: (train_seconds = 175.1)
[2023-10-22 11:57:11,137][root][INFO] - Step 0 @ 0.0 SPS. Inference batcher size: 0. Learner queue size: 32. Other stats: (train_seconds = 180.1)
[2023-10-22 11:57:16,143][root][INFO] - Step 0 @ 0.0 SPS. Inference batcher size: 0. Learner queue size: 32. Other stats: (train_seconds = 185.1)
[2023-10-22 11:57:21,148][root][INFO] - Step 0 @ 0.0 SPS. Inference batcher size: 0. Learner queue size: 32. Other stats: (train_seconds = 190.2)
[2023-10-22 11:57:26,152][root][INFO] - Step 0 @ 0.0 SPS. Inference batcher size: 0. Learner queue size: 32. Other stats: (train_seconds = 195.2)
[2023-10-22 11:57:31,155][root][INFO] - Step 0 @ 0.0 SPS. Inference batcher size: 0. Learner queue size: 32. Other stats: (train_seconds = 200.2)
[2023-10-22 11:57:36,160][root][INFO] - Step 0 @ 0.0 SPS. Inference batcher size: 0. Learner queue size: 32. Other stats: (train_seconds = 205.2)
[2023-10-22 11:57:41,164][root][INFO] - Step 0 @ 0.0 SPS. Inference batcher size: 0. Learner queue size: 32. Other stats: (train_seconds = 210.2)
[2023-10-22 11:57:46,164][root][INFO] - Step 0 @ 0.0 SPS. Inference batcher size: 0. Learner queue size: 32. Other stats: (train_seconds = 215.2)
[2023-10-22 11:57:51,170][root][INFO] - Step 0 @ 0.0 SPS. Inference batcher size: 0. Learner queue size: 32. Other stats: (train_seconds = 220.2)
[2023-10-22 11:57:56,174][root][INFO] - Step 0 @ 0.0 SPS. Inference batcher size: 0. Learner queue size: 32. Other stats: (train_seconds = 225.2)
[2023-10-22 11:58:01,180][root][INFO] - Step 0 @ 0.0 SPS. Inference batcher size: 0. Learner queue size: 32. Other stats: (train_seconds = 230.2)
[2023-10-22 11:58:06,184][root][INFO] - Step 0 @ 0.0 SPS. Inference batcher size: 0. Learner queue size: 32. Other stats: (train_seconds = 235.2)
[2023-10-22 11:58:11,188][root][INFO] - Step 0 @ 0.0 SPS. Inference batcher size: 0. Learner queue size: 32. Other stats: (train_seconds = 240.2)
[2023-10-22 11:58:16,192][root][INFO] - Step 0 @ 0.0 SPS. Inference batcher size: 0. Learner queue size: 32. Other stats: (train_seconds = 245.2)
[2023-10-22 11:58:21,197][root][INFO] - Step 0 @ 0.0 SPS. Inference batcher size: 0. Learner queue size: 32. Other stats: (train_seconds = 250.2)
[2023-10-22 11:58:26,200][root][INFO] - Step 0 @ 0.0 SPS. Inference batcher size: 0. Learner queue size: 32. Other stats: (train_seconds = 255.2)
[2023-10-22 11:58:31,204][root][INFO] - Step 0 @ 0.0 SPS. Inference batcher size: 0. Learner queue size: 32. Other stats: (train_seconds = 260.2)
[2023-10-22 11:58:36,208][root][INFO] - Step 0 @ 0.0 SPS. Inference batcher size: 0. Learner queue size: 32. Other stats: (train_seconds = 265.2)
[2023-10-22 11:58:41,212][root][INFO] - Step 0 @ 0.0 SPS. Inference batcher size: 0. Learner queue size: 32. Other stats: (train_seconds = 270.2)
[2023-10-22 11:58:46,216][root][INFO] - Step 0 @ 0.0 SPS. Inference batcher size: 0. Learner queue size: 32. Other stats: (train_seconds = 275.2)
[2023-10-22 11:58:51,221][root][INFO] - Step 0 @ 0.0 SPS. Inference batcher size: 0. Learner queue size: 32. Other stats: (train_seconds = 280.2)
[2023-10-22 11:58:56,224][root][INFO] - Step 0 @ 0.0 SPS. Inference batcher size: 0. Learner queue size: 32. Other stats: (train_seconds = 285.2)
[2023-10-22 11:59:01,229][root][INFO] - Step 0 @ 0.0 SPS. Inference batcher size: 0. Learner queue size: 32. Other stats: (train_seconds = 290.2)
[2023-10-22 11:59:06,232][root][INFO] - Step 0 @ 0.0 SPS. Inference batcher size: 0. Learner queue size: 32. Other stats: (train_seconds = 295.2)
[2023-10-22 11:59:11,236][root][INFO] - Step 0 @ 0.0 SPS. Inference batcher size: 0. Learner queue size: 32. Other stats: (train_seconds = 300.2)
[2023-10-22 11:59:16,240][root][INFO] - Step 0 @ 0.0 SPS. Inference batcher size: 0. Learner queue size: 32. Other stats: (train_seconds = 305.2)
[2023-10-22 11:59:21,244][root][INFO] - Step 0 @ 0.0 SPS. Inference batcher size: 0. Learner queue size: 32. Other stats: (train_seconds = 310.2)
[2023-10-22 11:59:26,248][root][INFO] - Step 0 @ 0.0 SPS. Inference batcher size: 0. Learner queue size: 32. Other stats: (train_seconds = 315.3)
[2023-10-22 11:59:31,251][root][INFO] - Step 0 @ 0.0 SPS. Inference batcher size: 0. Learner queue size: 32. Other stats: (train_seconds = 320.3)
[2023-10-22 11:59:36,256][root][INFO] - Step 0 @ 0.0 SPS. Inference batcher size: 0. Learner queue size: 32. Other stats: (train_seconds = 325.3)
[2023-10-22 11:59:41,260][root][INFO] - Step 0 @ 0.0 SPS. Inference batcher size: 0. Learner queue size: 32. Other stats: (train_seconds = 330.3)
[2023-10-22 11:59:46,264][root][INFO] - Step 0 @ 0.0 SPS. Inference batcher size: 0. Learner queue size: 32. Other stats: (train_seconds = 335.3)
[2023-10-22 11:59:51,268][root][INFO] - Step 0 @ 0.0 SPS. Inference batcher size: 0. Learner queue size: 32. Other stats: (train_seconds = 340.3)
[2023-10-22 11:59:56,272][root][INFO] - Step 0 @ 0.0 SPS. Inference batcher size: 0. Learner queue size: 32. Other stats: (train_seconds = 345.3)
[2023-10-22 12:00:01,276][root][INFO] - Step 0 @ 0.0 SPS. Inference batcher size: 0. Learner queue size: 32. Other stats: (train_seconds = 350.3)
[2023-10-22 12:00:06,280][root][INFO] - Step 0 @ 0.0 SPS. Inference batcher size: 0. Learner queue size: 32. Other stats: (train_seconds = 355.3)
